[1.518s] Invoking command in '/home/ngo/ros2_ws/src/my_package': PYTHONPATH=/home/ngo/ros2_ws/build/my_package/prefix_override:/home/ngo/ros2_ws/install/my_package/lib/python3.10/site-packages:${PYTHONPATH} /usr/bin/python3 setup.py egg_info --egg-base ../../build/my_package build --build-base /home/ngo/ros2_ws/build/my_package/build install --record /home/ngo/ros2_ws/build/my_package/install.log --single-version-externally-managed
[1.806s] running egg_info
[1.825s] writing ../../build/my_package/my_package.egg-info/PKG-INFO
[1.825s] writing dependency_links to ../../build/my_package/my_package.egg-info/dependency_links.txt
[1.826s] writing entry points to ../../build/my_package/my_package.egg-info/entry_points.txt
[1.826s] writing requirements to ../../build/my_package/my_package.egg-info/requires.txt
[1.826s] writing top-level names to ../../build/my_package/my_package.egg-info/top_level.txt
[1.870s] reading manifest file '../../build/my_package/my_package.egg-info/SOURCES.txt'
[1.871s] writing manifest file '../../build/my_package/my_package.egg-info/SOURCES.txt'
[1.871s] running build
[1.872s] running build_py
[1.872s] copying my_package/gtg.py -> /home/ngo/ros2_ws/build/my_package/build/lib/my_package
[1.872s] copying my_package/subscriber_member_function.py -> /home/ngo/ros2_ws/build/my_package/build/lib/my_package
[1.873s] copying my_package/client_time.py -> /home/ngo/ros2_ws/build/my_package/build/lib/my_package
[1.873s] copying my_package/prime_numbers_action_server.py -> /home/ngo/ros2_ws/build/my_package/build/lib/my_package
[1.873s] copying my_package/go_to_goal_input_cood.py -> /home/ngo/ros2_ws/build/my_package/build/lib/my_package
[1.874s] copying my_package/my_node.py -> /home/ngo/ros2_ws/build/my_package/build/lib/my_package
[1.874s] copying my_package/prime_numbers_action_client.py -> /home/ngo/ros2_ws/build/my_package/build/lib/my_package
[1.874s] copying my_package/server_time.py -> /home/ngo/ros2_ws/build/my_package/build/lib/my_package
[1.875s] copying my_package/publisher_member_function.py -> /home/ngo/ros2_ws/build/my_package/build/lib/my_package
[1.875s] copying my_package/gtg2.py -> /home/ngo/ros2_ws/build/my_package/build/lib/my_package
[1.875s] copying my_package/__init__.py -> /home/ngo/ros2_ws/build/my_package/build/lib/my_package
[1.876s] running install
[1.877s] /home/ngo/.local/lib/python3.10/site-packages/setuptools/_distutils/cmd.py:66: SetuptoolsDeprecationWarning: setup.py install is deprecated.
[1.877s] !!
[1.877s] 
[1.877s]         ********************************************************************************
[1.877s]         Please avoid running ``setup.py`` directly.
[1.877s]         Instead, use pypa/build, pypa/installer or other
[1.877s]         standards-based tools.
[1.877s] 
[1.877s]         See https://blog.ganssle.io/articles/2021/10/setup-py-deprecated.html for details.
[1.878s]         ********************************************************************************
[1.878s] 
[1.878s] !!
[1.878s]   self.initialize_options()
[1.883s] running install_lib
[1.902s] copying /home/ngo/ros2_ws/build/my_package/build/lib/my_package/go_to_goal_input_cood.py -> /home/ngo/ros2_ws/install/my_package/lib/python3.10/site-packages/my_package
[1.903s] copying /home/ngo/ros2_ws/build/my_package/build/lib/my_package/gtg2.py -> /home/ngo/ros2_ws/install/my_package/lib/python3.10/site-packages/my_package
[1.904s] byte-compiling /home/ngo/ros2_ws/install/my_package/lib/python3.10/site-packages/my_package/go_to_goal_input_cood.py to go_to_goal_input_cood.cpython-310.pyc
[1.904s] byte-compiling /home/ngo/ros2_ws/install/my_package/lib/python3.10/site-packages/my_package/server_time.py to server_time.cpython-310.pyc
[1.905s] Sorry: TabError: inconsistent use of tabs and spaces in indentation (server_time.py, line 20)
[1.905s] byte-compiling /home/ngo/ros2_ws/install/my_package/lib/python3.10/site-packages/my_package/gtg2.py to gtg2.cpython-310.pyc
[1.906s] running install_data
[1.930s] copying resource/my_package -> /home/ngo/ros2_ws/install/my_package/share/ament_index/resource_index/packages
[1.930s] copying package.xml -> /home/ngo/ros2_ws/install/my_package/share/my_package
[1.930s] running install_egg_info
[1.948s] removing '/home/ngo/ros2_ws/install/my_package/lib/python3.10/site-packages/my_package-0.0.0-py3.10.egg-info' (and everything under it)
[1.948s] Copying ../../build/my_package/my_package.egg-info to /home/ngo/ros2_ws/install/my_package/lib/python3.10/site-packages/my_package-0.0.0-py3.10.egg-info
[1.949s] running install_scripts
[2.150s] Installing my_node script to /home/ngo/ros2_ws/install/my_package/lib/my_package
[2.151s] writing list of installed files to '/home/ngo/ros2_ws/build/my_package/install.log'
[2.301s] Invoked command in '/home/ngo/ros2_ws/src/my_package' returned '0': PYTHONPATH=/home/ngo/ros2_ws/build/my_package/prefix_override:/home/ngo/ros2_ws/install/my_package/lib/python3.10/site-packages:${PYTHONPATH} /usr/bin/python3 setup.py egg_info --egg-base ../../build/my_package build --build-base /home/ngo/ros2_ws/build/my_package/build install --record /home/ngo/ros2_ws/build/my_package/install.log --single-version-externally-managed
