[0.976s] DEBUG:colcon:Command line arguments: ['/usr/bin/colcon', 'build', '--symlink-install']
[0.976s] DEBUG:colcon:Parsed command line arguments: Namespace(log_base=None, log_level=None, verb_name='build', build_base='build', install_base='install', merge_install=False, symlink_install=True, test_result_base=None, continue_on_error=False, executor='parallel', parallel_workers=8, event_handlers=None, ignore_user_meta=False, metas=['./colcon.meta'], base_paths=['.'], packages_ignore=None, packages_ignore_regex=None, paths=None, packages_up_to=None, packages_up_to_regex=None, packages_above=None, packages_above_and_dependencies=None, packages_above_depth=None, packages_select_by_dep=None, packages_skip_by_dep=None, packages_skip_up_to=None, packages_select_build_failed=False, packages_skip_build_finished=False, packages_select_test_failures=False, packages_skip_test_passed=False, packages_select=None, packages_skip=None, packages_select_regex=None, packages_skip_regex=None, packages_start=None, packages_end=None, allow_overriding=[], cmake_args=None, cmake_target=None, cmake_target_skip_unavailable=False, cmake_clean_cache=False, cmake_clean_first=False, cmake_force_configure=False, ament_cmake_args=None, catkin_cmake_args=None, catkin_skip_building_tests=False, verb_parser=<colcon_defaults.argument_parser.defaults.DefaultArgumentsDecorator object at 0x7f5e5cb82410>, verb_extension=<colcon_core.verb.build.BuildVerb object at 0x7f5e5cb4a110>, main=<bound method BuildVerb.main of <colcon_core.verb.build.BuildVerb object at 0x7f5e5cb4a110>>)
[1.021s] Level 1:colcon.colcon_core.package_discovery:discover_packages(colcon_meta) check parameters
[1.021s] Level 1:colcon.colcon_core.package_discovery:discover_packages(recursive) check parameters
[1.021s] Level 1:colcon.colcon_core.package_discovery:discover_packages(ignore) check parameters
[1.021s] Level 1:colcon.colcon_core.package_discovery:discover_packages(path) check parameters
[1.021s] Level 1:colcon.colcon_core.package_discovery:discover_packages(colcon_meta) discover
[1.021s] Level 1:colcon.colcon_core.package_discovery:discover_packages(recursive) discover
[1.021s] INFO:colcon.colcon_core.package_discovery:Crawling recursively for packages in '/home/ngo/turtlebot3_ws'
[1.021s] Level 1:colcon.colcon_core.package_identification:_identify(.) by extensions ['ignore', 'ignore_ament_install']
[1.021s] Level 1:colcon.colcon_core.package_identification:_identify(.) by extension 'ignore'
[1.021s] Level 1:colcon.colcon_core.package_identification:_identify(.) by extension 'ignore_ament_install'
[1.021s] Level 1:colcon.colcon_core.package_identification:_identify(.) by extensions ['colcon_pkg']
[1.021s] Level 1:colcon.colcon_core.package_identification:_identify(.) by extension 'colcon_pkg'
[1.021s] Level 1:colcon.colcon_core.package_identification:_identify(.) by extensions ['colcon_meta']
[1.021s] Level 1:colcon.colcon_core.package_identification:_identify(.) by extension 'colcon_meta'
[1.021s] Level 1:colcon.colcon_core.package_identification:_identify(.) by extensions ['ros']
[1.021s] Level 1:colcon.colcon_core.package_identification:_identify(.) by extension 'ros'
[1.032s] Level 1:colcon.colcon_core.package_identification:_identify(.) by extensions ['cmake', 'python']
[1.032s] Level 1:colcon.colcon_core.package_identification:_identify(.) by extension 'cmake'
[1.032s] Level 1:colcon.colcon_core.package_identification:_identify(.) by extension 'python'
[1.032s] Level 1:colcon.colcon_core.package_identification:_identify(.) by extensions ['python_setup_py']
[1.032s] Level 1:colcon.colcon_core.package_identification:_identify(.) by extension 'python_setup_py'
[1.032s] Level 1:colcon.colcon_core.package_identification:_identify(build) by extensions ['ignore', 'ignore_ament_install']
[1.032s] Level 1:colcon.colcon_core.package_identification:_identify(build) by extension 'ignore'
[1.032s] Level 1:colcon.colcon_core.package_identification:_identify(build) ignored
[1.032s] Level 1:colcon.colcon_core.package_identification:_identify(install) by extensions ['ignore', 'ignore_ament_install']
[1.032s] Level 1:colcon.colcon_core.package_identification:_identify(install) by extension 'ignore'
[1.032s] Level 1:colcon.colcon_core.package_identification:_identify(install) ignored
[1.032s] Level 1:colcon.colcon_core.package_identification:_identify(log) by extensions ['ignore', 'ignore_ament_install']
[1.032s] Level 1:colcon.colcon_core.package_identification:_identify(log) by extension 'ignore'
[1.032s] Level 1:colcon.colcon_core.package_identification:_identify(log) ignored
[1.033s] Level 1:colcon.colcon_core.package_identification:_identify(src) by extensions ['ignore', 'ignore_ament_install']
[1.033s] Level 1:colcon.colcon_core.package_identification:_identify(src) by extension 'ignore'
[1.033s] Level 1:colcon.colcon_core.package_identification:_identify(src) by extension 'ignore_ament_install'
[1.033s] Level 1:colcon.colcon_core.package_identification:_identify(src) by extensions ['colcon_pkg']
[1.033s] Level 1:colcon.colcon_core.package_identification:_identify(src) by extension 'colcon_pkg'
[1.033s] Level 1:colcon.colcon_core.package_identification:_identify(src) by extensions ['colcon_meta']
[1.033s] Level 1:colcon.colcon_core.package_identification:_identify(src) by extension 'colcon_meta'
[1.033s] Level 1:colcon.colcon_core.package_identification:_identify(src) by extensions ['ros']
[1.033s] Level 1:colcon.colcon_core.package_identification:_identify(src) by extension 'ros'
[1.033s] Level 1:colcon.colcon_core.package_identification:_identify(src) by extensions ['cmake', 'python']
[1.033s] Level 1:colcon.colcon_core.package_identification:_identify(src) by extension 'cmake'
[1.033s] Level 1:colcon.colcon_core.package_identification:_identify(src) by extension 'python'
[1.033s] Level 1:colcon.colcon_core.package_identification:_identify(src) by extensions ['python_setup_py']
[1.033s] Level 1:colcon.colcon_core.package_identification:_identify(src) by extension 'python_setup_py'
[1.033s] Level 1:colcon.colcon_core.package_identification:_identify(src/build) by extensions ['ignore', 'ignore_ament_install']
[1.033s] Level 1:colcon.colcon_core.package_identification:_identify(src/build) by extension 'ignore'
[1.033s] Level 1:colcon.colcon_core.package_identification:_identify(src/build) ignored
[1.033s] Level 1:colcon.colcon_core.package_identification:_identify(src/install) by extensions ['ignore', 'ignore_ament_install']
[1.033s] Level 1:colcon.colcon_core.package_identification:_identify(src/install) by extension 'ignore'
[1.033s] Level 1:colcon.colcon_core.package_identification:_identify(src/install) ignored
[1.034s] Level 1:colcon.colcon_core.package_identification:_identify(src/log) by extensions ['ignore', 'ignore_ament_install']
[1.034s] Level 1:colcon.colcon_core.package_identification:_identify(src/log) by extension 'ignore'
[1.034s] Level 1:colcon.colcon_core.package_identification:_identify(src/log) ignored
[1.034s] Level 1:colcon.colcon_core.package_identification:_identify(src/turtlebot3_simulations) by extensions ['ignore', 'ignore_ament_install']
[1.034s] Level 1:colcon.colcon_core.package_identification:_identify(src/turtlebot3_simulations) by extension 'ignore'
[1.034s] Level 1:colcon.colcon_core.package_identification:_identify(src/turtlebot3_simulations) by extension 'ignore_ament_install'
[1.034s] Level 1:colcon.colcon_core.package_identification:_identify(src/turtlebot3_simulations) by extensions ['colcon_pkg']
[1.034s] Level 1:colcon.colcon_core.package_identification:_identify(src/turtlebot3_simulations) by extension 'colcon_pkg'
[1.034s] Level 1:colcon.colcon_core.package_identification:_identify(src/turtlebot3_simulations) by extensions ['colcon_meta']
[1.034s] Level 1:colcon.colcon_core.package_identification:_identify(src/turtlebot3_simulations) by extension 'colcon_meta'
[1.034s] Level 1:colcon.colcon_core.package_identification:_identify(src/turtlebot3_simulations) by extensions ['ros']
[1.034s] Level 1:colcon.colcon_core.package_identification:_identify(src/turtlebot3_simulations) by extension 'ros'
[1.034s] Level 1:colcon.colcon_core.package_identification:_identify(src/turtlebot3_simulations) by extensions ['cmake', 'python']
[1.034s] Level 1:colcon.colcon_core.package_identification:_identify(src/turtlebot3_simulations) by extension 'cmake'
[1.034s] Level 1:colcon.colcon_core.package_identification:_identify(src/turtlebot3_simulations) by extension 'python'
[1.034s] Level 1:colcon.colcon_core.package_identification:_identify(src/turtlebot3_simulations) by extensions ['python_setup_py']
[1.034s] Level 1:colcon.colcon_core.package_identification:_identify(src/turtlebot3_simulations) by extension 'python_setup_py'
[1.034s] Level 1:colcon.colcon_core.package_identification:_identify(src/turtlebot3_simulations/turtlebot3_fake_node) by extensions ['ignore', 'ignore_ament_install']
[1.035s] Level 1:colcon.colcon_core.package_identification:_identify(src/turtlebot3_simulations/turtlebot3_fake_node) by extension 'ignore'
[1.035s] Level 1:colcon.colcon_core.package_identification:_identify(src/turtlebot3_simulations/turtlebot3_fake_node) by extension 'ignore_ament_install'
[1.035s] Level 1:colcon.colcon_core.package_identification:_identify(src/turtlebot3_simulations/turtlebot3_fake_node) by extensions ['colcon_pkg']
[1.035s] Level 1:colcon.colcon_core.package_identification:_identify(src/turtlebot3_simulations/turtlebot3_fake_node) by extension 'colcon_pkg'
[1.035s] Level 1:colcon.colcon_core.package_identification:_identify(src/turtlebot3_simulations/turtlebot3_fake_node) by extensions ['colcon_meta']
[1.035s] Level 1:colcon.colcon_core.package_identification:_identify(src/turtlebot3_simulations/turtlebot3_fake_node) by extension 'colcon_meta'
[1.035s] Level 1:colcon.colcon_core.package_identification:_identify(src/turtlebot3_simulations/turtlebot3_fake_node) by extensions ['ros']
[1.035s] Level 1:colcon.colcon_core.package_identification:_identify(src/turtlebot3_simulations/turtlebot3_fake_node) by extension 'ros'
[1.037s] DEBUG:colcon.colcon_core.package_identification:Package 'src/turtlebot3_simulations/turtlebot3_fake_node' with type 'ros.ament_cmake' and name 'turtlebot3_fake_node'
[1.038s] Level 1:colcon.colcon_core.package_identification:_identify(src/turtlebot3_simulations/turtlebot3_gazebo) by extensions ['ignore', 'ignore_ament_install']
[1.038s] Level 1:colcon.colcon_core.package_identification:_identify(src/turtlebot3_simulations/turtlebot3_gazebo) by extension 'ignore'
[1.038s] Level 1:colcon.colcon_core.package_identification:_identify(src/turtlebot3_simulations/turtlebot3_gazebo) by extension 'ignore_ament_install'
[1.038s] Level 1:colcon.colcon_core.package_identification:_identify(src/turtlebot3_simulations/turtlebot3_gazebo) by extensions ['colcon_pkg']
[1.038s] Level 1:colcon.colcon_core.package_identification:_identify(src/turtlebot3_simulations/turtlebot3_gazebo) by extension 'colcon_pkg'
[1.038s] Level 1:colcon.colcon_core.package_identification:_identify(src/turtlebot3_simulations/turtlebot3_gazebo) by extensions ['colcon_meta']
[1.038s] Level 1:colcon.colcon_core.package_identification:_identify(src/turtlebot3_simulations/turtlebot3_gazebo) by extension 'colcon_meta'
[1.038s] Level 1:colcon.colcon_core.package_identification:_identify(src/turtlebot3_simulations/turtlebot3_gazebo) by extensions ['ros']
[1.038s] Level 1:colcon.colcon_core.package_identification:_identify(src/turtlebot3_simulations/turtlebot3_gazebo) by extension 'ros'
[1.039s] DEBUG:colcon.colcon_core.package_identification:Package 'src/turtlebot3_simulations/turtlebot3_gazebo' with type 'ros.ament_cmake' and name 'turtlebot3_gazebo'
[1.039s] Level 1:colcon.colcon_core.package_identification:_identify(src/turtlebot3_simulations/turtlebot3_simulations) by extensions ['ignore', 'ignore_ament_install']
[1.039s] Level 1:colcon.colcon_core.package_identification:_identify(src/turtlebot3_simulations/turtlebot3_simulations) by extension 'ignore'
[1.039s] Level 1:colcon.colcon_core.package_identification:_identify(src/turtlebot3_simulations/turtlebot3_simulations) by extension 'ignore_ament_install'
[1.039s] Level 1:colcon.colcon_core.package_identification:_identify(src/turtlebot3_simulations/turtlebot3_simulations) by extensions ['colcon_pkg']
[1.039s] Level 1:colcon.colcon_core.package_identification:_identify(src/turtlebot3_simulations/turtlebot3_simulations) by extension 'colcon_pkg'
[1.039s] Level 1:colcon.colcon_core.package_identification:_identify(src/turtlebot3_simulations/turtlebot3_simulations) by extensions ['colcon_meta']
[1.039s] Level 1:colcon.colcon_core.package_identification:_identify(src/turtlebot3_simulations/turtlebot3_simulations) by extension 'colcon_meta'
[1.039s] Level 1:colcon.colcon_core.package_identification:_identify(src/turtlebot3_simulations/turtlebot3_simulations) by extensions ['ros']
[1.039s] Level 1:colcon.colcon_core.package_identification:_identify(src/turtlebot3_simulations/turtlebot3_simulations) by extension 'ros'
[1.040s] DEBUG:colcon.colcon_core.package_identification:Package 'src/turtlebot3_simulations/turtlebot3_simulations' with type 'ros.ament_cmake' and name 'turtlebot3_simulations'
[1.040s] Level 1:colcon.colcon_core.package_discovery:discover_packages(recursive) using defaults
[1.040s] Level 1:colcon.colcon_core.package_discovery:discover_packages(ignore) discover
[1.040s] Level 1:colcon.colcon_core.package_discovery:discover_packages(ignore) using defaults
[1.040s] Level 1:colcon.colcon_core.package_discovery:discover_packages(path) discover
[1.040s] Level 1:colcon.colcon_core.package_discovery:discover_packages(path) using defaults
[1.128s] Level 1:colcon.colcon_core.package_discovery:discover_packages(prefix_path) check parameters
[1.128s] Level 1:colcon.colcon_core.package_discovery:discover_packages(prefix_path) discover
[1.159s] DEBUG:colcon.colcon_installed_package_information.package_discovery:Found 377 installed packages in /opt/ros/humble
[1.170s] Level 1:colcon.colcon_core.package_discovery:discover_packages(prefix_path) using defaults
[1.271s] Level 5:colcon.colcon_core.verb:set package 'turtlebot3_fake_node' build argument 'cmake_args' from command line to 'None'
[1.271s] Level 5:colcon.colcon_core.verb:set package 'turtlebot3_fake_node' build argument 'cmake_target' from command line to 'None'
[1.271s] Level 5:colcon.colcon_core.verb:set package 'turtlebot3_fake_node' build argument 'cmake_target_skip_unavailable' from command line to 'False'
[1.271s] Level 5:colcon.colcon_core.verb:set package 'turtlebot3_fake_node' build argument 'cmake_clean_cache' from command line to 'False'
[1.271s] Level 5:colcon.colcon_core.verb:set package 'turtlebot3_fake_node' build argument 'cmake_clean_first' from command line to 'False'
[1.271s] Level 5:colcon.colcon_core.verb:set package 'turtlebot3_fake_node' build argument 'cmake_force_configure' from command line to 'False'
[1.271s] Level 5:colcon.colcon_core.verb:set package 'turtlebot3_fake_node' build argument 'ament_cmake_args' from command line to 'None'
[1.271s] Level 5:colcon.colcon_core.verb:set package 'turtlebot3_fake_node' build argument 'catkin_cmake_args' from command line to 'None'
[1.271s] Level 5:colcon.colcon_core.verb:set package 'turtlebot3_fake_node' build argument 'catkin_skip_building_tests' from command line to 'False'
[1.271s] DEBUG:colcon.colcon_core.verb:Building package 'turtlebot3_fake_node' with the following arguments: {'ament_cmake_args': None, 'build_base': '/home/ngo/turtlebot3_ws/build/turtlebot3_fake_node', 'catkin_cmake_args': None, 'catkin_skip_building_tests': False, 'cmake_args': None, 'cmake_clean_cache': False, 'cmake_clean_first': False, 'cmake_force_configure': False, 'cmake_target': None, 'cmake_target_skip_unavailable': False, 'install_base': '/home/ngo/turtlebot3_ws/install/turtlebot3_fake_node', 'merge_install': False, 'path': '/home/ngo/turtlebot3_ws/src/turtlebot3_simulations/turtlebot3_fake_node', 'symlink_install': True, 'test_result_base': None}
[1.285s] Level 5:colcon.colcon_core.verb:set package 'turtlebot3_gazebo' build argument 'cmake_args' from command line to 'None'
[1.285s] Level 5:colcon.colcon_core.verb:set package 'turtlebot3_gazebo' build argument 'cmake_target' from command line to 'None'
[1.286s] Level 5:colcon.colcon_core.verb:set package 'turtlebot3_gazebo' build argument 'cmake_target_skip_unavailable' from command line to 'False'
[1.286s] Level 5:colcon.colcon_core.verb:set package 'turtlebot3_gazebo' build argument 'cmake_clean_cache' from command line to 'False'
[1.286s] Level 5:colcon.colcon_core.verb:set package 'turtlebot3_gazebo' build argument 'cmake_clean_first' from command line to 'False'
[1.286s] Level 5:colcon.colcon_core.verb:set package 'turtlebot3_gazebo' build argument 'cmake_force_configure' from command line to 'False'
[1.286s] Level 5:colcon.colcon_core.verb:set package 'turtlebot3_gazebo' build argument 'ament_cmake_args' from command line to 'None'
[1.286s] Level 5:colcon.colcon_core.verb:set package 'turtlebot3_gazebo' build argument 'catkin_cmake_args' from command line to 'None'
[1.286s] Level 5:colcon.colcon_core.verb:set package 'turtlebot3_gazebo' build argument 'catkin_skip_building_tests' from command line to 'False'
[1.286s] DEBUG:colcon.colcon_core.verb:Building package 'turtlebot3_gazebo' with the following arguments: {'ament_cmake_args': None, 'build_base': '/home/ngo/turtlebot3_ws/build/turtlebot3_gazebo', 'catkin_cmake_args': None, 'catkin_skip_building_tests': False, 'cmake_args': None, 'cmake_clean_cache': False, 'cmake_clean_first': False, 'cmake_force_configure': False, 'cmake_target': None, 'cmake_target_skip_unavailable': False, 'install_base': '/home/ngo/turtlebot3_ws/install/turtlebot3_gazebo', 'merge_install': False, 'path': '/home/ngo/turtlebot3_ws/src/turtlebot3_simulations/turtlebot3_gazebo', 'symlink_install': True, 'test_result_base': None}
[1.300s] Level 5:colcon.colcon_core.verb:set package 'turtlebot3_simulations' build argument 'cmake_args' from command line to 'None'
[1.300s] Level 5:colcon.colcon_core.verb:set package 'turtlebot3_simulations' build argument 'cmake_target' from command line to 'None'
[1.300s] Level 5:colcon.colcon_core.verb:set package 'turtlebot3_simulations' build argument 'cmake_target_skip_unavailable' from command line to 'False'
[1.300s] Level 5:colcon.colcon_core.verb:set package 'turtlebot3_simulations' build argument 'cmake_clean_cache' from command line to 'False'
[1.300s] Level 5:colcon.colcon_core.verb:set package 'turtlebot3_simulations' build argument 'cmake_clean_first' from command line to 'False'
[1.300s] Level 5:colcon.colcon_core.verb:set package 'turtlebot3_simulations' build argument 'cmake_force_configure' from command line to 'False'
[1.300s] Level 5:colcon.colcon_core.verb:set package 'turtlebot3_simulations' build argument 'ament_cmake_args' from command line to 'None'
[1.300s] Level 5:colcon.colcon_core.verb:set package 'turtlebot3_simulations' build argument 'catkin_cmake_args' from command line to 'None'
[1.300s] Level 5:colcon.colcon_core.verb:set package 'turtlebot3_simulations' build argument 'catkin_skip_building_tests' from command line to 'False'
[1.300s] DEBUG:colcon.colcon_core.verb:Building package 'turtlebot3_simulations' with the following arguments: {'ament_cmake_args': None, 'build_base': '/home/ngo/turtlebot3_ws/build/turtlebot3_simulations', 'catkin_cmake_args': None, 'catkin_skip_building_tests': False, 'cmake_args': None, 'cmake_clean_cache': False, 'cmake_clean_first': False, 'cmake_force_configure': False, 'cmake_target': None, 'cmake_target_skip_unavailable': False, 'install_base': '/home/ngo/turtlebot3_ws/install/turtlebot3_simulations', 'merge_install': False, 'path': '/home/ngo/turtlebot3_ws/src/turtlebot3_simulations/turtlebot3_simulations', 'symlink_install': True, 'test_result_base': None}
[1.315s] INFO:colcon.colcon_core.executor:Executing jobs using 'parallel' executor
[1.330s] DEBUG:colcon.colcon_parallel_executor.executor.parallel:run_until_complete
[1.330s] INFO:colcon.colcon_ros.task.ament_cmake.build:Building ROS package in '/home/ngo/turtlebot3_ws/src/turtlebot3_simulations/turtlebot3_fake_node' with build type 'ament_cmake'
[1.330s] INFO:colcon.colcon_cmake.task.cmake.build:Building CMake package in '/home/ngo/turtlebot3_ws/src/turtlebot3_simulations/turtlebot3_fake_node'
[1.346s] INFO:colcon.colcon_core.plugin_system:Skipping extension 'colcon_core.shell.bat': Not used on non-Windows systems
[1.347s] INFO:colcon.colcon_core.shell:Skip shell extension 'powershell' for command environment: Not usable outside of PowerShell
[1.347s] DEBUG:colcon.colcon_core.shell:Skip shell extension 'dsv' for command environment
[1.378s] INFO:colcon.colcon_ros.task.ament_cmake.build:Building ROS package in '/home/ngo/turtlebot3_ws/src/turtlebot3_simulations/turtlebot3_gazebo' with build type 'ament_cmake'
[1.378s] INFO:colcon.colcon_cmake.task.cmake.build:Building CMake package in '/home/ngo/turtlebot3_ws/src/turtlebot3_simulations/turtlebot3_gazebo'
[1.393s] INFO:colcon.colcon_core.shell:Skip shell extension 'powershell' for command environment: Not usable outside of PowerShell
[1.393s] DEBUG:colcon.colcon_core.shell:Skip shell extension 'dsv' for command environment
[1.429s] DEBUG:colcon.colcon_core.event_handler.log_command:Invoking command in '/home/ngo/turtlebot3_ws/build/turtlebot3_fake_node': CMAKE_PREFIX_PATH=/opt/ros/humble /usr/bin/cmake --build /home/ngo/turtlebot3_ws/build/turtlebot3_fake_node -- -j8 -l8
[1.433s] DEBUG:colcon.colcon_core.event_handler.log_command:Invoking command in '/home/ngo/turtlebot3_ws/build/turtlebot3_gazebo': CMAKE_PREFIX_PATH=/opt/ros/humble /usr/bin/cmake --build /home/ngo/turtlebot3_ws/build/turtlebot3_gazebo -- -j8 -l8
[1.499s] DEBUG:colcon.colcon_core.event_handler.log_command:Invoked command in '/home/ngo/turtlebot3_ws/build/turtlebot3_fake_node' returned '0': CMAKE_PREFIX_PATH=/opt/ros/humble /usr/bin/cmake --build /home/ngo/turtlebot3_ws/build/turtlebot3_fake_node -- -j8 -l8
[1.523s] DEBUG:colcon.colcon_core.event_handler.log_command:Invoked command in '/home/ngo/turtlebot3_ws/build/turtlebot3_gazebo' returned '0': CMAKE_PREFIX_PATH=/opt/ros/humble /usr/bin/cmake --build /home/ngo/turtlebot3_ws/build/turtlebot3_gazebo -- -j8 -l8
[1.534s] DEBUG:colcon.colcon_core.event_handler.log_command:Invoking command in '/home/ngo/turtlebot3_ws/build/turtlebot3_fake_node': CMAKE_PREFIX_PATH=/opt/ros/humble /usr/bin/cmake --install /home/ngo/turtlebot3_ws/build/turtlebot3_fake_node
[1.554s] Level 1:colcon.colcon_core.environment:create_environment_scripts_only(turtlebot3_fake_node)
[1.555s] DEBUG:colcon.colcon_core.event_handler.log_command:Invoked command in '/home/ngo/turtlebot3_ws/build/turtlebot3_fake_node' returned '0': CMAKE_PREFIX_PATH=/opt/ros/humble /usr/bin/cmake --install /home/ngo/turtlebot3_ws/build/turtlebot3_fake_node
[1.571s] Level 1:colcon.colcon_core.environment:checking '/home/ngo/turtlebot3_ws/install/turtlebot3_fake_node' for CMake module files
[1.572s] Level 1:colcon.colcon_core.environment:checking '/home/ngo/turtlebot3_ws/install/turtlebot3_fake_node' for CMake config files
[1.572s] Level 1:colcon.colcon_core.shell:create_environment_hook('turtlebot3_fake_node', 'cmake_prefix_path')
[1.587s] INFO:colcon.colcon_core.shell:Creating environment hook '/home/ngo/turtlebot3_ws/install/turtlebot3_fake_node/share/turtlebot3_fake_node/hook/cmake_prefix_path.ps1'
[1.587s] INFO:colcon.colcon_core.shell:Creating environment descriptor '/home/ngo/turtlebot3_ws/install/turtlebot3_fake_node/share/turtlebot3_fake_node/hook/cmake_prefix_path.dsv'
[1.588s] INFO:colcon.colcon_core.shell:Creating environment hook '/home/ngo/turtlebot3_ws/install/turtlebot3_fake_node/share/turtlebot3_fake_node/hook/cmake_prefix_path.sh'
[1.588s] Level 1:colcon.colcon_core.environment:checking '/home/ngo/turtlebot3_ws/install/turtlebot3_fake_node/lib'
[1.589s] Level 1:colcon.colcon_core.environment:checking '/home/ngo/turtlebot3_ws/install/turtlebot3_fake_node/bin'
[1.589s] Level 1:colcon.colcon_core.environment:checking '/home/ngo/turtlebot3_ws/install/turtlebot3_fake_node/lib/pkgconfig/turtlebot3_fake_node.pc'
[1.589s] Level 1:colcon.colcon_core.environment:checking '/home/ngo/turtlebot3_ws/install/turtlebot3_fake_node/lib/python3.10/site-packages'
[1.589s] Level 1:colcon.colcon_core.environment:checking '/home/ngo/turtlebot3_ws/install/turtlebot3_fake_node/bin'
[1.604s] INFO:colcon.colcon_core.shell:Creating package script '/home/ngo/turtlebot3_ws/install/turtlebot3_fake_node/share/turtlebot3_fake_node/package.ps1'
[1.604s] INFO:colcon.colcon_core.shell:Creating package descriptor '/home/ngo/turtlebot3_ws/install/turtlebot3_fake_node/share/turtlebot3_fake_node/package.dsv'
[1.605s] INFO:colcon.colcon_core.shell:Creating package script '/home/ngo/turtlebot3_ws/install/turtlebot3_fake_node/share/turtlebot3_fake_node/package.sh'
[1.605s] INFO:colcon.colcon_core.shell:Creating package script '/home/ngo/turtlebot3_ws/install/turtlebot3_fake_node/share/turtlebot3_fake_node/package.bash'
[1.606s] INFO:colcon.colcon_core.shell:Creating package script '/home/ngo/turtlebot3_ws/install/turtlebot3_fake_node/share/turtlebot3_fake_node/package.zsh'
[1.606s] Level 1:colcon.colcon_core.environment:create_file_with_runtime_dependencies(/home/ngo/turtlebot3_ws/install/turtlebot3_fake_node/share/colcon-core/packages/turtlebot3_fake_node)
[1.609s] DEBUG:colcon.colcon_core.event_handler.log_command:Invoking command in '/home/ngo/turtlebot3_ws/build/turtlebot3_gazebo': CMAKE_PREFIX_PATH=/opt/ros/humble /usr/bin/cmake --install /home/ngo/turtlebot3_ws/build/turtlebot3_gazebo
[1.646s] Level 1:colcon.colcon_core.environment:create_environment_scripts_only(turtlebot3_fake_node)
[1.661s] Level 1:colcon.colcon_core.environment:checking '/home/ngo/turtlebot3_ws/install/turtlebot3_fake_node' for CMake module files
[1.661s] Level 1:colcon.colcon_core.environment:checking '/home/ngo/turtlebot3_ws/install/turtlebot3_fake_node' for CMake config files
[1.661s] Level 1:colcon.colcon_core.shell:create_environment_hook('turtlebot3_fake_node', 'cmake_prefix_path')
[1.676s] INFO:colcon.colcon_core.shell:Creating environment hook '/home/ngo/turtlebot3_ws/install/turtlebot3_fake_node/share/turtlebot3_fake_node/hook/cmake_prefix_path.ps1'
[1.676s] INFO:colcon.colcon_core.shell:Creating environment descriptor '/home/ngo/turtlebot3_ws/install/turtlebot3_fake_node/share/turtlebot3_fake_node/hook/cmake_prefix_path.dsv'
[1.677s] INFO:colcon.colcon_core.shell:Creating environment hook '/home/ngo/turtlebot3_ws/install/turtlebot3_fake_node/share/turtlebot3_fake_node/hook/cmake_prefix_path.sh'
[1.677s] Level 1:colcon.colcon_core.environment:checking '/home/ngo/turtlebot3_ws/install/turtlebot3_fake_node/lib'
[1.677s] Level 1:colcon.colcon_core.environment:checking '/home/ngo/turtlebot3_ws/install/turtlebot3_fake_node/bin'
[1.677s] Level 1:colcon.colcon_core.environment:checking '/home/ngo/turtlebot3_ws/install/turtlebot3_fake_node/lib/pkgconfig/turtlebot3_fake_node.pc'
[1.677s] Level 1:colcon.colcon_core.environment:checking '/home/ngo/turtlebot3_ws/install/turtlebot3_fake_node/lib/python3.10/site-packages'
[1.678s] Level 1:colcon.colcon_core.environment:checking '/home/ngo/turtlebot3_ws/install/turtlebot3_fake_node/bin'
[1.692s] INFO:colcon.colcon_core.shell:Creating package script '/home/ngo/turtlebot3_ws/install/turtlebot3_fake_node/share/turtlebot3_fake_node/package.ps1'
[1.692s] INFO:colcon.colcon_core.shell:Creating package descriptor '/home/ngo/turtlebot3_ws/install/turtlebot3_fake_node/share/turtlebot3_fake_node/package.dsv'
[1.693s] INFO:colcon.colcon_core.shell:Creating package script '/home/ngo/turtlebot3_ws/install/turtlebot3_fake_node/share/turtlebot3_fake_node/package.sh'
[1.693s] INFO:colcon.colcon_core.shell:Creating package script '/home/ngo/turtlebot3_ws/install/turtlebot3_fake_node/share/turtlebot3_fake_node/package.bash'
[1.693s] INFO:colcon.colcon_core.shell:Creating package script '/home/ngo/turtlebot3_ws/install/turtlebot3_fake_node/share/turtlebot3_fake_node/package.zsh'
[1.694s] Level 1:colcon.colcon_core.environment:create_file_with_runtime_dependencies(/home/ngo/turtlebot3_ws/install/turtlebot3_fake_node/share/colcon-core/packages/turtlebot3_fake_node)
[1.695s] Level 1:colcon.colcon_core.environment:create_environment_scripts_only(turtlebot3_gazebo)
[1.696s] DEBUG:colcon.colcon_core.event_handler.log_command:Invoked command in '/home/ngo/turtlebot3_ws/build/turtlebot3_gazebo' returned '0': CMAKE_PREFIX_PATH=/opt/ros/humble /usr/bin/cmake --install /home/ngo/turtlebot3_ws/build/turtlebot3_gazebo
[1.710s] Level 1:colcon.colcon_core.environment:checking '/home/ngo/turtlebot3_ws/install/turtlebot3_gazebo' for CMake module files
[1.710s] Level 1:colcon.colcon_core.environment:checking '/home/ngo/turtlebot3_ws/install/turtlebot3_gazebo' for CMake config files
[1.711s] Level 1:colcon.colcon_core.shell:create_environment_hook('turtlebot3_gazebo', 'cmake_prefix_path')
[1.726s] INFO:colcon.colcon_core.shell:Creating environment hook '/home/ngo/turtlebot3_ws/install/turtlebot3_gazebo/share/turtlebot3_gazebo/hook/cmake_prefix_path.ps1'
[1.726s] INFO:colcon.colcon_core.shell:Creating environment descriptor '/home/ngo/turtlebot3_ws/install/turtlebot3_gazebo/share/turtlebot3_gazebo/hook/cmake_prefix_path.dsv'
[1.726s] INFO:colcon.colcon_core.shell:Creating environment hook '/home/ngo/turtlebot3_ws/install/turtlebot3_gazebo/share/turtlebot3_gazebo/hook/cmake_prefix_path.sh'
[1.727s] Level 1:colcon.colcon_core.environment:checking '/home/ngo/turtlebot3_ws/install/turtlebot3_gazebo/lib'
[1.727s] Level 1:colcon.colcon_core.environment:checking '/home/ngo/turtlebot3_ws/install/turtlebot3_gazebo/bin'
[1.727s] Level 1:colcon.colcon_core.environment:checking '/home/ngo/turtlebot3_ws/install/turtlebot3_gazebo/lib/pkgconfig/turtlebot3_gazebo.pc'
[1.727s] Level 1:colcon.colcon_core.environment:checking '/home/ngo/turtlebot3_ws/install/turtlebot3_gazebo/lib/python3.10/site-packages'
[1.727s] Level 1:colcon.colcon_core.environment:checking '/home/ngo/turtlebot3_ws/install/turtlebot3_gazebo/bin'
[1.743s] INFO:colcon.colcon_core.shell:Creating package script '/home/ngo/turtlebot3_ws/install/turtlebot3_gazebo/share/turtlebot3_gazebo/package.ps1'
[1.744s] INFO:colcon.colcon_core.shell:Creating package descriptor '/home/ngo/turtlebot3_ws/install/turtlebot3_gazebo/share/turtlebot3_gazebo/package.dsv'
[1.744s] INFO:colcon.colcon_core.shell:Creating package script '/home/ngo/turtlebot3_ws/install/turtlebot3_gazebo/share/turtlebot3_gazebo/package.sh'
[1.744s] INFO:colcon.colcon_core.shell:Creating package script '/home/ngo/turtlebot3_ws/install/turtlebot3_gazebo/share/turtlebot3_gazebo/package.bash'
[1.745s] INFO:colcon.colcon_core.shell:Creating package script '/home/ngo/turtlebot3_ws/install/turtlebot3_gazebo/share/turtlebot3_gazebo/package.zsh'
[1.745s] Level 1:colcon.colcon_core.environment:create_file_with_runtime_dependencies(/home/ngo/turtlebot3_ws/install/turtlebot3_gazebo/share/colcon-core/packages/turtlebot3_gazebo)
[1.791s] Level 1:colcon.colcon_core.environment:create_environment_scripts_only(turtlebot3_gazebo)
[1.805s] Level 1:colcon.colcon_core.environment:checking '/home/ngo/turtlebot3_ws/install/turtlebot3_gazebo' for CMake module files
[1.806s] Level 1:colcon.colcon_core.environment:checking '/home/ngo/turtlebot3_ws/install/turtlebot3_gazebo' for CMake config files
[1.806s] Level 1:colcon.colcon_core.shell:create_environment_hook('turtlebot3_gazebo', 'cmake_prefix_path')
[1.820s] INFO:colcon.colcon_core.shell:Creating environment hook '/home/ngo/turtlebot3_ws/install/turtlebot3_gazebo/share/turtlebot3_gazebo/hook/cmake_prefix_path.ps1'
[1.820s] INFO:colcon.colcon_core.shell:Creating environment descriptor '/home/ngo/turtlebot3_ws/install/turtlebot3_gazebo/share/turtlebot3_gazebo/hook/cmake_prefix_path.dsv'
[1.821s] INFO:colcon.colcon_core.shell:Creating environment hook '/home/ngo/turtlebot3_ws/install/turtlebot3_gazebo/share/turtlebot3_gazebo/hook/cmake_prefix_path.sh'
[1.821s] Level 1:colcon.colcon_core.environment:checking '/home/ngo/turtlebot3_ws/install/turtlebot3_gazebo/lib'
[1.821s] Level 1:colcon.colcon_core.environment:checking '/home/ngo/turtlebot3_ws/install/turtlebot3_gazebo/bin'
[1.821s] Level 1:colcon.colcon_core.environment:checking '/home/ngo/turtlebot3_ws/install/turtlebot3_gazebo/lib/pkgconfig/turtlebot3_gazebo.pc'
[1.821s] Level 1:colcon.colcon_core.environment:checking '/home/ngo/turtlebot3_ws/install/turtlebot3_gazebo/lib/python3.10/site-packages'
[1.822s] Level 1:colcon.colcon_core.environment:checking '/home/ngo/turtlebot3_ws/install/turtlebot3_gazebo/bin'
[1.836s] INFO:colcon.colcon_core.shell:Creating package script '/home/ngo/turtlebot3_ws/install/turtlebot3_gazebo/share/turtlebot3_gazebo/package.ps1'
[1.836s] INFO:colcon.colcon_core.shell:Creating package descriptor '/home/ngo/turtlebot3_ws/install/turtlebot3_gazebo/share/turtlebot3_gazebo/package.dsv'
[1.836s] INFO:colcon.colcon_core.shell:Creating package script '/home/ngo/turtlebot3_ws/install/turtlebot3_gazebo/share/turtlebot3_gazebo/package.sh'
[1.837s] INFO:colcon.colcon_core.shell:Creating package script '/home/ngo/turtlebot3_ws/install/turtlebot3_gazebo/share/turtlebot3_gazebo/package.bash'
[1.837s] INFO:colcon.colcon_core.shell:Creating package script '/home/ngo/turtlebot3_ws/install/turtlebot3_gazebo/share/turtlebot3_gazebo/package.zsh'
[1.837s] Level 1:colcon.colcon_core.environment:create_file_with_runtime_dependencies(/home/ngo/turtlebot3_ws/install/turtlebot3_gazebo/share/colcon-core/packages/turtlebot3_gazebo)
[1.837s] INFO:colcon.colcon_ros.task.ament_cmake.build:Building ROS package in '/home/ngo/turtlebot3_ws/src/turtlebot3_simulations/turtlebot3_simulations' with build type 'ament_cmake'
[1.838s] INFO:colcon.colcon_cmake.task.cmake.build:Building CMake package in '/home/ngo/turtlebot3_ws/src/turtlebot3_simulations/turtlebot3_simulations'
[1.853s] INFO:colcon.colcon_core.shell:Skip shell extension 'powershell' for command environment: Not usable outside of PowerShell
[1.853s] DEBUG:colcon.colcon_core.shell:Skip shell extension 'dsv' for command environment
[1.889s] DEBUG:colcon.colcon_core.event_handler.log_command:Invoking command in '/home/ngo/turtlebot3_ws/build/turtlebot3_simulations': AMENT_PREFIX_PATH=/home/ngo/turtlebot3_ws/install/turtlebot3_gazebo:/home/ngo/turtlebot3_ws/install/turtlebot3_fake_node:${AMENT_PREFIX_PATH} CMAKE_PREFIX_PATH=/home/ngo/turtlebot3_ws/install/turtlebot3_gazebo:/home/ngo/turtlebot3_ws/install/turtlebot3_fake_node:/opt/ros/humble /usr/bin/cmake --build /home/ngo/turtlebot3_ws/build/turtlebot3_simulations -- -j8 -l8
[1.922s] DEBUG:colcon.colcon_core.event_handler.log_command:Invoked command in '/home/ngo/turtlebot3_ws/build/turtlebot3_simulations' returned '0': AMENT_PREFIX_PATH=/home/ngo/turtlebot3_ws/install/turtlebot3_gazebo:/home/ngo/turtlebot3_ws/install/turtlebot3_fake_node:${AMENT_PREFIX_PATH} CMAKE_PREFIX_PATH=/home/ngo/turtlebot3_ws/install/turtlebot3_gazebo:/home/ngo/turtlebot3_ws/install/turtlebot3_fake_node:/opt/ros/humble /usr/bin/cmake --build /home/ngo/turtlebot3_ws/build/turtlebot3_simulations -- -j8 -l8
[1.943s] DEBUG:colcon.colcon_core.event_handler.log_command:Invoking command in '/home/ngo/turtlebot3_ws/build/turtlebot3_simulations': AMENT_PREFIX_PATH=/home/ngo/turtlebot3_ws/install/turtlebot3_gazebo:/home/ngo/turtlebot3_ws/install/turtlebot3_fake_node:${AMENT_PREFIX_PATH} CMAKE_PREFIX_PATH=/home/ngo/turtlebot3_ws/install/turtlebot3_gazebo:/home/ngo/turtlebot3_ws/install/turtlebot3_fake_node:/opt/ros/humble /usr/bin/cmake --install /home/ngo/turtlebot3_ws/build/turtlebot3_simulations
[1.962s] Level 1:colcon.colcon_core.environment:create_environment_scripts_only(turtlebot3_simulations)
[1.963s] DEBUG:colcon.colcon_core.event_handler.log_command:Invoked command in '/home/ngo/turtlebot3_ws/build/turtlebot3_simulations' returned '0': AMENT_PREFIX_PATH=/home/ngo/turtlebot3_ws/install/turtlebot3_gazebo:/home/ngo/turtlebot3_ws/install/turtlebot3_fake_node:${AMENT_PREFIX_PATH} CMAKE_PREFIX_PATH=/home/ngo/turtlebot3_ws/install/turtlebot3_gazebo:/home/ngo/turtlebot3_ws/install/turtlebot3_fake_node:/opt/ros/humble /usr/bin/cmake --install /home/ngo/turtlebot3_ws/build/turtlebot3_simulations
[1.978s] Level 1:colcon.colcon_core.environment:checking '/home/ngo/turtlebot3_ws/install/turtlebot3_simulations' for CMake module files
[1.978s] Level 1:colcon.colcon_core.environment:checking '/home/ngo/turtlebot3_ws/install/turtlebot3_simulations' for CMake config files
[1.978s] Level 1:colcon.colcon_core.shell:create_environment_hook('turtlebot3_simulations', 'cmake_prefix_path')
[1.992s] INFO:colcon.colcon_core.shell:Creating environment hook '/home/ngo/turtlebot3_ws/install/turtlebot3_simulations/share/turtlebot3_simulations/hook/cmake_prefix_path.ps1'
[1.993s] INFO:colcon.colcon_core.shell:Creating environment descriptor '/home/ngo/turtlebot3_ws/install/turtlebot3_simulations/share/turtlebot3_simulations/hook/cmake_prefix_path.dsv'
[1.993s] INFO:colcon.colcon_core.shell:Creating environment hook '/home/ngo/turtlebot3_ws/install/turtlebot3_simulations/share/turtlebot3_simulations/hook/cmake_prefix_path.sh'
[1.993s] Level 1:colcon.colcon_core.environment:checking '/home/ngo/turtlebot3_ws/install/turtlebot3_simulations/bin'
[1.994s] Level 1:colcon.colcon_core.environment:checking '/home/ngo/turtlebot3_ws/install/turtlebot3_simulations/lib/pkgconfig/turtlebot3_simulations.pc'
[1.994s] Level 1:colcon.colcon_core.environment:checking '/home/ngo/turtlebot3_ws/install/turtlebot3_simulations/lib/python3.10/site-packages'
[1.994s] Level 1:colcon.colcon_core.environment:checking '/home/ngo/turtlebot3_ws/install/turtlebot3_simulations/bin'
[2.008s] INFO:colcon.colcon_core.shell:Creating package script '/home/ngo/turtlebot3_ws/install/turtlebot3_simulations/share/turtlebot3_simulations/package.ps1'
[2.008s] INFO:colcon.colcon_core.shell:Creating package descriptor '/home/ngo/turtlebot3_ws/install/turtlebot3_simulations/share/turtlebot3_simulations/package.dsv'
[2.009s] INFO:colcon.colcon_core.shell:Creating package script '/home/ngo/turtlebot3_ws/install/turtlebot3_simulations/share/turtlebot3_simulations/package.sh'
[2.009s] INFO:colcon.colcon_core.shell:Creating package script '/home/ngo/turtlebot3_ws/install/turtlebot3_simulations/share/turtlebot3_simulations/package.bash'
[2.009s] INFO:colcon.colcon_core.shell:Creating package script '/home/ngo/turtlebot3_ws/install/turtlebot3_simulations/share/turtlebot3_simulations/package.zsh'
[2.009s] Level 1:colcon.colcon_core.environment:create_file_with_runtime_dependencies(/home/ngo/turtlebot3_ws/install/turtlebot3_simulations/share/colcon-core/packages/turtlebot3_simulations)
[2.043s] Level 1:colcon.colcon_core.environment:create_environment_scripts_only(turtlebot3_simulations)
[2.058s] Level 1:colcon.colcon_core.environment:checking '/home/ngo/turtlebot3_ws/install/turtlebot3_simulations' for CMake module files
[2.058s] Level 1:colcon.colcon_core.environment:checking '/home/ngo/turtlebot3_ws/install/turtlebot3_simulations' for CMake config files
[2.058s] Level 1:colcon.colcon_core.shell:create_environment_hook('turtlebot3_simulations', 'cmake_prefix_path')
[2.073s] INFO:colcon.colcon_core.shell:Creating environment hook '/home/ngo/turtlebot3_ws/install/turtlebot3_simulations/share/turtlebot3_simulations/hook/cmake_prefix_path.ps1'
[2.073s] INFO:colcon.colcon_core.shell:Creating environment descriptor '/home/ngo/turtlebot3_ws/install/turtlebot3_simulations/share/turtlebot3_simulations/hook/cmake_prefix_path.dsv'
[2.073s] INFO:colcon.colcon_core.shell:Creating environment hook '/home/ngo/turtlebot3_ws/install/turtlebot3_simulations/share/turtlebot3_simulations/hook/cmake_prefix_path.sh'
[2.074s] Level 1:colcon.colcon_core.environment:checking '/home/ngo/turtlebot3_ws/install/turtlebot3_simulations/bin'
[2.074s] Level 1:colcon.colcon_core.environment:checking '/home/ngo/turtlebot3_ws/install/turtlebot3_simulations/lib/pkgconfig/turtlebot3_simulations.pc'
[2.074s] Level 1:colcon.colcon_core.environment:checking '/home/ngo/turtlebot3_ws/install/turtlebot3_simulations/lib/python3.10/site-packages'
[2.074s] Level 1:colcon.colcon_core.environment:checking '/home/ngo/turtlebot3_ws/install/turtlebot3_simulations/bin'
[2.089s] INFO:colcon.colcon_core.shell:Creating package script '/home/ngo/turtlebot3_ws/install/turtlebot3_simulations/share/turtlebot3_simulations/package.ps1'
[2.089s] INFO:colcon.colcon_core.shell:Creating package descriptor '/home/ngo/turtlebot3_ws/install/turtlebot3_simulations/share/turtlebot3_simulations/package.dsv'
[2.089s] INFO:colcon.colcon_core.shell:Creating package script '/home/ngo/turtlebot3_ws/install/turtlebot3_simulations/share/turtlebot3_simulations/package.sh'
[2.090s] INFO:colcon.colcon_core.shell:Creating package script '/home/ngo/turtlebot3_ws/install/turtlebot3_simulations/share/turtlebot3_simulations/package.bash'
[2.090s] INFO:colcon.colcon_core.shell:Creating package script '/home/ngo/turtlebot3_ws/install/turtlebot3_simulations/share/turtlebot3_simulations/package.zsh'
[2.090s] Level 1:colcon.colcon_core.environment:create_file_with_runtime_dependencies(/home/ngo/turtlebot3_ws/install/turtlebot3_simulations/share/colcon-core/packages/turtlebot3_simulations)
[2.091s] DEBUG:colcon.colcon_parallel_executor.executor.parallel:closing loop
[2.091s] DEBUG:colcon.colcon_parallel_executor.executor.parallel:loop closed
[2.091s] DEBUG:colcon.colcon_parallel_executor.executor.parallel:run_until_complete finished with '0'
[2.091s] DEBUG:colcon.colcon_core.event_reactor:joining thread
[2.111s] INFO:colcon.colcon_core.plugin_system:Skipping extension 'colcon_notification.desktop_notification.terminal_notifier': Not used on non-Darwin systems
[2.111s] INFO:colcon.colcon_core.plugin_system:Skipping extension 'colcon_notification.desktop_notification.win32': Not used on non-Windows systems
[2.111s] INFO:colcon.colcon_notification.desktop_notification:Sending desktop notification using 'notify2'
[2.122s] DEBUG:colcon.colcon_core.event_reactor:joined thread
[2.137s] INFO:colcon.colcon_core.shell:Creating prefix script '/home/ngo/turtlebot3_ws/install/local_setup.ps1'
[2.138s] INFO:colcon.colcon_core.shell:Creating prefix util module '/home/ngo/turtlebot3_ws/install/_local_setup_util_ps1.py'
[2.139s] INFO:colcon.colcon_core.shell:Creating prefix chain script '/home/ngo/turtlebot3_ws/install/setup.ps1'
[2.155s] INFO:colcon.colcon_core.shell:Creating prefix script '/home/ngo/turtlebot3_ws/install/local_setup.sh'
[2.155s] INFO:colcon.colcon_core.shell:Creating prefix util module '/home/ngo/turtlebot3_ws/install/_local_setup_util_sh.py'
[2.156s] INFO:colcon.colcon_core.shell:Creating prefix chain script '/home/ngo/turtlebot3_ws/install/setup.sh'
[2.171s] INFO:colcon.colcon_core.shell:Creating prefix script '/home/ngo/turtlebot3_ws/install/local_setup.bash'
[2.171s] INFO:colcon.colcon_core.shell:Creating prefix chain script '/home/ngo/turtlebot3_ws/install/setup.bash'
[2.187s] INFO:colcon.colcon_core.shell:Creating prefix script '/home/ngo/turtlebot3_ws/install/local_setup.zsh'
[2.188s] INFO:colcon.colcon_core.shell:Creating prefix chain script '/home/ngo/turtlebot3_ws/install/setup.zsh'
