[0.749s] Invoking command in '/home/ngo/ros2_ws/build/my_interfaces': CMAKE_PREFIX_PATH=${CMAKE_PREFIX_PATH}:/opt/ros/humble /usr/bin/cmake --build /home/ngo/ros2_ws/build/my_interfaces -- -j8 -l8
[1.122s] Invoked command in '/home/ngo/ros2_ws/build/my_interfaces' returned '0': CMAKE_PREFIX_PATH=${CMAKE_PREFIX_PATH}:/opt/ros/humble /usr/bin/cmake --build /home/ngo/ros2_ws/build/my_interfaces -- -j8 -l8
[1.168s] Invoking command in '/home/ngo/ros2_ws/build/my_interfaces': CMAKE_PREFIX_PATH=${CMAKE_PREFIX_PATH}:/opt/ros/humble /usr/bin/cmake --install /home/ngo/ros2_ws/build/my_interfaces
[1.180s] -- Install configuration: ""
[1.180s] -- Up-to-date: /home/ngo/ros2_ws/install/my_interfaces/share/ament_index/resource_index/package_run_dependencies/my_interfaces
[1.180s] -- Up-to-date: /home/ngo/ros2_ws/install/my_interfaces/share/ament_index/resource_index/parent_prefix_path/my_interfaces
[1.181s] -- Up-to-date: /home/ngo/ros2_ws/install/my_interfaces/share/my_interfaces/environment/ament_prefix_path.sh
[1.182s] -- Up-to-date: /home/ngo/ros2_ws/install/my_interfaces/share/my_interfaces/environment/ament_prefix_path.dsv
[1.182s] -- Up-to-date: /home/ngo/ros2_ws/install/my_interfaces/share/my_interfaces/environment/path.sh
[1.182s] -- Up-to-date: /home/ngo/ros2_ws/install/my_interfaces/share/my_interfaces/environment/path.dsv
[1.182s] -- Up-to-date: /home/ngo/ros2_ws/install/my_interfaces/share/my_interfaces/local_setup.bash
[1.183s] -- Up-to-date: /home/ngo/ros2_ws/install/my_interfaces/share/my_interfaces/local_setup.sh
[1.183s] -- Up-to-date: /home/ngo/ros2_ws/install/my_interfaces/share/my_interfaces/local_setup.zsh
[1.183s] -- Up-to-date: /home/ngo/ros2_ws/install/my_interfaces/share/my_interfaces/local_setup.dsv
[1.183s] -- Installing: /home/ngo/ros2_ws/install/my_interfaces/share/my_interfaces/package.dsv
[1.183s] -- Up-to-date: /home/ngo/ros2_ws/install/my_interfaces/share/ament_index/resource_index/packages/my_interfaces
[1.185s] -- Up-to-date: /home/ngo/ros2_ws/install/my_interfaces/share/my_interfaces/cmake/my_interfacesConfig.cmake
[1.186s] -- Up-to-date: /home/ngo/ros2_ws/install/my_interfaces/share/my_interfaces/cmake/my_interfacesConfig-version.cmake
[1.188s] -- Up-to-date: /home/ngo/ros2_ws/install/my_interfaces/share/my_interfaces/package.xml
[1.189s] Invoked command in '/home/ngo/ros2_ws/build/my_interfaces' returned '0': CMAKE_PREFIX_PATH=${CMAKE_PREFIX_PATH}:/opt/ros/humble /usr/bin/cmake --install /home/ngo/ros2_ws/build/my_interfaces
