[0.830s] Invoking command in '/home/ngo/ros2_ws/build/usb_cam': /usr/bin/cmake /home/ngo/ros2_ws/src/usb_cam -DCATKIN_INSTALL_INTO_PREFIX_ROOT=0 -DCMAKE_INSTALL_PREFIX=/home/ngo/ros2_ws/install/usb_cam
[0.944s] -- The C compiler identification is GNU 11.4.0
[1.037s] -- The CXX compiler identification is GNU 11.4.0
[1.052s] -- Detecting C compiler ABI info
[1.146s] -- Detecting C compiler ABI info - done
[1.160s] -- Check for working C compiler: /usr/bin/cc - skipped
[1.161s] -- Detecting C compile features
[1.162s] -- Detecting C compile features - done
[1.165s] -- Detecting CXX compiler ABI info
[1.280s] -- Detecting CXX compiler ABI info - done
[1.287s] -- Check for working CXX compiler: /usr/bin/c++ - skipped
[1.287s] -- Detecting CXX compile features
[1.288s] -- Detecting CXX compile features - done
[1.288s] -- Searching required modules
[1.289s] -- Found PkgConfig: /usr/bin/pkg-config (found version "0.29.2") 
[1.293s] -- Checking for module 'libavcodec'
[1.318s] --   Found libavcodec, version 58.134.100
[1.377s] -- Checking for module 'libavutil'
[1.399s] --   Found libavutil, version 56.70.100
[1.455s] -- Checking for module 'libswscale'
[1.476s] --   Found libswscale, version 5.9.100
[1.523s] -- Checking for module 'libv4l2'
[1.535s] --   Found libv4l2, version 1.22.1
[1.590s] -- Found OpenCV: /usr (found version "4.5.4") 
[1.590s] -- Found libavcodec: 58.134.100
[1.590s] -- Found libavutil: 56.70.100
[1.591s] -- Found libswscale: 5.9.100
[1.591s] -- Found OpenCV: 4.5.4
[1.591s] -- Found Video4Linux kernel library: 1.22.1
[1.606s] [31mCMake Error at CMakeLists.txt:31 (find_package):
[1.606s]   By not providing "Findcatkin.cmake" in CMAKE_MODULE_PATH this project has
[1.606s]   asked CMake to find a package configuration file provided by "catkin", but
[1.606s]   CMake did not find one.
[1.607s] 
[1.607s]   Could not find a package configuration file provided by "catkin" with any
[1.607s]   of the following names:
[1.607s] 
[1.607s]     catkinConfig.cmake
[1.607s]     catkin-config.cmake
[1.607s] 
[1.607s]   Add the installation prefix of "catkin" to CMAKE_PREFIX_PATH or set
[1.607s]   "catkin_DIR" to a directory containing one of the above files.  If "catkin"
[1.608s]   provides a separate development package or SDK, be sure it has been
[1.608s]   installed.
[1.608s] 
[1.608s] [0m
[1.608s] -- Configuring incomplete, errors occurred!
[1.608s] See also "/home/ngo/ros2_ws/build/usb_cam/CMakeFiles/CMakeOutput.log".
[1.826s] Invoked command in '/home/ngo/ros2_ws/build/usb_cam' returned '1': /usr/bin/cmake /home/ngo/ros2_ws/src/usb_cam -DCATKIN_INSTALL_INTO_PREFIX_ROOT=0 -DCMAKE_INSTALL_PREFIX=/home/ngo/ros2_ws/install/usb_cam
