[2.236s] Invoking command in '/home/ngo/ros2_ws/src/bag_recorder_nodes_py': PYTHONPATH=/home/ngo/ros2_ws/build/bag_recorder_nodes_py/prefix_override:/home/ngo/ros2_ws/install/bag_recorder_nodes_py/lib/python3.10/site-packages:${PYTHONPATH} /usr/bin/python3 setup.py egg_info --egg-base ../../build/bag_recorder_nodes_py build --build-base /home/ngo/ros2_ws/build/bag_recorder_nodes_py/build install --record /home/ngo/ros2_ws/build/bag_recorder_nodes_py/install.log --single-version-externally-managed
[2.629s] running egg_info
[2.630s] writing ../../build/bag_recorder_nodes_py/bag_recorder_nodes_py.egg-info/PKG-INFO
[2.630s] writing dependency_links to ../../build/bag_recorder_nodes_py/bag_recorder_nodes_py.egg-info/dependency_links.txt
[2.630s] writing entry points to ../../build/bag_recorder_nodes_py/bag_recorder_nodes_py.egg-info/entry_points.txt
[2.630s] writing requirements to ../../build/bag_recorder_nodes_py/bag_recorder_nodes_py.egg-info/requires.txt
[2.631s] writing top-level names to ../../build/bag_recorder_nodes_py/bag_recorder_nodes_py.egg-info/top_level.txt
[2.635s] reading manifest file '../../build/bag_recorder_nodes_py/bag_recorder_nodes_py.egg-info/SOURCES.txt'
[2.636s] writing manifest file '../../build/bag_recorder_nodes_py/bag_recorder_nodes_py.egg-info/SOURCES.txt'
[2.636s] running build
[2.636s] running build_py
[2.637s] running install
[2.637s] /usr/lib/python3/dist-packages/setuptools/command/install.py:34: SetuptoolsDeprecationWarning: setup.py install is deprecated. Use build and pip and other standards-based tools.
[2.637s]   warnings.warn(
[2.637s] running install_lib
[2.638s] running install_data
[2.639s] running install_egg_info
[2.642s] removing '/home/ngo/ros2_ws/install/bag_recorder_nodes_py/lib/python3.10/site-packages/bag_recorder_nodes_py-0.0.0-py3.10.egg-info' (and everything under it)
[2.643s] Copying ../../build/bag_recorder_nodes_py/bag_recorder_nodes_py.egg-info to /home/ngo/ros2_ws/install/bag_recorder_nodes_py/lib/python3.10/site-packages/bag_recorder_nodes_py-0.0.0-py3.10.egg-info
[2.645s] running install_scripts
[2.673s] writing list of installed files to '/home/ngo/ros2_ws/build/bag_recorder_nodes_py/install.log'
[3.229s] Invoked command in '/home/ngo/ros2_ws/src/bag_recorder_nodes_py' returned '0': PYTHONPATH=/home/ngo/ros2_ws/build/bag_recorder_nodes_py/prefix_override:/home/ngo/ros2_ws/install/bag_recorder_nodes_py/lib/python3.10/site-packages:${PYTHONPATH} /usr/bin/python3 setup.py egg_info --egg-base ../../build/bag_recorder_nodes_py build --build-base /home/ngo/ros2_ws/build/bag_recorder_nodes_py/build install --record /home/ngo/ros2_ws/build/bag_recorder_nodes_py/install.log --single-version-externally-managed
