[0.058s] Invoking command in '/home/ngo/turtlebot3_ws/build/turtlebot3_fake_node': /usr/bin/cmake /home/ngo/turtlebot3_ws/src/turtlebot3_simulations/turtlebot3_fake_node -DCMAKE_INSTALL_PREFIX=/home/ngo/turtlebot3_ws/install/turtlebot3_fake_node
[0.079s] [31mCMake Error at CMakeLists.txt:18 (find_package):
[0.079s]   By not providing "Findament_cmake.cmake" in CMAKE_MODULE_PATH this project
[0.079s]   has asked CMake to find a package configuration file provided by
[0.079s]   "ament_cmake", but CMake did not find one.
[0.079s] 
[0.079s]   Could not find a package configuration file provided by "ament_cmake" with
[0.080s]   any of the following names:
[0.080s] 
[0.080s]     ament_cmakeConfig.cmake
[0.080s]     ament_cmake-config.cmake
[0.080s] 
[0.080s]   Add the installation prefix of "ament_cmake" to CMAKE_PREFIX_PATH or set
[0.081s]   "ament_cmake_DIR" to a directory containing one of the above files.  If
[0.081s]   "ament_cmake" provides a separate development package or SDK, be sure it
[0.081s]   has been installed.
[0.082s] 
[0.082s] [0m
[0.082s] -- Configuring incomplete, errors occurred!
[0.082s] See also "/home/ngo/turtlebot3_ws/build/turtlebot3_fake_node/CMakeFiles/CMakeOutput.log".
[0.083s] Invoked command in '/home/ngo/turtlebot3_ws/build/turtlebot3_fake_node' returned '1': /usr/bin/cmake /home/ngo/turtlebot3_ws/src/turtlebot3_simulations/turtlebot3_fake_node -DCMAKE_INSTALL_PREFIX=/home/ngo/turtlebot3_ws/install/turtlebot3_fake_node
