[1.466s] Invoking command in '/home/ngo/ros2_ws/src/my_package': PYTHONPATH=/home/ngo/ros2_ws/build/my_package/prefix_override:/home/ngo/ros2_ws/install/my_package/lib/python3.10/site-packages:${PYTHONPATH} /usr/bin/python3 setup.py egg_info --egg-base ../../build/my_package build --build-base /home/ngo/ros2_ws/build/my_package/build install --record /home/ngo/ros2_ws/build/my_package/install.log --single-version-externally-managed
[1.711s] running egg_info
[1.712s] writing ../../build/my_package/my_package.egg-info/PKG-INFO
[1.712s] writing dependency_links to ../../build/my_package/my_package.egg-info/dependency_links.txt
[1.713s] writing entry points to ../../build/my_package/my_package.egg-info/entry_points.txt
[1.713s] writing requirements to ../../build/my_package/my_package.egg-info/requires.txt
[1.713s] writing top-level names to ../../build/my_package/my_package.egg-info/top_level.txt
[1.715s] reading manifest file '../../build/my_package/my_package.egg-info/SOURCES.txt'
[1.716s] writing manifest file '../../build/my_package/my_package.egg-info/SOURCES.txt'
[1.717s] running build
[1.717s] running build_py
[1.717s] copying my_package/gtg.py -> /home/ngo/ros2_ws/build/my_package/build/lib/my_package
[1.718s] copying my_package/go_to_goal_input_cood.py -> /home/ngo/ros2_ws/build/my_package/build/lib/my_package
[1.718s] /usr/lib/python3/dist-packages/setuptools/command/install.py:34: SetuptoolsDeprecationWarning: setup.py install is deprecated. Use build and pip and other standards-based tools.
[1.718s]   warnings.warn(
[1.718s] running install
[1.719s] running install_lib
[1.720s] copying /home/ngo/ros2_ws/build/my_package/build/lib/my_package/gtg.py -> /home/ngo/ros2_ws/install/my_package/lib/python3.10/site-packages/my_package
[1.720s] copying /home/ngo/ros2_ws/build/my_package/build/lib/my_package/go_to_goal_input_cood.py -> /home/ngo/ros2_ws/install/my_package/lib/python3.10/site-packages/my_package
[1.720s] byte-compiling /home/ngo/ros2_ws/install/my_package/lib/python3.10/site-packages/my_package/gtg.py to gtg.cpython-310.pyc
[1.721s] byte-compiling /home/ngo/ros2_ws/install/my_package/lib/python3.10/site-packages/my_package/go_to_goal_input_cood.py to go_to_goal_input_cood.cpython-310.pyc
[1.721s] byte-compiling /home/ngo/ros2_ws/install/my_package/lib/python3.10/site-packages/my_package/server_time.py to server_time.cpython-310.pyc
[1.722s] Sorry: TabError: inconsistent use of tabs and spaces in indentation (server_time.py, line 20)
[1.722s] running install_data
[1.722s] running install_egg_info
[1.724s] removing '/home/ngo/ros2_ws/install/my_package/lib/python3.10/site-packages/my_package-0.0.0-py3.10.egg-info' (and everything under it)
[1.725s] Copying ../../build/my_package/my_package.egg-info to /home/ngo/ros2_ws/install/my_package/lib/python3.10/site-packages/my_package-0.0.0-py3.10.egg-info
[1.726s] running install_scripts
[1.745s] Installing my_node script to /home/ngo/ros2_ws/install/my_package/lib/my_package
[1.745s] writing list of installed files to '/home/ngo/ros2_ws/build/my_package/install.log'
[2.140s] Invoked command in '/home/ngo/ros2_ws/src/my_package' returned '0': PYTHONPATH=/home/ngo/ros2_ws/build/my_package/prefix_override:/home/ngo/ros2_ws/install/my_package/lib/python3.10/site-packages:${PYTHONPATH} /usr/bin/python3 setup.py egg_info --egg-base ../../build/my_package build --build-base /home/ngo/ros2_ws/build/my_package/build install --record /home/ngo/ros2_ws/build/my_package/install.log --single-version-externally-managed
