[0.056s] Invoking command in '/home/ngo/turtlebot3_ws/build/turtlebot3_fake_node': /usr/bin/cmake /home/ngo/turtlebot3_ws/src/turtlebot3_simulations/turtlebot3_fake_node -DCMAKE_INSTALL_PREFIX=/home/ngo/turtlebot3_ws/install/turtlebot3_fake_node
[0.110s] -- The C compiler identification is GNU 11.4.0
[0.166s] -- The CXX compiler identification is GNU 11.4.0
[0.173s] -- Detecting C compiler ABI info
[0.240s] -- Detecting C compiler ABI info - done
[0.247s] -- Check for working C compiler: /usr/bin/cc - skipped
[0.247s] -- Detecting C compile features
[0.248s] -- Detecting C compile features - done
[0.251s] -- Detecting CXX compiler ABI info
[0.325s] -- Detecting CXX compiler ABI info - done
[0.334s] -- Check for working CXX compiler: /usr/bin/c++ - skipped
[0.334s] -- Detecting CXX compile features
[0.335s] -- Detecting CXX compile features - done
[0.344s] [31mCMake Error at CMakeLists.txt:18 (find_package):
[0.344s]   By not providing "Findament_cmake.cmake" in CMAKE_MODULE_PATH this project
[0.344s]   has asked CMake to find a package configuration file provided by
[0.345s]   "ament_cmake", but CMake did not find one.
[0.345s] 
[0.345s]   Could not find a package configuration file provided by "ament_cmake" with
[0.345s]   any of the following names:
[0.345s] 
[0.345s]     ament_cmakeConfig.cmake
[0.345s]     ament_cmake-config.cmake
[0.345s] 
[0.345s]   Add the installation prefix of "ament_cmake" to CMAKE_PREFIX_PATH or set
[0.345s]   "ament_cmake_DIR" to a directory containing one of the above files.  If
[0.345s]   "ament_cmake" provides a separate development package or SDK, be sure it
[0.345s]   has been installed.
[0.345s] 
[0.345s] [0m
[0.345s] -- Configuring incomplete, errors occurred!
[0.345s] See also "/home/ngo/turtlebot3_ws/build/turtlebot3_fake_node/CMakeFiles/CMakeOutput.log".
[0.348s] Invoked command in '/home/ngo/turtlebot3_ws/build/turtlebot3_fake_node' returned '1': /usr/bin/cmake /home/ngo/turtlebot3_ws/src/turtlebot3_simulations/turtlebot3_fake_node -DCMAKE_INSTALL_PREFIX=/home/ngo/turtlebot3_ws/install/turtlebot3_fake_node
