[0.053s] Invoking command in '/home/ngo/turtlebot3_ws/build/turtlebot3_simulations': AMENT_PREFIX_PATH=/home/ngo/turtlebot3_ws/install/turtlebot3_gazebo:/home/ngo/turtlebot3_ws/install/turtlebot3_fake_node:${AMENT_PREFIX_PATH} CMAKE_PREFIX_PATH=/home/ngo/turtlebot3_ws/install/turtlebot3_gazebo:/home/ngo/turtlebot3_ws/install/turtlebot3_fake_node:/opt/ros/humble /usr/bin/cmake --build /home/ngo/turtlebot3_ws/build/turtlebot3_simulations -- -j8 -l8
[0.086s] Invoked command in '/home/ngo/turtlebot3_ws/build/turtlebot3_simulations' returned '0': AMENT_PREFIX_PATH=/home/ngo/turtlebot3_ws/install/turtlebot3_gazebo:/home/ngo/turtlebot3_ws/install/turtlebot3_fake_node:${AMENT_PREFIX_PATH} CMAKE_PREFIX_PATH=/home/ngo/turtlebot3_ws/install/turtlebot3_gazebo:/home/ngo/turtlebot3_ws/install/turtlebot3_fake_node:/opt/ros/humble /usr/bin/cmake --build /home/ngo/turtlebot3_ws/build/turtlebot3_simulations -- -j8 -l8
[0.107s] Invoking command in '/home/ngo/turtlebot3_ws/build/turtlebot3_simulations': AMENT_PREFIX_PATH=/home/ngo/turtlebot3_ws/install/turtlebot3_gazebo:/home/ngo/turtlebot3_ws/install/turtlebot3_fake_node:${AMENT_PREFIX_PATH} CMAKE_PREFIX_PATH=/home/ngo/turtlebot3_ws/install/turtlebot3_gazebo:/home/ngo/turtlebot3_ws/install/turtlebot3_fake_node:/opt/ros/humble /usr/bin/cmake --install /home/ngo/turtlebot3_ws/build/turtlebot3_simulations
[0.114s] -- Install configuration: ""
[0.114s] -- Execute custom install script
[0.114s] -- Up-to-date symlink: /home/ngo/turtlebot3_ws/install/turtlebot3_simulations/share/ament_index/resource_index/package_run_dependencies/turtlebot3_simulations
[0.114s] -- Up-to-date symlink: /home/ngo/turtlebot3_ws/install/turtlebot3_simulations/share/ament_index/resource_index/parent_prefix_path/turtlebot3_simulations
[0.115s] -- Up-to-date symlink: /home/ngo/turtlebot3_ws/install/turtlebot3_simulations/share/turtlebot3_simulations/environment/ament_prefix_path.sh
[0.115s] -- Up-to-date symlink: /home/ngo/turtlebot3_ws/install/turtlebot3_simulations/share/turtlebot3_simulations/environment/ament_prefix_path.dsv
[0.115s] -- Up-to-date symlink: /home/ngo/turtlebot3_ws/install/turtlebot3_simulations/share/turtlebot3_simulations/environment/path.sh
[0.115s] -- Up-to-date symlink: /home/ngo/turtlebot3_ws/install/turtlebot3_simulations/share/turtlebot3_simulations/environment/path.dsv
[0.115s] -- Up-to-date symlink: /home/ngo/turtlebot3_ws/install/turtlebot3_simulations/share/turtlebot3_simulations/local_setup.bash
[0.115s] -- Up-to-date symlink: /home/ngo/turtlebot3_ws/install/turtlebot3_simulations/share/turtlebot3_simulations/local_setup.sh
[0.116s] -- Up-to-date symlink: /home/ngo/turtlebot3_ws/install/turtlebot3_simulations/share/turtlebot3_simulations/local_setup.zsh
[0.116s] -- Up-to-date symlink: /home/ngo/turtlebot3_ws/install/turtlebot3_simulations/share/turtlebot3_simulations/local_setup.dsv
[0.116s] -- Symlinking: /home/ngo/turtlebot3_ws/install/turtlebot3_simulations/share/turtlebot3_simulations/package.dsv
[0.124s] -- Up-to-date symlink: /home/ngo/turtlebot3_ws/install/turtlebot3_simulations/share/ament_index/resource_index/packages/turtlebot3_simulations
[0.125s] -- Up-to-date symlink: /home/ngo/turtlebot3_ws/install/turtlebot3_simulations/share/turtlebot3_simulations/cmake/turtlebot3_simulationsConfig.cmake
[0.125s] -- Up-to-date symlink: /home/ngo/turtlebot3_ws/install/turtlebot3_simulations/share/turtlebot3_simulations/cmake/turtlebot3_simulationsConfig-version.cmake
[0.125s] -- Up-to-date symlink: /home/ngo/turtlebot3_ws/install/turtlebot3_simulations/share/turtlebot3_simulations/package.xml
[0.127s] Invoked command in '/home/ngo/turtlebot3_ws/build/turtlebot3_simulations' returned '0': AMENT_PREFIX_PATH=/home/ngo/turtlebot3_ws/install/turtlebot3_gazebo:/home/ngo/turtlebot3_ws/install/turtlebot3_fake_node:${AMENT_PREFIX_PATH} CMAKE_PREFIX_PATH=/home/ngo/turtlebot3_ws/install/turtlebot3_gazebo:/home/ngo/turtlebot3_ws/install/turtlebot3_fake_node:/opt/ros/humble /usr/bin/cmake --install /home/ngo/turtlebot3_ws/build/turtlebot3_simulations
