[1.056s] DEBUG:colcon:Command line arguments: ['/home/ngo/.local/bin/colcon', 'build']
[1.056s] DEBUG:colcon:Parsed command line arguments: Namespace(log_base=None, log_level=None, verb_name='build', build_base='build', install_base='install', merge_install=False, symlink_install=False, test_result_base=None, continue_on_error=False, executor='parallel', parallel_workers=8, event_handlers=None, ignore_user_meta=False, metas=['./colcon.meta'], base_paths=['.'], packages_ignore=None, packages_ignore_regex=None, paths=None, packages_up_to=None, packages_up_to_regex=None, packages_above=None, packages_above_and_dependencies=None, packages_above_depth=None, packages_select_by_dep=None, packages_skip_by_dep=None, packages_skip_up_to=None, packages_select_build_failed=False, packages_skip_build_finished=False, packages_select_test_failures=False, packages_skip_test_passed=False, packages_select=None, packages_skip=None, packages_select_regex=None, packages_skip_regex=None, packages_start=None, packages_end=None, allow_overriding=[], cmake_args=None, cmake_target=None, cmake_target_skip_unavailable=False, cmake_clean_cache=False, cmake_clean_first=False, cmake_force_configure=False, ament_cmake_args=None, catkin_cmake_args=None, catkin_skip_building_tests=False, verb_parser=<colcon_defaults.argument_parser.defaults.DefaultArgumentsDecorator object at 0x7ff72f8c7730>, verb_extension=<colcon_core.verb.build.BuildVerb object at 0x7ff72f8c7220>, main=<bound method BuildVerb.main of <colcon_core.verb.build.BuildVerb object at 0x7ff72f8c7220>>)
[1.112s] Level 1:colcon.colcon_core.package_discovery:discover_packages(colcon_meta) check parameters
[1.112s] Level 1:colcon.colcon_core.package_discovery:discover_packages(recursive) check parameters
[1.112s] Level 1:colcon.colcon_core.package_discovery:discover_packages(ignore) check parameters
[1.112s] Level 1:colcon.colcon_core.package_discovery:discover_packages(path) check parameters
[1.112s] Level 1:colcon.colcon_core.package_discovery:discover_packages(colcon_meta) discover
[1.112s] Level 1:colcon.colcon_core.package_discovery:discover_packages(recursive) discover
[1.112s] INFO:colcon.colcon_core.package_discovery:Crawling recursively for packages in '/home/ngo/turtlebot3_ws'
[1.113s] Level 1:colcon.colcon_core.package_identification:_identify(.) by extensions ['ignore', 'ignore_ament_install']
[1.113s] Level 1:colcon.colcon_core.package_identification:_identify(.) by extension 'ignore'
[1.113s] Level 1:colcon.colcon_core.package_identification:_identify(.) by extension 'ignore_ament_install'
[1.113s] Level 1:colcon.colcon_core.package_identification:_identify(.) by extensions ['colcon_pkg']
[1.113s] Level 1:colcon.colcon_core.package_identification:_identify(.) by extension 'colcon_pkg'
[1.113s] Level 1:colcon.colcon_core.package_identification:_identify(.) by extensions ['colcon_meta']
[1.113s] Level 1:colcon.colcon_core.package_identification:_identify(.) by extension 'colcon_meta'
[1.113s] Level 1:colcon.colcon_core.package_identification:_identify(.) by extensions ['ros']
[1.113s] Level 1:colcon.colcon_core.package_identification:_identify(.) by extension 'ros'
[1.125s] Level 1:colcon.colcon_core.package_identification:_identify(.) by extensions ['cmake', 'python']
[1.125s] Level 1:colcon.colcon_core.package_identification:_identify(.) by extension 'cmake'
[1.126s] Level 1:colcon.colcon_core.package_identification:_identify(.) by extension 'python'
[1.126s] Level 1:colcon.colcon_core.package_identification:_identify(.) by extensions ['python_setup_py']
[1.126s] Level 1:colcon.colcon_core.package_identification:_identify(.) by extension 'python_setup_py'
[1.126s] Level 1:colcon.colcon_core.package_identification:_identify(build) by extensions ['ignore', 'ignore_ament_install']
[1.126s] Level 1:colcon.colcon_core.package_identification:_identify(build) by extension 'ignore'
[1.126s] Level 1:colcon.colcon_core.package_identification:_identify(build) ignored
[1.126s] Level 1:colcon.colcon_core.package_identification:_identify(install) by extensions ['ignore', 'ignore_ament_install']
[1.126s] Level 1:colcon.colcon_core.package_identification:_identify(install) by extension 'ignore'
[1.126s] Level 1:colcon.colcon_core.package_identification:_identify(install) ignored
[1.126s] Level 1:colcon.colcon_core.package_identification:_identify(log) by extensions ['ignore', 'ignore_ament_install']
[1.126s] Level 1:colcon.colcon_core.package_identification:_identify(log) by extension 'ignore'
[1.126s] Level 1:colcon.colcon_core.package_identification:_identify(log) ignored
[1.126s] Level 1:colcon.colcon_core.package_identification:_identify(src) by extensions ['ignore', 'ignore_ament_install']
[1.126s] Level 1:colcon.colcon_core.package_identification:_identify(src) by extension 'ignore'
[1.126s] Level 1:colcon.colcon_core.package_identification:_identify(src) by extension 'ignore_ament_install'
[1.126s] Level 1:colcon.colcon_core.package_identification:_identify(src) by extensions ['colcon_pkg']
[1.127s] Level 1:colcon.colcon_core.package_identification:_identify(src) by extension 'colcon_pkg'
[1.127s] Level 1:colcon.colcon_core.package_identification:_identify(src) by extensions ['colcon_meta']
[1.127s] Level 1:colcon.colcon_core.package_identification:_identify(src) by extension 'colcon_meta'
[1.127s] Level 1:colcon.colcon_core.package_identification:_identify(src) by extensions ['ros']
[1.127s] Level 1:colcon.colcon_core.package_identification:_identify(src) by extension 'ros'
[1.127s] Level 1:colcon.colcon_core.package_identification:_identify(src) by extensions ['cmake', 'python']
[1.127s] Level 1:colcon.colcon_core.package_identification:_identify(src) by extension 'cmake'
[1.127s] Level 1:colcon.colcon_core.package_identification:_identify(src) by extension 'python'
[1.127s] Level 1:colcon.colcon_core.package_identification:_identify(src) by extensions ['python_setup_py']
[1.127s] Level 1:colcon.colcon_core.package_identification:_identify(src) by extension 'python_setup_py'
[1.127s] Level 1:colcon.colcon_core.package_identification:_identify(src/build) by extensions ['ignore', 'ignore_ament_install']
[1.127s] Level 1:colcon.colcon_core.package_identification:_identify(src/build) by extension 'ignore'
[1.127s] Level 1:colcon.colcon_core.package_identification:_identify(src/build) ignored
[1.127s] Level 1:colcon.colcon_core.package_identification:_identify(src/install) by extensions ['ignore', 'ignore_ament_install']
[1.127s] Level 1:colcon.colcon_core.package_identification:_identify(src/install) by extension 'ignore'
[1.127s] Level 1:colcon.colcon_core.package_identification:_identify(src/install) ignored
[1.127s] Level 1:colcon.colcon_core.package_identification:_identify(src/log) by extensions ['ignore', 'ignore_ament_install']
[1.127s] Level 1:colcon.colcon_core.package_identification:_identify(src/log) by extension 'ignore'
[1.127s] Level 1:colcon.colcon_core.package_identification:_identify(src/log) ignored
[1.128s] Level 1:colcon.colcon_core.package_identification:_identify(src/raspicam_node) by extensions ['ignore', 'ignore_ament_install']
[1.128s] Level 1:colcon.colcon_core.package_identification:_identify(src/raspicam_node) by extension 'ignore'
[1.128s] Level 1:colcon.colcon_core.package_identification:_identify(src/raspicam_node) ignored
[1.128s] Level 1:colcon.colcon_core.package_identification:_identify(src/turtlebot3_simulations) by extensions ['ignore', 'ignore_ament_install']
[1.128s] Level 1:colcon.colcon_core.package_identification:_identify(src/turtlebot3_simulations) by extension 'ignore'
[1.128s] Level 1:colcon.colcon_core.package_identification:_identify(src/turtlebot3_simulations) by extension 'ignore_ament_install'
[1.128s] Level 1:colcon.colcon_core.package_identification:_identify(src/turtlebot3_simulations) by extensions ['colcon_pkg']
[1.128s] Level 1:colcon.colcon_core.package_identification:_identify(src/turtlebot3_simulations) by extension 'colcon_pkg'
[1.128s] Level 1:colcon.colcon_core.package_identification:_identify(src/turtlebot3_simulations) by extensions ['colcon_meta']
[1.128s] Level 1:colcon.colcon_core.package_identification:_identify(src/turtlebot3_simulations) by extension 'colcon_meta'
[1.128s] Level 1:colcon.colcon_core.package_identification:_identify(src/turtlebot3_simulations) by extensions ['ros']
[1.128s] Level 1:colcon.colcon_core.package_identification:_identify(src/turtlebot3_simulations) by extension 'ros'
[1.128s] Level 1:colcon.colcon_core.package_identification:_identify(src/turtlebot3_simulations) by extensions ['cmake', 'python']
[1.128s] Level 1:colcon.colcon_core.package_identification:_identify(src/turtlebot3_simulations) by extension 'cmake'
[1.128s] Level 1:colcon.colcon_core.package_identification:_identify(src/turtlebot3_simulations) by extension 'python'
[1.128s] Level 1:colcon.colcon_core.package_identification:_identify(src/turtlebot3_simulations) by extensions ['python_setup_py']
[1.128s] Level 1:colcon.colcon_core.package_identification:_identify(src/turtlebot3_simulations) by extension 'python_setup_py'
[1.128s] Level 1:colcon.colcon_core.package_identification:_identify(src/turtlebot3_simulations/turtlebot3_fake_node) by extensions ['ignore', 'ignore_ament_install']
[1.128s] Level 1:colcon.colcon_core.package_identification:_identify(src/turtlebot3_simulations/turtlebot3_fake_node) by extension 'ignore'
[1.128s] Level 1:colcon.colcon_core.package_identification:_identify(src/turtlebot3_simulations/turtlebot3_fake_node) by extension 'ignore_ament_install'
[1.129s] Level 1:colcon.colcon_core.package_identification:_identify(src/turtlebot3_simulations/turtlebot3_fake_node) by extensions ['colcon_pkg']
[1.129s] Level 1:colcon.colcon_core.package_identification:_identify(src/turtlebot3_simulations/turtlebot3_fake_node) by extension 'colcon_pkg'
[1.129s] Level 1:colcon.colcon_core.package_identification:_identify(src/turtlebot3_simulations/turtlebot3_fake_node) by extensions ['colcon_meta']
[1.129s] Level 1:colcon.colcon_core.package_identification:_identify(src/turtlebot3_simulations/turtlebot3_fake_node) by extension 'colcon_meta'
[1.129s] Level 1:colcon.colcon_core.package_identification:_identify(src/turtlebot3_simulations/turtlebot3_fake_node) by extensions ['ros']
[1.129s] Level 1:colcon.colcon_core.package_identification:_identify(src/turtlebot3_simulations/turtlebot3_fake_node) by extension 'ros'
[1.131s] DEBUG:colcon.colcon_core.package_identification:Package 'src/turtlebot3_simulations/turtlebot3_fake_node' with type 'ros.ament_cmake' and name 'turtlebot3_fake_node'
[1.131s] Level 1:colcon.colcon_core.package_identification:_identify(src/turtlebot3_simulations/turtlebot3_gazebo) by extensions ['ignore', 'ignore_ament_install']
[1.131s] Level 1:colcon.colcon_core.package_identification:_identify(src/turtlebot3_simulations/turtlebot3_gazebo) by extension 'ignore'
[1.131s] Level 1:colcon.colcon_core.package_identification:_identify(src/turtlebot3_simulations/turtlebot3_gazebo) by extension 'ignore_ament_install'
[1.131s] Level 1:colcon.colcon_core.package_identification:_identify(src/turtlebot3_simulations/turtlebot3_gazebo) by extensions ['colcon_pkg']
[1.131s] Level 1:colcon.colcon_core.package_identification:_identify(src/turtlebot3_simulations/turtlebot3_gazebo) by extension 'colcon_pkg'
[1.131s] Level 1:colcon.colcon_core.package_identification:_identify(src/turtlebot3_simulations/turtlebot3_gazebo) by extensions ['colcon_meta']
[1.132s] Level 1:colcon.colcon_core.package_identification:_identify(src/turtlebot3_simulations/turtlebot3_gazebo) by extension 'colcon_meta'
[1.132s] Level 1:colcon.colcon_core.package_identification:_identify(src/turtlebot3_simulations/turtlebot3_gazebo) by extensions ['ros']
[1.132s] Level 1:colcon.colcon_core.package_identification:_identify(src/turtlebot3_simulations/turtlebot3_gazebo) by extension 'ros'
[1.132s] DEBUG:colcon.colcon_core.package_identification:Package 'src/turtlebot3_simulations/turtlebot3_gazebo' with type 'ros.ament_cmake' and name 'turtlebot3_gazebo'
[1.132s] Level 1:colcon.colcon_core.package_identification:_identify(src/turtlebot3_simulations/turtlebot3_simulations) by extensions ['ignore', 'ignore_ament_install']
[1.133s] Level 1:colcon.colcon_core.package_identification:_identify(src/turtlebot3_simulations/turtlebot3_simulations) by extension 'ignore'
[1.133s] Level 1:colcon.colcon_core.package_identification:_identify(src/turtlebot3_simulations/turtlebot3_simulations) by extension 'ignore_ament_install'
[1.133s] Level 1:colcon.colcon_core.package_identification:_identify(src/turtlebot3_simulations/turtlebot3_simulations) by extensions ['colcon_pkg']
[1.133s] Level 1:colcon.colcon_core.package_identification:_identify(src/turtlebot3_simulations/turtlebot3_simulations) by extension 'colcon_pkg'
[1.133s] Level 1:colcon.colcon_core.package_identification:_identify(src/turtlebot3_simulations/turtlebot3_simulations) by extensions ['colcon_meta']
[1.133s] Level 1:colcon.colcon_core.package_identification:_identify(src/turtlebot3_simulations/turtlebot3_simulations) by extension 'colcon_meta'
[1.133s] Level 1:colcon.colcon_core.package_identification:_identify(src/turtlebot3_simulations/turtlebot3_simulations) by extensions ['ros']
[1.133s] Level 1:colcon.colcon_core.package_identification:_identify(src/turtlebot3_simulations/turtlebot3_simulations) by extension 'ros'
[1.133s] DEBUG:colcon.colcon_core.package_identification:Package 'src/turtlebot3_simulations/turtlebot3_simulations' with type 'ros.ament_cmake' and name 'turtlebot3_simulations'
[1.133s] Level 1:colcon.colcon_core.package_identification:_identify(src/usb_cam) by extensions ['ignore', 'ignore_ament_install']
[1.134s] Level 1:colcon.colcon_core.package_identification:_identify(src/usb_cam) by extension 'ignore'
[1.134s] Level 1:colcon.colcon_core.package_identification:_identify(src/usb_cam) by extension 'ignore_ament_install'
[1.134s] Level 1:colcon.colcon_core.package_identification:_identify(src/usb_cam) by extensions ['colcon_pkg']
[1.134s] Level 1:colcon.colcon_core.package_identification:_identify(src/usb_cam) by extension 'colcon_pkg'
[1.134s] Level 1:colcon.colcon_core.package_identification:_identify(src/usb_cam) by extensions ['colcon_meta']
[1.134s] Level 1:colcon.colcon_core.package_identification:_identify(src/usb_cam) by extension 'colcon_meta'
[1.134s] Level 1:colcon.colcon_core.package_identification:_identify(src/usb_cam) by extensions ['ros']
[1.134s] Level 1:colcon.colcon_core.package_identification:_identify(src/usb_cam) by extension 'ros'
[1.139s] DEBUG:colcon.colcon_core.package_identification:Package 'src/usb_cam' with type 'ros.ament_cmake' and name 'usb_cam'
[1.139s] Level 1:colcon.colcon_core.package_discovery:discover_packages(recursive) using defaults
[1.140s] Level 1:colcon.colcon_core.package_discovery:discover_packages(ignore) discover
[1.140s] Level 1:colcon.colcon_core.package_discovery:discover_packages(ignore) using defaults
[1.140s] Level 1:colcon.colcon_core.package_discovery:discover_packages(path) discover
[1.140s] Level 1:colcon.colcon_core.package_discovery:discover_packages(path) using defaults
[1.236s] Level 1:colcon.colcon_core.package_discovery:discover_packages(prefix_path) check parameters
[1.236s] Level 1:colcon.colcon_core.package_discovery:discover_packages(prefix_path) discover
[1.269s] DEBUG:colcon.colcon_installed_package_information.package_discovery:Found 4 installed packages in /home/ngo/turtlebot3_ws/install
[1.286s] DEBUG:colcon.colcon_installed_package_information.package_discovery:Found 456 installed packages in /opt/ros/humble
[1.288s] Level 1:colcon.colcon_core.package_discovery:discover_packages(prefix_path) using defaults
[1.390s] Level 5:colcon.colcon_core.verb:set package 'turtlebot3_fake_node' build argument 'cmake_args' from command line to 'None'
[1.390s] Level 5:colcon.colcon_core.verb:set package 'turtlebot3_fake_node' build argument 'cmake_target' from command line to 'None'
[1.390s] Level 5:colcon.colcon_core.verb:set package 'turtlebot3_fake_node' build argument 'cmake_target_skip_unavailable' from command line to 'False'
[1.390s] Level 5:colcon.colcon_core.verb:set package 'turtlebot3_fake_node' build argument 'cmake_clean_cache' from command line to 'False'
[1.390s] Level 5:colcon.colcon_core.verb:set package 'turtlebot3_fake_node' build argument 'cmake_clean_first' from command line to 'False'
[1.390s] Level 5:colcon.colcon_core.verb:set package 'turtlebot3_fake_node' build argument 'cmake_force_configure' from command line to 'False'
[1.390s] Level 5:colcon.colcon_core.verb:set package 'turtlebot3_fake_node' build argument 'ament_cmake_args' from command line to 'None'
[1.390s] Level 5:colcon.colcon_core.verb:set package 'turtlebot3_fake_node' build argument 'catkin_cmake_args' from command line to 'None'
[1.390s] Level 5:colcon.colcon_core.verb:set package 'turtlebot3_fake_node' build argument 'catkin_skip_building_tests' from command line to 'False'
[1.390s] DEBUG:colcon.colcon_core.verb:Building package 'turtlebot3_fake_node' with the following arguments: {'ament_cmake_args': None, 'build_base': '/home/ngo/turtlebot3_ws/build/turtlebot3_fake_node', 'catkin_cmake_args': None, 'catkin_skip_building_tests': False, 'cmake_args': None, 'cmake_clean_cache': False, 'cmake_clean_first': False, 'cmake_force_configure': False, 'cmake_target': None, 'cmake_target_skip_unavailable': False, 'install_base': '/home/ngo/turtlebot3_ws/install/turtlebot3_fake_node', 'merge_install': False, 'path': '/home/ngo/turtlebot3_ws/src/turtlebot3_simulations/turtlebot3_fake_node', 'symlink_install': False, 'test_result_base': None}
[1.406s] Level 5:colcon.colcon_core.verb:set package 'turtlebot3_gazebo' build argument 'cmake_args' from command line to 'None'
[1.406s] Level 5:colcon.colcon_core.verb:set package 'turtlebot3_gazebo' build argument 'cmake_target' from command line to 'None'
[1.406s] Level 5:colcon.colcon_core.verb:set package 'turtlebot3_gazebo' build argument 'cmake_target_skip_unavailable' from command line to 'False'
[1.406s] Level 5:colcon.colcon_core.verb:set package 'turtlebot3_gazebo' build argument 'cmake_clean_cache' from command line to 'False'
[1.406s] Level 5:colcon.colcon_core.verb:set package 'turtlebot3_gazebo' build argument 'cmake_clean_first' from command line to 'False'
[1.406s] Level 5:colcon.colcon_core.verb:set package 'turtlebot3_gazebo' build argument 'cmake_force_configure' from command line to 'False'
[1.406s] Level 5:colcon.colcon_core.verb:set package 'turtlebot3_gazebo' build argument 'ament_cmake_args' from command line to 'None'
[1.407s] Level 5:colcon.colcon_core.verb:set package 'turtlebot3_gazebo' build argument 'catkin_cmake_args' from command line to 'None'
[1.407s] Level 5:colcon.colcon_core.verb:set package 'turtlebot3_gazebo' build argument 'catkin_skip_building_tests' from command line to 'False'
[1.407s] DEBUG:colcon.colcon_core.verb:Building package 'turtlebot3_gazebo' with the following arguments: {'ament_cmake_args': None, 'build_base': '/home/ngo/turtlebot3_ws/build/turtlebot3_gazebo', 'catkin_cmake_args': None, 'catkin_skip_building_tests': False, 'cmake_args': None, 'cmake_clean_cache': False, 'cmake_clean_first': False, 'cmake_force_configure': False, 'cmake_target': None, 'cmake_target_skip_unavailable': False, 'install_base': '/home/ngo/turtlebot3_ws/install/turtlebot3_gazebo', 'merge_install': False, 'path': '/home/ngo/turtlebot3_ws/src/turtlebot3_simulations/turtlebot3_gazebo', 'symlink_install': False, 'test_result_base': None}
[1.422s] Level 5:colcon.colcon_core.verb:set package 'usb_cam' build argument 'cmake_args' from command line to 'None'
[1.422s] Level 5:colcon.colcon_core.verb:set package 'usb_cam' build argument 'cmake_target' from command line to 'None'
[1.423s] Level 5:colcon.colcon_core.verb:set package 'usb_cam' build argument 'cmake_target_skip_unavailable' from command line to 'False'
[1.423s] Level 5:colcon.colcon_core.verb:set package 'usb_cam' build argument 'cmake_clean_cache' from command line to 'False'
[1.423s] Level 5:colcon.colcon_core.verb:set package 'usb_cam' build argument 'cmake_clean_first' from command line to 'False'
[1.423s] Level 5:colcon.colcon_core.verb:set package 'usb_cam' build argument 'cmake_force_configure' from command line to 'False'
[1.423s] Level 5:colcon.colcon_core.verb:set package 'usb_cam' build argument 'ament_cmake_args' from command line to 'None'
[1.423s] Level 5:colcon.colcon_core.verb:set package 'usb_cam' build argument 'catkin_cmake_args' from command line to 'None'
[1.423s] Level 5:colcon.colcon_core.verb:set package 'usb_cam' build argument 'catkin_skip_building_tests' from command line to 'False'
[1.423s] DEBUG:colcon.colcon_core.verb:Building package 'usb_cam' with the following arguments: {'ament_cmake_args': None, 'build_base': '/home/ngo/turtlebot3_ws/build/usb_cam', 'catkin_cmake_args': None, 'catkin_skip_building_tests': False, 'cmake_args': None, 'cmake_clean_cache': False, 'cmake_clean_first': False, 'cmake_force_configure': False, 'cmake_target': None, 'cmake_target_skip_unavailable': False, 'install_base': '/home/ngo/turtlebot3_ws/install/usb_cam', 'merge_install': False, 'path': '/home/ngo/turtlebot3_ws/src/usb_cam', 'symlink_install': False, 'test_result_base': None}
[1.439s] Level 5:colcon.colcon_core.verb:set package 'turtlebot3_simulations' build argument 'cmake_args' from command line to 'None'
[1.439s] Level 5:colcon.colcon_core.verb:set package 'turtlebot3_simulations' build argument 'cmake_target' from command line to 'None'
[1.439s] Level 5:colcon.colcon_core.verb:set package 'turtlebot3_simulations' build argument 'cmake_target_skip_unavailable' from command line to 'False'
[1.439s] Level 5:colcon.colcon_core.verb:set package 'turtlebot3_simulations' build argument 'cmake_clean_cache' from command line to 'False'
[1.439s] Level 5:colcon.colcon_core.verb:set package 'turtlebot3_simulations' build argument 'cmake_clean_first' from command line to 'False'
[1.439s] Level 5:colcon.colcon_core.verb:set package 'turtlebot3_simulations' build argument 'cmake_force_configure' from command line to 'False'
[1.439s] Level 5:colcon.colcon_core.verb:set package 'turtlebot3_simulations' build argument 'ament_cmake_args' from command line to 'None'
[1.439s] Level 5:colcon.colcon_core.verb:set package 'turtlebot3_simulations' build argument 'catkin_cmake_args' from command line to 'None'
[1.439s] Level 5:colcon.colcon_core.verb:set package 'turtlebot3_simulations' build argument 'catkin_skip_building_tests' from command line to 'False'
[1.439s] DEBUG:colcon.colcon_core.verb:Building package 'turtlebot3_simulations' with the following arguments: {'ament_cmake_args': None, 'build_base': '/home/ngo/turtlebot3_ws/build/turtlebot3_simulations', 'catkin_cmake_args': None, 'catkin_skip_building_tests': False, 'cmake_args': None, 'cmake_clean_cache': False, 'cmake_clean_first': False, 'cmake_force_configure': False, 'cmake_target': None, 'cmake_target_skip_unavailable': False, 'install_base': '/home/ngo/turtlebot3_ws/install/turtlebot3_simulations', 'merge_install': False, 'path': '/home/ngo/turtlebot3_ws/src/turtlebot3_simulations/turtlebot3_simulations', 'symlink_install': False, 'test_result_base': None}
[1.455s] INFO:colcon.colcon_core.executor:Executing jobs using 'parallel' executor
[1.471s] DEBUG:colcon.colcon_parallel_executor.executor.parallel:run_until_complete
[1.471s] INFO:colcon.colcon_ros.task.ament_cmake.build:Building ROS package in '/home/ngo/turtlebot3_ws/src/turtlebot3_simulations/turtlebot3_fake_node' with build type 'ament_cmake'
[1.471s] INFO:colcon.colcon_cmake.task.cmake.build:Building CMake package in '/home/ngo/turtlebot3_ws/src/turtlebot3_simulations/turtlebot3_fake_node'
[1.489s] INFO:colcon.colcon_core.plugin_system:Skipping extension 'colcon_core.shell.bat': Not used on non-Windows systems
[1.489s] INFO:colcon.colcon_core.shell:Skip shell extension 'powershell' for command environment: Not usable outside of PowerShell
[1.489s] DEBUG:colcon.colcon_core.shell:Skip shell extension 'dsv' for command environment
[1.541s] INFO:colcon.colcon_ros.task.ament_cmake.build:Building ROS package in '/home/ngo/turtlebot3_ws/src/turtlebot3_simulations/turtlebot3_gazebo' with build type 'ament_cmake'
[1.541s] INFO:colcon.colcon_cmake.task.cmake.build:Building CMake package in '/home/ngo/turtlebot3_ws/src/turtlebot3_simulations/turtlebot3_gazebo'
[1.558s] INFO:colcon.colcon_core.shell:Skip shell extension 'powershell' for command environment: Not usable outside of PowerShell
[1.558s] DEBUG:colcon.colcon_core.shell:Skip shell extension 'dsv' for command environment
[1.611s] INFO:colcon.colcon_ros.task.ament_cmake.build:Building ROS package in '/home/ngo/turtlebot3_ws/src/usb_cam' with build type 'ament_cmake'
[1.611s] INFO:colcon.colcon_cmake.task.cmake.build:Building CMake package in '/home/ngo/turtlebot3_ws/src/usb_cam'
[1.628s] INFO:colcon.colcon_core.shell:Skip shell extension 'powershell' for command environment: Not usable outside of PowerShell
[1.628s] DEBUG:colcon.colcon_core.shell:Skip shell extension 'dsv' for command environment
[1.685s] DEBUG:colcon.colcon_core.event_handler.log_command:Invoking command in '/home/ngo/turtlebot3_ws/build/turtlebot3_fake_node': CMAKE_PREFIX_PATH=${CMAKE_PREFIX_PATH}:/opt/ros/humble /usr/bin/cmake --build /home/ngo/turtlebot3_ws/build/turtlebot3_fake_node -- -j8 -l8
[1.689s] DEBUG:colcon.colcon_core.event_handler.log_command:Invoking command in '/home/ngo/turtlebot3_ws/build/turtlebot3_gazebo': CMAKE_PREFIX_PATH=${CMAKE_PREFIX_PATH}:/opt/ros/humble /usr/bin/cmake --build /home/ngo/turtlebot3_ws/build/turtlebot3_gazebo -- -j8 -l8
[1.694s] DEBUG:colcon.colcon_core.event_handler.log_command:Invoking command in '/home/ngo/turtlebot3_ws/build/usb_cam': CMAKE_PREFIX_PATH=${CMAKE_PREFIX_PATH}:/opt/ros/humble /usr/bin/cmake --build /home/ngo/turtlebot3_ws/build/usb_cam -- -j8 -l8
[1.778s] DEBUG:colcon.colcon_core.event_handler.log_command:Invoked command in '/home/ngo/turtlebot3_ws/build/turtlebot3_fake_node' returned '0': CMAKE_PREFIX_PATH=${CMAKE_PREFIX_PATH}:/opt/ros/humble /usr/bin/cmake --build /home/ngo/turtlebot3_ws/build/turtlebot3_fake_node -- -j8 -l8
[1.799s] DEBUG:colcon.colcon_core.event_handler.log_command:Invoked command in '/home/ngo/turtlebot3_ws/build/turtlebot3_gazebo' returned '0': CMAKE_PREFIX_PATH=${CMAKE_PREFIX_PATH}:/opt/ros/humble /usr/bin/cmake --build /home/ngo/turtlebot3_ws/build/turtlebot3_gazebo -- -j8 -l8
[1.814s] DEBUG:colcon.colcon_core.event_handler.log_command:Invoking command in '/home/ngo/turtlebot3_ws/build/turtlebot3_fake_node': CMAKE_PREFIX_PATH=${CMAKE_PREFIX_PATH}:/opt/ros/humble /usr/bin/cmake --install /home/ngo/turtlebot3_ws/build/turtlebot3_fake_node
[1.836s] DEBUG:colcon.colcon_core.event_handler.log_command:Invoking command in '/home/ngo/turtlebot3_ws/build/turtlebot3_gazebo': CMAKE_PREFIX_PATH=${CMAKE_PREFIX_PATH}:/opt/ros/humble /usr/bin/cmake --install /home/ngo/turtlebot3_ws/build/turtlebot3_gazebo
[1.842s] Level 1:colcon.colcon_core.environment:create_environment_scripts_only(turtlebot3_fake_node)
[1.843s] DEBUG:colcon.colcon_core.event_handler.log_command:Invoked command in '/home/ngo/turtlebot3_ws/build/turtlebot3_fake_node' returned '0': CMAKE_PREFIX_PATH=${CMAKE_PREFIX_PATH}:/opt/ros/humble /usr/bin/cmake --install /home/ngo/turtlebot3_ws/build/turtlebot3_fake_node
[1.888s] Level 1:colcon.colcon_core.environment:checking '/home/ngo/turtlebot3_ws/install/turtlebot3_fake_node' for CMake module files
[1.889s] Level 1:colcon.colcon_core.environment:checking '/home/ngo/turtlebot3_ws/install/turtlebot3_fake_node' for CMake config files
[1.889s] Level 1:colcon.colcon_core.shell:create_environment_hook('turtlebot3_fake_node', 'cmake_prefix_path')
[1.920s] INFO:colcon.colcon_core.shell:Creating environment hook '/home/ngo/turtlebot3_ws/install/turtlebot3_fake_node/share/turtlebot3_fake_node/hook/cmake_prefix_path.ps1'
[1.921s] INFO:colcon.colcon_core.shell:Creating environment descriptor '/home/ngo/turtlebot3_ws/install/turtlebot3_fake_node/share/turtlebot3_fake_node/hook/cmake_prefix_path.dsv'
[1.922s] INFO:colcon.colcon_core.shell:Creating environment hook '/home/ngo/turtlebot3_ws/install/turtlebot3_fake_node/share/turtlebot3_fake_node/hook/cmake_prefix_path.sh'
[1.923s] Level 1:colcon.colcon_core.environment:checking '/home/ngo/turtlebot3_ws/install/turtlebot3_fake_node/lib'
[1.923s] Level 1:colcon.colcon_core.environment:checking '/home/ngo/turtlebot3_ws/install/turtlebot3_fake_node/bin'
[1.923s] Level 1:colcon.colcon_core.environment:checking '/home/ngo/turtlebot3_ws/install/turtlebot3_fake_node/lib/pkgconfig/turtlebot3_fake_node.pc'
[1.924s] Level 1:colcon.colcon_core.environment:checking '/home/ngo/turtlebot3_ws/install/turtlebot3_fake_node/lib/python3.10/site-packages'
[1.924s] Level 1:colcon.colcon_core.environment:checking '/home/ngo/turtlebot3_ws/install/turtlebot3_fake_node/bin'
[1.954s] INFO:colcon.colcon_core.shell:Creating package script '/home/ngo/turtlebot3_ws/install/turtlebot3_fake_node/share/turtlebot3_fake_node/package.ps1'
[1.956s] INFO:colcon.colcon_core.shell:Creating package descriptor '/home/ngo/turtlebot3_ws/install/turtlebot3_fake_node/share/turtlebot3_fake_node/package.dsv'
[1.956s] INFO:colcon.colcon_core.shell:Creating package script '/home/ngo/turtlebot3_ws/install/turtlebot3_fake_node/share/turtlebot3_fake_node/package.sh'
[1.957s] INFO:colcon.colcon_core.shell:Creating package script '/home/ngo/turtlebot3_ws/install/turtlebot3_fake_node/share/turtlebot3_fake_node/package.bash'
[1.958s] INFO:colcon.colcon_core.shell:Creating package script '/home/ngo/turtlebot3_ws/install/turtlebot3_fake_node/share/turtlebot3_fake_node/package.zsh'
[1.959s] Level 1:colcon.colcon_core.environment:create_file_with_runtime_dependencies(/home/ngo/turtlebot3_ws/install/turtlebot3_fake_node/share/colcon-core/packages/turtlebot3_fake_node)
[1.961s] Level 1:colcon.colcon_core.environment:create_environment_scripts_only(turtlebot3_gazebo)
[1.962s] DEBUG:colcon.colcon_core.event_handler.log_command:Invoked command in '/home/ngo/turtlebot3_ws/build/turtlebot3_gazebo' returned '0': CMAKE_PREFIX_PATH=${CMAKE_PREFIX_PATH}:/opt/ros/humble /usr/bin/cmake --install /home/ngo/turtlebot3_ws/build/turtlebot3_gazebo
[1.984s] Level 1:colcon.colcon_core.environment:checking '/home/ngo/turtlebot3_ws/install/turtlebot3_gazebo' for CMake module files
[1.985s] Level 1:colcon.colcon_core.environment:checking '/home/ngo/turtlebot3_ws/install/turtlebot3_gazebo' for CMake config files
[1.986s] Level 1:colcon.colcon_core.shell:create_environment_hook('turtlebot3_gazebo', 'cmake_prefix_path')
[2.004s] INFO:colcon.colcon_core.shell:Creating environment hook '/home/ngo/turtlebot3_ws/install/turtlebot3_gazebo/share/turtlebot3_gazebo/hook/cmake_prefix_path.ps1'
[2.005s] INFO:colcon.colcon_core.shell:Creating environment descriptor '/home/ngo/turtlebot3_ws/install/turtlebot3_gazebo/share/turtlebot3_gazebo/hook/cmake_prefix_path.dsv'
[2.005s] INFO:colcon.colcon_core.shell:Creating environment hook '/home/ngo/turtlebot3_ws/install/turtlebot3_gazebo/share/turtlebot3_gazebo/hook/cmake_prefix_path.sh'
[2.005s] Level 1:colcon.colcon_core.environment:checking '/home/ngo/turtlebot3_ws/install/turtlebot3_gazebo/lib'
[2.005s] Level 1:colcon.colcon_core.environment:checking '/home/ngo/turtlebot3_ws/install/turtlebot3_gazebo/bin'
[2.005s] Level 1:colcon.colcon_core.environment:checking '/home/ngo/turtlebot3_ws/install/turtlebot3_gazebo/lib/pkgconfig/turtlebot3_gazebo.pc'
[2.006s] Level 1:colcon.colcon_core.environment:checking '/home/ngo/turtlebot3_ws/install/turtlebot3_gazebo/lib/python3.10/site-packages'
[2.006s] Level 1:colcon.colcon_core.environment:checking '/home/ngo/turtlebot3_ws/install/turtlebot3_gazebo/bin'
[2.024s] INFO:colcon.colcon_core.shell:Creating package script '/home/ngo/turtlebot3_ws/install/turtlebot3_gazebo/share/turtlebot3_gazebo/package.ps1'
[2.024s] INFO:colcon.colcon_core.shell:Creating package descriptor '/home/ngo/turtlebot3_ws/install/turtlebot3_gazebo/share/turtlebot3_gazebo/package.dsv'
[2.024s] INFO:colcon.colcon_core.shell:Creating package script '/home/ngo/turtlebot3_ws/install/turtlebot3_gazebo/share/turtlebot3_gazebo/package.sh'
[2.025s] INFO:colcon.colcon_core.shell:Creating package script '/home/ngo/turtlebot3_ws/install/turtlebot3_gazebo/share/turtlebot3_gazebo/package.bash'
[2.025s] INFO:colcon.colcon_core.shell:Creating package script '/home/ngo/turtlebot3_ws/install/turtlebot3_gazebo/share/turtlebot3_gazebo/package.zsh'
[2.025s] Level 1:colcon.colcon_core.environment:create_file_with_runtime_dependencies(/home/ngo/turtlebot3_ws/install/turtlebot3_gazebo/share/colcon-core/packages/turtlebot3_gazebo)
[2.051s] Level 1:colcon.colcon_core.environment:create_environment_scripts_only(turtlebot3_fake_node)
[2.072s] Level 1:colcon.colcon_core.environment:checking '/home/ngo/turtlebot3_ws/install/turtlebot3_fake_node' for CMake module files
[2.073s] Level 1:colcon.colcon_core.environment:checking '/home/ngo/turtlebot3_ws/install/turtlebot3_fake_node' for CMake config files
[2.073s] Level 1:colcon.colcon_core.shell:create_environment_hook('turtlebot3_fake_node', 'cmake_prefix_path')
[2.093s] INFO:colcon.colcon_core.shell:Creating environment hook '/home/ngo/turtlebot3_ws/install/turtlebot3_fake_node/share/turtlebot3_fake_node/hook/cmake_prefix_path.ps1'
[2.093s] INFO:colcon.colcon_core.shell:Creating environment descriptor '/home/ngo/turtlebot3_ws/install/turtlebot3_fake_node/share/turtlebot3_fake_node/hook/cmake_prefix_path.dsv'
[2.094s] INFO:colcon.colcon_core.shell:Creating environment hook '/home/ngo/turtlebot3_ws/install/turtlebot3_fake_node/share/turtlebot3_fake_node/hook/cmake_prefix_path.sh'
[2.094s] Level 1:colcon.colcon_core.environment:checking '/home/ngo/turtlebot3_ws/install/turtlebot3_fake_node/lib'
[2.094s] Level 1:colcon.colcon_core.environment:checking '/home/ngo/turtlebot3_ws/install/turtlebot3_fake_node/bin'
[2.094s] Level 1:colcon.colcon_core.environment:checking '/home/ngo/turtlebot3_ws/install/turtlebot3_fake_node/lib/pkgconfig/turtlebot3_fake_node.pc'
[2.095s] Level 1:colcon.colcon_core.environment:checking '/home/ngo/turtlebot3_ws/install/turtlebot3_fake_node/lib/python3.10/site-packages'
[2.095s] Level 1:colcon.colcon_core.environment:checking '/home/ngo/turtlebot3_ws/install/turtlebot3_fake_node/bin'
[2.113s] INFO:colcon.colcon_core.shell:Creating package script '/home/ngo/turtlebot3_ws/install/turtlebot3_fake_node/share/turtlebot3_fake_node/package.ps1'
[2.114s] INFO:colcon.colcon_core.shell:Creating package descriptor '/home/ngo/turtlebot3_ws/install/turtlebot3_fake_node/share/turtlebot3_fake_node/package.dsv'
[2.114s] INFO:colcon.colcon_core.shell:Creating package script '/home/ngo/turtlebot3_ws/install/turtlebot3_fake_node/share/turtlebot3_fake_node/package.sh'
[2.115s] INFO:colcon.colcon_core.shell:Creating package script '/home/ngo/turtlebot3_ws/install/turtlebot3_fake_node/share/turtlebot3_fake_node/package.bash'
[2.115s] INFO:colcon.colcon_core.shell:Creating package script '/home/ngo/turtlebot3_ws/install/turtlebot3_fake_node/share/turtlebot3_fake_node/package.zsh'
[2.115s] Level 1:colcon.colcon_core.environment:create_file_with_runtime_dependencies(/home/ngo/turtlebot3_ws/install/turtlebot3_fake_node/share/colcon-core/packages/turtlebot3_fake_node)
[2.135s] Level 1:colcon.colcon_core.environment:create_environment_scripts_only(turtlebot3_gazebo)
[2.153s] Level 1:colcon.colcon_core.environment:checking '/home/ngo/turtlebot3_ws/install/turtlebot3_gazebo' for CMake module files
[2.154s] Level 1:colcon.colcon_core.environment:checking '/home/ngo/turtlebot3_ws/install/turtlebot3_gazebo' for CMake config files
[2.154s] Level 1:colcon.colcon_core.shell:create_environment_hook('turtlebot3_gazebo', 'cmake_prefix_path')
[2.172s] INFO:colcon.colcon_core.shell:Creating environment hook '/home/ngo/turtlebot3_ws/install/turtlebot3_gazebo/share/turtlebot3_gazebo/hook/cmake_prefix_path.ps1'
[2.172s] INFO:colcon.colcon_core.shell:Creating environment descriptor '/home/ngo/turtlebot3_ws/install/turtlebot3_gazebo/share/turtlebot3_gazebo/hook/cmake_prefix_path.dsv'
[2.173s] INFO:colcon.colcon_core.shell:Creating environment hook '/home/ngo/turtlebot3_ws/install/turtlebot3_gazebo/share/turtlebot3_gazebo/hook/cmake_prefix_path.sh'
[2.173s] Level 1:colcon.colcon_core.environment:checking '/home/ngo/turtlebot3_ws/install/turtlebot3_gazebo/lib'
[2.173s] Level 1:colcon.colcon_core.environment:checking '/home/ngo/turtlebot3_ws/install/turtlebot3_gazebo/bin'
[2.173s] Level 1:colcon.colcon_core.environment:checking '/home/ngo/turtlebot3_ws/install/turtlebot3_gazebo/lib/pkgconfig/turtlebot3_gazebo.pc'
[2.174s] Level 1:colcon.colcon_core.environment:checking '/home/ngo/turtlebot3_ws/install/turtlebot3_gazebo/lib/python3.10/site-packages'
[2.174s] Level 1:colcon.colcon_core.environment:checking '/home/ngo/turtlebot3_ws/install/turtlebot3_gazebo/bin'
[2.195s] INFO:colcon.colcon_core.shell:Creating package script '/home/ngo/turtlebot3_ws/install/turtlebot3_gazebo/share/turtlebot3_gazebo/package.ps1'
[2.195s] INFO:colcon.colcon_core.shell:Creating package descriptor '/home/ngo/turtlebot3_ws/install/turtlebot3_gazebo/share/turtlebot3_gazebo/package.dsv'
[2.196s] INFO:colcon.colcon_core.shell:Creating package script '/home/ngo/turtlebot3_ws/install/turtlebot3_gazebo/share/turtlebot3_gazebo/package.sh'
[2.196s] INFO:colcon.colcon_core.shell:Creating package script '/home/ngo/turtlebot3_ws/install/turtlebot3_gazebo/share/turtlebot3_gazebo/package.bash'
[2.196s] INFO:colcon.colcon_core.shell:Creating package script '/home/ngo/turtlebot3_ws/install/turtlebot3_gazebo/share/turtlebot3_gazebo/package.zsh'
[2.197s] Level 1:colcon.colcon_core.environment:create_file_with_runtime_dependencies(/home/ngo/turtlebot3_ws/install/turtlebot3_gazebo/share/colcon-core/packages/turtlebot3_gazebo)
[2.197s] INFO:colcon.colcon_ros.task.ament_cmake.build:Building ROS package in '/home/ngo/turtlebot3_ws/src/turtlebot3_simulations/turtlebot3_simulations' with build type 'ament_cmake'
[2.197s] INFO:colcon.colcon_cmake.task.cmake.build:Building CMake package in '/home/ngo/turtlebot3_ws/src/turtlebot3_simulations/turtlebot3_simulations'
[2.217s] INFO:colcon.colcon_core.shell:Skip shell extension 'powershell' for command environment: Not usable outside of PowerShell
[2.217s] DEBUG:colcon.colcon_core.shell:Skip shell extension 'dsv' for command environment
[2.279s] DEBUG:colcon.colcon_core.event_handler.log_command:Invoking command in '/home/ngo/turtlebot3_ws/build/turtlebot3_simulations': CMAKE_PREFIX_PATH=/home/ngo/turtlebot3_ws/install/turtlebot3_gazebo:/home/ngo/turtlebot3_ws/install/turtlebot3_fake_node:/home/ngo/turtlebot3_ws/install/turtlebot3_simulations:/opt/ros/humble /usr/bin/cmake /home/ngo/turtlebot3_ws/src/turtlebot3_simulations/turtlebot3_simulations -DCMAKE_INSTALL_PREFIX=/home/ngo/turtlebot3_ws/install/turtlebot3_simulations
[2.520s] DEBUG:colcon.colcon_core.event_handler.log_command:Invoked command in '/home/ngo/turtlebot3_ws/build/turtlebot3_simulations' returned '0': CMAKE_PREFIX_PATH=/home/ngo/turtlebot3_ws/install/turtlebot3_gazebo:/home/ngo/turtlebot3_ws/install/turtlebot3_fake_node:/home/ngo/turtlebot3_ws/install/turtlebot3_simulations:/opt/ros/humble /usr/bin/cmake /home/ngo/turtlebot3_ws/src/turtlebot3_simulations/turtlebot3_simulations -DCMAKE_INSTALL_PREFIX=/home/ngo/turtlebot3_ws/install/turtlebot3_simulations
[2.522s] DEBUG:colcon.colcon_core.event_handler.log_command:Invoking command in '/home/ngo/turtlebot3_ws/build/turtlebot3_simulations': CMAKE_PREFIX_PATH=/home/ngo/turtlebot3_ws/install/turtlebot3_gazebo:/home/ngo/turtlebot3_ws/install/turtlebot3_fake_node:/home/ngo/turtlebot3_ws/install/turtlebot3_simulations:/opt/ros/humble /usr/bin/cmake --build /home/ngo/turtlebot3_ws/build/turtlebot3_simulations -- -j8 -l8
[2.558s] DEBUG:colcon.colcon_core.event_handler.log_command:Invoked command in '/home/ngo/turtlebot3_ws/build/turtlebot3_simulations' returned '0': CMAKE_PREFIX_PATH=/home/ngo/turtlebot3_ws/install/turtlebot3_gazebo:/home/ngo/turtlebot3_ws/install/turtlebot3_fake_node:/home/ngo/turtlebot3_ws/install/turtlebot3_simulations:/opt/ros/humble /usr/bin/cmake --build /home/ngo/turtlebot3_ws/build/turtlebot3_simulations -- -j8 -l8
[2.580s] DEBUG:colcon.colcon_core.event_handler.log_command:Invoking command in '/home/ngo/turtlebot3_ws/build/turtlebot3_simulations': CMAKE_PREFIX_PATH=/home/ngo/turtlebot3_ws/install/turtlebot3_gazebo:/home/ngo/turtlebot3_ws/install/turtlebot3_fake_node:/home/ngo/turtlebot3_ws/install/turtlebot3_simulations:/opt/ros/humble /usr/bin/cmake --install /home/ngo/turtlebot3_ws/build/turtlebot3_simulations
[2.602s] Level 1:colcon.colcon_core.environment:create_environment_scripts_only(turtlebot3_simulations)
[2.603s] DEBUG:colcon.colcon_core.event_handler.log_command:Invoked command in '/home/ngo/turtlebot3_ws/build/turtlebot3_simulations' returned '0': CMAKE_PREFIX_PATH=/home/ngo/turtlebot3_ws/install/turtlebot3_gazebo:/home/ngo/turtlebot3_ws/install/turtlebot3_fake_node:/home/ngo/turtlebot3_ws/install/turtlebot3_simulations:/opt/ros/humble /usr/bin/cmake --install /home/ngo/turtlebot3_ws/build/turtlebot3_simulations
[2.634s] Level 1:colcon.colcon_core.environment:checking '/home/ngo/turtlebot3_ws/install/turtlebot3_simulations' for CMake module files
[2.635s] Level 1:colcon.colcon_core.environment:checking '/home/ngo/turtlebot3_ws/install/turtlebot3_simulations' for CMake config files
[2.635s] Level 1:colcon.colcon_core.shell:create_environment_hook('turtlebot3_simulations', 'cmake_prefix_path')
[2.655s] INFO:colcon.colcon_core.shell:Creating environment hook '/home/ngo/turtlebot3_ws/install/turtlebot3_simulations/share/turtlebot3_simulations/hook/cmake_prefix_path.ps1'
[2.656s] INFO:colcon.colcon_core.shell:Creating environment descriptor '/home/ngo/turtlebot3_ws/install/turtlebot3_simulations/share/turtlebot3_simulations/hook/cmake_prefix_path.dsv'
[2.656s] INFO:colcon.colcon_core.shell:Creating environment hook '/home/ngo/turtlebot3_ws/install/turtlebot3_simulations/share/turtlebot3_simulations/hook/cmake_prefix_path.sh'
[2.656s] Level 1:colcon.colcon_core.environment:checking '/home/ngo/turtlebot3_ws/install/turtlebot3_simulations/bin'
[2.656s] Level 1:colcon.colcon_core.environment:checking '/home/ngo/turtlebot3_ws/install/turtlebot3_simulations/lib/pkgconfig/turtlebot3_simulations.pc'
[2.657s] Level 1:colcon.colcon_core.environment:checking '/home/ngo/turtlebot3_ws/install/turtlebot3_simulations/lib/python3.10/site-packages'
[2.657s] Level 1:colcon.colcon_core.environment:checking '/home/ngo/turtlebot3_ws/install/turtlebot3_simulations/bin'
[2.674s] INFO:colcon.colcon_core.shell:Creating package script '/home/ngo/turtlebot3_ws/install/turtlebot3_simulations/share/turtlebot3_simulations/package.ps1'
[2.675s] INFO:colcon.colcon_core.shell:Creating package descriptor '/home/ngo/turtlebot3_ws/install/turtlebot3_simulations/share/turtlebot3_simulations/package.dsv'
[2.675s] INFO:colcon.colcon_core.shell:Creating package script '/home/ngo/turtlebot3_ws/install/turtlebot3_simulations/share/turtlebot3_simulations/package.sh'
[2.676s] INFO:colcon.colcon_core.shell:Creating package script '/home/ngo/turtlebot3_ws/install/turtlebot3_simulations/share/turtlebot3_simulations/package.bash'
[2.676s] INFO:colcon.colcon_core.shell:Creating package script '/home/ngo/turtlebot3_ws/install/turtlebot3_simulations/share/turtlebot3_simulations/package.zsh'
[2.676s] Level 1:colcon.colcon_core.environment:create_file_with_runtime_dependencies(/home/ngo/turtlebot3_ws/install/turtlebot3_simulations/share/colcon-core/packages/turtlebot3_simulations)
[2.725s] Level 1:colcon.colcon_core.environment:create_environment_scripts_only(turtlebot3_simulations)
[2.742s] Level 1:colcon.colcon_core.environment:checking '/home/ngo/turtlebot3_ws/install/turtlebot3_simulations' for CMake module files
[2.743s] Level 1:colcon.colcon_core.environment:checking '/home/ngo/turtlebot3_ws/install/turtlebot3_simulations' for CMake config files
[2.743s] Level 1:colcon.colcon_core.shell:create_environment_hook('turtlebot3_simulations', 'cmake_prefix_path')
[2.760s] INFO:colcon.colcon_core.shell:Creating environment hook '/home/ngo/turtlebot3_ws/install/turtlebot3_simulations/share/turtlebot3_simulations/hook/cmake_prefix_path.ps1'
[2.760s] INFO:colcon.colcon_core.shell:Creating environment descriptor '/home/ngo/turtlebot3_ws/install/turtlebot3_simulations/share/turtlebot3_simulations/hook/cmake_prefix_path.dsv'
[2.760s] INFO:colcon.colcon_core.shell:Creating environment hook '/home/ngo/turtlebot3_ws/install/turtlebot3_simulations/share/turtlebot3_simulations/hook/cmake_prefix_path.sh'
[2.761s] Level 1:colcon.colcon_core.environment:checking '/home/ngo/turtlebot3_ws/install/turtlebot3_simulations/bin'
[2.761s] Level 1:colcon.colcon_core.environment:checking '/home/ngo/turtlebot3_ws/install/turtlebot3_simulations/lib/pkgconfig/turtlebot3_simulations.pc'
[2.761s] Level 1:colcon.colcon_core.environment:checking '/home/ngo/turtlebot3_ws/install/turtlebot3_simulations/lib/python3.10/site-packages'
[2.761s] Level 1:colcon.colcon_core.environment:checking '/home/ngo/turtlebot3_ws/install/turtlebot3_simulations/bin'
[2.779s] INFO:colcon.colcon_core.shell:Creating package script '/home/ngo/turtlebot3_ws/install/turtlebot3_simulations/share/turtlebot3_simulations/package.ps1'
[2.779s] INFO:colcon.colcon_core.shell:Creating package descriptor '/home/ngo/turtlebot3_ws/install/turtlebot3_simulations/share/turtlebot3_simulations/package.dsv'
[2.780s] INFO:colcon.colcon_core.shell:Creating package script '/home/ngo/turtlebot3_ws/install/turtlebot3_simulations/share/turtlebot3_simulations/package.sh'
[2.780s] INFO:colcon.colcon_core.shell:Creating package script '/home/ngo/turtlebot3_ws/install/turtlebot3_simulations/share/turtlebot3_simulations/package.bash'
[2.780s] INFO:colcon.colcon_core.shell:Creating package script '/home/ngo/turtlebot3_ws/install/turtlebot3_simulations/share/turtlebot3_simulations/package.zsh'
[2.781s] Level 1:colcon.colcon_core.environment:create_file_with_runtime_dependencies(/home/ngo/turtlebot3_ws/install/turtlebot3_simulations/share/colcon-core/packages/turtlebot3_simulations)
[10.726s] DEBUG:colcon.colcon_core.event_handler.log_command:Invoked command in '/home/ngo/turtlebot3_ws/build/usb_cam' returned '0': CMAKE_PREFIX_PATH=${CMAKE_PREFIX_PATH}:/opt/ros/humble /usr/bin/cmake --build /home/ngo/turtlebot3_ws/build/usb_cam -- -j8 -l8
[10.807s] DEBUG:colcon.colcon_core.event_handler.log_command:Invoking command in '/home/ngo/turtlebot3_ws/build/usb_cam': CMAKE_PREFIX_PATH=${CMAKE_PREFIX_PATH}:/opt/ros/humble /usr/bin/cmake --install /home/ngo/turtlebot3_ws/build/usb_cam
[10.841s] Level 1:colcon.colcon_core.environment:create_environment_scripts_only(usb_cam)
[10.841s] DEBUG:colcon.colcon_core.event_handler.log_command:Invoked command in '/home/ngo/turtlebot3_ws/build/usb_cam' returned '0': CMAKE_PREFIX_PATH=${CMAKE_PREFIX_PATH}:/opt/ros/humble /usr/bin/cmake --install /home/ngo/turtlebot3_ws/build/usb_cam
[10.859s] Level 1:colcon.colcon_core.environment:checking '/home/ngo/turtlebot3_ws/install/usb_cam' for CMake module files
[10.860s] Level 1:colcon.colcon_core.environment:checking '/home/ngo/turtlebot3_ws/install/usb_cam' for CMake config files
[10.860s] Level 1:colcon.colcon_core.shell:create_environment_hook('usb_cam', 'cmake_prefix_path')
[10.877s] INFO:colcon.colcon_core.shell:Creating environment hook '/home/ngo/turtlebot3_ws/install/usb_cam/share/usb_cam/hook/cmake_prefix_path.ps1'
[10.877s] INFO:colcon.colcon_core.shell:Creating environment descriptor '/home/ngo/turtlebot3_ws/install/usb_cam/share/usb_cam/hook/cmake_prefix_path.dsv'
[10.877s] INFO:colcon.colcon_core.shell:Creating environment hook '/home/ngo/turtlebot3_ws/install/usb_cam/share/usb_cam/hook/cmake_prefix_path.sh'
[10.878s] Level 1:colcon.colcon_core.environment:checking '/home/ngo/turtlebot3_ws/install/usb_cam/lib'
[10.878s] Level 1:colcon.colcon_core.shell:create_environment_hook('usb_cam', 'ld_library_path_lib')
[10.896s] INFO:colcon.colcon_core.shell:Creating environment hook '/home/ngo/turtlebot3_ws/install/usb_cam/share/usb_cam/hook/ld_library_path_lib.ps1'
[10.897s] INFO:colcon.colcon_core.shell:Creating environment descriptor '/home/ngo/turtlebot3_ws/install/usb_cam/share/usb_cam/hook/ld_library_path_lib.dsv'
[10.897s] INFO:colcon.colcon_core.shell:Creating environment hook '/home/ngo/turtlebot3_ws/install/usb_cam/share/usb_cam/hook/ld_library_path_lib.sh'
[10.897s] Level 1:colcon.colcon_core.environment:checking '/home/ngo/turtlebot3_ws/install/usb_cam/bin'
[10.897s] Level 1:colcon.colcon_core.environment:checking '/home/ngo/turtlebot3_ws/install/usb_cam/lib/pkgconfig/usb_cam.pc'
[10.897s] Level 1:colcon.colcon_core.environment:checking '/home/ngo/turtlebot3_ws/install/usb_cam/lib/python3.10/site-packages'
[10.898s] Level 1:colcon.colcon_core.environment:checking '/home/ngo/turtlebot3_ws/install/usb_cam/bin'
[10.915s] INFO:colcon.colcon_core.shell:Creating package script '/home/ngo/turtlebot3_ws/install/usb_cam/share/usb_cam/package.ps1'
[10.915s] INFO:colcon.colcon_core.shell:Creating package descriptor '/home/ngo/turtlebot3_ws/install/usb_cam/share/usb_cam/package.dsv'
[10.916s] INFO:colcon.colcon_core.shell:Creating package script '/home/ngo/turtlebot3_ws/install/usb_cam/share/usb_cam/package.sh'
[10.916s] INFO:colcon.colcon_core.shell:Creating package script '/home/ngo/turtlebot3_ws/install/usb_cam/share/usb_cam/package.bash'
[10.916s] INFO:colcon.colcon_core.shell:Creating package script '/home/ngo/turtlebot3_ws/install/usb_cam/share/usb_cam/package.zsh'
[10.916s] Level 1:colcon.colcon_core.environment:create_file_with_runtime_dependencies(/home/ngo/turtlebot3_ws/install/usb_cam/share/colcon-core/packages/usb_cam)
[10.976s] Level 1:colcon.colcon_core.environment:create_environment_scripts_only(usb_cam)
[10.994s] Level 1:colcon.colcon_core.environment:checking '/home/ngo/turtlebot3_ws/install/usb_cam' for CMake module files
[10.994s] Level 1:colcon.colcon_core.environment:checking '/home/ngo/turtlebot3_ws/install/usb_cam' for CMake config files
[10.995s] Level 1:colcon.colcon_core.shell:create_environment_hook('usb_cam', 'cmake_prefix_path')
[11.012s] INFO:colcon.colcon_core.shell:Creating environment hook '/home/ngo/turtlebot3_ws/install/usb_cam/share/usb_cam/hook/cmake_prefix_path.ps1'
[11.013s] INFO:colcon.colcon_core.shell:Creating environment descriptor '/home/ngo/turtlebot3_ws/install/usb_cam/share/usb_cam/hook/cmake_prefix_path.dsv'
[11.013s] INFO:colcon.colcon_core.shell:Creating environment hook '/home/ngo/turtlebot3_ws/install/usb_cam/share/usb_cam/hook/cmake_prefix_path.sh'
[11.013s] Level 1:colcon.colcon_core.environment:checking '/home/ngo/turtlebot3_ws/install/usb_cam/lib'
[11.013s] Level 1:colcon.colcon_core.shell:create_environment_hook('usb_cam', 'ld_library_path_lib')
[11.031s] INFO:colcon.colcon_core.shell:Creating environment hook '/home/ngo/turtlebot3_ws/install/usb_cam/share/usb_cam/hook/ld_library_path_lib.ps1'
[11.032s] INFO:colcon.colcon_core.shell:Creating environment descriptor '/home/ngo/turtlebot3_ws/install/usb_cam/share/usb_cam/hook/ld_library_path_lib.dsv'
[11.032s] INFO:colcon.colcon_core.shell:Creating environment hook '/home/ngo/turtlebot3_ws/install/usb_cam/share/usb_cam/hook/ld_library_path_lib.sh'
[11.032s] Level 1:colcon.colcon_core.environment:checking '/home/ngo/turtlebot3_ws/install/usb_cam/bin'
[11.032s] Level 1:colcon.colcon_core.environment:checking '/home/ngo/turtlebot3_ws/install/usb_cam/lib/pkgconfig/usb_cam.pc'
[11.033s] Level 1:colcon.colcon_core.environment:checking '/home/ngo/turtlebot3_ws/install/usb_cam/lib/python3.10/site-packages'
[11.033s] Level 1:colcon.colcon_core.environment:checking '/home/ngo/turtlebot3_ws/install/usb_cam/bin'
[11.051s] INFO:colcon.colcon_core.shell:Creating package script '/home/ngo/turtlebot3_ws/install/usb_cam/share/usb_cam/package.ps1'
[11.051s] INFO:colcon.colcon_core.shell:Creating package descriptor '/home/ngo/turtlebot3_ws/install/usb_cam/share/usb_cam/package.dsv'
[11.052s] INFO:colcon.colcon_core.shell:Creating package script '/home/ngo/turtlebot3_ws/install/usb_cam/share/usb_cam/package.sh'
[11.052s] INFO:colcon.colcon_core.shell:Creating package script '/home/ngo/turtlebot3_ws/install/usb_cam/share/usb_cam/package.bash'
[11.053s] INFO:colcon.colcon_core.shell:Creating package script '/home/ngo/turtlebot3_ws/install/usb_cam/share/usb_cam/package.zsh'
[11.053s] Level 1:colcon.colcon_core.environment:create_file_with_runtime_dependencies(/home/ngo/turtlebot3_ws/install/usb_cam/share/colcon-core/packages/usb_cam)
[11.053s] DEBUG:colcon.colcon_parallel_executor.executor.parallel:closing loop
[11.054s] DEBUG:colcon.colcon_parallel_executor.executor.parallel:loop closed
[11.054s] DEBUG:colcon.colcon_parallel_executor.executor.parallel:run_until_complete finished with '0'
[11.054s] DEBUG:colcon.colcon_core.event_reactor:joining thread
[11.076s] INFO:colcon.colcon_core.plugin_system:Skipping extension 'colcon_notification.desktop_notification.terminal_notifier': Not used on non-Darwin systems
[11.076s] INFO:colcon.colcon_core.plugin_system:Skipping extension 'colcon_notification.desktop_notification.win32': Not used on non-Windows systems
[11.076s] INFO:colcon.colcon_notification.desktop_notification:Sending desktop notification using 'notify2'
[11.090s] DEBUG:colcon.colcon_core.event_reactor:joined thread
[11.108s] INFO:colcon.colcon_core.shell:Creating prefix script '/home/ngo/turtlebot3_ws/install/local_setup.ps1'
[11.110s] INFO:colcon.colcon_core.shell:Creating prefix util module '/home/ngo/turtlebot3_ws/install/_local_setup_util_ps1.py'
[11.111s] INFO:colcon.colcon_core.shell:Creating prefix chain script '/home/ngo/turtlebot3_ws/install/setup.ps1'
[11.131s] INFO:colcon.colcon_core.shell:Creating prefix script '/home/ngo/turtlebot3_ws/install/local_setup.sh'
[11.132s] INFO:colcon.colcon_core.shell:Creating prefix util module '/home/ngo/turtlebot3_ws/install/_local_setup_util_sh.py'
[11.132s] INFO:colcon.colcon_core.shell:Creating prefix chain script '/home/ngo/turtlebot3_ws/install/setup.sh'
[11.151s] INFO:colcon.colcon_core.shell:Creating prefix script '/home/ngo/turtlebot3_ws/install/local_setup.bash'
[11.152s] INFO:colcon.colcon_core.shell:Creating prefix chain script '/home/ngo/turtlebot3_ws/install/setup.bash'
[11.171s] INFO:colcon.colcon_core.shell:Creating prefix script '/home/ngo/turtlebot3_ws/install/local_setup.zsh'
[11.171s] INFO:colcon.colcon_core.shell:Creating prefix chain script '/home/ngo/turtlebot3_ws/install/setup.zsh'
