[0.404s] Invoking command in '/home/ngo/ros2_ws/build/turtlesim': CMAKE_PREFIX_PATH=${CMAKE_PREFIX_PATH}:/opt/ros/humble /usr/bin/cmake --build /home/ngo/ros2_ws/build/turtlesim -- -j8 -l8
[1.115s] [  1%] Built target turtlesim__cpp
[1.115s] [ 11%] Built target turtlesim__rosidl_generator_c
[1.115s] [ 11%] Built target ament_cmake_python_copy_turtlesim
[1.115s] [ 21%] Built target turtlesim__rosidl_typesupport_cpp
[1.115s] [ 31%] Built target turtlesim__rosidl_typesupport_introspection_cpp
[1.115s] [ 41%] Built target turtlesim__rosidl_typesupport_fastrtps_cpp
[1.116s] [ 51%] Built target turtlesim__rosidl_typesupport_fastrtps_c
[1.116s] [ 61%] Built target turtlesim__rosidl_typesupport_introspection_c
[1.116s] [ 71%] Built target turtlesim__rosidl_typesupport_c
[1.116s] [ 77%] Built target turtlesim_node
[1.116s] [ 79%] Built target turtle_teleop_key
[1.116s] [ 79%] Built target turtlesim
[1.116s] [ 81%] Built target draw_square
[1.116s] [ 83%] Built target mimic
[1.116s] [ 84%] Built target turtlesim__py
[1.116s] [ 93%] Built target turtlesim__rosidl_generator_py
[1.116s] [ 95%] Built target turtlesim__rosidl_typesupport_fastrtps_c__pyext
[1.117s] [ 97%] Built target turtlesim__rosidl_typesupport_introspection_c__pyext
[1.117s] [100%] Built target turtlesim__rosidl_typesupport_c__pyext
[1.117s] running egg_info
[1.117s] writing turtlesim.egg-info/PKG-INFO
[1.117s] writing dependency_links to turtlesim.egg-info/dependency_links.txt
[1.117s] writing top-level names to turtlesim.egg-info/top_level.txt
[1.117s] reading manifest file 'turtlesim.egg-info/SOURCES.txt'
[1.118s] writing manifest file 'turtlesim.egg-info/SOURCES.txt'
[1.119s] [100%] Built target ament_cmake_python_build_turtlesim_egg
[1.567s] Invoked command in '/home/ngo/ros2_ws/build/turtlesim' returned '0': CMAKE_PREFIX_PATH=${CMAKE_PREFIX_PATH}:/opt/ros/humble /usr/bin/cmake --build /home/ngo/ros2_ws/build/turtlesim -- -j8 -l8
[1.973s] Invoking command in '/home/ngo/ros2_ws/build/turtlesim': CMAKE_PREFIX_PATH=${CMAKE_PREFIX_PATH}:/opt/ros/humble /usr/bin/cmake --install /home/ngo/ros2_ws/build/turtlesim
[1.988s] -- Install configuration: ""
[1.988s] -- Up-to-date: /home/ngo/ros2_ws/install/turtlesim/share/ament_index/resource_index/rosidl_interfaces/turtlesim
[1.988s] -- Up-to-date: /home/ngo/ros2_ws/install/turtlesim/include/turtlesim/turtlesim
[1.989s] -- Up-to-date: /home/ngo/ros2_ws/install/turtlesim/include/turtlesim/turtlesim/action
[1.989s] -- Up-to-date: /home/ngo/ros2_ws/install/turtlesim/include/turtlesim/turtlesim/action/rotate_absolute.h
[1.989s] -- Up-to-date: /home/ngo/ros2_ws/install/turtlesim/include/turtlesim/turtlesim/action/detail
[1.989s] -- Up-to-date: /home/ngo/ros2_ws/install/turtlesim/include/turtlesim/turtlesim/action/detail/rotate_absolute__functions.h
[1.989s] -- Up-to-date: /home/ngo/ros2_ws/install/turtlesim/include/turtlesim/turtlesim/action/detail/rotate_absolute__functions.c
[1.990s] -- Up-to-date: /home/ngo/ros2_ws/install/turtlesim/include/turtlesim/turtlesim/action/detail/rotate_absolute__type_support.h
[1.990s] -- Up-to-date: /home/ngo/ros2_ws/install/turtlesim/include/turtlesim/turtlesim/action/detail/rotate_absolute__struct.h
[1.990s] -- Up-to-date: /home/ngo/ros2_ws/install/turtlesim/include/turtlesim/turtlesim/msg
[1.990s] -- Up-to-date: /home/ngo/ros2_ws/install/turtlesim/include/turtlesim/turtlesim/msg/color.h
[1.990s] -- Up-to-date: /home/ngo/ros2_ws/install/turtlesim/include/turtlesim/turtlesim/msg/rosidl_generator_c__visibility_control.h
[1.991s] -- Up-to-date: /home/ngo/ros2_ws/install/turtlesim/include/turtlesim/turtlesim/msg/pose.h
[1.992s] -- Up-to-date: /home/ngo/ros2_ws/install/turtlesim/include/turtlesim/turtlesim/msg/detail
[1.997s] -- Up-to-date: /home/ngo/ros2_ws/install/turtlesim/include/turtlesim/turtlesim/msg/detail/pose__functions.h
[1.998s] -- Up-to-date: /home/ngo/ros2_ws/install/turtlesim/include/turtlesim/turtlesim/msg/detail/pose__type_support.h
[1.999s] -- Up-to-date: /home/ngo/ros2_ws/install/turtlesim/include/turtlesim/turtlesim/msg/detail/color__type_support.h
[2.000s] -- Up-to-date: /home/ngo/ros2_ws/install/turtlesim/include/turtlesim/turtlesim/msg/detail/color__struct.h
[2.001s] -- Up-to-date: /home/ngo/ros2_ws/install/turtlesim/include/turtlesim/turtlesim/msg/detail/color__functions.c
[2.001s] -- Up-to-date: /home/ngo/ros2_ws/install/turtlesim/include/turtlesim/turtlesim/msg/detail/color__functions.h
[2.001s] -- Up-to-date: /home/ngo/ros2_ws/install/turtlesim/include/turtlesim/turtlesim/msg/detail/pose__functions.c
[2.001s] -- Up-to-date: /home/ngo/ros2_ws/install/turtlesim/include/turtlesim/turtlesim/msg/detail/pose__struct.h
[2.001s] -- Up-to-date: /home/ngo/ros2_ws/install/turtlesim/include/turtlesim/turtlesim/srv
[2.002s] -- Up-to-date: /home/ngo/ros2_ws/install/turtlesim/include/turtlesim/turtlesim/srv/teleport_relative.h
[2.002s] -- Up-to-date: /home/ngo/ros2_ws/install/turtlesim/include/turtlesim/turtlesim/srv/teleport_absolute.h
[2.002s] -- Up-to-date: /home/ngo/ros2_ws/install/turtlesim/include/turtlesim/turtlesim/srv/detail
[2.002s] -- Up-to-date: /home/ngo/ros2_ws/install/turtlesim/include/turtlesim/turtlesim/srv/detail/set_pen__functions.h
[2.002s] -- Up-to-date: /home/ngo/ros2_ws/install/turtlesim/include/turtlesim/turtlesim/srv/detail/set_pen__functions.c
[2.002s] -- Up-to-date: /home/ngo/ros2_ws/install/turtlesim/include/turtlesim/turtlesim/srv/detail/spawn__struct.h
[2.003s] -- Up-to-date: /home/ngo/ros2_ws/install/turtlesim/include/turtlesim/turtlesim/srv/detail/spawn__type_support.h
[2.003s] -- Up-to-date: /home/ngo/ros2_ws/install/turtlesim/include/turtlesim/turtlesim/srv/detail/teleport_absolute__struct.h
[2.003s] -- Up-to-date: /home/ngo/ros2_ws/install/turtlesim/include/turtlesim/turtlesim/srv/detail/teleport_absolute__type_support.h
[2.003s] -- Up-to-date: /home/ngo/ros2_ws/install/turtlesim/include/turtlesim/turtlesim/srv/detail/teleport_relative__type_support.h
[2.003s] -- Up-to-date: /home/ngo/ros2_ws/install/turtlesim/include/turtlesim/turtlesim/srv/detail/teleport_relative__functions.h
[2.003s] -- Up-to-date: /home/ngo/ros2_ws/install/turtlesim/include/turtlesim/turtlesim/srv/detail/teleport_relative__struct.h
[2.003s] -- Up-to-date: /home/ngo/ros2_ws/install/turtlesim/include/turtlesim/turtlesim/srv/detail/kill__struct.h
[2.003s] -- Up-to-date: /home/ngo/ros2_ws/install/turtlesim/include/turtlesim/turtlesim/srv/detail/spawn__functions.c
[2.003s] -- Up-to-date: /home/ngo/ros2_ws/install/turtlesim/include/turtlesim/turtlesim/srv/detail/spawn__functions.h
[2.003s] -- Up-to-date: /home/ngo/ros2_ws/install/turtlesim/include/turtlesim/turtlesim/srv/detail/set_pen__type_support.h
[2.004s] -- Up-to-date: /home/ngo/ros2_ws/install/turtlesim/include/turtlesim/turtlesim/srv/detail/teleport_absolute__functions.h
[2.004s] -- Up-to-date: /home/ngo/ros2_ws/install/turtlesim/include/turtlesim/turtlesim/srv/detail/set_pen__struct.h
[2.004s] -- Up-to-date: /home/ngo/ros2_ws/install/turtlesim/include/turtlesim/turtlesim/srv/detail/kill__type_support.h
[2.004s] -- Up-to-date: /home/ngo/ros2_ws/install/turtlesim/include/turtlesim/turtlesim/srv/detail/teleport_absolute__functions.c
[2.004s] -- Up-to-date: /home/ngo/ros2_ws/install/turtlesim/include/turtlesim/turtlesim/srv/detail/kill__functions.c
[2.004s] -- Up-to-date: /home/ngo/ros2_ws/install/turtlesim/include/turtlesim/turtlesim/srv/detail/kill__functions.h
[2.004s] -- Up-to-date: /home/ngo/ros2_ws/install/turtlesim/include/turtlesim/turtlesim/srv/detail/teleport_relative__functions.c
[2.004s] -- Up-to-date: /home/ngo/ros2_ws/install/turtlesim/include/turtlesim/turtlesim/srv/set_pen.h
[2.004s] -- Up-to-date: /home/ngo/ros2_ws/install/turtlesim/include/turtlesim/turtlesim/srv/spawn.h
[2.004s] -- Up-to-date: /home/ngo/ros2_ws/install/turtlesim/include/turtlesim/turtlesim/srv/kill.h
[2.004s] -- Up-to-date: /home/ngo/ros2_ws/install/turtlesim/share/turtlesim/environment/library_path.sh
[2.005s] -- Up-to-date: /home/ngo/ros2_ws/install/turtlesim/share/turtlesim/environment/library_path.dsv
[2.005s] -- Up-to-date: /home/ngo/ros2_ws/install/turtlesim/lib/libturtlesim__rosidl_generator_c.so
[2.005s] -- Up-to-date: /home/ngo/ros2_ws/install/turtlesim/include/turtlesim/turtlesim
[2.005s] -- Up-to-date: /home/ngo/ros2_ws/install/turtlesim/include/turtlesim/turtlesim/action
[2.006s] -- Up-to-date: /home/ngo/ros2_ws/install/turtlesim/include/turtlesim/turtlesim/action/detail
[2.006s] -- Up-to-date: /home/ngo/ros2_ws/install/turtlesim/include/turtlesim/turtlesim/action/detail/rotate_absolute__rosidl_typesupport_fastrtps_c.h
[2.006s] -- Up-to-date: /home/ngo/ros2_ws/install/turtlesim/include/turtlesim/turtlesim/msg
[2.006s] -- Up-to-date: /home/ngo/ros2_ws/install/turtlesim/include/turtlesim/turtlesim/msg/rosidl_typesupport_fastrtps_c__visibility_control.h
[2.007s] -- Up-to-date: /home/ngo/ros2_ws/install/turtlesim/include/turtlesim/turtlesim/msg/detail
[2.007s] -- Up-to-date: /home/ngo/ros2_ws/install/turtlesim/include/turtlesim/turtlesim/msg/detail/pose__rosidl_typesupport_fastrtps_c.h
[2.008s] -- Up-to-date: /home/ngo/ros2_ws/install/turtlesim/include/turtlesim/turtlesim/msg/detail/color__rosidl_typesupport_fastrtps_c.h
[2.008s] -- Up-to-date: /home/ngo/ros2_ws/install/turtlesim/include/turtlesim/turtlesim/srv
[2.010s] -- Up-to-date: /home/ngo/ros2_ws/install/turtlesim/include/turtlesim/turtlesim/srv/detail
[2.010s] -- Up-to-date: /home/ngo/ros2_ws/install/turtlesim/include/turtlesim/turtlesim/srv/detail/kill__rosidl_typesupport_fastrtps_c.h
[2.010s] -- Up-to-date: /home/ngo/ros2_ws/install/turtlesim/include/turtlesim/turtlesim/srv/detail/teleport_relative__rosidl_typesupport_fastrtps_c.h
[2.010s] -- Up-to-date: /home/ngo/ros2_ws/install/turtlesim/include/turtlesim/turtlesim/srv/detail/spawn__rosidl_typesupport_fastrtps_c.h
[2.011s] -- Up-to-date: /home/ngo/ros2_ws/install/turtlesim/include/turtlesim/turtlesim/srv/detail/teleport_absolute__rosidl_typesupport_fastrtps_c.h
[2.011s] -- Up-to-date: /home/ngo/ros2_ws/install/turtlesim/include/turtlesim/turtlesim/srv/detail/set_pen__rosidl_typesupport_fastrtps_c.h
[2.011s] -- Up-to-date: /home/ngo/ros2_ws/install/turtlesim/lib/libturtlesim__rosidl_typesupport_fastrtps_c.so
[2.011s] -- Up-to-date: /home/ngo/ros2_ws/install/turtlesim/include/turtlesim/turtlesim
[2.011s] -- Up-to-date: /home/ngo/ros2_ws/install/turtlesim/include/turtlesim/turtlesim/action
[2.011s] -- Up-to-date: /home/ngo/ros2_ws/install/turtlesim/include/turtlesim/turtlesim/action/rotate_absolute.hpp
[2.011s] -- Up-to-date: /home/ngo/ros2_ws/install/turtlesim/include/turtlesim/turtlesim/action/detail
[2.011s] -- Up-to-date: /home/ngo/ros2_ws/install/turtlesim/include/turtlesim/turtlesim/action/detail/rotate_absolute__struct.hpp
[2.011s] -- Up-to-date: /home/ngo/ros2_ws/install/turtlesim/include/turtlesim/turtlesim/action/detail/rotate_absolute__traits.hpp
[2.012s] -- Up-to-date: /home/ngo/ros2_ws/install/turtlesim/include/turtlesim/turtlesim/action/detail/rotate_absolute__builder.hpp
[2.012s] -- Up-to-date: /home/ngo/ros2_ws/install/turtlesim/include/turtlesim/turtlesim/msg
[2.012s] -- Up-to-date: /home/ngo/ros2_ws/install/turtlesim/include/turtlesim/turtlesim/msg/color.hpp
[2.012s] -- Up-to-date: /home/ngo/ros2_ws/install/turtlesim/include/turtlesim/turtlesim/msg/pose.hpp
[2.012s] -- Up-to-date: /home/ngo/ros2_ws/install/turtlesim/include/turtlesim/turtlesim/msg/detail
[2.012s] -- Up-to-date: /home/ngo/ros2_ws/install/turtlesim/include/turtlesim/turtlesim/msg/detail/pose__traits.hpp
[2.012s] -- Up-to-date: /home/ngo/ros2_ws/install/turtlesim/include/turtlesim/turtlesim/msg/detail/pose__builder.hpp
[2.012s] -- Up-to-date: /home/ngo/ros2_ws/install/turtlesim/include/turtlesim/turtlesim/msg/detail/color__struct.hpp
[2.012s] -- Up-to-date: /home/ngo/ros2_ws/install/turtlesim/include/turtlesim/turtlesim/msg/detail/pose__struct.hpp
[2.012s] -- Up-to-date: /home/ngo/ros2_ws/install/turtlesim/include/turtlesim/turtlesim/msg/detail/color__traits.hpp
[2.013s] -- Up-to-date: /home/ngo/ros2_ws/install/turtlesim/include/turtlesim/turtlesim/msg/detail/color__builder.hpp
[2.013s] -- Up-to-date: /home/ngo/ros2_ws/install/turtlesim/include/turtlesim/turtlesim/srv
[2.013s] -- Up-to-date: /home/ngo/ros2_ws/install/turtlesim/include/turtlesim/turtlesim/srv/teleport_relative.hpp
[2.013s] -- Up-to-date: /home/ngo/ros2_ws/install/turtlesim/include/turtlesim/turtlesim/srv/set_pen.hpp
[2.014s] -- Up-to-date: /home/ngo/ros2_ws/install/turtlesim/include/turtlesim/turtlesim/srv/kill.hpp
[2.014s] -- Up-to-date: /home/ngo/ros2_ws/install/turtlesim/include/turtlesim/turtlesim/srv/spawn.hpp
[2.015s] -- Up-to-date: /home/ngo/ros2_ws/install/turtlesim/include/turtlesim/turtlesim/srv/teleport_absolute.hpp
[2.015s] -- Up-to-date: /home/ngo/ros2_ws/install/turtlesim/include/turtlesim/turtlesim/srv/detail
[2.016s] -- Up-to-date: /home/ngo/ros2_ws/install/turtlesim/include/turtlesim/turtlesim/srv/detail/set_pen__traits.hpp
[2.016s] -- Up-to-date: /home/ngo/ros2_ws/install/turtlesim/include/turtlesim/turtlesim/srv/detail/kill__traits.hpp
[2.016s] -- Up-to-date: /home/ngo/ros2_ws/install/turtlesim/include/turtlesim/turtlesim/srv/detail/teleport_absolute__traits.hpp
[2.016s] -- Up-to-date: /home/ngo/ros2_ws/install/turtlesim/include/turtlesim/turtlesim/srv/detail/kill__struct.hpp
[2.016s] -- Up-to-date: /home/ngo/ros2_ws/install/turtlesim/include/turtlesim/turtlesim/srv/detail/spawn__struct.hpp
[2.016s] -- Up-to-date: /home/ngo/ros2_ws/install/turtlesim/include/turtlesim/turtlesim/srv/detail/spawn__builder.hpp
[2.016s] -- Up-to-date: /home/ngo/ros2_ws/install/turtlesim/include/turtlesim/turtlesim/srv/detail/teleport_relative__traits.hpp
[2.017s] -- Up-to-date: /home/ngo/ros2_ws/install/turtlesim/include/turtlesim/turtlesim/srv/detail/teleport_absolute__builder.hpp
[2.017s] -- Up-to-date: /home/ngo/ros2_ws/install/turtlesim/include/turtlesim/turtlesim/srv/detail/teleport_relative__struct.hpp
[2.017s] -- Up-to-date: /home/ngo/ros2_ws/install/turtlesim/include/turtlesim/turtlesim/srv/detail/spawn__traits.hpp
[2.017s] -- Up-to-date: /home/ngo/ros2_ws/install/turtlesim/include/turtlesim/turtlesim/srv/detail/set_pen__builder.hpp
[2.017s] -- Up-to-date: /home/ngo/ros2_ws/install/turtlesim/include/turtlesim/turtlesim/srv/detail/teleport_relative__builder.hpp
[2.017s] -- Up-to-date: /home/ngo/ros2_ws/install/turtlesim/include/turtlesim/turtlesim/srv/detail/teleport_absolute__struct.hpp
[2.017s] -- Up-to-date: /home/ngo/ros2_ws/install/turtlesim/include/turtlesim/turtlesim/srv/detail/kill__builder.hpp
[2.017s] -- Up-to-date: /home/ngo/ros2_ws/install/turtlesim/include/turtlesim/turtlesim/srv/detail/set_pen__struct.hpp
[2.017s] -- Up-to-date: /home/ngo/ros2_ws/install/turtlesim/include/turtlesim/turtlesim
[2.017s] -- Up-to-date: /home/ngo/ros2_ws/install/turtlesim/include/turtlesim/turtlesim/action
[2.017s] -- Up-to-date: /home/ngo/ros2_ws/install/turtlesim/include/turtlesim/turtlesim/action/detail
[2.018s] -- Up-to-date: /home/ngo/ros2_ws/install/turtlesim/include/turtlesim/turtlesim/action/detail/dds_fastrtps
[2.018s] -- Up-to-date: /home/ngo/ros2_ws/install/turtlesim/include/turtlesim/turtlesim/action/detail/rotate_absolute__rosidl_typesupport_fastrtps_cpp.hpp
[2.018s] -- Up-to-date: /home/ngo/ros2_ws/install/turtlesim/include/turtlesim/turtlesim/msg
[2.018s] -- Up-to-date: /home/ngo/ros2_ws/install/turtlesim/include/turtlesim/turtlesim/msg/rosidl_typesupport_fastrtps_cpp__visibility_control.h
[2.018s] -- Up-to-date: /home/ngo/ros2_ws/install/turtlesim/include/turtlesim/turtlesim/msg/detail
[2.019s] -- Up-to-date: /home/ngo/ros2_ws/install/turtlesim/include/turtlesim/turtlesim/msg/detail/dds_fastrtps
[2.019s] -- Up-to-date: /home/ngo/ros2_ws/install/turtlesim/include/turtlesim/turtlesim/msg/detail/color__rosidl_typesupport_fastrtps_cpp.hpp
[2.019s] -- Up-to-date: /home/ngo/ros2_ws/install/turtlesim/include/turtlesim/turtlesim/msg/detail/pose__rosidl_typesupport_fastrtps_cpp.hpp
[2.019s] -- Up-to-date: /home/ngo/ros2_ws/install/turtlesim/include/turtlesim/turtlesim/srv
[2.019s] -- Up-to-date: /home/ngo/ros2_ws/install/turtlesim/include/turtlesim/turtlesim/srv/detail
[2.019s] -- Up-to-date: /home/ngo/ros2_ws/install/turtlesim/include/turtlesim/turtlesim/srv/detail/set_pen__rosidl_typesupport_fastrtps_cpp.hpp
[2.020s] -- Up-to-date: /home/ngo/ros2_ws/install/turtlesim/include/turtlesim/turtlesim/srv/detail/teleport_relative__rosidl_typesupport_fastrtps_cpp.hpp
[2.020s] -- Up-to-date: /home/ngo/ros2_ws/install/turtlesim/include/turtlesim/turtlesim/srv/detail/dds_fastrtps
[2.020s] -- Up-to-date: /home/ngo/ros2_ws/install/turtlesim/include/turtlesim/turtlesim/srv/detail/spawn__rosidl_typesupport_fastrtps_cpp.hpp
[2.020s] -- Up-to-date: /home/ngo/ros2_ws/install/turtlesim/include/turtlesim/turtlesim/srv/detail/teleport_absolute__rosidl_typesupport_fastrtps_cpp.hpp
[2.020s] -- Up-to-date: /home/ngo/ros2_ws/install/turtlesim/include/turtlesim/turtlesim/srv/detail/kill__rosidl_typesupport_fastrtps_cpp.hpp
[2.020s] -- Up-to-date: /home/ngo/ros2_ws/install/turtlesim/lib/libturtlesim__rosidl_typesupport_fastrtps_cpp.so
[2.020s] -- Up-to-date: /home/ngo/ros2_ws/install/turtlesim/include/turtlesim/turtlesim
[2.020s] -- Up-to-date: /home/ngo/ros2_ws/install/turtlesim/include/turtlesim/turtlesim/action
[2.020s] -- Up-to-date: /home/ngo/ros2_ws/install/turtlesim/include/turtlesim/turtlesim/action/detail
[2.020s] -- Up-to-date: /home/ngo/ros2_ws/install/turtlesim/include/turtlesim/turtlesim/action/detail/rotate_absolute__rosidl_typesupport_introspection_c.h
[2.021s] -- Up-to-date: /home/ngo/ros2_ws/install/turtlesim/include/turtlesim/turtlesim/action/detail/rotate_absolute__type_support.c
[2.021s] -- Up-to-date: /home/ngo/ros2_ws/install/turtlesim/include/turtlesim/turtlesim/msg
[2.021s] -- Up-to-date: /home/ngo/ros2_ws/install/turtlesim/include/turtlesim/turtlesim/msg/rosidl_typesupport_introspection_c__visibility_control.h
[2.021s] -- Up-to-date: /home/ngo/ros2_ws/install/turtlesim/include/turtlesim/turtlesim/msg/detail
[2.021s] -- Up-to-date: /home/ngo/ros2_ws/install/turtlesim/include/turtlesim/turtlesim/msg/detail/color__rosidl_typesupport_introspection_c.h
[2.021s] -- Up-to-date: /home/ngo/ros2_ws/install/turtlesim/include/turtlesim/turtlesim/msg/detail/pose__type_support.c
[2.021s] -- Up-to-date: /home/ngo/ros2_ws/install/turtlesim/include/turtlesim/turtlesim/msg/detail/pose__rosidl_typesupport_introspection_c.h
[2.022s] -- Up-to-date: /home/ngo/ros2_ws/install/turtlesim/include/turtlesim/turtlesim/msg/detail/color__type_support.c
[2.022s] -- Up-to-date: /home/ngo/ros2_ws/install/turtlesim/include/turtlesim/turtlesim/srv
[2.022s] -- Up-to-date: /home/ngo/ros2_ws/install/turtlesim/include/turtlesim/turtlesim/srv/detail
[2.022s] -- Up-to-date: /home/ngo/ros2_ws/install/turtlesim/include/turtlesim/turtlesim/srv/detail/teleport_relative__type_support.c
[2.022s] -- Up-to-date: /home/ngo/ros2_ws/install/turtlesim/include/turtlesim/turtlesim/srv/detail/teleport_absolute__type_support.c
[2.022s] -- Up-to-date: /home/ngo/ros2_ws/install/turtlesim/include/turtlesim/turtlesim/srv/detail/spawn__type_support.c
[2.022s] -- Up-to-date: /home/ngo/ros2_ws/install/turtlesim/include/turtlesim/turtlesim/srv/detail/kill__rosidl_typesupport_introspection_c.h
[2.022s] -- Up-to-date: /home/ngo/ros2_ws/install/turtlesim/include/turtlesim/turtlesim/srv/detail/kill__type_support.c
[2.022s] -- Up-to-date: /home/ngo/ros2_ws/install/turtlesim/include/turtlesim/turtlesim/srv/detail/set_pen__type_support.c
[2.022s] -- Up-to-date: /home/ngo/ros2_ws/install/turtlesim/include/turtlesim/turtlesim/srv/detail/set_pen__rosidl_typesupport_introspection_c.h
[2.023s] -- Up-to-date: /home/ngo/ros2_ws/install/turtlesim/include/turtlesim/turtlesim/srv/detail/teleport_absolute__rosidl_typesupport_introspection_c.h
[2.023s] -- Up-to-date: /home/ngo/ros2_ws/install/turtlesim/include/turtlesim/turtlesim/srv/detail/spawn__rosidl_typesupport_introspection_c.h
[2.023s] -- Up-to-date: /home/ngo/ros2_ws/install/turtlesim/include/turtlesim/turtlesim/srv/detail/teleport_relative__rosidl_typesupport_introspection_c.h
[2.023s] -- Up-to-date: /home/ngo/ros2_ws/install/turtlesim/lib/libturtlesim__rosidl_typesupport_introspection_c.so
[2.023s] -- Up-to-date: /home/ngo/ros2_ws/install/turtlesim/lib/libturtlesim__rosidl_typesupport_c.so
[2.023s] -- Up-to-date: /home/ngo/ros2_ws/install/turtlesim/include/turtlesim/turtlesim
[2.023s] -- Up-to-date: /home/ngo/ros2_ws/install/turtlesim/include/turtlesim/turtlesim/action
[2.023s] -- Up-to-date: /home/ngo/ros2_ws/install/turtlesim/include/turtlesim/turtlesim/action/detail
[2.023s] -- Up-to-date: /home/ngo/ros2_ws/install/turtlesim/include/turtlesim/turtlesim/action/detail/rotate_absolute__type_support.cpp
[2.024s] -- Up-to-date: /home/ngo/ros2_ws/install/turtlesim/include/turtlesim/turtlesim/action/detail/rotate_absolute__rosidl_typesupport_introspection_cpp.hpp
[2.024s] -- Up-to-date: /home/ngo/ros2_ws/install/turtlesim/include/turtlesim/turtlesim/msg
[2.024s] -- Up-to-date: /home/ngo/ros2_ws/install/turtlesim/include/turtlesim/turtlesim/msg/detail
[2.024s] -- Up-to-date: /home/ngo/ros2_ws/install/turtlesim/include/turtlesim/turtlesim/msg/detail/pose__rosidl_typesupport_introspection_cpp.hpp
[2.024s] -- Up-to-date: /home/ngo/ros2_ws/install/turtlesim/include/turtlesim/turtlesim/msg/detail/color__type_support.cpp
[2.024s] -- Up-to-date: /home/ngo/ros2_ws/install/turtlesim/include/turtlesim/turtlesim/msg/detail/pose__type_support.cpp
[2.025s] -- Up-to-date: /home/ngo/ros2_ws/install/turtlesim/include/turtlesim/turtlesim/msg/detail/color__rosidl_typesupport_introspection_cpp.hpp
[2.025s] -- Up-to-date: /home/ngo/ros2_ws/install/turtlesim/include/turtlesim/turtlesim/srv
[2.025s] -- Up-to-date: /home/ngo/ros2_ws/install/turtlesim/include/turtlesim/turtlesim/srv/detail
[2.025s] -- Up-to-date: /home/ngo/ros2_ws/install/turtlesim/include/turtlesim/turtlesim/srv/detail/teleport_absolute__rosidl_typesupport_introspection_cpp.hpp
[2.027s] -- Up-to-date: /home/ngo/ros2_ws/install/turtlesim/include/turtlesim/turtlesim/srv/detail/teleport_relative__type_support.cpp
[2.028s] -- Up-to-date: /home/ngo/ros2_ws/install/turtlesim/include/turtlesim/turtlesim/srv/detail/teleport_relative__rosidl_typesupport_introspection_cpp.hpp
[2.033s] -- Up-to-date: /home/ngo/ros2_ws/install/turtlesim/include/turtlesim/turtlesim/srv/detail/set_pen__type_support.cpp
[2.033s] -- Up-to-date: /home/ngo/ros2_ws/install/turtlesim/include/turtlesim/turtlesim/srv/detail/spawn__type_support.cpp
[2.033s] -- Up-to-date: /home/ngo/ros2_ws/install/turtlesim/include/turtlesim/turtlesim/srv/detail/teleport_absolute__type_support.cpp
[2.033s] -- Up-to-date: /home/ngo/ros2_ws/install/turtlesim/include/turtlesim/turtlesim/srv/detail/set_pen__rosidl_typesupport_introspection_cpp.hpp
[2.034s] -- Up-to-date: /home/ngo/ros2_ws/install/turtlesim/include/turtlesim/turtlesim/srv/detail/spawn__rosidl_typesupport_introspection_cpp.hpp
[2.034s] -- Up-to-date: /home/ngo/ros2_ws/install/turtlesim/include/turtlesim/turtlesim/srv/detail/kill__type_support.cpp
[2.034s] -- Up-to-date: /home/ngo/ros2_ws/install/turtlesim/include/turtlesim/turtlesim/srv/detail/kill__rosidl_typesupport_introspection_cpp.hpp
[2.034s] -- Up-to-date: /home/ngo/ros2_ws/install/turtlesim/lib/libturtlesim__rosidl_typesupport_introspection_cpp.so
[2.035s] -- Up-to-date: /home/ngo/ros2_ws/install/turtlesim/lib/libturtlesim__rosidl_typesupport_cpp.so
[2.036s] -- Up-to-date: /home/ngo/ros2_ws/install/turtlesim/share/turtlesim/environment/pythonpath.sh
[2.036s] -- Up-to-date: /home/ngo/ros2_ws/install/turtlesim/share/turtlesim/environment/pythonpath.dsv
[2.037s] -- Up-to-date: /home/ngo/ros2_ws/install/turtlesim/local/lib/python3.10/dist-packages/turtlesim-1.4.2-py3.10.egg-info
[2.037s] -- Installing: /home/ngo/ros2_ws/install/turtlesim/local/lib/python3.10/dist-packages/turtlesim-1.4.2-py3.10.egg-info/PKG-INFO
[2.038s] -- Installing: /home/ngo/ros2_ws/install/turtlesim/local/lib/python3.10/dist-packages/turtlesim-1.4.2-py3.10.egg-info/dependency_links.txt
[2.038s] -- Installing: /home/ngo/ros2_ws/install/turtlesim/local/lib/python3.10/dist-packages/turtlesim-1.4.2-py3.10.egg-info/SOURCES.txt
[2.038s] -- Installing: /home/ngo/ros2_ws/install/turtlesim/local/lib/python3.10/dist-packages/turtlesim-1.4.2-py3.10.egg-info/top_level.txt
[2.038s] -- Up-to-date: /home/ngo/ros2_ws/install/turtlesim/local/lib/python3.10/dist-packages/turtlesim
[2.039s] -- Up-to-date: /home/ngo/ros2_ws/install/turtlesim/local/lib/python3.10/dist-packages/turtlesim/_turtlesim_s.ep.rosidl_typesupport_c.c
[2.039s] -- Up-to-date: /home/ngo/ros2_ws/install/turtlesim/local/lib/python3.10/dist-packages/turtlesim/action
[2.039s] -- Up-to-date: /home/ngo/ros2_ws/install/turtlesim/local/lib/python3.10/dist-packages/turtlesim/action/_rotate_absolute.py
[2.040s] -- Up-to-date: /home/ngo/ros2_ws/install/turtlesim/local/lib/python3.10/dist-packages/turtlesim/action/_rotate_absolute_s.c
[2.040s] -- Up-to-date: /home/ngo/ros2_ws/install/turtlesim/local/lib/python3.10/dist-packages/turtlesim/action/__init__.py
[2.040s] -- Up-to-date: /home/ngo/ros2_ws/install/turtlesim/local/lib/python3.10/dist-packages/turtlesim/turtlesim_s__rosidl_typesupport_introspection_c.cpython-310-x86_64-linux-gnu.so
[2.040s] -- Up-to-date: /home/ngo/ros2_ws/install/turtlesim/local/lib/python3.10/dist-packages/turtlesim/_turtlesim_s.ep.rosidl_typesupport_introspection_c.c
[2.041s] -- Up-to-date: /home/ngo/ros2_ws/install/turtlesim/local/lib/python3.10/dist-packages/turtlesim/turtlesim_s__rosidl_typesupport_c.cpython-310-x86_64-linux-gnu.so
[2.041s] -- Up-to-date: /home/ngo/ros2_ws/install/turtlesim/local/lib/python3.10/dist-packages/turtlesim/msg
[2.041s] -- Up-to-date: /home/ngo/ros2_ws/install/turtlesim/local/lib/python3.10/dist-packages/turtlesim/msg/_pose.py
[2.044s] -- Up-to-date: /home/ngo/ros2_ws/install/turtlesim/local/lib/python3.10/dist-packages/turtlesim/msg/_color.py
[2.044s] -- Up-to-date: /home/ngo/ros2_ws/install/turtlesim/local/lib/python3.10/dist-packages/turtlesim/msg/_pose_s.c
[2.044s] -- Up-to-date: /home/ngo/ros2_ws/install/turtlesim/local/lib/python3.10/dist-packages/turtlesim/msg/_color_s.c
[2.044s] -- Up-to-date: /home/ngo/ros2_ws/install/turtlesim/local/lib/python3.10/dist-packages/turtlesim/msg/__init__.py
[2.044s] -- Up-to-date: /home/ngo/ros2_ws/install/turtlesim/local/lib/python3.10/dist-packages/turtlesim/srv
[2.045s] -- Up-to-date: /home/ngo/ros2_ws/install/turtlesim/local/lib/python3.10/dist-packages/turtlesim/srv/_kill_s.c
[2.045s] -- Up-to-date: /home/ngo/ros2_ws/install/turtlesim/local/lib/python3.10/dist-packages/turtlesim/srv/_spawn.py
[2.045s] -- Up-to-date: /home/ngo/ros2_ws/install/turtlesim/local/lib/python3.10/dist-packages/turtlesim/srv/_teleport_relative.py
[2.045s] -- Up-to-date: /home/ngo/ros2_ws/install/turtlesim/local/lib/python3.10/dist-packages/turtlesim/srv/_teleport_absolute.py
[2.045s] -- Up-to-date: /home/ngo/ros2_ws/install/turtlesim/local/lib/python3.10/dist-packages/turtlesim/srv/_teleport_absolute_s.c
[2.045s] -- Up-to-date: /home/ngo/ros2_ws/install/turtlesim/local/lib/python3.10/dist-packages/turtlesim/srv/_set_pen.py
[2.046s] -- Up-to-date: /home/ngo/ros2_ws/install/turtlesim/local/lib/python3.10/dist-packages/turtlesim/srv/_spawn_s.c
[2.046s] -- Up-to-date: /home/ngo/ros2_ws/install/turtlesim/local/lib/python3.10/dist-packages/turtlesim/srv/_kill.py
[2.047s] -- Up-to-date: /home/ngo/ros2_ws/install/turtlesim/local/lib/python3.10/dist-packages/turtlesim/srv/_teleport_relative_s.c
[2.047s] -- Up-to-date: /home/ngo/ros2_ws/install/turtlesim/local/lib/python3.10/dist-packages/turtlesim/srv/__init__.py
[2.047s] -- Up-to-date: /home/ngo/ros2_ws/install/turtlesim/local/lib/python3.10/dist-packages/turtlesim/srv/_set_pen_s.c
[2.047s] -- Up-to-date: /home/ngo/ros2_ws/install/turtlesim/local/lib/python3.10/dist-packages/turtlesim/_turtlesim_s.ep.rosidl_typesupport_fastrtps_c.c
[2.047s] -- Up-to-date: /home/ngo/ros2_ws/install/turtlesim/local/lib/python3.10/dist-packages/turtlesim/turtlesim_s__rosidl_typesupport_fastrtps_c.cpython-310-x86_64-linux-gnu.so
[2.047s] -- Up-to-date: /home/ngo/ros2_ws/install/turtlesim/local/lib/python3.10/dist-packages/turtlesim/libturtlesim__rosidl_generator_py.so
[2.047s] -- Up-to-date: /home/ngo/ros2_ws/install/turtlesim/local/lib/python3.10/dist-packages/turtlesim/__init__.py
[2.056s] Listing '/home/ngo/ros2_ws/install/turtlesim/local/lib/python3.10/dist-packages/turtlesim'...
[2.056s] Listing '/home/ngo/ros2_ws/install/turtlesim/local/lib/python3.10/dist-packages/turtlesim/action'...
[2.056s] Listing '/home/ngo/ros2_ws/install/turtlesim/local/lib/python3.10/dist-packages/turtlesim/msg'...
[2.056s] Listing '/home/ngo/ros2_ws/install/turtlesim/local/lib/python3.10/dist-packages/turtlesim/srv'...
[2.063s] -- Up-to-date: /home/ngo/ros2_ws/install/turtlesim/local/lib/python3.10/dist-packages/turtlesim/turtlesim_s__rosidl_typesupport_fastrtps_c.cpython-310-x86_64-linux-gnu.so
[2.064s] -- Up-to-date: /home/ngo/ros2_ws/install/turtlesim/local/lib/python3.10/dist-packages/turtlesim/turtlesim_s__rosidl_typesupport_introspection_c.cpython-310-x86_64-linux-gnu.so
[2.064s] -- Up-to-date: /home/ngo/ros2_ws/install/turtlesim/local/lib/python3.10/dist-packages/turtlesim/turtlesim_s__rosidl_typesupport_c.cpython-310-x86_64-linux-gnu.so
[2.064s] -- Up-to-date: /home/ngo/ros2_ws/install/turtlesim/lib/libturtlesim__rosidl_generator_py.so
[2.064s] -- Up-to-date: /home/ngo/ros2_ws/install/turtlesim/share/turtlesim/action/RotateAbsolute.idl
[2.065s] -- Up-to-date: /home/ngo/ros2_ws/install/turtlesim/share/turtlesim/msg/Color.idl
[2.065s] -- Up-to-date: /home/ngo/ros2_ws/install/turtlesim/share/turtlesim/msg/Pose.idl
[2.065s] -- Up-to-date: /home/ngo/ros2_ws/install/turtlesim/share/turtlesim/srv/Kill.idl
[2.065s] -- Up-to-date: /home/ngo/ros2_ws/install/turtlesim/share/turtlesim/srv/SetPen.idl
[2.065s] -- Up-to-date: /home/ngo/ros2_ws/install/turtlesim/share/turtlesim/srv/Spawn.idl
[2.065s] -- Up-to-date: /home/ngo/ros2_ws/install/turtlesim/share/turtlesim/srv/TeleportAbsolute.idl
[2.065s] -- Up-to-date: /home/ngo/ros2_ws/install/turtlesim/share/turtlesim/srv/TeleportRelative.idl
[2.065s] -- Up-to-date: /home/ngo/ros2_ws/install/turtlesim/share/turtlesim/action/RotateAbsolute.action
[2.066s] -- Up-to-date: /home/ngo/ros2_ws/install/turtlesim/share/turtlesim/msg/Color.msg
[2.066s] -- Up-to-date: /home/ngo/ros2_ws/install/turtlesim/share/turtlesim/msg/Pose.msg
[2.066s] -- Up-to-date: /home/ngo/ros2_ws/install/turtlesim/share/turtlesim/srv/Kill.srv
[2.066s] -- Up-to-date: /home/ngo/ros2_ws/install/turtlesim/share/turtlesim/srv/Kill_Request.msg
[2.066s] -- Up-to-date: /home/ngo/ros2_ws/install/turtlesim/share/turtlesim/srv/Kill_Response.msg
[2.066s] -- Up-to-date: /home/ngo/ros2_ws/install/turtlesim/share/turtlesim/srv/SetPen.srv
[2.067s] -- Up-to-date: /home/ngo/ros2_ws/install/turtlesim/share/turtlesim/srv/SetPen_Request.msg
[2.067s] -- Up-to-date: /home/ngo/ros2_ws/install/turtlesim/share/turtlesim/srv/SetPen_Response.msg
[2.067s] -- Up-to-date: /home/ngo/ros2_ws/install/turtlesim/share/turtlesim/srv/Spawn.srv
[2.067s] -- Up-to-date: /home/ngo/ros2_ws/install/turtlesim/share/turtlesim/srv/Spawn_Request.msg
[2.068s] -- Up-to-date: /home/ngo/ros2_ws/install/turtlesim/share/turtlesim/srv/Spawn_Response.msg
[2.068s] -- Up-to-date: /home/ngo/ros2_ws/install/turtlesim/share/turtlesim/srv/TeleportAbsolute.srv
[2.068s] -- Up-to-date: /home/ngo/ros2_ws/install/turtlesim/share/turtlesim/srv/TeleportAbsolute_Request.msg
[2.068s] -- Up-to-date: /home/ngo/ros2_ws/install/turtlesim/share/turtlesim/srv/TeleportAbsolute_Response.msg
[2.069s] -- Up-to-date: /home/ngo/ros2_ws/install/turtlesim/share/turtlesim/srv/TeleportRelative.srv
[2.070s] -- Up-to-date: /home/ngo/ros2_ws/install/turtlesim/share/turtlesim/srv/TeleportRelative_Request.msg
[2.070s] -- Up-to-date: /home/ngo/ros2_ws/install/turtlesim/share/turtlesim/srv/TeleportRelative_Response.msg
[2.071s] -- Up-to-date: /home/ngo/ros2_ws/install/turtlesim/lib/turtlesim/turtlesim_node
[2.071s] -- Up-to-date: /home/ngo/ros2_ws/install/turtlesim/lib/turtlesim/turtle_teleop_key
[2.071s] -- Up-to-date: /home/ngo/ros2_ws/install/turtlesim/lib/turtlesim/draw_square
[2.071s] -- Up-to-date: /home/ngo/ros2_ws/install/turtlesim/lib/turtlesim/mimic
[2.071s] -- Up-to-date: /home/ngo/ros2_ws/install/turtlesim/share/turtlesim/images
[2.072s] -- Up-to-date: /home/ngo/ros2_ws/install/turtlesim/share/turtlesim/images/crystal.png
[2.072s] -- Up-to-date: /home/ngo/ros2_ws/install/turtlesim/share/turtlesim/images/bouncy.png
[2.072s] -- Up-to-date: /home/ngo/ros2_ws/install/turtlesim/share/turtlesim/images/galactic.png
[2.072s] -- Up-to-date: /home/ngo/ros2_ws/install/turtlesim/share/turtlesim/images/rolling.png
[2.073s] -- Up-to-date: /home/ngo/ros2_ws/install/turtlesim/share/turtlesim/images/ardent.png
[2.073s] -- Up-to-date: /home/ngo/ros2_ws/install/turtlesim/share/turtlesim/images/dashing.png
[2.073s] -- Up-to-date: /home/ngo/ros2_ws/install/turtlesim/share/turtlesim/images/humble.png
[2.073s] -- Up-to-date: /home/ngo/ros2_ws/install/turtlesim/share/turtlesim/images/foxy.png
[2.074s] -- Up-to-date: /home/ngo/ros2_ws/install/turtlesim/share/turtlesim/images/eloquent.png
[2.074s] -- Up-to-date: /home/ngo/ros2_ws/install/turtlesim/share/turtlesim/launch
[2.074s] -- Up-to-date: /home/ngo/ros2_ws/install/turtlesim/share/turtlesim/launch/multisim.launch.py
[2.074s] -- Up-to-date: /home/ngo/ros2_ws/install/turtlesim/share/ament_index/resource_index/package_run_dependencies/turtlesim
[2.075s] -- Up-to-date: /home/ngo/ros2_ws/install/turtlesim/share/ament_index/resource_index/parent_prefix_path/turtlesim
[2.075s] -- Up-to-date: /home/ngo/ros2_ws/install/turtlesim/share/turtlesim/environment/ament_prefix_path.sh
[2.077s] -- Up-to-date: /home/ngo/ros2_ws/install/turtlesim/share/turtlesim/environment/ament_prefix_path.dsv
[2.077s] -- Up-to-date: /home/ngo/ros2_ws/install/turtlesim/share/turtlesim/environment/path.sh
[2.077s] -- Up-to-date: /home/ngo/ros2_ws/install/turtlesim/share/turtlesim/environment/path.dsv
[2.078s] -- Up-to-date: /home/ngo/ros2_ws/install/turtlesim/share/turtlesim/local_setup.bash
[2.078s] -- Up-to-date: /home/ngo/ros2_ws/install/turtlesim/share/turtlesim/local_setup.sh
[2.078s] -- Up-to-date: /home/ngo/ros2_ws/install/turtlesim/share/turtlesim/local_setup.zsh
[2.078s] -- Up-to-date: /home/ngo/ros2_ws/install/turtlesim/share/turtlesim/local_setup.dsv
[2.079s] -- Installing: /home/ngo/ros2_ws/install/turtlesim/share/turtlesim/package.dsv
[2.079s] -- Up-to-date: /home/ngo/ros2_ws/install/turtlesim/share/ament_index/resource_index/packages/turtlesim
[2.080s] -- Up-to-date: /home/ngo/ros2_ws/install/turtlesim/share/turtlesim/cmake/export_turtlesim__rosidl_generator_cExport.cmake
[2.080s] -- Up-to-date: /home/ngo/ros2_ws/install/turtlesim/share/turtlesim/cmake/export_turtlesim__rosidl_generator_cExport-noconfig.cmake
[2.080s] -- Up-to-date: /home/ngo/ros2_ws/install/turtlesim/share/turtlesim/cmake/export_turtlesim__rosidl_typesupport_fastrtps_cExport.cmake
[2.080s] -- Up-to-date: /home/ngo/ros2_ws/install/turtlesim/share/turtlesim/cmake/export_turtlesim__rosidl_typesupport_fastrtps_cExport-noconfig.cmake
[2.080s] -- Up-to-date: /home/ngo/ros2_ws/install/turtlesim/share/turtlesim/cmake/export_turtlesim__rosidl_generator_cppExport.cmake
[2.081s] -- Up-to-date: /home/ngo/ros2_ws/install/turtlesim/share/turtlesim/cmake/export_turtlesim__rosidl_typesupport_fastrtps_cppExport.cmake
[2.081s] -- Up-to-date: /home/ngo/ros2_ws/install/turtlesim/share/turtlesim/cmake/export_turtlesim__rosidl_typesupport_fastrtps_cppExport-noconfig.cmake
[2.081s] -- Up-to-date: /home/ngo/ros2_ws/install/turtlesim/share/turtlesim/cmake/turtlesim__rosidl_typesupport_introspection_cExport.cmake
[2.081s] -- Up-to-date: /home/ngo/ros2_ws/install/turtlesim/share/turtlesim/cmake/turtlesim__rosidl_typesupport_introspection_cExport-noconfig.cmake
[2.082s] -- Up-to-date: /home/ngo/ros2_ws/install/turtlesim/share/turtlesim/cmake/turtlesim__rosidl_typesupport_cExport.cmake
[2.082s] -- Up-to-date: /home/ngo/ros2_ws/install/turtlesim/share/turtlesim/cmake/turtlesim__rosidl_typesupport_cExport-noconfig.cmake
[2.082s] -- Up-to-date: /home/ngo/ros2_ws/install/turtlesim/share/turtlesim/cmake/turtlesim__rosidl_typesupport_introspection_cppExport.cmake
[2.083s] -- Up-to-date: /home/ngo/ros2_ws/install/turtlesim/share/turtlesim/cmake/turtlesim__rosidl_typesupport_introspection_cppExport-noconfig.cmake
[2.083s] -- Up-to-date: /home/ngo/ros2_ws/install/turtlesim/share/turtlesim/cmake/turtlesim__rosidl_typesupport_cppExport.cmake
[2.083s] -- Up-to-date: /home/ngo/ros2_ws/install/turtlesim/share/turtlesim/cmake/turtlesim__rosidl_typesupport_cppExport-noconfig.cmake
[2.084s] -- Up-to-date: /home/ngo/ros2_ws/install/turtlesim/share/turtlesim/cmake/export_turtlesim__rosidl_generator_pyExport.cmake
[2.084s] -- Up-to-date: /home/ngo/ros2_ws/install/turtlesim/share/turtlesim/cmake/export_turtlesim__rosidl_generator_pyExport-noconfig.cmake
[2.084s] -- Up-to-date: /home/ngo/ros2_ws/install/turtlesim/share/turtlesim/cmake/rosidl_cmake-extras.cmake
[2.085s] -- Up-to-date: /home/ngo/ros2_ws/install/turtlesim/share/turtlesim/cmake/ament_cmake_export_dependencies-extras.cmake
[2.085s] -- Up-to-date: /home/ngo/ros2_ws/install/turtlesim/share/turtlesim/cmake/ament_cmake_export_include_directories-extras.cmake
[2.086s] -- Up-to-date: /home/ngo/ros2_ws/install/turtlesim/share/turtlesim/cmake/ament_cmake_export_libraries-extras.cmake
[2.086s] -- Up-to-date: /home/ngo/ros2_ws/install/turtlesim/share/turtlesim/cmake/ament_cmake_export_targets-extras.cmake
[2.086s] -- Up-to-date: /home/ngo/ros2_ws/install/turtlesim/share/turtlesim/cmake/rosidl_cmake_export_typesupport_targets-extras.cmake
[2.086s] -- Up-to-date: /home/ngo/ros2_ws/install/turtlesim/share/turtlesim/cmake/rosidl_cmake_export_typesupport_libraries-extras.cmake
[2.087s] -- Up-to-date: /home/ngo/ros2_ws/install/turtlesim/share/turtlesim/cmake/turtlesimConfig.cmake
[2.087s] -- Up-to-date: /home/ngo/ros2_ws/install/turtlesim/share/turtlesim/cmake/turtlesimConfig-version.cmake
[2.088s] -- Up-to-date: /home/ngo/ros2_ws/install/turtlesim/share/turtlesim/package.xml
[2.177s] Invoked command in '/home/ngo/ros2_ws/build/turtlesim' returned '0': CMAKE_PREFIX_PATH=${CMAKE_PREFIX_PATH}:/opt/ros/humble /usr/bin/cmake --install /home/ngo/ros2_ws/build/turtlesim
