running egg_info
writing ../../build/action_tutorials_py/action_tutorials_py.egg-info/PKG-INFO
writing dependency_links to ../../build/action_tutorials_py/action_tutorials_py.egg-info/dependency_links.txt
writing entry points to ../../build/action_tutorials_py/action_tutorials_py.egg-info/entry_points.txt
writing requirements to ../../build/action_tutorials_py/action_tutorials_py.egg-info/requires.txt
writing top-level names to ../../build/action_tutorials_py/action_tutorials_py.egg-info/top_level.txt
reading manifest file '../../build/action_tutorials_py/action_tutorials_py.egg-info/SOURCES.txt'
writing manifest file '../../build/action_tutorials_py/action_tutorials_py.egg-info/SOURCES.txt'
running build
running build_py
running install
/home/ngo/.local/lib/python3.10/site-packages/setuptools/_distutils/cmd.py:66: SetuptoolsDeprecationWarning: setup.py install is deprecated.
!!

        ********************************************************************************
        Please avoid running ``setup.py`` directly.
        Instead, use pypa/build, pypa/installer or other
        standards-based tools.

        See https://blog.ganssle.io/articles/2021/10/setup-py-deprecated.html for details.
        ********************************************************************************

!!
  self.initialize_options()
running install_lib
running install_data
running install_egg_info
removing '/home/ngo/ros2_ws/install/action_tutorials_py/lib/python3.10/site-packages/action_tutorials_py-0.32.0-py3.10.egg-info' (and everything under it)
Copying ../../build/action_tutorials_py/action_tutorials_py.egg-info to /home/ngo/ros2_ws/install/action_tutorials_py/lib/python3.10/site-packages/action_tutorials_py-0.32.0-py3.10.egg-info
running install_scripts
Installing fibonacci_action_client script to /home/ngo/ros2_ws/install/action_tutorials_py/lib/action_tutorials_py
Installing fibonacci_action_server script to /home/ngo/ros2_ws/install/action_tutorials_py/lib/action_tutorials_py
writing list of installed files to '/home/ngo/ros2_ws/build/action_tutorials_py/install.log'
