[2.027s] Invoking command in '/home/ngo/ros2_ws/src/action_tutorials_py': AMENT_PREFIX_PATH=/home/ngo/ros2_ws/install/action_tutorials_interfaces:${AMENT_PREFIX_PATH} CMAKE_PREFIX_PATH=/home/ngo/ros2_ws/install/action_tutorials_interfaces:${CMAKE_PREFIX_PATH} LD_LIBRARY_PATH=/home/ngo/ros2_ws/install/action_tutorials_interfaces/lib:${LD_LIBRARY_PATH} PYTHONPATH=/home/ngo/ros2_ws/build/action_tutorials_py/prefix_override:/home/ngo/ros2_ws/install/action_tutorials_py/lib/python3.10/site-packages:/home/ngo/ros2_ws/install/action_tutorials_interfaces/local/lib/python3.10/dist-packages:${PYTHONPATH} /usr/bin/python3 setup.py egg_info --egg-base ../../build/action_tutorials_py build --build-base /home/ngo/ros2_ws/build/action_tutorials_py/build install --record /home/ngo/ros2_ws/build/action_tutorials_py/install.log --single-version-externally-managed
[2.567s] running egg_info
[2.631s] writing ../../build/action_tutorials_py/action_tutorials_py.egg-info/PKG-INFO
[2.643s] writing dependency_links to ../../build/action_tutorials_py/action_tutorials_py.egg-info/dependency_links.txt
[2.643s] writing entry points to ../../build/action_tutorials_py/action_tutorials_py.egg-info/entry_points.txt
[2.643s] writing requirements to ../../build/action_tutorials_py/action_tutorials_py.egg-info/requires.txt
[2.643s] writing top-level names to ../../build/action_tutorials_py/action_tutorials_py.egg-info/top_level.txt
[2.759s] reading manifest file '../../build/action_tutorials_py/action_tutorials_py.egg-info/SOURCES.txt'
[2.764s] writing manifest file '../../build/action_tutorials_py/action_tutorials_py.egg-info/SOURCES.txt'
[2.764s] running build
[2.764s] running build_py
[2.775s] running install
[2.775s] /home/ngo/.local/lib/python3.10/site-packages/setuptools/_distutils/cmd.py:66: SetuptoolsDeprecationWarning: setup.py install is deprecated.
[2.775s] !!
[2.776s] 
[2.776s]         ********************************************************************************
[2.776s]         Please avoid running ``setup.py`` directly.
[2.776s]         Instead, use pypa/build, pypa/installer or other
[2.776s]         standards-based tools.
[2.776s] 
[2.776s]         See https://blog.ganssle.io/articles/2021/10/setup-py-deprecated.html for details.
[2.776s]         ********************************************************************************
[2.776s] 
[2.777s] !!
[2.777s]   self.initialize_options()
[2.785s] running install_lib
[2.827s] running install_data
[2.886s] running install_egg_info
[2.924s] removing '/home/ngo/ros2_ws/install/action_tutorials_py/lib/python3.10/site-packages/action_tutorials_py-0.32.0-py3.10.egg-info' (and everything under it)
[2.924s] Copying ../../build/action_tutorials_py/action_tutorials_py.egg-info to /home/ngo/ros2_ws/install/action_tutorials_py/lib/python3.10/site-packages/action_tutorials_py-0.32.0-py3.10.egg-info
[2.939s] running install_scripts
[3.429s] Installing fibonacci_action_client script to /home/ngo/ros2_ws/install/action_tutorials_py/lib/action_tutorials_py
[3.429s] Installing fibonacci_action_server script to /home/ngo/ros2_ws/install/action_tutorials_py/lib/action_tutorials_py
[3.430s] writing list of installed files to '/home/ngo/ros2_ws/build/action_tutorials_py/install.log'
[3.506s] Invoked command in '/home/ngo/ros2_ws/src/action_tutorials_py' returned '0': AMENT_PREFIX_PATH=/home/ngo/ros2_ws/install/action_tutorials_interfaces:${AMENT_PREFIX_PATH} CMAKE_PREFIX_PATH=/home/ngo/ros2_ws/install/action_tutorials_interfaces:${CMAKE_PREFIX_PATH} LD_LIBRARY_PATH=/home/ngo/ros2_ws/install/action_tutorials_interfaces/lib:${LD_LIBRARY_PATH} PYTHONPATH=/home/ngo/ros2_ws/build/action_tutorials_py/prefix_override:/home/ngo/ros2_ws/install/action_tutorials_py/lib/python3.10/site-packages:/home/ngo/ros2_ws/install/action_tutorials_interfaces/local/lib/python3.10/dist-packages:${PYTHONPATH} /usr/bin/python3 setup.py egg_info --egg-base ../../build/action_tutorials_py build --build-base /home/ngo/ros2_ws/build/action_tutorials_py/build install --record /home/ngo/ros2_ws/build/action_tutorials_py/install.log --single-version-externally-managed
