[0.487s] Invoking command in '/home/ngo/ros2_ws/build/my_interfaces': CMAKE_PREFIX_PATH=${CMAKE_PREFIX_PATH}:/opt/ros/humble /usr/bin/cmake --build /home/ngo/ros2_ws/build/my_interfaces -- -j8 -l8
[0.509s] -- Found ament_cmake: 1.3.6 (/opt/ros/humble/share/ament_cmake/cmake)
[0.655s] -- Found ament_lint_auto: 0.12.9 (/opt/ros/humble/share/ament_lint_auto/cmake)
[0.725s] -- Added test 'lint_cmake' to check CMake code style
[0.727s] -- Added test 'xmllint' to check XML markup files
[0.728s] -- Configuring done
[0.733s] -- Generating done
[0.734s] -- Build files have been written to: /home/ngo/ros2_ws/build/my_interfaces
[0.768s] Invoked command in '/home/ngo/ros2_ws/build/my_interfaces' returned '0': CMAKE_PREFIX_PATH=${CMAKE_PREFIX_PATH}:/opt/ros/humble /usr/bin/cmake --build /home/ngo/ros2_ws/build/my_interfaces -- -j8 -l8
[0.800s] Invoking command in '/home/ngo/ros2_ws/build/my_interfaces': CMAKE_PREFIX_PATH=${CMAKE_PREFIX_PATH}:/opt/ros/humble /usr/bin/cmake --install /home/ngo/ros2_ws/build/my_interfaces
[0.807s] -- Install configuration: ""
[0.807s] -- Up-to-date: /home/ngo/ros2_ws/install/my_interfaces/share/ament_index/resource_index/package_run_dependencies/my_interfaces
[0.808s] -- Up-to-date: /home/ngo/ros2_ws/install/my_interfaces/share/ament_index/resource_index/parent_prefix_path/my_interfaces
[0.808s] -- Installing: /home/ngo/ros2_ws/install/my_interfaces/share/my_interfaces/environment/ament_prefix_path.sh
[0.809s] -- Installing: /home/ngo/ros2_ws/install/my_interfaces/share/my_interfaces/environment/ament_prefix_path.dsv
[0.809s] -- Installing: /home/ngo/ros2_ws/install/my_interfaces/share/my_interfaces/environment/path.sh
[0.809s] -- Installing: /home/ngo/ros2_ws/install/my_interfaces/share/my_interfaces/environment/path.dsv
[0.809s] -- Up-to-date: /home/ngo/ros2_ws/install/my_interfaces/share/my_interfaces/local_setup.bash
[0.809s] -- Up-to-date: /home/ngo/ros2_ws/install/my_interfaces/share/my_interfaces/local_setup.sh
[0.810s] -- Up-to-date: /home/ngo/ros2_ws/install/my_interfaces/share/my_interfaces/local_setup.zsh
[0.810s] -- Installing: /home/ngo/ros2_ws/install/my_interfaces/share/my_interfaces/local_setup.dsv
[0.810s] -- Installing: /home/ngo/ros2_ws/install/my_interfaces/share/my_interfaces/package.dsv
[0.810s] -- Up-to-date: /home/ngo/ros2_ws/install/my_interfaces/share/ament_index/resource_index/packages/my_interfaces
[0.810s] -- Up-to-date: /home/ngo/ros2_ws/install/my_interfaces/share/my_interfaces/cmake/my_interfacesConfig.cmake
[0.810s] -- Up-to-date: /home/ngo/ros2_ws/install/my_interfaces/share/my_interfaces/cmake/my_interfacesConfig-version.cmake
[0.810s] -- Up-to-date: /home/ngo/ros2_ws/install/my_interfaces/share/my_interfaces/package.xml
[0.812s] Invoked command in '/home/ngo/ros2_ws/build/my_interfaces' returned '0': CMAKE_PREFIX_PATH=${CMAKE_PREFIX_PATH}:/opt/ros/humble /usr/bin/cmake --install /home/ngo/ros2_ws/build/my_interfaces
