running egg_info
writing ../../build/learning_tf2_py/learning_tf2_py.egg-info/PKG-INFO
writing dependency_links to ../../build/learning_tf2_py/learning_tf2_py.egg-info/dependency_links.txt
writing entry points to ../../build/learning_tf2_py/learning_tf2_py.egg-info/entry_points.txt
writing requirements to ../../build/learning_tf2_py/learning_tf2_py.egg-info/requires.txt
writing top-level names to ../../build/learning_tf2_py/learning_tf2_py.egg-info/top_level.txt
reading manifest file '../../build/learning_tf2_py/learning_tf2_py.egg-info/SOURCES.txt'
writing manifest file '../../build/learning_tf2_py/learning_tf2_py.egg-info/SOURCES.txt'
running build
running build_py
running install
running install_lib
running install_data
running install_egg_info
removing '/home/ngo/ros2_ws/install/learning_tf2_py/lib/python3.10/site-packages/learning_tf2_py-0.0.0-py3.10.egg-info' (and everything under it)
Copying ../../build/learning_tf2_py/learning_tf2_py.egg-info to /home/ngo/ros2_ws/install/learning_tf2_py/lib/python3.10/site-packages/learning_tf2_py-0.0.0-py3.10.egg-info
running install_scripts
Installing static_turtle_tf2_broadcaster script to /home/ngo/ros2_ws/install/learning_tf2_py/lib/learning_tf2_py
Installing turtle_tf2_broadcaster script to /home/ngo/ros2_ws/install/learning_tf2_py/lib/learning_tf2_py
Installing turtle_tf2_listener script to /home/ngo/ros2_ws/install/learning_tf2_py/lib/learning_tf2_py
writing list of installed files to '/home/ngo/ros2_ws/build/learning_tf2_py/install.log'
