[1.248s] Invoking command in '/home/ngo/ros2_ws/src/learning_tf2_py': AMENT_PREFIX_PATH=/home/ngo/ros2_ws/install/turtlesim:${AMENT_PREFIX_PATH} CMAKE_PREFIX_PATH=/home/ngo/ros2_ws/install/turtlesim:${CMAKE_PREFIX_PATH} LD_LIBRARY_PATH=/home/ngo/ros2_ws/install/turtlesim/lib:${LD_LIBRARY_PATH} PYTHONPATH=/home/ngo/ros2_ws/build/learning_tf2_py/prefix_override:/home/ngo/ros2_ws/install/learning_tf2_py/lib/python3.10/site-packages:/home/ngo/ros2_ws/install/turtlesim/local/lib/python3.10/dist-packages:${PYTHONPATH} /usr/bin/python3 setup.py egg_info --egg-base ../../build/learning_tf2_py build --build-base /home/ngo/ros2_ws/build/learning_tf2_py/build install --record /home/ngo/ros2_ws/build/learning_tf2_py/install.log --single-version-externally-managed
[1.507s] running egg_info
[1.507s] writing ../../build/learning_tf2_py/learning_tf2_py.egg-info/PKG-INFO
[1.508s] writing dependency_links to ../../build/learning_tf2_py/learning_tf2_py.egg-info/dependency_links.txt
[1.508s] writing entry points to ../../build/learning_tf2_py/learning_tf2_py.egg-info/entry_points.txt
[1.508s] writing requirements to ../../build/learning_tf2_py/learning_tf2_py.egg-info/requires.txt
[1.508s] writing top-level names to ../../build/learning_tf2_py/learning_tf2_py.egg-info/top_level.txt
[1.510s] reading manifest file '../../build/learning_tf2_py/learning_tf2_py.egg-info/SOURCES.txt'
[1.511s] writing manifest file '../../build/learning_tf2_py/learning_tf2_py.egg-info/SOURCES.txt'
[1.511s] running build
[1.511s] running build_py
[1.511s] running install
[1.512s] /usr/lib/python3/dist-packages/setuptools/command/install.py:34: SetuptoolsDeprecationWarning: setup.py install is deprecated. Use build and pip and other standards-based tools.
[1.512s]   warnings.warn(
[1.512s] running install_lib
[1.513s] running install_data
[1.514s] running install_egg_info
[1.516s] removing '/home/ngo/ros2_ws/install/learning_tf2_py/lib/python3.10/site-packages/learning_tf2_py-0.0.0-py3.10.egg-info' (and everything under it)
[1.516s] Copying ../../build/learning_tf2_py/learning_tf2_py.egg-info to /home/ngo/ros2_ws/install/learning_tf2_py/lib/python3.10/site-packages/learning_tf2_py-0.0.0-py3.10.egg-info
[1.517s] running install_scripts
[1.537s] Installing static_turtle_tf2_broadcaster script to /home/ngo/ros2_ws/install/learning_tf2_py/lib/learning_tf2_py
[1.537s] Installing turtle_tf2_broadcaster script to /home/ngo/ros2_ws/install/learning_tf2_py/lib/learning_tf2_py
[1.537s] Installing turtle_tf2_listener script to /home/ngo/ros2_ws/install/learning_tf2_py/lib/learning_tf2_py
[1.537s] writing list of installed files to '/home/ngo/ros2_ws/build/learning_tf2_py/install.log'
[1.564s] Invoked command in '/home/ngo/ros2_ws/src/learning_tf2_py' returned '0': AMENT_PREFIX_PATH=/home/ngo/ros2_ws/install/turtlesim:${AMENT_PREFIX_PATH} CMAKE_PREFIX_PATH=/home/ngo/ros2_ws/install/turtlesim:${CMAKE_PREFIX_PATH} LD_LIBRARY_PATH=/home/ngo/ros2_ws/install/turtlesim/lib:${LD_LIBRARY_PATH} PYTHONPATH=/home/ngo/ros2_ws/build/learning_tf2_py/prefix_override:/home/ngo/ros2_ws/install/learning_tf2_py/lib/python3.10/site-packages:/home/ngo/ros2_ws/install/turtlesim/local/lib/python3.10/dist-packages:${PYTHONPATH} /usr/bin/python3 setup.py egg_info --egg-base ../../build/learning_tf2_py build --build-base /home/ngo/ros2_ws/build/learning_tf2_py/build install --record /home/ngo/ros2_ws/build/learning_tf2_py/install.log --single-version-externally-managed
