[0.341s] Invoking command in '/home/ngo/ros2_ws/build/turtlesim': CMAKE_PREFIX_PATH=${CMAKE_PREFIX_PATH}:/opt/ros/humble /usr/bin/cmake --build /home/ngo/ros2_ws/build/turtlesim -- -j8 -l8
[0.900s] [  1%] Built target turtlesim__cpp
[0.900s] [ 11%] Built target turtlesim__rosidl_generator_c
[0.900s] [ 11%] Built target ament_cmake_python_copy_turtlesim
[0.900s] [ 21%] Built target turtlesim__rosidl_typesupport_cpp
[0.900s] [ 31%] Built target turtlesim__rosidl_typesupport_fastrtps_cpp
[0.900s] [ 41%] Built target turtlesim__rosidl_typesupport_introspection_c
[0.900s] [ 51%] Built target turtlesim__rosidl_typesupport_c
[0.901s] [ 61%] Built target turtlesim__rosidl_typesupport_introspection_cpp
[0.901s] [ 71%] Built target turtlesim__rosidl_typesupport_fastrtps_c
[0.901s] [ 77%] Built target turtlesim_node
[0.901s] [ 79%] Built target draw_square
[0.901s] [ 81%] Built target mimic
[0.901s] [ 83%] Built target turtle_teleop_key
[0.901s] [ 83%] Built target turtlesim
[0.901s] [ 84%] Built target turtlesim__py
[0.901s] [ 93%] Built target turtlesim__rosidl_generator_py
[0.901s] [ 95%] Built target turtlesim__rosidl_typesupport_fastrtps_c__pyext
[0.901s] [ 97%] Built target turtlesim__rosidl_typesupport_introspection_c__pyext
[0.902s] [100%] Built target turtlesim__rosidl_typesupport_c__pyext
[0.902s] running egg_info
[0.902s] writing turtlesim.egg-info/PKG-INFO
[0.902s] writing dependency_links to turtlesim.egg-info/dependency_links.txt
[0.902s] writing top-level names to turtlesim.egg-info/top_level.txt
[0.902s] reading manifest file 'turtlesim.egg-info/SOURCES.txt'
[0.902s] writing manifest file 'turtlesim.egg-info/SOURCES.txt'
[0.902s] [100%] Built target ament_cmake_python_build_turtlesim_egg
[1.256s] Invoked command in '/home/ngo/ros2_ws/build/turtlesim' returned '0': CMAKE_PREFIX_PATH=${CMAKE_PREFIX_PATH}:/opt/ros/humble /usr/bin/cmake --build /home/ngo/ros2_ws/build/turtlesim -- -j8 -l8
[1.543s] Invoking command in '/home/ngo/ros2_ws/build/turtlesim': CMAKE_PREFIX_PATH=${CMAKE_PREFIX_PATH}:/opt/ros/humble /usr/bin/cmake --install /home/ngo/ros2_ws/build/turtlesim
[1.553s] -- Install configuration: ""
[1.553s] -- Up-to-date: /home/ngo/ros2_ws/install/turtlesim/share/ament_index/resource_index/rosidl_interfaces/turtlesim
[1.554s] -- Up-to-date: /home/ngo/ros2_ws/install/turtlesim/include/turtlesim/turtlesim
[1.554s] -- Up-to-date: /home/ngo/ros2_ws/install/turtlesim/include/turtlesim/turtlesim/action
[1.555s] -- Up-to-date: /home/ngo/ros2_ws/install/turtlesim/include/turtlesim/turtlesim/action/rotate_absolute.h
[1.555s] -- Up-to-date: /home/ngo/ros2_ws/install/turtlesim/include/turtlesim/turtlesim/action/detail
[1.555s] -- Up-to-date: /home/ngo/ros2_ws/install/turtlesim/include/turtlesim/turtlesim/action/detail/rotate_absolute__functions.h
[1.555s] -- Up-to-date: /home/ngo/ros2_ws/install/turtlesim/include/turtlesim/turtlesim/action/detail/rotate_absolute__functions.c
[1.556s] -- Up-to-date: /home/ngo/ros2_ws/install/turtlesim/include/turtlesim/turtlesim/action/detail/rotate_absolute__type_support.h
[1.557s] -- Up-to-date: /home/ngo/ros2_ws/install/turtlesim/include/turtlesim/turtlesim/action/detail/rotate_absolute__struct.h
[1.557s] -- Up-to-date: /home/ngo/ros2_ws/install/turtlesim/include/turtlesim/turtlesim/msg
[1.558s] -- Up-to-date: /home/ngo/ros2_ws/install/turtlesim/include/turtlesim/turtlesim/msg/color.h
[1.558s] -- Up-to-date: /home/ngo/ros2_ws/install/turtlesim/include/turtlesim/turtlesim/msg/rosidl_generator_c__visibility_control.h
[1.558s] -- Up-to-date: /home/ngo/ros2_ws/install/turtlesim/include/turtlesim/turtlesim/msg/pose.h
[1.559s] -- Up-to-date: /home/ngo/ros2_ws/install/turtlesim/include/turtlesim/turtlesim/msg/detail
[1.560s] -- Up-to-date: /home/ngo/ros2_ws/install/turtlesim/include/turtlesim/turtlesim/msg/detail/pose__functions.h
[1.560s] -- Up-to-date: /home/ngo/ros2_ws/install/turtlesim/include/turtlesim/turtlesim/msg/detail/pose__type_support.h
[1.560s] -- Up-to-date: /home/ngo/ros2_ws/install/turtlesim/include/turtlesim/turtlesim/msg/detail/color__type_support.h
[1.560s] -- Up-to-date: /home/ngo/ros2_ws/install/turtlesim/include/turtlesim/turtlesim/msg/detail/color__struct.h
[1.560s] -- Up-to-date: /home/ngo/ros2_ws/install/turtlesim/include/turtlesim/turtlesim/msg/detail/color__functions.c
[1.560s] -- Up-to-date: /home/ngo/ros2_ws/install/turtlesim/include/turtlesim/turtlesim/msg/detail/color__functions.h
[1.560s] -- Up-to-date: /home/ngo/ros2_ws/install/turtlesim/include/turtlesim/turtlesim/msg/detail/pose__functions.c
[1.560s] -- Up-to-date: /home/ngo/ros2_ws/install/turtlesim/include/turtlesim/turtlesim/msg/detail/pose__struct.h
[1.561s] -- Up-to-date: /home/ngo/ros2_ws/install/turtlesim/include/turtlesim/turtlesim/srv
[1.561s] -- Up-to-date: /home/ngo/ros2_ws/install/turtlesim/include/turtlesim/turtlesim/srv/teleport_relative.h
[1.561s] -- Up-to-date: /home/ngo/ros2_ws/install/turtlesim/include/turtlesim/turtlesim/srv/teleport_absolute.h
[1.562s] -- Up-to-date: /home/ngo/ros2_ws/install/turtlesim/include/turtlesim/turtlesim/srv/detail
[1.562s] -- Up-to-date: /home/ngo/ros2_ws/install/turtlesim/include/turtlesim/turtlesim/srv/detail/set_pen__functions.h
[1.563s] -- Up-to-date: /home/ngo/ros2_ws/install/turtlesim/include/turtlesim/turtlesim/srv/detail/set_pen__functions.c
[1.563s] -- Up-to-date: /home/ngo/ros2_ws/install/turtlesim/include/turtlesim/turtlesim/srv/detail/spawn__struct.h
[1.563s] -- Up-to-date: /home/ngo/ros2_ws/install/turtlesim/include/turtlesim/turtlesim/srv/detail/spawn__type_support.h
[1.563s] -- Up-to-date: /home/ngo/ros2_ws/install/turtlesim/include/turtlesim/turtlesim/srv/detail/teleport_absolute__struct.h
[1.564s] -- Up-to-date: /home/ngo/ros2_ws/install/turtlesim/include/turtlesim/turtlesim/srv/detail/teleport_absolute__type_support.h
[1.565s] -- Up-to-date: /home/ngo/ros2_ws/install/turtlesim/include/turtlesim/turtlesim/srv/detail/teleport_relative__type_support.h
[1.565s] -- Up-to-date: /home/ngo/ros2_ws/install/turtlesim/include/turtlesim/turtlesim/srv/detail/teleport_relative__functions.h
[1.565s] -- Up-to-date: /home/ngo/ros2_ws/install/turtlesim/include/turtlesim/turtlesim/srv/detail/teleport_relative__struct.h
[1.566s] -- Up-to-date: /home/ngo/ros2_ws/install/turtlesim/include/turtlesim/turtlesim/srv/detail/kill__struct.h
[1.566s] -- Up-to-date: /home/ngo/ros2_ws/install/turtlesim/include/turtlesim/turtlesim/srv/detail/spawn__functions.c
[1.566s] -- Up-to-date: /home/ngo/ros2_ws/install/turtlesim/include/turtlesim/turtlesim/srv/detail/spawn__functions.h
[1.566s] -- Up-to-date: /home/ngo/ros2_ws/install/turtlesim/include/turtlesim/turtlesim/srv/detail/set_pen__type_support.h
[1.567s] -- Up-to-date: /home/ngo/ros2_ws/install/turtlesim/include/turtlesim/turtlesim/srv/detail/teleport_absolute__functions.h
[1.567s] -- Up-to-date: /home/ngo/ros2_ws/install/turtlesim/include/turtlesim/turtlesim/srv/detail/set_pen__struct.h
[1.567s] -- Up-to-date: /home/ngo/ros2_ws/install/turtlesim/include/turtlesim/turtlesim/srv/detail/kill__type_support.h
[1.567s] -- Up-to-date: /home/ngo/ros2_ws/install/turtlesim/include/turtlesim/turtlesim/srv/detail/teleport_absolute__functions.c
[1.568s] -- Up-to-date: /home/ngo/ros2_ws/install/turtlesim/include/turtlesim/turtlesim/srv/detail/kill__functions.c
[1.568s] -- Up-to-date: /home/ngo/ros2_ws/install/turtlesim/include/turtlesim/turtlesim/srv/detail/kill__functions.h
[1.569s] -- Up-to-date: /home/ngo/ros2_ws/install/turtlesim/include/turtlesim/turtlesim/srv/detail/teleport_relative__functions.c
[1.569s] -- Up-to-date: /home/ngo/ros2_ws/install/turtlesim/include/turtlesim/turtlesim/srv/set_pen.h
[1.569s] -- Up-to-date: /home/ngo/ros2_ws/install/turtlesim/include/turtlesim/turtlesim/srv/spawn.h
[1.569s] -- Up-to-date: /home/ngo/ros2_ws/install/turtlesim/include/turtlesim/turtlesim/srv/kill.h
[1.569s] -- Up-to-date: /home/ngo/ros2_ws/install/turtlesim/share/turtlesim/environment/library_path.sh
[1.569s] -- Up-to-date: /home/ngo/ros2_ws/install/turtlesim/share/turtlesim/environment/library_path.dsv
[1.570s] -- Up-to-date: /home/ngo/ros2_ws/install/turtlesim/lib/libturtlesim__rosidl_generator_c.so
[1.570s] -- Up-to-date: /home/ngo/ros2_ws/install/turtlesim/include/turtlesim/turtlesim
[1.570s] -- Up-to-date: /home/ngo/ros2_ws/install/turtlesim/include/turtlesim/turtlesim/action
[1.570s] -- Up-to-date: /home/ngo/ros2_ws/install/turtlesim/include/turtlesim/turtlesim/action/detail
[1.570s] -- Up-to-date: /home/ngo/ros2_ws/install/turtlesim/include/turtlesim/turtlesim/action/detail/rotate_absolute__rosidl_typesupport_fastrtps_c.h
[1.571s] -- Up-to-date: /home/ngo/ros2_ws/install/turtlesim/include/turtlesim/turtlesim/msg
[1.571s] -- Up-to-date: /home/ngo/ros2_ws/install/turtlesim/include/turtlesim/turtlesim/msg/rosidl_typesupport_fastrtps_c__visibility_control.h
[1.571s] -- Up-to-date: /home/ngo/ros2_ws/install/turtlesim/include/turtlesim/turtlesim/msg/detail
[1.571s] -- Up-to-date: /home/ngo/ros2_ws/install/turtlesim/include/turtlesim/turtlesim/msg/detail/pose__rosidl_typesupport_fastrtps_c.h
[1.571s] -- Up-to-date: /home/ngo/ros2_ws/install/turtlesim/include/turtlesim/turtlesim/msg/detail/color__rosidl_typesupport_fastrtps_c.h
[1.571s] -- Up-to-date: /home/ngo/ros2_ws/install/turtlesim/include/turtlesim/turtlesim/srv
[1.571s] -- Up-to-date: /home/ngo/ros2_ws/install/turtlesim/include/turtlesim/turtlesim/srv/detail
[1.572s] -- Up-to-date: /home/ngo/ros2_ws/install/turtlesim/include/turtlesim/turtlesim/srv/detail/kill__rosidl_typesupport_fastrtps_c.h
[1.572s] -- Up-to-date: /home/ngo/ros2_ws/install/turtlesim/include/turtlesim/turtlesim/srv/detail/teleport_relative__rosidl_typesupport_fastrtps_c.h
[1.572s] -- Up-to-date: /home/ngo/ros2_ws/install/turtlesim/include/turtlesim/turtlesim/srv/detail/spawn__rosidl_typesupport_fastrtps_c.h
[1.572s] -- Up-to-date: /home/ngo/ros2_ws/install/turtlesim/include/turtlesim/turtlesim/srv/detail/teleport_absolute__rosidl_typesupport_fastrtps_c.h
[1.572s] -- Up-to-date: /home/ngo/ros2_ws/install/turtlesim/include/turtlesim/turtlesim/srv/detail/set_pen__rosidl_typesupport_fastrtps_c.h
[1.572s] -- Up-to-date: /home/ngo/ros2_ws/install/turtlesim/lib/libturtlesim__rosidl_typesupport_fastrtps_c.so
[1.573s] -- Up-to-date: /home/ngo/ros2_ws/install/turtlesim/include/turtlesim/turtlesim
[1.573s] -- Up-to-date: /home/ngo/ros2_ws/install/turtlesim/include/turtlesim/turtlesim/action
[1.573s] -- Up-to-date: /home/ngo/ros2_ws/install/turtlesim/include/turtlesim/turtlesim/action/rotate_absolute.hpp
[1.573s] -- Up-to-date: /home/ngo/ros2_ws/install/turtlesim/include/turtlesim/turtlesim/action/detail
[1.573s] -- Up-to-date: /home/ngo/ros2_ws/install/turtlesim/include/turtlesim/turtlesim/action/detail/rotate_absolute__struct.hpp
[1.573s] -- Up-to-date: /home/ngo/ros2_ws/install/turtlesim/include/turtlesim/turtlesim/action/detail/rotate_absolute__traits.hpp
[1.573s] -- Up-to-date: /home/ngo/ros2_ws/install/turtlesim/include/turtlesim/turtlesim/action/detail/rotate_absolute__builder.hpp
[1.574s] -- Up-to-date: /home/ngo/ros2_ws/install/turtlesim/include/turtlesim/turtlesim/msg
[1.574s] -- Up-to-date: /home/ngo/ros2_ws/install/turtlesim/include/turtlesim/turtlesim/msg/color.hpp
[1.574s] -- Up-to-date: /home/ngo/ros2_ws/install/turtlesim/include/turtlesim/turtlesim/msg/pose.hpp
[1.574s] -- Up-to-date: /home/ngo/ros2_ws/install/turtlesim/include/turtlesim/turtlesim/msg/detail
[1.574s] -- Up-to-date: /home/ngo/ros2_ws/install/turtlesim/include/turtlesim/turtlesim/msg/detail/pose__traits.hpp
[1.574s] -- Up-to-date: /home/ngo/ros2_ws/install/turtlesim/include/turtlesim/turtlesim/msg/detail/pose__builder.hpp
[1.574s] -- Up-to-date: /home/ngo/ros2_ws/install/turtlesim/include/turtlesim/turtlesim/msg/detail/color__struct.hpp
[1.575s] -- Up-to-date: /home/ngo/ros2_ws/install/turtlesim/include/turtlesim/turtlesim/msg/detail/pose__struct.hpp
[1.575s] -- Up-to-date: /home/ngo/ros2_ws/install/turtlesim/include/turtlesim/turtlesim/msg/detail/color__traits.hpp
[1.575s] -- Up-to-date: /home/ngo/ros2_ws/install/turtlesim/include/turtlesim/turtlesim/msg/detail/color__builder.hpp
[1.575s] -- Up-to-date: /home/ngo/ros2_ws/install/turtlesim/include/turtlesim/turtlesim/srv
[1.576s] -- Up-to-date: /home/ngo/ros2_ws/install/turtlesim/include/turtlesim/turtlesim/srv/teleport_relative.hpp
[1.576s] -- Up-to-date: /home/ngo/ros2_ws/install/turtlesim/include/turtlesim/turtlesim/srv/set_pen.hpp
[1.576s] -- Up-to-date: /home/ngo/ros2_ws/install/turtlesim/include/turtlesim/turtlesim/srv/kill.hpp
[1.576s] -- Up-to-date: /home/ngo/ros2_ws/install/turtlesim/include/turtlesim/turtlesim/srv/spawn.hpp
[1.576s] -- Up-to-date: /home/ngo/ros2_ws/install/turtlesim/include/turtlesim/turtlesim/srv/teleport_absolute.hpp
[1.576s] -- Up-to-date: /home/ngo/ros2_ws/install/turtlesim/include/turtlesim/turtlesim/srv/detail
[1.576s] -- Up-to-date: /home/ngo/ros2_ws/install/turtlesim/include/turtlesim/turtlesim/srv/detail/set_pen__traits.hpp
[1.577s] -- Up-to-date: /home/ngo/ros2_ws/install/turtlesim/include/turtlesim/turtlesim/srv/detail/kill__traits.hpp
[1.577s] -- Up-to-date: /home/ngo/ros2_ws/install/turtlesim/include/turtlesim/turtlesim/srv/detail/teleport_absolute__traits.hpp
[1.577s] -- Up-to-date: /home/ngo/ros2_ws/install/turtlesim/include/turtlesim/turtlesim/srv/detail/kill__struct.hpp
[1.577s] -- Up-to-date: /home/ngo/ros2_ws/install/turtlesim/include/turtlesim/turtlesim/srv/detail/spawn__struct.hpp
[1.577s] -- Up-to-date: /home/ngo/ros2_ws/install/turtlesim/include/turtlesim/turtlesim/srv/detail/spawn__builder.hpp
[1.578s] -- Up-to-date: /home/ngo/ros2_ws/install/turtlesim/include/turtlesim/turtlesim/srv/detail/teleport_relative__traits.hpp
[1.578s] -- Up-to-date: /home/ngo/ros2_ws/install/turtlesim/include/turtlesim/turtlesim/srv/detail/teleport_absolute__builder.hpp
[1.578s] -- Up-to-date: /home/ngo/ros2_ws/install/turtlesim/include/turtlesim/turtlesim/srv/detail/teleport_relative__struct.hpp
[1.578s] -- Up-to-date: /home/ngo/ros2_ws/install/turtlesim/include/turtlesim/turtlesim/srv/detail/spawn__traits.hpp
[1.579s] -- Up-to-date: /home/ngo/ros2_ws/install/turtlesim/include/turtlesim/turtlesim/srv/detail/set_pen__builder.hpp
[1.579s] -- Up-to-date: /home/ngo/ros2_ws/install/turtlesim/include/turtlesim/turtlesim/srv/detail/teleport_relative__builder.hpp
[1.579s] -- Up-to-date: /home/ngo/ros2_ws/install/turtlesim/include/turtlesim/turtlesim/srv/detail/teleport_absolute__struct.hpp
[1.579s] -- Up-to-date: /home/ngo/ros2_ws/install/turtlesim/include/turtlesim/turtlesim/srv/detail/kill__builder.hpp
[1.580s] -- Up-to-date: /home/ngo/ros2_ws/install/turtlesim/include/turtlesim/turtlesim/srv/detail/set_pen__struct.hpp
[1.580s] -- Up-to-date: /home/ngo/ros2_ws/install/turtlesim/include/turtlesim/turtlesim
[1.580s] -- Up-to-date: /home/ngo/ros2_ws/install/turtlesim/include/turtlesim/turtlesim/action
[1.580s] -- Up-to-date: /home/ngo/ros2_ws/install/turtlesim/include/turtlesim/turtlesim/action/detail
[1.581s] -- Up-to-date: /home/ngo/ros2_ws/install/turtlesim/include/turtlesim/turtlesim/action/detail/dds_fastrtps
[1.581s] -- Up-to-date: /home/ngo/ros2_ws/install/turtlesim/include/turtlesim/turtlesim/action/detail/rotate_absolute__rosidl_typesupport_fastrtps_cpp.hpp
[1.581s] -- Up-to-date: /home/ngo/ros2_ws/install/turtlesim/include/turtlesim/turtlesim/msg
[1.581s] -- Up-to-date: /home/ngo/ros2_ws/install/turtlesim/include/turtlesim/turtlesim/msg/rosidl_typesupport_fastrtps_cpp__visibility_control.h
[1.582s] -- Up-to-date: /home/ngo/ros2_ws/install/turtlesim/include/turtlesim/turtlesim/msg/detail
[1.582s] -- Up-to-date: /home/ngo/ros2_ws/install/turtlesim/include/turtlesim/turtlesim/msg/detail/dds_fastrtps
[1.582s] -- Up-to-date: /home/ngo/ros2_ws/install/turtlesim/include/turtlesim/turtlesim/msg/detail/color__rosidl_typesupport_fastrtps_cpp.hpp
[1.582s] -- Up-to-date: /home/ngo/ros2_ws/install/turtlesim/include/turtlesim/turtlesim/msg/detail/pose__rosidl_typesupport_fastrtps_cpp.hpp
[1.583s] -- Up-to-date: /home/ngo/ros2_ws/install/turtlesim/include/turtlesim/turtlesim/srv
[1.583s] -- Up-to-date: /home/ngo/ros2_ws/install/turtlesim/include/turtlesim/turtlesim/srv/detail
[1.584s] -- Up-to-date: /home/ngo/ros2_ws/install/turtlesim/include/turtlesim/turtlesim/srv/detail/set_pen__rosidl_typesupport_fastrtps_cpp.hpp
[1.584s] -- Up-to-date: /home/ngo/ros2_ws/install/turtlesim/include/turtlesim/turtlesim/srv/detail/teleport_relative__rosidl_typesupport_fastrtps_cpp.hpp
[1.584s] -- Up-to-date: /home/ngo/ros2_ws/install/turtlesim/include/turtlesim/turtlesim/srv/detail/dds_fastrtps
[1.585s] -- Up-to-date: /home/ngo/ros2_ws/install/turtlesim/include/turtlesim/turtlesim/srv/detail/spawn__rosidl_typesupport_fastrtps_cpp.hpp
[1.585s] -- Up-to-date: /home/ngo/ros2_ws/install/turtlesim/include/turtlesim/turtlesim/srv/detail/teleport_absolute__rosidl_typesupport_fastrtps_cpp.hpp
[1.585s] -- Up-to-date: /home/ngo/ros2_ws/install/turtlesim/include/turtlesim/turtlesim/srv/detail/kill__rosidl_typesupport_fastrtps_cpp.hpp
[1.585s] -- Up-to-date: /home/ngo/ros2_ws/install/turtlesim/lib/libturtlesim__rosidl_typesupport_fastrtps_cpp.so
[1.585s] -- Up-to-date: /home/ngo/ros2_ws/install/turtlesim/include/turtlesim/turtlesim
[1.585s] -- Up-to-date: /home/ngo/ros2_ws/install/turtlesim/include/turtlesim/turtlesim/action
[1.585s] -- Up-to-date: /home/ngo/ros2_ws/install/turtlesim/include/turtlesim/turtlesim/action/detail
[1.585s] -- Up-to-date: /home/ngo/ros2_ws/install/turtlesim/include/turtlesim/turtlesim/action/detail/rotate_absolute__rosidl_typesupport_introspection_c.h
[1.586s] -- Up-to-date: /home/ngo/ros2_ws/install/turtlesim/include/turtlesim/turtlesim/action/detail/rotate_absolute__type_support.c
[1.586s] -- Up-to-date: /home/ngo/ros2_ws/install/turtlesim/include/turtlesim/turtlesim/msg
[1.586s] -- Up-to-date: /home/ngo/ros2_ws/install/turtlesim/include/turtlesim/turtlesim/msg/rosidl_typesupport_introspection_c__visibility_control.h
[1.587s] -- Up-to-date: /home/ngo/ros2_ws/install/turtlesim/include/turtlesim/turtlesim/msg/detail
[1.587s] -- Up-to-date: /home/ngo/ros2_ws/install/turtlesim/include/turtlesim/turtlesim/msg/detail/color__rosidl_typesupport_introspection_c.h
[1.588s] -- Up-to-date: /home/ngo/ros2_ws/install/turtlesim/include/turtlesim/turtlesim/msg/detail/pose__type_support.c
[1.588s] -- Up-to-date: /home/ngo/ros2_ws/install/turtlesim/include/turtlesim/turtlesim/msg/detail/pose__rosidl_typesupport_introspection_c.h
[1.588s] -- Up-to-date: /home/ngo/ros2_ws/install/turtlesim/include/turtlesim/turtlesim/msg/detail/color__type_support.c
[1.589s] -- Up-to-date: /home/ngo/ros2_ws/install/turtlesim/include/turtlesim/turtlesim/srv
[1.589s] -- Up-to-date: /home/ngo/ros2_ws/install/turtlesim/include/turtlesim/turtlesim/srv/detail
[1.589s] -- Up-to-date: /home/ngo/ros2_ws/install/turtlesim/include/turtlesim/turtlesim/srv/detail/teleport_relative__type_support.c
[1.589s] -- Up-to-date: /home/ngo/ros2_ws/install/turtlesim/include/turtlesim/turtlesim/srv/detail/teleport_absolute__type_support.c
[1.589s] -- Up-to-date: /home/ngo/ros2_ws/install/turtlesim/include/turtlesim/turtlesim/srv/detail/spawn__type_support.c
[1.590s] -- Up-to-date: /home/ngo/ros2_ws/install/turtlesim/include/turtlesim/turtlesim/srv/detail/kill__rosidl_typesupport_introspection_c.h
[1.590s] -- Up-to-date: /home/ngo/ros2_ws/install/turtlesim/include/turtlesim/turtlesim/srv/detail/kill__type_support.c
[1.590s] -- Up-to-date: /home/ngo/ros2_ws/install/turtlesim/include/turtlesim/turtlesim/srv/detail/set_pen__type_support.c
[1.591s] -- Up-to-date: /home/ngo/ros2_ws/install/turtlesim/include/turtlesim/turtlesim/srv/detail/set_pen__rosidl_typesupport_introspection_c.h
[1.591s] -- Up-to-date: /home/ngo/ros2_ws/install/turtlesim/include/turtlesim/turtlesim/srv/detail/teleport_absolute__rosidl_typesupport_introspection_c.h
[1.592s] -- Up-to-date: /home/ngo/ros2_ws/install/turtlesim/include/turtlesim/turtlesim/srv/detail/spawn__rosidl_typesupport_introspection_c.h
[1.592s] -- Up-to-date: /home/ngo/ros2_ws/install/turtlesim/include/turtlesim/turtlesim/srv/detail/teleport_relative__rosidl_typesupport_introspection_c.h
[1.593s] -- Up-to-date: /home/ngo/ros2_ws/install/turtlesim/lib/libturtlesim__rosidl_typesupport_introspection_c.so
[1.593s] -- Up-to-date: /home/ngo/ros2_ws/install/turtlesim/lib/libturtlesim__rosidl_typesupport_c.so
[1.593s] -- Up-to-date: /home/ngo/ros2_ws/install/turtlesim/include/turtlesim/turtlesim
[1.593s] -- Up-to-date: /home/ngo/ros2_ws/install/turtlesim/include/turtlesim/turtlesim/action
[1.594s] -- Up-to-date: /home/ngo/ros2_ws/install/turtlesim/include/turtlesim/turtlesim/action/detail
[1.594s] -- Up-to-date: /home/ngo/ros2_ws/install/turtlesim/include/turtlesim/turtlesim/action/detail/rotate_absolute__type_support.cpp
[1.594s] -- Up-to-date: /home/ngo/ros2_ws/install/turtlesim/include/turtlesim/turtlesim/action/detail/rotate_absolute__rosidl_typesupport_introspection_cpp.hpp
[1.594s] -- Up-to-date: /home/ngo/ros2_ws/install/turtlesim/include/turtlesim/turtlesim/msg
[1.595s] -- Up-to-date: /home/ngo/ros2_ws/install/turtlesim/include/turtlesim/turtlesim/msg/detail
[1.595s] -- Up-to-date: /home/ngo/ros2_ws/install/turtlesim/include/turtlesim/turtlesim/msg/detail/pose__rosidl_typesupport_introspection_cpp.hpp
[1.595s] -- Up-to-date: /home/ngo/ros2_ws/install/turtlesim/include/turtlesim/turtlesim/msg/detail/color__type_support.cpp
[1.596s] -- Up-to-date: /home/ngo/ros2_ws/install/turtlesim/include/turtlesim/turtlesim/msg/detail/pose__type_support.cpp
[1.596s] -- Up-to-date: /home/ngo/ros2_ws/install/turtlesim/include/turtlesim/turtlesim/msg/detail/color__rosidl_typesupport_introspection_cpp.hpp
[1.596s] -- Up-to-date: /home/ngo/ros2_ws/install/turtlesim/include/turtlesim/turtlesim/srv
[1.597s] -- Up-to-date: /home/ngo/ros2_ws/install/turtlesim/include/turtlesim/turtlesim/srv/detail
[1.597s] -- Up-to-date: /home/ngo/ros2_ws/install/turtlesim/include/turtlesim/turtlesim/srv/detail/teleport_absolute__rosidl_typesupport_introspection_cpp.hpp
[1.597s] -- Up-to-date: /home/ngo/ros2_ws/install/turtlesim/include/turtlesim/turtlesim/srv/detail/teleport_relative__type_support.cpp
[1.597s] -- Up-to-date: /home/ngo/ros2_ws/install/turtlesim/include/turtlesim/turtlesim/srv/detail/teleport_relative__rosidl_typesupport_introspection_cpp.hpp
[1.597s] -- Up-to-date: /home/ngo/ros2_ws/install/turtlesim/include/turtlesim/turtlesim/srv/detail/set_pen__type_support.cpp
[1.598s] -- Up-to-date: /home/ngo/ros2_ws/install/turtlesim/include/turtlesim/turtlesim/srv/detail/spawn__type_support.cpp
[1.598s] -- Up-to-date: /home/ngo/ros2_ws/install/turtlesim/include/turtlesim/turtlesim/srv/detail/teleport_absolute__type_support.cpp
[1.598s] -- Up-to-date: /home/ngo/ros2_ws/install/turtlesim/include/turtlesim/turtlesim/srv/detail/set_pen__rosidl_typesupport_introspection_cpp.hpp
[1.598s] -- Up-to-date: /home/ngo/ros2_ws/install/turtlesim/include/turtlesim/turtlesim/srv/detail/spawn__rosidl_typesupport_introspection_cpp.hpp
[1.599s] -- Up-to-date: /home/ngo/ros2_ws/install/turtlesim/include/turtlesim/turtlesim/srv/detail/kill__type_support.cpp
[1.599s] -- Up-to-date: /home/ngo/ros2_ws/install/turtlesim/include/turtlesim/turtlesim/srv/detail/kill__rosidl_typesupport_introspection_cpp.hpp
[1.600s] -- Up-to-date: /home/ngo/ros2_ws/install/turtlesim/lib/libturtlesim__rosidl_typesupport_introspection_cpp.so
[1.600s] -- Up-to-date: /home/ngo/ros2_ws/install/turtlesim/lib/libturtlesim__rosidl_typesupport_cpp.so
[1.600s] -- Up-to-date: /home/ngo/ros2_ws/install/turtlesim/share/turtlesim/environment/pythonpath.sh
[1.600s] -- Up-to-date: /home/ngo/ros2_ws/install/turtlesim/share/turtlesim/environment/pythonpath.dsv
[1.600s] -- Up-to-date: /home/ngo/ros2_ws/install/turtlesim/local/lib/python3.10/dist-packages/turtlesim-1.4.2-py3.10.egg-info
[1.600s] -- Installing: /home/ngo/ros2_ws/install/turtlesim/local/lib/python3.10/dist-packages/turtlesim-1.4.2-py3.10.egg-info/PKG-INFO
[1.600s] -- Installing: /home/ngo/ros2_ws/install/turtlesim/local/lib/python3.10/dist-packages/turtlesim-1.4.2-py3.10.egg-info/dependency_links.txt
[1.600s] -- Installing: /home/ngo/ros2_ws/install/turtlesim/local/lib/python3.10/dist-packages/turtlesim-1.4.2-py3.10.egg-info/SOURCES.txt
[1.601s] -- Installing: /home/ngo/ros2_ws/install/turtlesim/local/lib/python3.10/dist-packages/turtlesim-1.4.2-py3.10.egg-info/top_level.txt
[1.601s] -- Up-to-date: /home/ngo/ros2_ws/install/turtlesim/local/lib/python3.10/dist-packages/turtlesim
[1.601s] -- Up-to-date: /home/ngo/ros2_ws/install/turtlesim/local/lib/python3.10/dist-packages/turtlesim/_turtlesim_s.ep.rosidl_typesupport_c.c
[1.601s] -- Up-to-date: /home/ngo/ros2_ws/install/turtlesim/local/lib/python3.10/dist-packages/turtlesim/action
[1.601s] -- Up-to-date: /home/ngo/ros2_ws/install/turtlesim/local/lib/python3.10/dist-packages/turtlesim/action/_rotate_absolute.py
[1.601s] -- Up-to-date: /home/ngo/ros2_ws/install/turtlesim/local/lib/python3.10/dist-packages/turtlesim/action/_rotate_absolute_s.c
[1.601s] -- Up-to-date: /home/ngo/ros2_ws/install/turtlesim/local/lib/python3.10/dist-packages/turtlesim/action/__init__.py
[1.601s] -- Up-to-date: /home/ngo/ros2_ws/install/turtlesim/local/lib/python3.10/dist-packages/turtlesim/turtlesim_s__rosidl_typesupport_introspection_c.cpython-310-x86_64-linux-gnu.so
[1.601s] -- Up-to-date: /home/ngo/ros2_ws/install/turtlesim/local/lib/python3.10/dist-packages/turtlesim/_turtlesim_s.ep.rosidl_typesupport_introspection_c.c
[1.602s] -- Up-to-date: /home/ngo/ros2_ws/install/turtlesim/local/lib/python3.10/dist-packages/turtlesim/turtlesim_s__rosidl_typesupport_c.cpython-310-x86_64-linux-gnu.so
[1.602s] -- Up-to-date: /home/ngo/ros2_ws/install/turtlesim/local/lib/python3.10/dist-packages/turtlesim/msg
[1.602s] -- Up-to-date: /home/ngo/ros2_ws/install/turtlesim/local/lib/python3.10/dist-packages/turtlesim/msg/_pose.py
[1.602s] -- Up-to-date: /home/ngo/ros2_ws/install/turtlesim/local/lib/python3.10/dist-packages/turtlesim/msg/_color.py
[1.602s] -- Up-to-date: /home/ngo/ros2_ws/install/turtlesim/local/lib/python3.10/dist-packages/turtlesim/msg/_pose_s.c
[1.602s] -- Up-to-date: /home/ngo/ros2_ws/install/turtlesim/local/lib/python3.10/dist-packages/turtlesim/msg/_color_s.c
[1.602s] -- Up-to-date: /home/ngo/ros2_ws/install/turtlesim/local/lib/python3.10/dist-packages/turtlesim/msg/__init__.py
[1.602s] -- Up-to-date: /home/ngo/ros2_ws/install/turtlesim/local/lib/python3.10/dist-packages/turtlesim/srv
[1.602s] -- Up-to-date: /home/ngo/ros2_ws/install/turtlesim/local/lib/python3.10/dist-packages/turtlesim/srv/_kill_s.c
[1.602s] -- Up-to-date: /home/ngo/ros2_ws/install/turtlesim/local/lib/python3.10/dist-packages/turtlesim/srv/_spawn.py
[1.602s] -- Up-to-date: /home/ngo/ros2_ws/install/turtlesim/local/lib/python3.10/dist-packages/turtlesim/srv/_teleport_relative.py
[1.603s] -- Up-to-date: /home/ngo/ros2_ws/install/turtlesim/local/lib/python3.10/dist-packages/turtlesim/srv/_teleport_absolute.py
[1.603s] -- Up-to-date: /home/ngo/ros2_ws/install/turtlesim/local/lib/python3.10/dist-packages/turtlesim/srv/_teleport_absolute_s.c
[1.603s] -- Up-to-date: /home/ngo/ros2_ws/install/turtlesim/local/lib/python3.10/dist-packages/turtlesim/srv/_set_pen.py
[1.603s] -- Up-to-date: /home/ngo/ros2_ws/install/turtlesim/local/lib/python3.10/dist-packages/turtlesim/srv/_spawn_s.c
[1.603s] -- Up-to-date: /home/ngo/ros2_ws/install/turtlesim/local/lib/python3.10/dist-packages/turtlesim/srv/_kill.py
[1.603s] -- Up-to-date: /home/ngo/ros2_ws/install/turtlesim/local/lib/python3.10/dist-packages/turtlesim/srv/_teleport_relative_s.c
[1.603s] -- Up-to-date: /home/ngo/ros2_ws/install/turtlesim/local/lib/python3.10/dist-packages/turtlesim/srv/__init__.py
[1.603s] -- Up-to-date: /home/ngo/ros2_ws/install/turtlesim/local/lib/python3.10/dist-packages/turtlesim/srv/_set_pen_s.c
[1.603s] -- Up-to-date: /home/ngo/ros2_ws/install/turtlesim/local/lib/python3.10/dist-packages/turtlesim/_turtlesim_s.ep.rosidl_typesupport_fastrtps_c.c
[1.603s] -- Up-to-date: /home/ngo/ros2_ws/install/turtlesim/local/lib/python3.10/dist-packages/turtlesim/turtlesim_s__rosidl_typesupport_fastrtps_c.cpython-310-x86_64-linux-gnu.so
[1.604s] -- Up-to-date: /home/ngo/ros2_ws/install/turtlesim/local/lib/python3.10/dist-packages/turtlesim/libturtlesim__rosidl_generator_py.so
[1.604s] -- Up-to-date: /home/ngo/ros2_ws/install/turtlesim/local/lib/python3.10/dist-packages/turtlesim/__init__.py
[1.604s] Listing '/home/ngo/ros2_ws/install/turtlesim/local/lib/python3.10/dist-packages/turtlesim'...
[1.604s] Listing '/home/ngo/ros2_ws/install/turtlesim/local/lib/python3.10/dist-packages/turtlesim/action'...
[1.605s] Listing '/home/ngo/ros2_ws/install/turtlesim/local/lib/python3.10/dist-packages/turtlesim/msg'...
[1.605s] Listing '/home/ngo/ros2_ws/install/turtlesim/local/lib/python3.10/dist-packages/turtlesim/srv'...
[1.612s] -- Up-to-date: /home/ngo/ros2_ws/install/turtlesim/local/lib/python3.10/dist-packages/turtlesim/turtlesim_s__rosidl_typesupport_fastrtps_c.cpython-310-x86_64-linux-gnu.so
[1.612s] -- Up-to-date: /home/ngo/ros2_ws/install/turtlesim/local/lib/python3.10/dist-packages/turtlesim/turtlesim_s__rosidl_typesupport_introspection_c.cpython-310-x86_64-linux-gnu.so
[1.613s] -- Up-to-date: /home/ngo/ros2_ws/install/turtlesim/local/lib/python3.10/dist-packages/turtlesim/turtlesim_s__rosidl_typesupport_c.cpython-310-x86_64-linux-gnu.so
[1.613s] -- Up-to-date: /home/ngo/ros2_ws/install/turtlesim/lib/libturtlesim__rosidl_generator_py.so
[1.613s] -- Up-to-date: /home/ngo/ros2_ws/install/turtlesim/share/turtlesim/action/RotateAbsolute.idl
[1.614s] -- Up-to-date: /home/ngo/ros2_ws/install/turtlesim/share/turtlesim/msg/Color.idl
[1.614s] -- Up-to-date: /home/ngo/ros2_ws/install/turtlesim/share/turtlesim/msg/Pose.idl
[1.614s] -- Up-to-date: /home/ngo/ros2_ws/install/turtlesim/share/turtlesim/srv/Kill.idl
[1.615s] -- Up-to-date: /home/ngo/ros2_ws/install/turtlesim/share/turtlesim/srv/SetPen.idl
[1.615s] -- Up-to-date: /home/ngo/ros2_ws/install/turtlesim/share/turtlesim/srv/Spawn.idl
[1.615s] -- Up-to-date: /home/ngo/ros2_ws/install/turtlesim/share/turtlesim/srv/TeleportAbsolute.idl
[1.615s] -- Up-to-date: /home/ngo/ros2_ws/install/turtlesim/share/turtlesim/srv/TeleportRelative.idl
[1.615s] -- Up-to-date: /home/ngo/ros2_ws/install/turtlesim/share/turtlesim/action/RotateAbsolute.action
[1.615s] -- Up-to-date: /home/ngo/ros2_ws/install/turtlesim/share/turtlesim/msg/Color.msg
[1.615s] -- Up-to-date: /home/ngo/ros2_ws/install/turtlesim/share/turtlesim/msg/Pose.msg
[1.615s] -- Up-to-date: /home/ngo/ros2_ws/install/turtlesim/share/turtlesim/srv/Kill.srv
[1.615s] -- Up-to-date: /home/ngo/ros2_ws/install/turtlesim/share/turtlesim/srv/Kill_Request.msg
[1.615s] -- Up-to-date: /home/ngo/ros2_ws/install/turtlesim/share/turtlesim/srv/Kill_Response.msg
[1.615s] -- Up-to-date: /home/ngo/ros2_ws/install/turtlesim/share/turtlesim/srv/SetPen.srv
[1.616s] -- Up-to-date: /home/ngo/ros2_ws/install/turtlesim/share/turtlesim/srv/SetPen_Request.msg
[1.616s] -- Up-to-date: /home/ngo/ros2_ws/install/turtlesim/share/turtlesim/srv/SetPen_Response.msg
[1.616s] -- Up-to-date: /home/ngo/ros2_ws/install/turtlesim/share/turtlesim/srv/Spawn.srv
[1.616s] -- Up-to-date: /home/ngo/ros2_ws/install/turtlesim/share/turtlesim/srv/Spawn_Request.msg
[1.616s] -- Up-to-date: /home/ngo/ros2_ws/install/turtlesim/share/turtlesim/srv/Spawn_Response.msg
[1.616s] -- Up-to-date: /home/ngo/ros2_ws/install/turtlesim/share/turtlesim/srv/TeleportAbsolute.srv
[1.616s] -- Up-to-date: /home/ngo/ros2_ws/install/turtlesim/share/turtlesim/srv/TeleportAbsolute_Request.msg
[1.616s] -- Up-to-date: /home/ngo/ros2_ws/install/turtlesim/share/turtlesim/srv/TeleportAbsolute_Response.msg
[1.617s] -- Up-to-date: /home/ngo/ros2_ws/install/turtlesim/share/turtlesim/srv/TeleportRelative.srv
[1.617s] -- Up-to-date: /home/ngo/ros2_ws/install/turtlesim/share/turtlesim/srv/TeleportRelative_Request.msg
[1.617s] -- Up-to-date: /home/ngo/ros2_ws/install/turtlesim/share/turtlesim/srv/TeleportRelative_Response.msg
[1.617s] -- Up-to-date: /home/ngo/ros2_ws/install/turtlesim/lib/turtlesim/turtlesim_node
[1.617s] -- Up-to-date: /home/ngo/ros2_ws/install/turtlesim/lib/turtlesim/turtle_teleop_key
[1.617s] -- Up-to-date: /home/ngo/ros2_ws/install/turtlesim/lib/turtlesim/draw_square
[1.617s] -- Up-to-date: /home/ngo/ros2_ws/install/turtlesim/lib/turtlesim/mimic
[1.617s] -- Up-to-date: /home/ngo/ros2_ws/install/turtlesim/share/turtlesim/images
[1.618s] -- Up-to-date: /home/ngo/ros2_ws/install/turtlesim/share/turtlesim/images/crystal.png
[1.618s] -- Up-to-date: /home/ngo/ros2_ws/install/turtlesim/share/turtlesim/images/bouncy.png
[1.618s] -- Up-to-date: /home/ngo/ros2_ws/install/turtlesim/share/turtlesim/images/galactic.png
[1.618s] -- Up-to-date: /home/ngo/ros2_ws/install/turtlesim/share/turtlesim/images/rolling.png
[1.618s] -- Up-to-date: /home/ngo/ros2_ws/install/turtlesim/share/turtlesim/images/ardent.png
[1.618s] -- Up-to-date: /home/ngo/ros2_ws/install/turtlesim/share/turtlesim/images/dashing.png
[1.618s] -- Up-to-date: /home/ngo/ros2_ws/install/turtlesim/share/turtlesim/images/humble.png
[1.619s] -- Up-to-date: /home/ngo/ros2_ws/install/turtlesim/share/turtlesim/images/foxy.png
[1.619s] -- Up-to-date: /home/ngo/ros2_ws/install/turtlesim/share/turtlesim/images/eloquent.png
[1.619s] -- Up-to-date: /home/ngo/ros2_ws/install/turtlesim/share/turtlesim/launch
[1.619s] -- Up-to-date: /home/ngo/ros2_ws/install/turtlesim/share/turtlesim/launch/multisim.launch.py
[1.619s] -- Up-to-date: /home/ngo/ros2_ws/install/turtlesim/share/ament_index/resource_index/package_run_dependencies/turtlesim
[1.619s] -- Up-to-date: /home/ngo/ros2_ws/install/turtlesim/share/ament_index/resource_index/parent_prefix_path/turtlesim
[1.619s] -- Up-to-date: /home/ngo/ros2_ws/install/turtlesim/share/turtlesim/environment/ament_prefix_path.sh
[1.619s] -- Up-to-date: /home/ngo/ros2_ws/install/turtlesim/share/turtlesim/environment/ament_prefix_path.dsv
[1.619s] -- Up-to-date: /home/ngo/ros2_ws/install/turtlesim/share/turtlesim/environment/path.sh
[1.619s] -- Up-to-date: /home/ngo/ros2_ws/install/turtlesim/share/turtlesim/environment/path.dsv
[1.620s] -- Up-to-date: /home/ngo/ros2_ws/install/turtlesim/share/turtlesim/local_setup.bash
[1.620s] -- Up-to-date: /home/ngo/ros2_ws/install/turtlesim/share/turtlesim/local_setup.sh
[1.620s] -- Up-to-date: /home/ngo/ros2_ws/install/turtlesim/share/turtlesim/local_setup.zsh
[1.620s] -- Up-to-date: /home/ngo/ros2_ws/install/turtlesim/share/turtlesim/local_setup.dsv
[1.620s] -- Installing: /home/ngo/ros2_ws/install/turtlesim/share/turtlesim/package.dsv
[1.620s] -- Up-to-date: /home/ngo/ros2_ws/install/turtlesim/share/ament_index/resource_index/packages/turtlesim
[1.620s] -- Up-to-date: /home/ngo/ros2_ws/install/turtlesim/share/turtlesim/cmake/export_turtlesim__rosidl_generator_cExport.cmake
[1.620s] -- Up-to-date: /home/ngo/ros2_ws/install/turtlesim/share/turtlesim/cmake/export_turtlesim__rosidl_generator_cExport-noconfig.cmake
[1.621s] -- Up-to-date: /home/ngo/ros2_ws/install/turtlesim/share/turtlesim/cmake/export_turtlesim__rosidl_typesupport_fastrtps_cExport.cmake
[1.621s] -- Up-to-date: /home/ngo/ros2_ws/install/turtlesim/share/turtlesim/cmake/export_turtlesim__rosidl_typesupport_fastrtps_cExport-noconfig.cmake
[1.621s] -- Up-to-date: /home/ngo/ros2_ws/install/turtlesim/share/turtlesim/cmake/export_turtlesim__rosidl_generator_cppExport.cmake
[1.621s] -- Up-to-date: /home/ngo/ros2_ws/install/turtlesim/share/turtlesim/cmake/export_turtlesim__rosidl_typesupport_fastrtps_cppExport.cmake
[1.621s] -- Up-to-date: /home/ngo/ros2_ws/install/turtlesim/share/turtlesim/cmake/export_turtlesim__rosidl_typesupport_fastrtps_cppExport-noconfig.cmake
[1.621s] -- Up-to-date: /home/ngo/ros2_ws/install/turtlesim/share/turtlesim/cmake/turtlesim__rosidl_typesupport_introspection_cExport.cmake
[1.621s] -- Up-to-date: /home/ngo/ros2_ws/install/turtlesim/share/turtlesim/cmake/turtlesim__rosidl_typesupport_introspection_cExport-noconfig.cmake
[1.621s] -- Up-to-date: /home/ngo/ros2_ws/install/turtlesim/share/turtlesim/cmake/turtlesim__rosidl_typesupport_cExport.cmake
[1.621s] -- Up-to-date: /home/ngo/ros2_ws/install/turtlesim/share/turtlesim/cmake/turtlesim__rosidl_typesupport_cExport-noconfig.cmake
[1.622s] -- Up-to-date: /home/ngo/ros2_ws/install/turtlesim/share/turtlesim/cmake/turtlesim__rosidl_typesupport_introspection_cppExport.cmake
[1.622s] -- Up-to-date: /home/ngo/ros2_ws/install/turtlesim/share/turtlesim/cmake/turtlesim__rosidl_typesupport_introspection_cppExport-noconfig.cmake
[1.622s] -- Up-to-date: /home/ngo/ros2_ws/install/turtlesim/share/turtlesim/cmake/turtlesim__rosidl_typesupport_cppExport.cmake
[1.622s] -- Up-to-date: /home/ngo/ros2_ws/install/turtlesim/share/turtlesim/cmake/turtlesim__rosidl_typesupport_cppExport-noconfig.cmake
[1.622s] -- Up-to-date: /home/ngo/ros2_ws/install/turtlesim/share/turtlesim/cmake/export_turtlesim__rosidl_generator_pyExport.cmake
[1.622s] -- Up-to-date: /home/ngo/ros2_ws/install/turtlesim/share/turtlesim/cmake/export_turtlesim__rosidl_generator_pyExport-noconfig.cmake
[1.623s] -- Up-to-date: /home/ngo/ros2_ws/install/turtlesim/share/turtlesim/cmake/rosidl_cmake-extras.cmake
[1.623s] -- Up-to-date: /home/ngo/ros2_ws/install/turtlesim/share/turtlesim/cmake/ament_cmake_export_dependencies-extras.cmake
[1.623s] -- Up-to-date: /home/ngo/ros2_ws/install/turtlesim/share/turtlesim/cmake/ament_cmake_export_include_directories-extras.cmake
[1.623s] -- Up-to-date: /home/ngo/ros2_ws/install/turtlesim/share/turtlesim/cmake/ament_cmake_export_libraries-extras.cmake
[1.623s] -- Up-to-date: /home/ngo/ros2_ws/install/turtlesim/share/turtlesim/cmake/ament_cmake_export_targets-extras.cmake
[1.623s] -- Up-to-date: /home/ngo/ros2_ws/install/turtlesim/share/turtlesim/cmake/rosidl_cmake_export_typesupport_targets-extras.cmake
[1.623s] -- Up-to-date: /home/ngo/ros2_ws/install/turtlesim/share/turtlesim/cmake/rosidl_cmake_export_typesupport_libraries-extras.cmake
[1.624s] -- Up-to-date: /home/ngo/ros2_ws/install/turtlesim/share/turtlesim/cmake/turtlesimConfig.cmake
[1.624s] -- Up-to-date: /home/ngo/ros2_ws/install/turtlesim/share/turtlesim/cmake/turtlesimConfig-version.cmake
[1.624s] -- Up-to-date: /home/ngo/ros2_ws/install/turtlesim/share/turtlesim/package.xml
[1.715s] Invoked command in '/home/ngo/ros2_ws/build/turtlesim' returned '0': CMAKE_PREFIX_PATH=${CMAKE_PREFIX_PATH}:/opt/ros/humble /usr/bin/cmake --install /home/ngo/ros2_ws/build/turtlesim
