[0.575s] Invoking command in '/home/ngo/ros2_ws/build/my_interfaces': CMAKE_PREFIX_PATH=${CMAKE_PREFIX_PATH}:/opt/ros/humble /usr/bin/cmake /home/ngo/ros2_ws/src/my_interfaces -DCMAKE_INSTALL_PREFIX=/home/ngo/ros2_ws/install/my_interfaces
[0.645s] -- The C compiler identification is GNU 11.4.0
[0.717s] -- The CXX compiler identification is GNU 11.4.0
[0.728s] -- Detecting C compiler ABI info
[0.836s] -- Detecting C compiler ABI info - done
[0.850s] -- Check for working C compiler: /usr/bin/cc - skipped
[0.850s] -- Detecting C compile features
[0.851s] -- Detecting C compile features - done
[0.855s] -- Detecting CXX compiler ABI info
[0.953s] -- Detecting CXX compiler ABI info - done
[0.960s] -- Check for working CXX compiler: /usr/bin/c++ - skipped
[0.960s] -- Detecting CXX compile features
[0.961s] -- Detecting CXX compile features - done
[0.964s] -- Found ament_cmake: 1.3.5 (/opt/ros/humble/share/ament_cmake/cmake)
[1.189s] -- Found Python3: /usr/bin/python3.10 (found version "3.10.12") found components: Interpreter 
[1.317s] -- Found ament_lint_auto: 0.12.8 (/opt/ros/humble/share/ament_lint_auto/cmake)
[1.413s] -- Added test 'lint_cmake' to check CMake code style
[1.415s] -- Added test 'xmllint' to check XML markup files
[1.417s] -- Configuring done
[1.421s] -- Generating done
[1.422s] -- Build files have been written to: /home/ngo/ros2_ws/build/my_interfaces
[1.427s] Invoked command in '/home/ngo/ros2_ws/build/my_interfaces' returned '0': CMAKE_PREFIX_PATH=${CMAKE_PREFIX_PATH}:/opt/ros/humble /usr/bin/cmake /home/ngo/ros2_ws/src/my_interfaces -DCMAKE_INSTALL_PREFIX=/home/ngo/ros2_ws/install/my_interfaces
[1.430s] Invoking command in '/home/ngo/ros2_ws/build/my_interfaces': CMAKE_PREFIX_PATH=${CMAKE_PREFIX_PATH}:/opt/ros/humble /usr/bin/cmake --build /home/ngo/ros2_ws/build/my_interfaces -- -j8 -l8
[1.484s] Invoked command in '/home/ngo/ros2_ws/build/my_interfaces' returned '0': CMAKE_PREFIX_PATH=${CMAKE_PREFIX_PATH}:/opt/ros/humble /usr/bin/cmake --build /home/ngo/ros2_ws/build/my_interfaces -- -j8 -l8
[1.530s] Invoking command in '/home/ngo/ros2_ws/build/my_interfaces': CMAKE_PREFIX_PATH=${CMAKE_PREFIX_PATH}:/opt/ros/humble /usr/bin/cmake --install /home/ngo/ros2_ws/build/my_interfaces
[1.542s] -- Install configuration: ""
[1.542s] -- Installing: /home/ngo/ros2_ws/install/my_interfaces/share/ament_index/resource_index/package_run_dependencies/my_interfaces
[1.543s] -- Installing: /home/ngo/ros2_ws/install/my_interfaces/share/ament_index/resource_index/parent_prefix_path/my_interfaces
[1.543s] -- Installing: /home/ngo/ros2_ws/install/my_interfaces/share/my_interfaces/environment/ament_prefix_path.sh
[1.543s] -- Installing: /home/ngo/ros2_ws/install/my_interfaces/share/my_interfaces/environment/ament_prefix_path.dsv
[1.543s] -- Installing: /home/ngo/ros2_ws/install/my_interfaces/share/my_interfaces/environment/path.sh
[1.543s] -- Installing: /home/ngo/ros2_ws/install/my_interfaces/share/my_interfaces/environment/path.dsv
[1.544s] -- Installing: /home/ngo/ros2_ws/install/my_interfaces/share/my_interfaces/local_setup.bash
[1.544s] -- Installing: /home/ngo/ros2_ws/install/my_interfaces/share/my_interfaces/local_setup.sh
[1.544s] -- Installing: /home/ngo/ros2_ws/install/my_interfaces/share/my_interfaces/local_setup.zsh
[1.544s] -- Installing: /home/ngo/ros2_ws/install/my_interfaces/share/my_interfaces/local_setup.dsv
[1.544s] -- Installing: /home/ngo/ros2_ws/install/my_interfaces/share/my_interfaces/package.dsv
[1.545s] -- Installing: /home/ngo/ros2_ws/install/my_interfaces/share/ament_index/resource_index/packages/my_interfaces
[1.545s] -- Installing: /home/ngo/ros2_ws/install/my_interfaces/share/my_interfaces/cmake/my_interfacesConfig.cmake
[1.545s] -- Installing: /home/ngo/ros2_ws/install/my_interfaces/share/my_interfaces/cmake/my_interfacesConfig-version.cmake
[1.545s] -- Installing: /home/ngo/ros2_ws/install/my_interfaces/share/my_interfaces/package.xml
[1.548s] Invoked command in '/home/ngo/ros2_ws/build/my_interfaces' returned '0': CMAKE_PREFIX_PATH=${CMAKE_PREFIX_PATH}:/opt/ros/humble /usr/bin/cmake --install /home/ngo/ros2_ws/build/my_interfaces
