/home/ngo/ros2_ws/install/my_package/lib/python3.10/site-packages/my_package/gtg.py
/home/ngo/ros2_ws/install/my_package/lib/python3.10/site-packages/my_package/subscriber_member_function.py
/home/ngo/ros2_ws/install/my_package/lib/python3.10/site-packages/my_package/client_time.py
/home/ngo/ros2_ws/install/my_package/lib/python3.10/site-packages/my_package/prime_numbers_action_server.py
/home/ngo/ros2_ws/install/my_package/lib/python3.10/site-packages/my_package/go_to_goal_input_cood.py
/home/ngo/ros2_ws/install/my_package/lib/python3.10/site-packages/my_package/my_node.py
/home/ngo/ros2_ws/install/my_package/lib/python3.10/site-packages/my_package/prime_numbers_action_client.py
/home/ngo/ros2_ws/install/my_package/lib/python3.10/site-packages/my_package/server_time.py
/home/ngo/ros2_ws/install/my_package/lib/python3.10/site-packages/my_package/publisher_member_function.py
/home/ngo/ros2_ws/install/my_package/lib/python3.10/site-packages/my_package/gtg2.py
/home/ngo/ros2_ws/install/my_package/lib/python3.10/site-packages/my_package/__init__.py
/home/ngo/ros2_ws/install/my_package/lib/python3.10/site-packages/my_package/__pycache__/gtg.cpython-310.pyc
/home/ngo/ros2_ws/install/my_package/lib/python3.10/site-packages/my_package/__pycache__/subscriber_member_function.cpython-310.pyc
/home/ngo/ros2_ws/install/my_package/lib/python3.10/site-packages/my_package/__pycache__/client_time.cpython-310.pyc
/home/ngo/ros2_ws/install/my_package/lib/python3.10/site-packages/my_package/__pycache__/prime_numbers_action_server.cpython-310.pyc
/home/ngo/ros2_ws/install/my_package/lib/python3.10/site-packages/my_package/__pycache__/go_to_goal_input_cood.cpython-310.pyc
/home/ngo/ros2_ws/install/my_package/lib/python3.10/site-packages/my_package/__pycache__/my_node.cpython-310.pyc
/home/ngo/ros2_ws/install/my_package/lib/python3.10/site-packages/my_package/__pycache__/prime_numbers_action_client.cpython-310.pyc
/home/ngo/ros2_ws/install/my_package/lib/python3.10/site-packages/my_package/__pycache__/server_time.cpython-310.pyc
/home/ngo/ros2_ws/install/my_package/lib/python3.10/site-packages/my_package/__pycache__/publisher_member_function.cpython-310.pyc
/home/ngo/ros2_ws/install/my_package/lib/python3.10/site-packages/my_package/__pycache__/gtg2.cpython-310.pyc
/home/ngo/ros2_ws/install/my_package/lib/python3.10/site-packages/my_package/__pycache__/__init__.cpython-310.pyc
/home/ngo/ros2_ws/install/my_package/share/ament_index/resource_index/packages/my_package
/home/ngo/ros2_ws/install/my_package/share/my_package/package.xml
/home/ngo/ros2_ws/install/my_package/lib/python3.10/site-packages/my_package-0.0.0-py3.10.egg-info/entry_points.txt
/home/ngo/ros2_ws/install/my_package/lib/python3.10/site-packages/my_package-0.0.0-py3.10.egg-info/PKG-INFO
/home/ngo/ros2_ws/install/my_package/lib/python3.10/site-packages/my_package-0.0.0-py3.10.egg-info/dependency_links.txt
/home/ngo/ros2_ws/install/my_package/lib/python3.10/site-packages/my_package-0.0.0-py3.10.egg-info/zip-safe
/home/ngo/ros2_ws/install/my_package/lib/python3.10/site-packages/my_package-0.0.0-py3.10.egg-info/SOURCES.txt
/home/ngo/ros2_ws/install/my_package/lib/python3.10/site-packages/my_package-0.0.0-py3.10.egg-info/top_level.txt
/home/ngo/ros2_ws/install/my_package/lib/python3.10/site-packages/my_package-0.0.0-py3.10.egg-info/requires.txt
/home/ngo/ros2_ws/install/my_package/lib/my_package/my_node
