[0.087s] Invoking command in '/home/ngo/turtlebot3_ws/build/usb_cam': CMAKE_PREFIX_PATH=${CMAKE_PREFIX_PATH}:/opt/ros/humble /usr/bin/cmake /home/ngo/turtlebot3_ws/src/usb_cam -DCMAKE_INSTALL_PREFIX=/home/ngo/turtlebot3_ws/install/usb_cam
[0.101s] -- Found ament_cmake_auto: 1.3.6 (/opt/ros/humble/share/ament_cmake_auto/cmake)
[0.482s] -- Found Python3: /usr/bin/python3.10 (found version "3.10.12") found components: Interpreter 
[0.706s] -- Found rosidl_generator_c: 3.1.5 (/opt/ros/humble/share/rosidl_generator_c/cmake)
[0.712s] -- Found rosidl_adapter: 3.1.5 (/opt/ros/humble/share/rosidl_adapter/cmake)
[0.723s] -- Found rosidl_generator_cpp: 3.1.5 (/opt/ros/humble/share/rosidl_generator_cpp/cmake)
[0.739s] -- Using all available rosidl_typesupport_c: rosidl_typesupport_fastrtps_c;rosidl_typesupport_introspection_c
[0.761s] -- Using all available rosidl_typesupport_cpp: rosidl_typesupport_fastrtps_cpp;rosidl_typesupport_introspection_cpp
[0.839s] -- Found rmw_implementation_cmake: 6.1.1 (/opt/ros/humble/share/rmw_implementation_cmake/cmake)
[0.842s] -- Found rmw_cyclonedds_cpp: 1.3.4 (/opt/ros/humble/share/rmw_cyclonedds_cpp/cmake)
[0.888s] -- Using RMW implementation 'rmw_cyclonedds_cpp' as default
[0.900s] -- Looking for pthread.h
[0.971s] -- Looking for pthread.h - found
[0.971s] -- Performing Test CMAKE_HAVE_LIBC_PTHREAD
[1.043s] -- Performing Test CMAKE_HAVE_LIBC_PTHREAD - Success
[1.044s] -- Found Threads: TRUE  
[1.633s] -- Checking for module 'libavcodec'
[1.646s] --   Found libavcodec, version 58.134.100
[1.680s] -- Checking for module 'libavutil'
[1.693s] --   Found libavutil, version 56.70.100
[1.725s] -- Checking for module 'libswscale'
[1.739s] --   Found libswscale, version 5.9.100
[1.792s] -- Found ament_lint_auto: 0.12.9 (/opt/ros/humble/share/ament_lint_auto/cmake)
[1.822s] -- Found gtest sources under '/opt/ros/humble/src/gtest_vendor': C++ tests using 'Google Test' will be built
[1.833s] -- Added test 'copyright' to check source files copyright and LICENSE
[1.838s] -- Added test 'cppcheck' to perform static code analysis on C / C++ code
[1.838s] -- Configured cppcheck include dirs: /home/ngo/turtlebot3_ws/src/usb_cam/include
[1.838s] -- Configured cppcheck exclude dirs and/or files: 
[1.843s] -- Added test 'cpplint' to check C / C++ code against the Google style
[1.843s] -- Configured cpplint exclude dirs and/or files: 
[1.844s] -- Added test 'flake8' to check Python code syntax and style conventions
[1.846s] -- Added test 'lint_cmake' to check CMake code style
[1.847s] -- Added test 'pep257' to check Python code against some of the docstring style conventions in PEP 257
[1.852s] -- Added test 'uncrustify' to check C / C++ code style
[1.852s] -- Configured uncrustify additional arguments: 
[1.853s] -- Added test 'xmllint' to check XML markup files
[1.855s] -- Configuring done
[1.887s] -- Generating done
[1.889s] -- Build files have been written to: /home/ngo/turtlebot3_ws/build/usb_cam
