[0.414s] Invoking command in '/home/ngo/ros2_ws/build/action_tutorials_interfaces': CMAKE_PREFIX_PATH=${CMAKE_PREFIX_PATH}:/opt/ros/humble /usr/bin/cmake --build /home/ngo/ros2_ws/build/action_tutorials_interfaces -- -j8 -l8
[0.974s] [  3%] Built target action_tutorials_interfaces__cpp
[0.974s] [ 12%] Built target action_tutorials_interfaces__rosidl_generator_c
[0.975s] [ 12%] Built target ament_cmake_python_copy_action_tutorials_interfaces
[0.975s] [ 22%] Built target action_tutorials_interfaces__rosidl_typesupport_introspection_cpp
[0.975s] [ 32%] Built target action_tutorials_interfaces__rosidl_typesupport_cpp
[0.975s] [ 41%] Built target action_tutorials_interfaces__rosidl_typesupport_fastrtps_cpp
[0.975s] [ 51%] Built target action_tutorials_interfaces__rosidl_typesupport_c
[0.976s] [ 61%] Built target action_tutorials_interfaces__rosidl_typesupport_introspection_c
[0.976s] [ 70%] Built target action_tutorials_interfaces__rosidl_typesupport_fastrtps_c
[0.977s] [ 70%] Built target action_tutorials_interfaces
[0.977s] [ 74%] Built target action_tutorials_interfaces__py
[0.977s] [ 80%] Built target action_tutorials_interfaces__rosidl_generator_py
[0.977s] [ 93%] Built target action_tutorials_interfaces__rosidl_typesupport_c__pyext
[0.977s] [ 93%] Built target action_tutorials_interfaces__rosidl_typesupport_fastrtps_c__pyext
[0.977s] [100%] Built target action_tutorials_interfaces__rosidl_typesupport_introspection_c__pyext
[0.977s] running egg_info
[0.977s] writing action_tutorials_interfaces.egg-info/PKG-INFO
[0.977s] writing dependency_links to action_tutorials_interfaces.egg-info/dependency_links.txt
[0.978s] writing top-level names to action_tutorials_interfaces.egg-info/top_level.txt
[0.978s] reading manifest file 'action_tutorials_interfaces.egg-info/SOURCES.txt'
[0.978s] writing manifest file 'action_tutorials_interfaces.egg-info/SOURCES.txt'
[0.978s] [100%] Built target ament_cmake_python_build_action_tutorials_interfaces_egg
[1.333s] Invoked command in '/home/ngo/ros2_ws/build/action_tutorials_interfaces' returned '0': CMAKE_PREFIX_PATH=${CMAKE_PREFIX_PATH}:/opt/ros/humble /usr/bin/cmake --build /home/ngo/ros2_ws/build/action_tutorials_interfaces -- -j8 -l8
[1.474s] Invoking command in '/home/ngo/ros2_ws/build/action_tutorials_interfaces': CMAKE_PREFIX_PATH=${CMAKE_PREFIX_PATH}:/opt/ros/humble /usr/bin/cmake --install /home/ngo/ros2_ws/build/action_tutorials_interfaces
[1.485s] -- Install configuration: ""
[1.486s] -- Up-to-date: /home/ngo/ros2_ws/install/action_tutorials_interfaces/share/ament_index/resource_index/rosidl_interfaces/action_tutorials_interfaces
[1.486s] -- Up-to-date: /home/ngo/ros2_ws/install/action_tutorials_interfaces/include/action_tutorials_interfaces/action_tutorials_interfaces
[1.486s] -- Up-to-date: /home/ngo/ros2_ws/install/action_tutorials_interfaces/include/action_tutorials_interfaces/action_tutorials_interfaces/action
[1.486s] -- Up-to-date: /home/ngo/ros2_ws/install/action_tutorials_interfaces/include/action_tutorials_interfaces/action_tutorials_interfaces/action/fibonacci.h
[1.486s] -- Up-to-date: /home/ngo/ros2_ws/install/action_tutorials_interfaces/include/action_tutorials_interfaces/action_tutorials_interfaces/action/detail
[1.486s] -- Up-to-date: /home/ngo/ros2_ws/install/action_tutorials_interfaces/include/action_tutorials_interfaces/action_tutorials_interfaces/action/detail/fibonacci__type_support.h
[1.487s] -- Up-to-date: /home/ngo/ros2_ws/install/action_tutorials_interfaces/include/action_tutorials_interfaces/action_tutorials_interfaces/action/detail/fibonacci__functions.c
[1.487s] -- Up-to-date: /home/ngo/ros2_ws/install/action_tutorials_interfaces/include/action_tutorials_interfaces/action_tutorials_interfaces/action/detail/fibonacci__functions.h
[1.487s] -- Up-to-date: /home/ngo/ros2_ws/install/action_tutorials_interfaces/include/action_tutorials_interfaces/action_tutorials_interfaces/action/detail/fibonacci__struct.h
[1.487s] -- Up-to-date: /home/ngo/ros2_ws/install/action_tutorials_interfaces/include/action_tutorials_interfaces/action_tutorials_interfaces/msg
[1.487s] -- Up-to-date: /home/ngo/ros2_ws/install/action_tutorials_interfaces/include/action_tutorials_interfaces/action_tutorials_interfaces/msg/rosidl_generator_c__visibility_control.h
[1.487s] -- Up-to-date: /home/ngo/ros2_ws/install/action_tutorials_interfaces/share/action_tutorials_interfaces/environment/library_path.sh
[1.488s] -- Up-to-date: /home/ngo/ros2_ws/install/action_tutorials_interfaces/share/action_tutorials_interfaces/environment/library_path.dsv
[1.488s] -- Up-to-date: /home/ngo/ros2_ws/install/action_tutorials_interfaces/lib/libaction_tutorials_interfaces__rosidl_generator_c.so
[1.488s] -- Up-to-date: /home/ngo/ros2_ws/install/action_tutorials_interfaces/include/action_tutorials_interfaces/action_tutorials_interfaces
[1.488s] -- Up-to-date: /home/ngo/ros2_ws/install/action_tutorials_interfaces/include/action_tutorials_interfaces/action_tutorials_interfaces/action
[1.488s] -- Up-to-date: /home/ngo/ros2_ws/install/action_tutorials_interfaces/include/action_tutorials_interfaces/action_tutorials_interfaces/action/detail
[1.488s] -- Up-to-date: /home/ngo/ros2_ws/install/action_tutorials_interfaces/include/action_tutorials_interfaces/action_tutorials_interfaces/action/detail/fibonacci__rosidl_typesupport_fastrtps_c.h
[1.488s] -- Up-to-date: /home/ngo/ros2_ws/install/action_tutorials_interfaces/include/action_tutorials_interfaces/action_tutorials_interfaces/msg
[1.488s] -- Up-to-date: /home/ngo/ros2_ws/install/action_tutorials_interfaces/include/action_tutorials_interfaces/action_tutorials_interfaces/msg/rosidl_typesupport_fastrtps_c__visibility_control.h
[1.489s] -- Up-to-date: /home/ngo/ros2_ws/install/action_tutorials_interfaces/lib/libaction_tutorials_interfaces__rosidl_typesupport_fastrtps_c.so
[1.489s] -- Up-to-date: /home/ngo/ros2_ws/install/action_tutorials_interfaces/include/action_tutorials_interfaces/action_tutorials_interfaces
[1.489s] -- Up-to-date: /home/ngo/ros2_ws/install/action_tutorials_interfaces/include/action_tutorials_interfaces/action_tutorials_interfaces/action
[1.489s] -- Up-to-date: /home/ngo/ros2_ws/install/action_tutorials_interfaces/include/action_tutorials_interfaces/action_tutorials_interfaces/action/detail
[1.489s] -- Up-to-date: /home/ngo/ros2_ws/install/action_tutorials_interfaces/include/action_tutorials_interfaces/action_tutorials_interfaces/action/detail/fibonacci__rosidl_typesupport_introspection_c.h
[1.490s] -- Up-to-date: /home/ngo/ros2_ws/install/action_tutorials_interfaces/include/action_tutorials_interfaces/action_tutorials_interfaces/action/detail/fibonacci__type_support.c
[1.490s] -- Up-to-date: /home/ngo/ros2_ws/install/action_tutorials_interfaces/include/action_tutorials_interfaces/action_tutorials_interfaces/msg
[1.490s] -- Up-to-date: /home/ngo/ros2_ws/install/action_tutorials_interfaces/include/action_tutorials_interfaces/action_tutorials_interfaces/msg/rosidl_typesupport_introspection_c__visibility_control.h
[1.490s] -- Up-to-date: /home/ngo/ros2_ws/install/action_tutorials_interfaces/lib/libaction_tutorials_interfaces__rosidl_typesupport_introspection_c.so
[1.490s] -- Up-to-date: /home/ngo/ros2_ws/install/action_tutorials_interfaces/lib/libaction_tutorials_interfaces__rosidl_typesupport_c.so
[1.490s] -- Up-to-date: /home/ngo/ros2_ws/install/action_tutorials_interfaces/include/action_tutorials_interfaces/action_tutorials_interfaces
[1.490s] -- Up-to-date: /home/ngo/ros2_ws/install/action_tutorials_interfaces/include/action_tutorials_interfaces/action_tutorials_interfaces/action
[1.491s] -- Up-to-date: /home/ngo/ros2_ws/install/action_tutorials_interfaces/include/action_tutorials_interfaces/action_tutorials_interfaces/action/fibonacci.hpp
[1.491s] -- Up-to-date: /home/ngo/ros2_ws/install/action_tutorials_interfaces/include/action_tutorials_interfaces/action_tutorials_interfaces/action/detail
[1.491s] -- Up-to-date: /home/ngo/ros2_ws/install/action_tutorials_interfaces/include/action_tutorials_interfaces/action_tutorials_interfaces/action/detail/fibonacci__builder.hpp
[1.491s] -- Up-to-date: /home/ngo/ros2_ws/install/action_tutorials_interfaces/include/action_tutorials_interfaces/action_tutorials_interfaces/action/detail/fibonacci__traits.hpp
[1.491s] -- Up-to-date: /home/ngo/ros2_ws/install/action_tutorials_interfaces/include/action_tutorials_interfaces/action_tutorials_interfaces/action/detail/fibonacci__struct.hpp
[1.491s] -- Up-to-date: /home/ngo/ros2_ws/install/action_tutorials_interfaces/include/action_tutorials_interfaces/action_tutorials_interfaces
[1.492s] -- Up-to-date: /home/ngo/ros2_ws/install/action_tutorials_interfaces/include/action_tutorials_interfaces/action_tutorials_interfaces/action
[1.492s] -- Up-to-date: /home/ngo/ros2_ws/install/action_tutorials_interfaces/include/action_tutorials_interfaces/action_tutorials_interfaces/action/detail
[1.492s] -- Up-to-date: /home/ngo/ros2_ws/install/action_tutorials_interfaces/include/action_tutorials_interfaces/action_tutorials_interfaces/action/detail/fibonacci__rosidl_typesupport_fastrtps_cpp.hpp
[1.492s] -- Up-to-date: /home/ngo/ros2_ws/install/action_tutorials_interfaces/include/action_tutorials_interfaces/action_tutorials_interfaces/action/detail/dds_fastrtps
[1.492s] -- Up-to-date: /home/ngo/ros2_ws/install/action_tutorials_interfaces/include/action_tutorials_interfaces/action_tutorials_interfaces/msg
[1.493s] -- Up-to-date: /home/ngo/ros2_ws/install/action_tutorials_interfaces/include/action_tutorials_interfaces/action_tutorials_interfaces/msg/rosidl_typesupport_fastrtps_cpp__visibility_control.h
[1.493s] -- Up-to-date: /home/ngo/ros2_ws/install/action_tutorials_interfaces/lib/libaction_tutorials_interfaces__rosidl_typesupport_fastrtps_cpp.so
[1.493s] -- Up-to-date: /home/ngo/ros2_ws/install/action_tutorials_interfaces/include/action_tutorials_interfaces/action_tutorials_interfaces
[1.493s] -- Up-to-date: /home/ngo/ros2_ws/install/action_tutorials_interfaces/include/action_tutorials_interfaces/action_tutorials_interfaces/action
[1.493s] -- Up-to-date: /home/ngo/ros2_ws/install/action_tutorials_interfaces/include/action_tutorials_interfaces/action_tutorials_interfaces/action/detail
[1.493s] -- Up-to-date: /home/ngo/ros2_ws/install/action_tutorials_interfaces/include/action_tutorials_interfaces/action_tutorials_interfaces/action/detail/fibonacci__type_support.cpp
[1.494s] -- Up-to-date: /home/ngo/ros2_ws/install/action_tutorials_interfaces/include/action_tutorials_interfaces/action_tutorials_interfaces/action/detail/fibonacci__rosidl_typesupport_introspection_cpp.hpp
[1.494s] -- Up-to-date: /home/ngo/ros2_ws/install/action_tutorials_interfaces/lib/libaction_tutorials_interfaces__rosidl_typesupport_introspection_cpp.so
[1.494s] -- Up-to-date: /home/ngo/ros2_ws/install/action_tutorials_interfaces/lib/libaction_tutorials_interfaces__rosidl_typesupport_cpp.so
[1.494s] -- Up-to-date: /home/ngo/ros2_ws/install/action_tutorials_interfaces/share/action_tutorials_interfaces/environment/pythonpath.sh
[1.494s] -- Up-to-date: /home/ngo/ros2_ws/install/action_tutorials_interfaces/share/action_tutorials_interfaces/environment/pythonpath.dsv
[1.494s] -- Up-to-date: /home/ngo/ros2_ws/install/action_tutorials_interfaces/local/lib/python3.10/dist-packages/action_tutorials_interfaces-0.0.0-py3.10.egg-info
[1.494s] -- Installing: /home/ngo/ros2_ws/install/action_tutorials_interfaces/local/lib/python3.10/dist-packages/action_tutorials_interfaces-0.0.0-py3.10.egg-info/PKG-INFO
[1.494s] -- Installing: /home/ngo/ros2_ws/install/action_tutorials_interfaces/local/lib/python3.10/dist-packages/action_tutorials_interfaces-0.0.0-py3.10.egg-info/dependency_links.txt
[1.495s] -- Installing: /home/ngo/ros2_ws/install/action_tutorials_interfaces/local/lib/python3.10/dist-packages/action_tutorials_interfaces-0.0.0-py3.10.egg-info/SOURCES.txt
[1.495s] -- Installing: /home/ngo/ros2_ws/install/action_tutorials_interfaces/local/lib/python3.10/dist-packages/action_tutorials_interfaces-0.0.0-py3.10.egg-info/top_level.txt
[1.495s] -- Up-to-date: /home/ngo/ros2_ws/install/action_tutorials_interfaces/local/lib/python3.10/dist-packages/action_tutorials_interfaces
[1.495s] -- Up-to-date: /home/ngo/ros2_ws/install/action_tutorials_interfaces/local/lib/python3.10/dist-packages/action_tutorials_interfaces/action_tutorials_interfaces_s__rosidl_typesupport_fastrtps_c.cpython-310-x86_64-linux-gnu.so
[1.495s] -- Up-to-date: /home/ngo/ros2_ws/install/action_tutorials_interfaces/local/lib/python3.10/dist-packages/action_tutorials_interfaces/_action_tutorials_interfaces_s.ep.rosidl_typesupport_c.c
[1.495s] -- Up-to-date: /home/ngo/ros2_ws/install/action_tutorials_interfaces/local/lib/python3.10/dist-packages/action_tutorials_interfaces/action_tutorials_interfaces_s__rosidl_typesupport_c.cpython-310-x86_64-linux-gnu.so
[1.495s] -- Up-to-date: /home/ngo/ros2_ws/install/action_tutorials_interfaces/local/lib/python3.10/dist-packages/action_tutorials_interfaces/action
[1.496s] -- Up-to-date: /home/ngo/ros2_ws/install/action_tutorials_interfaces/local/lib/python3.10/dist-packages/action_tutorials_interfaces/action/_fibonacci_s.c
[1.496s] -- Up-to-date: /home/ngo/ros2_ws/install/action_tutorials_interfaces/local/lib/python3.10/dist-packages/action_tutorials_interfaces/action/_fibonacci.py
[1.496s] -- Up-to-date: /home/ngo/ros2_ws/install/action_tutorials_interfaces/local/lib/python3.10/dist-packages/action_tutorials_interfaces/action/__init__.py
[1.496s] -- Up-to-date: /home/ngo/ros2_ws/install/action_tutorials_interfaces/local/lib/python3.10/dist-packages/action_tutorials_interfaces/libaction_tutorials_interfaces__rosidl_generator_py.so
[1.496s] -- Up-to-date: /home/ngo/ros2_ws/install/action_tutorials_interfaces/local/lib/python3.10/dist-packages/action_tutorials_interfaces/_action_tutorials_interfaces_s.ep.rosidl_typesupport_fastrtps_c.c
[1.497s] -- Up-to-date: /home/ngo/ros2_ws/install/action_tutorials_interfaces/local/lib/python3.10/dist-packages/action_tutorials_interfaces/_action_tutorials_interfaces_s.ep.rosidl_typesupport_introspection_c.c
[1.497s] -- Up-to-date: /home/ngo/ros2_ws/install/action_tutorials_interfaces/local/lib/python3.10/dist-packages/action_tutorials_interfaces/action_tutorials_interfaces_s__rosidl_typesupport_introspection_c.cpython-310-x86_64-linux-gnu.so
[1.497s] -- Up-to-date: /home/ngo/ros2_ws/install/action_tutorials_interfaces/local/lib/python3.10/dist-packages/action_tutorials_interfaces/__init__.py
[1.539s] Listing '/home/ngo/ros2_ws/install/action_tutorials_interfaces/local/lib/python3.10/dist-packages/action_tutorials_interfaces'...
[1.540s] Listing '/home/ngo/ros2_ws/install/action_tutorials_interfaces/local/lib/python3.10/dist-packages/action_tutorials_interfaces/action'...
[1.547s] -- Up-to-date: /home/ngo/ros2_ws/install/action_tutorials_interfaces/local/lib/python3.10/dist-packages/action_tutorials_interfaces/action_tutorials_interfaces_s__rosidl_typesupport_fastrtps_c.cpython-310-x86_64-linux-gnu.so
[1.547s] -- Up-to-date: /home/ngo/ros2_ws/install/action_tutorials_interfaces/local/lib/python3.10/dist-packages/action_tutorials_interfaces/action_tutorials_interfaces_s__rosidl_typesupport_introspection_c.cpython-310-x86_64-linux-gnu.so
[1.548s] -- Up-to-date: /home/ngo/ros2_ws/install/action_tutorials_interfaces/local/lib/python3.10/dist-packages/action_tutorials_interfaces/action_tutorials_interfaces_s__rosidl_typesupport_c.cpython-310-x86_64-linux-gnu.so
[1.548s] -- Up-to-date: /home/ngo/ros2_ws/install/action_tutorials_interfaces/lib/libaction_tutorials_interfaces__rosidl_generator_py.so
[1.549s] -- Up-to-date: /home/ngo/ros2_ws/install/action_tutorials_interfaces/share/action_tutorials_interfaces/action/Fibonacci.idl
[1.549s] -- Up-to-date: /home/ngo/ros2_ws/install/action_tutorials_interfaces/share/action_tutorials_interfaces/action/Fibonacci.action
[1.550s] -- Up-to-date: /home/ngo/ros2_ws/install/action_tutorials_interfaces/share/ament_index/resource_index/package_run_dependencies/action_tutorials_interfaces
[1.550s] -- Up-to-date: /home/ngo/ros2_ws/install/action_tutorials_interfaces/share/ament_index/resource_index/parent_prefix_path/action_tutorials_interfaces
[1.550s] -- Up-to-date: /home/ngo/ros2_ws/install/action_tutorials_interfaces/share/action_tutorials_interfaces/environment/ament_prefix_path.sh
[1.550s] -- Up-to-date: /home/ngo/ros2_ws/install/action_tutorials_interfaces/share/action_tutorials_interfaces/environment/ament_prefix_path.dsv
[1.551s] -- Up-to-date: /home/ngo/ros2_ws/install/action_tutorials_interfaces/share/action_tutorials_interfaces/environment/path.sh
[1.551s] -- Up-to-date: /home/ngo/ros2_ws/install/action_tutorials_interfaces/share/action_tutorials_interfaces/environment/path.dsv
[1.552s] -- Up-to-date: /home/ngo/ros2_ws/install/action_tutorials_interfaces/share/action_tutorials_interfaces/local_setup.bash
[1.553s] -- Up-to-date: /home/ngo/ros2_ws/install/action_tutorials_interfaces/share/action_tutorials_interfaces/local_setup.sh
[1.553s] -- Up-to-date: /home/ngo/ros2_ws/install/action_tutorials_interfaces/share/action_tutorials_interfaces/local_setup.zsh
[1.554s] -- Up-to-date: /home/ngo/ros2_ws/install/action_tutorials_interfaces/share/action_tutorials_interfaces/local_setup.dsv
[1.554s] -- Installing: /home/ngo/ros2_ws/install/action_tutorials_interfaces/share/action_tutorials_interfaces/package.dsv
[1.555s] -- Up-to-date: /home/ngo/ros2_ws/install/action_tutorials_interfaces/share/ament_index/resource_index/packages/action_tutorials_interfaces
[1.555s] -- Up-to-date: /home/ngo/ros2_ws/install/action_tutorials_interfaces/share/action_tutorials_interfaces/cmake/export_action_tutorials_interfaces__rosidl_generator_cExport.cmake
[1.556s] -- Up-to-date: /home/ngo/ros2_ws/install/action_tutorials_interfaces/share/action_tutorials_interfaces/cmake/export_action_tutorials_interfaces__rosidl_generator_cExport-noconfig.cmake
[1.556s] -- Up-to-date: /home/ngo/ros2_ws/install/action_tutorials_interfaces/share/action_tutorials_interfaces/cmake/export_action_tutorials_interfaces__rosidl_typesupport_fastrtps_cExport.cmake
[1.557s] -- Up-to-date: /home/ngo/ros2_ws/install/action_tutorials_interfaces/share/action_tutorials_interfaces/cmake/export_action_tutorials_interfaces__rosidl_typesupport_fastrtps_cExport-noconfig.cmake
[1.557s] -- Up-to-date: /home/ngo/ros2_ws/install/action_tutorials_interfaces/share/action_tutorials_interfaces/cmake/action_tutorials_interfaces__rosidl_typesupport_introspection_cExport.cmake
[1.557s] -- Up-to-date: /home/ngo/ros2_ws/install/action_tutorials_interfaces/share/action_tutorials_interfaces/cmake/action_tutorials_interfaces__rosidl_typesupport_introspection_cExport-noconfig.cmake
[1.557s] -- Up-to-date: /home/ngo/ros2_ws/install/action_tutorials_interfaces/share/action_tutorials_interfaces/cmake/action_tutorials_interfaces__rosidl_typesupport_cExport.cmake
[1.558s] -- Up-to-date: /home/ngo/ros2_ws/install/action_tutorials_interfaces/share/action_tutorials_interfaces/cmake/action_tutorials_interfaces__rosidl_typesupport_cExport-noconfig.cmake
[1.559s] -- Up-to-date: /home/ngo/ros2_ws/install/action_tutorials_interfaces/share/action_tutorials_interfaces/cmake/export_action_tutorials_interfaces__rosidl_generator_cppExport.cmake
[1.559s] -- Up-to-date: /home/ngo/ros2_ws/install/action_tutorials_interfaces/share/action_tutorials_interfaces/cmake/export_action_tutorials_interfaces__rosidl_typesupport_fastrtps_cppExport.cmake
[1.559s] -- Up-to-date: /home/ngo/ros2_ws/install/action_tutorials_interfaces/share/action_tutorials_interfaces/cmake/export_action_tutorials_interfaces__rosidl_typesupport_fastrtps_cppExport-noconfig.cmake
[1.559s] -- Up-to-date: /home/ngo/ros2_ws/install/action_tutorials_interfaces/share/action_tutorials_interfaces/cmake/action_tutorials_interfaces__rosidl_typesupport_introspection_cppExport.cmake
[1.559s] -- Up-to-date: /home/ngo/ros2_ws/install/action_tutorials_interfaces/share/action_tutorials_interfaces/cmake/action_tutorials_interfaces__rosidl_typesupport_introspection_cppExport-noconfig.cmake
[1.560s] -- Up-to-date: /home/ngo/ros2_ws/install/action_tutorials_interfaces/share/action_tutorials_interfaces/cmake/action_tutorials_interfaces__rosidl_typesupport_cppExport.cmake
[1.560s] -- Up-to-date: /home/ngo/ros2_ws/install/action_tutorials_interfaces/share/action_tutorials_interfaces/cmake/action_tutorials_interfaces__rosidl_typesupport_cppExport-noconfig.cmake
[1.560s] -- Up-to-date: /home/ngo/ros2_ws/install/action_tutorials_interfaces/share/action_tutorials_interfaces/cmake/export_action_tutorials_interfaces__rosidl_generator_pyExport.cmake
[1.560s] -- Up-to-date: /home/ngo/ros2_ws/install/action_tutorials_interfaces/share/action_tutorials_interfaces/cmake/export_action_tutorials_interfaces__rosidl_generator_pyExport-noconfig.cmake
[1.560s] -- Up-to-date: /home/ngo/ros2_ws/install/action_tutorials_interfaces/share/action_tutorials_interfaces/cmake/rosidl_cmake-extras.cmake
[1.560s] -- Up-to-date: /home/ngo/ros2_ws/install/action_tutorials_interfaces/share/action_tutorials_interfaces/cmake/ament_cmake_export_dependencies-extras.cmake
[1.560s] -- Up-to-date: /home/ngo/ros2_ws/install/action_tutorials_interfaces/share/action_tutorials_interfaces/cmake/ament_cmake_export_include_directories-extras.cmake
[1.561s] -- Up-to-date: /home/ngo/ros2_ws/install/action_tutorials_interfaces/share/action_tutorials_interfaces/cmake/ament_cmake_export_libraries-extras.cmake
[1.561s] -- Up-to-date: /home/ngo/ros2_ws/install/action_tutorials_interfaces/share/action_tutorials_interfaces/cmake/ament_cmake_export_targets-extras.cmake
[1.561s] -- Up-to-date: /home/ngo/ros2_ws/install/action_tutorials_interfaces/share/action_tutorials_interfaces/cmake/rosidl_cmake_export_typesupport_targets-extras.cmake
[1.561s] -- Up-to-date: /home/ngo/ros2_ws/install/action_tutorials_interfaces/share/action_tutorials_interfaces/cmake/rosidl_cmake_export_typesupport_libraries-extras.cmake
[1.561s] -- Up-to-date: /home/ngo/ros2_ws/install/action_tutorials_interfaces/share/action_tutorials_interfaces/cmake/action_tutorials_interfacesConfig.cmake
[1.562s] -- Up-to-date: /home/ngo/ros2_ws/install/action_tutorials_interfaces/share/action_tutorials_interfaces/cmake/action_tutorials_interfacesConfig-version.cmake
[1.562s] -- Up-to-date: /home/ngo/ros2_ws/install/action_tutorials_interfaces/share/action_tutorials_interfaces/package.xml
[1.623s] Invoked command in '/home/ngo/ros2_ws/build/action_tutorials_interfaces' returned '0': CMAKE_PREFIX_PATH=${CMAKE_PREFIX_PATH}:/opt/ros/humble /usr/bin/cmake --install /home/ngo/ros2_ws/build/action_tutorials_interfaces
