running egg_info
creating ../../build/my_package/my_package.egg-info
writing ../../build/my_package/my_package.egg-info/PKG-INFO
writing dependency_links to ../../build/my_package/my_package.egg-info/dependency_links.txt
writing entry points to ../../build/my_package/my_package.egg-info/entry_points.txt
writing requirements to ../../build/my_package/my_package.egg-info/requires.txt
writing top-level names to ../../build/my_package/my_package.egg-info/top_level.txt
writing manifest file '../../build/my_package/my_package.egg-info/SOURCES.txt'
reading manifest file '../../build/my_package/my_package.egg-info/SOURCES.txt'
writing manifest file '../../build/my_package/my_package.egg-info/SOURCES.txt'
running build
running build_py
creating /home/ngo/ros2_ws/build/my_package/build
creating /home/ngo/ros2_ws/build/my_package/build/lib
creating /home/ngo/ros2_ws/build/my_package/build/lib/my_package
copying my_package/subscriber_member_function.py -> /home/ngo/ros2_ws/build/my_package/build/lib/my_package
copying my_package/client_time.py -> /home/ngo/ros2_ws/build/my_package/build/lib/my_package
copying my_package/prime_numbers_action_server.py -> /home/ngo/ros2_ws/build/my_package/build/lib/my_package
copying my_package/go_to_goal_input_cood.py -> /home/ngo/ros2_ws/build/my_package/build/lib/my_package
copying my_package/my_node.py -> /home/ngo/ros2_ws/build/my_package/build/lib/my_package
copying my_package/prime_numbers_action_client.py -> /home/ngo/ros2_ws/build/my_package/build/lib/my_package
copying my_package/server_time.py -> /home/ngo/ros2_ws/build/my_package/build/lib/my_package
copying my_package/publisher_member_function.py -> /home/ngo/ros2_ws/build/my_package/build/lib/my_package
copying my_package/__init__.py -> /home/ngo/ros2_ws/build/my_package/build/lib/my_package
running install
/usr/lib/python3/dist-packages/setuptools/command/install.py:34: SetuptoolsDeprecationWarning: setup.py install is deprecated. Use build and pip and other standards-based tools.
  warnings.warn(
running install_lib
creating /home/ngo/ros2_ws/install/my_package/lib/python3.10/site-packages/my_package
copying /home/ngo/ros2_ws/build/my_package/build/lib/my_package/subscriber_member_function.py -> /home/ngo/ros2_ws/install/my_package/lib/python3.10/site-packages/my_package
copying /home/ngo/ros2_ws/build/my_package/build/lib/my_package/client_time.py -> /home/ngo/ros2_ws/install/my_package/lib/python3.10/site-packages/my_package
copying /home/ngo/ros2_ws/build/my_package/build/lib/my_package/prime_numbers_action_server.py -> /home/ngo/ros2_ws/install/my_package/lib/python3.10/site-packages/my_package
copying /home/ngo/ros2_ws/build/my_package/build/lib/my_package/go_to_goal_input_cood.py -> /home/ngo/ros2_ws/install/my_package/lib/python3.10/site-packages/my_package
copying /home/ngo/ros2_ws/build/my_package/build/lib/my_package/my_node.py -> /home/ngo/ros2_ws/install/my_package/lib/python3.10/site-packages/my_package
copying /home/ngo/ros2_ws/build/my_package/build/lib/my_package/prime_numbers_action_client.py -> /home/ngo/ros2_ws/install/my_package/lib/python3.10/site-packages/my_package
copying /home/ngo/ros2_ws/build/my_package/build/lib/my_package/server_time.py -> /home/ngo/ros2_ws/install/my_package/lib/python3.10/site-packages/my_package
copying /home/ngo/ros2_ws/build/my_package/build/lib/my_package/publisher_member_function.py -> /home/ngo/ros2_ws/install/my_package/lib/python3.10/site-packages/my_package
copying /home/ngo/ros2_ws/build/my_package/build/lib/my_package/__init__.py -> /home/ngo/ros2_ws/install/my_package/lib/python3.10/site-packages/my_package
byte-compiling /home/ngo/ros2_ws/install/my_package/lib/python3.10/site-packages/my_package/subscriber_member_function.py to subscriber_member_function.cpython-310.pyc
byte-compiling /home/ngo/ros2_ws/install/my_package/lib/python3.10/site-packages/my_package/client_time.py to client_time.cpython-310.pyc
byte-compiling /home/ngo/ros2_ws/install/my_package/lib/python3.10/site-packages/my_package/prime_numbers_action_server.py to prime_numbers_action_server.cpython-310.pyc
byte-compiling /home/ngo/ros2_ws/install/my_package/lib/python3.10/site-packages/my_package/go_to_goal_input_cood.py to go_to_goal_input_cood.cpython-310.pyc
byte-compiling /home/ngo/ros2_ws/install/my_package/lib/python3.10/site-packages/my_package/my_node.py to my_node.cpython-310.pyc
byte-compiling /home/ngo/ros2_ws/install/my_package/lib/python3.10/site-packages/my_package/prime_numbers_action_client.py to prime_numbers_action_client.cpython-310.pyc
byte-compiling /home/ngo/ros2_ws/install/my_package/lib/python3.10/site-packages/my_package/server_time.py to server_time.cpython-310.pyc
Sorry: TabError: inconsistent use of tabs and spaces in indentation (server_time.py, line 20)
byte-compiling /home/ngo/ros2_ws/install/my_package/lib/python3.10/site-packages/my_package/publisher_member_function.py to publisher_member_function.cpython-310.pyc
byte-compiling /home/ngo/ros2_ws/install/my_package/lib/python3.10/site-packages/my_package/__init__.py to __init__.cpython-310.pyc
running install_data
creating /home/ngo/ros2_ws/install/my_package/share/ament_index
creating /home/ngo/ros2_ws/install/my_package/share/ament_index/resource_index
creating /home/ngo/ros2_ws/install/my_package/share/ament_index/resource_index/packages
copying resource/my_package -> /home/ngo/ros2_ws/install/my_package/share/ament_index/resource_index/packages
copying package.xml -> /home/ngo/ros2_ws/install/my_package/share/my_package
running install_egg_info
Copying ../../build/my_package/my_package.egg-info to /home/ngo/ros2_ws/install/my_package/lib/python3.10/site-packages/my_package-0.0.0-py3.10.egg-info
running install_scripts
Installing my_node script to /home/ngo/ros2_ws/install/my_package/lib/my_package
writing list of installed files to '/home/ngo/ros2_ws/build/my_package/install.log'
