[1.566s] Invoking command in '/home/ngo/ros2_ws/src/my_package': PYTHONPATH=/home/ngo/ros2_ws/build/my_package/prefix_override:/home/ngo/ros2_ws/install/my_package/lib/python3.10/site-packages:${PYTHONPATH} /usr/bin/python3 setup.py egg_info --egg-base ../../build/my_package build --build-base /home/ngo/ros2_ws/build/my_package/build install --record /home/ngo/ros2_ws/build/my_package/install.log --single-version-externally-managed
[1.903s] running egg_info
[1.904s] creating ../../build/my_package/my_package.egg-info
[1.904s] writing ../../build/my_package/my_package.egg-info/PKG-INFO
[1.905s] writing dependency_links to ../../build/my_package/my_package.egg-info/dependency_links.txt
[1.905s] writing entry points to ../../build/my_package/my_package.egg-info/entry_points.txt
[1.905s] writing requirements to ../../build/my_package/my_package.egg-info/requires.txt
[1.905s] writing top-level names to ../../build/my_package/my_package.egg-info/top_level.txt
[1.905s] writing manifest file '../../build/my_package/my_package.egg-info/SOURCES.txt'
[1.907s] reading manifest file '../../build/my_package/my_package.egg-info/SOURCES.txt'
[1.909s] writing manifest file '../../build/my_package/my_package.egg-info/SOURCES.txt'
[1.910s] running build
[1.910s] running build_py
[1.910s] creating /home/ngo/ros2_ws/build/my_package/build
[1.911s] creating /home/ngo/ros2_ws/build/my_package/build/lib
[1.911s] creating /home/ngo/ros2_ws/build/my_package/build/lib/my_package
[1.911s] copying my_package/subscriber_member_function.py -> /home/ngo/ros2_ws/build/my_package/build/lib/my_package
[1.912s] copying my_package/client_time.py -> /home/ngo/ros2_ws/build/my_package/build/lib/my_package
[1.912s] copying my_package/prime_numbers_action_server.py -> /home/ngo/ros2_ws/build/my_package/build/lib/my_package
[1.912s] copying my_package/go_to_goal_input_cood.py -> /home/ngo/ros2_ws/build/my_package/build/lib/my_package
[1.912s] copying my_package/my_node.py -> /home/ngo/ros2_ws/build/my_package/build/lib/my_package
[1.912s] copying my_package/prime_numbers_action_client.py -> /home/ngo/ros2_ws/build/my_package/build/lib/my_package
[1.913s] copying my_package/server_time.py -> /home/ngo/ros2_ws/build/my_package/build/lib/my_package
[1.913s] copying my_package/publisher_member_function.py -> /home/ngo/ros2_ws/build/my_package/build/lib/my_package
[1.913s] copying my_package/__init__.py -> /home/ngo/ros2_ws/build/my_package/build/lib/my_package
[1.914s] running install
[1.914s] /usr/lib/python3/dist-packages/setuptools/command/install.py:34: SetuptoolsDeprecationWarning: setup.py install is deprecated. Use build and pip and other standards-based tools.
[1.914s]   warnings.warn(
[1.914s] running install_lib
[1.915s] creating /home/ngo/ros2_ws/install/my_package/lib/python3.10/site-packages/my_package
[1.915s] copying /home/ngo/ros2_ws/build/my_package/build/lib/my_package/subscriber_member_function.py -> /home/ngo/ros2_ws/install/my_package/lib/python3.10/site-packages/my_package
[1.915s] copying /home/ngo/ros2_ws/build/my_package/build/lib/my_package/client_time.py -> /home/ngo/ros2_ws/install/my_package/lib/python3.10/site-packages/my_package
[1.915s] copying /home/ngo/ros2_ws/build/my_package/build/lib/my_package/prime_numbers_action_server.py -> /home/ngo/ros2_ws/install/my_package/lib/python3.10/site-packages/my_package
[1.915s] copying /home/ngo/ros2_ws/build/my_package/build/lib/my_package/go_to_goal_input_cood.py -> /home/ngo/ros2_ws/install/my_package/lib/python3.10/site-packages/my_package
[1.916s] copying /home/ngo/ros2_ws/build/my_package/build/lib/my_package/my_node.py -> /home/ngo/ros2_ws/install/my_package/lib/python3.10/site-packages/my_package
[1.916s] copying /home/ngo/ros2_ws/build/my_package/build/lib/my_package/prime_numbers_action_client.py -> /home/ngo/ros2_ws/install/my_package/lib/python3.10/site-packages/my_package
[1.916s] copying /home/ngo/ros2_ws/build/my_package/build/lib/my_package/server_time.py -> /home/ngo/ros2_ws/install/my_package/lib/python3.10/site-packages/my_package
[1.916s] copying /home/ngo/ros2_ws/build/my_package/build/lib/my_package/publisher_member_function.py -> /home/ngo/ros2_ws/install/my_package/lib/python3.10/site-packages/my_package
[1.916s] copying /home/ngo/ros2_ws/build/my_package/build/lib/my_package/__init__.py -> /home/ngo/ros2_ws/install/my_package/lib/python3.10/site-packages/my_package
[1.916s] byte-compiling /home/ngo/ros2_ws/install/my_package/lib/python3.10/site-packages/my_package/subscriber_member_function.py to subscriber_member_function.cpython-310.pyc
[1.917s] byte-compiling /home/ngo/ros2_ws/install/my_package/lib/python3.10/site-packages/my_package/client_time.py to client_time.cpython-310.pyc
[1.917s] byte-compiling /home/ngo/ros2_ws/install/my_package/lib/python3.10/site-packages/my_package/prime_numbers_action_server.py to prime_numbers_action_server.cpython-310.pyc
[1.917s] byte-compiling /home/ngo/ros2_ws/install/my_package/lib/python3.10/site-packages/my_package/go_to_goal_input_cood.py to go_to_goal_input_cood.cpython-310.pyc
[1.917s] byte-compiling /home/ngo/ros2_ws/install/my_package/lib/python3.10/site-packages/my_package/my_node.py to my_node.cpython-310.pyc
[1.917s] byte-compiling /home/ngo/ros2_ws/install/my_package/lib/python3.10/site-packages/my_package/prime_numbers_action_client.py to prime_numbers_action_client.cpython-310.pyc
[1.918s] byte-compiling /home/ngo/ros2_ws/install/my_package/lib/python3.10/site-packages/my_package/server_time.py to server_time.cpython-310.pyc
[1.918s] Sorry: TabError: inconsistent use of tabs and spaces in indentation (server_time.py, line 20)
[1.918s] byte-compiling /home/ngo/ros2_ws/install/my_package/lib/python3.10/site-packages/my_package/publisher_member_function.py to publisher_member_function.cpython-310.pyc
[1.919s] byte-compiling /home/ngo/ros2_ws/install/my_package/lib/python3.10/site-packages/my_package/__init__.py to __init__.cpython-310.pyc
[1.919s] running install_data
[1.920s] creating /home/ngo/ros2_ws/install/my_package/share/ament_index
[1.920s] creating /home/ngo/ros2_ws/install/my_package/share/ament_index/resource_index
[1.920s] creating /home/ngo/ros2_ws/install/my_package/share/ament_index/resource_index/packages
[1.920s] copying resource/my_package -> /home/ngo/ros2_ws/install/my_package/share/ament_index/resource_index/packages
[1.920s] copying package.xml -> /home/ngo/ros2_ws/install/my_package/share/my_package
[1.920s] running install_egg_info
[1.924s] Copying ../../build/my_package/my_package.egg-info to /home/ngo/ros2_ws/install/my_package/lib/python3.10/site-packages/my_package-0.0.0-py3.10.egg-info
[1.925s] running install_scripts
[1.947s] Installing my_node script to /home/ngo/ros2_ws/install/my_package/lib/my_package
[1.949s] writing list of installed files to '/home/ngo/ros2_ws/build/my_package/install.log'
[1.979s] Invoked command in '/home/ngo/ros2_ws/src/my_package' returned '0': PYTHONPATH=/home/ngo/ros2_ws/build/my_package/prefix_override:/home/ngo/ros2_ws/install/my_package/lib/python3.10/site-packages:${PYTHONPATH} /usr/bin/python3 setup.py egg_info --egg-base ../../build/my_package build --build-base /home/ngo/ros2_ws/build/my_package/build install --record /home/ngo/ros2_ws/build/my_package/install.log --single-version-externally-managed
