running egg_info
writing ../../build/bag_recorder_nodes_py/bag_recorder_nodes_py.egg-info/PKG-INFO
writing dependency_links to ../../build/bag_recorder_nodes_py/bag_recorder_nodes_py.egg-info/dependency_links.txt
deleting ../../build/bag_recorder_nodes_py/bag_recorder_nodes_py.egg-info/entry_points.txt
writing requirements to ../../build/bag_recorder_nodes_py/bag_recorder_nodes_py.egg-info/requires.txt
writing top-level names to ../../build/bag_recorder_nodes_py/bag_recorder_nodes_py.egg-info/top_level.txt
reading manifest file '../../build/bag_recorder_nodes_py/bag_recorder_nodes_py.egg-info/SOURCES.txt'
writing manifest file '../../build/bag_recorder_nodes_py/bag_recorder_nodes_py.egg-info/SOURCES.txt'
running build
running build_py
copying bag_recorder_nodes_py/__init__.py -> /home/ngo/ros2_ws/build/bag_recorder_nodes_py/build/lib/bag_recorder_nodes_py
running install
running install_lib
running install_data
copying resource/bag_recorder_nodes_py -> /home/ngo/ros2_ws/install/bag_recorder_nodes_py/share/ament_index/resource_index/packages
copying package.xml -> /home/ngo/ros2_ws/install/bag_recorder_nodes_py/share/bag_recorder_nodes_py
running install_egg_info
removing '/home/ngo/ros2_ws/install/bag_recorder_nodes_py/lib/python3.10/site-packages/bag_recorder_nodes_py-0.0.0-py3.10.egg-info' (and everything under it)
Copying ../../build/bag_recorder_nodes_py/bag_recorder_nodes_py.egg-info to /home/ngo/ros2_ws/install/bag_recorder_nodes_py/lib/python3.10/site-packages/bag_recorder_nodes_py-0.0.0-py3.10.egg-info
running install_scripts
writing list of installed files to '/home/ngo/ros2_ws/build/bag_recorder_nodes_py/install.log'
