[0.042s] Invoking command in '/home/ngo/turtlebot3_ws/build/turtlebot3_gazebo': /usr/bin/cmake /home/ngo/turtlebot3_ws/src/turtlebot3_simulations/turtlebot3_gazebo -DCMAKE_INSTALL_PREFIX=/home/ngo/turtlebot3_ws/install/turtlebot3_gazebo
[0.064s] [31mCMake Error at CMakeLists.txt:22 (find_package):
[0.064s]   By not providing "Findament_cmake.cmake" in CMAKE_MODULE_PATH this project
[0.064s]   has asked CMake to find a package configuration file provided by
[0.064s]   "ament_cmake", but CMake did not find one.
[0.064s] 
[0.064s]   Could not find a package configuration file provided by "ament_cmake" with
[0.064s]   any of the following names:
[0.064s] 
[0.065s]     ament_cmakeConfig.cmake
[0.065s]     ament_cmake-config.cmake
[0.065s] 
[0.065s]   Add the installation prefix of "ament_cmake" to CMAKE_PREFIX_PATH or set
[0.065s]   "ament_cmake_DIR" to a directory containing one of the above files.  If
[0.066s]   "ament_cmake" provides a separate development package or SDK, be sure it
[0.066s]   has been installed.
[0.066s] 
[0.066s] [0m
[0.066s] -- Configuring incomplete, errors occurred!
[0.066s] See also "/home/ngo/turtlebot3_ws/build/turtlebot3_gazebo/CMakeFiles/CMakeOutput.log".
