[0.328s] Invoking command in '/home/ngo/ros2_ws/build/turtlesim': CMAKE_PREFIX_PATH=${CMAKE_PREFIX_PATH}:/opt/ros/humble /usr/bin/cmake --build /home/ngo/ros2_ws/build/turtlesim -- -j8 -l8
[0.660s] -- Found ament_cmake: 1.3.6 (/opt/ros/humble/share/ament_cmake/cmake)
[0.660s] -- Found ament_index_cpp: 1.4.0 (/opt/ros/humble/share/ament_index_cpp/cmake)
[0.660s] -- Found geometry_msgs: 4.2.3 (/opt/ros/humble/share/geometry_msgs/cmake)
[0.661s] -- Found rosidl_generator_c: 3.1.5 (/opt/ros/humble/share/rosidl_generator_c/cmake)
[0.661s] -- Found rosidl_adapter: 3.1.5 (/opt/ros/humble/share/rosidl_adapter/cmake)
[0.661s] -- Found rosidl_generator_cpp: 3.1.5 (/opt/ros/humble/share/rosidl_generator_cpp/cmake)
[0.661s] -- Using all available rosidl_typesupport_c: rosidl_typesupport_fastrtps_c;rosidl_typesupport_introspection_c
[0.661s] -- Using all available rosidl_typesupport_cpp: rosidl_typesupport_fastrtps_cpp;rosidl_typesupport_introspection_cpp
[0.812s] -- Found rclcpp: 16.0.7 (/opt/ros/humble/share/rclcpp/cmake)
[0.884s] -- Found rmw_implementation_cmake: 6.1.1 (/opt/ros/humble/share/rmw_implementation_cmake/cmake)
[0.887s] -- Found rmw_cyclonedds_cpp: 1.3.4 (/opt/ros/humble/share/rmw_cyclonedds_cpp/cmake)
[0.943s] -- Using RMW implementation 'rmw_cyclonedds_cpp' as default
[1.123s] -- Found rclcpp_action: 16.0.7 (/opt/ros/humble/share/rclcpp_action/cmake)
[1.220s] -- Found rosidl_default_generators: 1.2.0 (/opt/ros/humble/share/rosidl_default_generators/cmake)
[1.228s] -- Found std_srvs: 4.2.3 (/opt/ros/humble/share/std_srvs/cmake)
[1.588s] -- Found ament_cmake_ros: 0.10.0 (/opt/ros/humble/share/ament_cmake_ros/cmake)
[2.068s] -- Using all available rosidl_typesupport_c: rosidl_typesupport_fastrtps_c;rosidl_typesupport_introspection_c
[2.213s] -- Using all available rosidl_typesupport_cpp: rosidl_typesupport_fastrtps_cpp;rosidl_typesupport_introspection_cpp
[2.235s] -- Found python_cmake_module: 0.10.0 (/opt/ros/humble/share/python_cmake_module/cmake)
[2.258s] -- Using PYTHON_EXECUTABLE: /usr/bin/python3
[2.258s] -- Using PYTHON_INCLUDE_DIRS: /usr/include/python3.10
[2.259s] -- Using PYTHON_LIBRARIES: /usr/lib/x86_64-linux-gnu/libpython3.10.so
[2.305s] -- Configuring done
[2.431s] -- Generating done
[2.437s] -- Build files have been written to: /home/ngo/ros2_ws/build/turtlesim
[2.484s] [  1%] [34m[1mGenerating C code for ROS interfaces[0m
[2.502s] [  2%] [34m[1mGenerating C++ code for ROS interfaces[0m
[2.521s] [  2%] Built target ament_cmake_python_copy_turtlesim
[2.868s] running egg_info
[2.899s] writing turtlesim.egg-info/PKG-INFO
[2.899s] writing dependency_links to turtlesim.egg-info/dependency_links.txt
[2.900s] writing top-level names to turtlesim.egg-info/top_level.txt
[3.000s] reading manifest file 'turtlesim.egg-info/SOURCES.txt'
[3.002s] writing manifest file 'turtlesim.egg-info/SOURCES.txt'
[3.050s] [  2%] Built target ament_cmake_python_build_turtlesim_egg
[3.972s] [35m[1mConsolidate compiler generated dependencies of target turtlesim__rosidl_generator_c[0m
[3.988s] [  4%] [32mBuilding C object CMakeFiles/turtlesim__rosidl_generator_c.dir/rosidl_generator_c/turtlesim/msg/detail/color__functions.c.o[0m
[3.988s] [  4%] [32mBuilding C object CMakeFiles/turtlesim__rosidl_generator_c.dir/rosidl_generator_c/turtlesim/action/detail/rotate_absolute__functions.c.o[0m
[3.988s] [  5%] [32mBuilding C object CMakeFiles/turtlesim__rosidl_generator_c.dir/rosidl_generator_c/turtlesim/srv/detail/kill__functions.c.o[0m
[3.989s] [  6%] [32mBuilding C object CMakeFiles/turtlesim__rosidl_generator_c.dir/rosidl_generator_c/turtlesim/msg/detail/pose__functions.c.o[0m
[4.000s] [  8%] [32mBuilding C object CMakeFiles/turtlesim__rosidl_generator_c.dir/rosidl_generator_c/turtlesim/srv/detail/teleport_absolute__functions.c.o[0m
[4.000s] [  8%] [32mBuilding C object CMakeFiles/turtlesim__rosidl_generator_c.dir/rosidl_generator_c/turtlesim/srv/detail/set_pen__functions.c.o[0m
[4.001s] [  9%] [32mBuilding C object CMakeFiles/turtlesim__rosidl_generator_c.dir/rosidl_generator_c/turtlesim/srv/detail/spawn__functions.c.o[0m
[4.094s] [ 10%] [32mBuilding C object CMakeFiles/turtlesim__rosidl_generator_c.dir/rosidl_generator_c/turtlesim/srv/detail/teleport_relative__functions.c.o[0m
[4.189s] [ 10%] Built target turtlesim__cpp
[4.192s] [ 11%] [32m[1mLinking C shared library libturtlesim__rosidl_generator_c.so[0m
[4.200s] [ 12%] [34m[1mGenerating C++ type support for eProsima Fast-RTPS[0m
[4.200s] [ 13%] [34m[1mGenerating C++ introspection for ROS interfaces[0m
[4.202s] [ 14%] [34m[1mGenerating C++ type support dispatch for ROS interfaces[0m
[4.247s] [ 14%] Built target turtlesim__rosidl_generator_c
[4.262s] [ 17%] [34m[1mGenerating C type support for eProsima Fast-RTPS[0m
[4.262s] [ 17%] [34m[1mGenerating C type support dispatch for ROS interfaces[0m
[4.263s] [ 17%] [34m[1mGenerating C introspection for ROS interfaces[0m
[5.053s] [35m[1mConsolidate compiler generated dependencies of target turtlesim__rosidl_typesupport_fastrtps_cpp[0m
[5.060s] [35m[1mConsolidate compiler generated dependencies of target turtlesim__rosidl_typesupport_cpp[0m
[5.087s] [ 18%] [32mBuilding CXX object CMakeFiles/turtlesim__rosidl_typesupport_cpp.dir/rosidl_typesupport_cpp/turtlesim/action/rotate_absolute__type_support.cpp.o[0m
[5.091s] [ 19%] [32mBuilding CXX object CMakeFiles/turtlesim__rosidl_typesupport_fastrtps_cpp.dir/rosidl_typesupport_fastrtps_cpp/turtlesim/action/detail/dds_fastrtps/rotate_absolute__type_support.cpp.o[0m
[5.099s] [ 20%] [32mBuilding CXX object CMakeFiles/turtlesim__rosidl_typesupport_cpp.dir/rosidl_typesupport_cpp/turtlesim/msg/color__type_support.cpp.o[0m
[5.102s] [ 21%] [32mBuilding CXX object CMakeFiles/turtlesim__rosidl_typesupport_fastrtps_cpp.dir/rosidl_typesupport_fastrtps_cpp/turtlesim/msg/detail/dds_fastrtps/color__type_support.cpp.o[0m
[5.181s] [35m[1mConsolidate compiler generated dependencies of target turtlesim__rosidl_typesupport_c[0m
[5.249s] [ 22%] [32mBuilding CXX object CMakeFiles/turtlesim__rosidl_typesupport_c.dir/rosidl_typesupport_c/turtlesim/action/rotate_absolute__type_support.cpp.o[0m
[5.402s] [ 23%] [32mBuilding CXX object CMakeFiles/turtlesim__rosidl_typesupport_c.dir/rosidl_typesupport_c/turtlesim/msg/color__type_support.cpp.o[0m
[5.448s] [ 24%] [32mBuilding CXX object CMakeFiles/turtlesim__rosidl_typesupport_c.dir/rosidl_typesupport_c/turtlesim/msg/pose__type_support.cpp.o[0m
[5.507s] [ 25%] [32mBuilding CXX object CMakeFiles/turtlesim__rosidl_typesupport_c.dir/rosidl_typesupport_c/turtlesim/srv/kill__type_support.cpp.o[0m
[5.555s] [ 26%] [32mBuilding CXX object CMakeFiles/turtlesim__rosidl_typesupport_cpp.dir/rosidl_typesupport_cpp/turtlesim/msg/pose__type_support.cpp.o[0m
[5.581s] [ 27%] [32mBuilding CXX object CMakeFiles/turtlesim__rosidl_typesupport_c.dir/rosidl_typesupport_c/turtlesim/srv/set_pen__type_support.cpp.o[0m
[5.585s] [35m[1mConsolidate compiler generated dependencies of target turtlesim__rosidl_typesupport_introspection_cpp[0m
[5.617s] [ 28%] [32mBuilding CXX object CMakeFiles/turtlesim__rosidl_typesupport_introspection_cpp.dir/rosidl_typesupport_introspection_cpp/turtlesim/action/detail/rotate_absolute__type_support.cpp.o[0m
[5.646s] [ 29%] [32mBuilding CXX object CMakeFiles/turtlesim__rosidl_typesupport_c.dir/rosidl_typesupport_c/turtlesim/srv/spawn__type_support.cpp.o[0m
[5.700s] [ 30%] [32mBuilding CXX object CMakeFiles/turtlesim__rosidl_typesupport_c.dir/rosidl_typesupport_c/turtlesim/srv/teleport_absolute__type_support.cpp.o[0m
[5.711s] [35m[1mConsolidate compiler generated dependencies of target turtlesim__rosidl_typesupport_introspection_c[0m
[5.744s] [ 31%] [32mBuilding C object CMakeFiles/turtlesim__rosidl_typesupport_introspection_c.dir/rosidl_typesupport_introspection_c/turtlesim/action/detail/rotate_absolute__type_support.c.o[0m
[5.762s] [ 32%] [32mBuilding CXX object CMakeFiles/turtlesim__rosidl_typesupport_introspection_cpp.dir/rosidl_typesupport_introspection_cpp/turtlesim/msg/detail/color__type_support.cpp.o[0m
[5.774s] [ 33%] [32mBuilding CXX object CMakeFiles/turtlesim__rosidl_typesupport_c.dir/rosidl_typesupport_c/turtlesim/srv/teleport_relative__type_support.cpp.o[0m
[5.817s] [ 35%] [32mBuilding C object CMakeFiles/turtlesim__rosidl_typesupport_introspection_c.dir/rosidl_typesupport_introspection_c/turtlesim/msg/detail/color__type_support.c.o[0m
[5.817s] [ 35%] [32mBuilding CXX object CMakeFiles/turtlesim__rosidl_typesupport_cpp.dir/rosidl_typesupport_cpp/turtlesim/srv/kill__type_support.cpp.o[0m
[5.817s] [35m[1mConsolidate compiler generated dependencies of target turtlesim__rosidl_typesupport_fastrtps_c[0m
[5.833s] [ 36%] [32m[1mLinking CXX shared library libturtlesim__rosidl_typesupport_c.so[0m
[5.871s] [ 37%] [32mBuilding CXX object CMakeFiles/turtlesim__rosidl_typesupport_fastrtps_c.dir/rosidl_typesupport_fastrtps_c/turtlesim/action/detail/rotate_absolute__type_support_c.cpp.o[0m
[5.900s] [ 37%] Built target turtlesim__rosidl_typesupport_c
[5.913s] [ 38%] [32mBuilding C object CMakeFiles/turtlesim__rosidl_typesupport_introspection_c.dir/rosidl_typesupport_introspection_c/turtlesim/srv/detail/kill__type_support.c.o[0m
[5.932s] [ 39%] [32mBuilding C object CMakeFiles/turtlesim__rosidl_typesupport_introspection_c.dir/rosidl_typesupport_introspection_c/turtlesim/msg/detail/pose__type_support.c.o[0m
[5.975s] [ 40%] [32mBuilding C object CMakeFiles/turtlesim__rosidl_typesupport_introspection_c.dir/rosidl_typesupport_introspection_c/turtlesim/srv/detail/set_pen__type_support.c.o[0m
[5.990s] [ 41%] [32mBuilding C object CMakeFiles/turtlesim__rosidl_typesupport_introspection_c.dir/rosidl_typesupport_introspection_c/turtlesim/srv/detail/spawn__type_support.c.o[0m
[5.999s] [ 42%] [32mBuilding CXX object CMakeFiles/turtlesim__rosidl_typesupport_fastrtps_cpp.dir/rosidl_typesupport_fastrtps_cpp/turtlesim/msg/detail/dds_fastrtps/pose__type_support.cpp.o[0m
[6.004s] [ 43%] [32mBuilding CXX object CMakeFiles/turtlesim__rosidl_typesupport_fastrtps_c.dir/rosidl_typesupport_fastrtps_c/turtlesim/msg/detail/color__type_support_c.cpp.o[0m
[6.044s] [ 44%] [32mBuilding CXX object CMakeFiles/turtlesim__rosidl_typesupport_fastrtps_c.dir/rosidl_typesupport_fastrtps_c/turtlesim/msg/detail/pose__type_support_c.cpp.o[0m
[6.075s] [ 45%] [32mBuilding C object CMakeFiles/turtlesim__rosidl_typesupport_introspection_c.dir/rosidl_typesupport_introspection_c/turtlesim/srv/detail/teleport_absolute__type_support.c.o[0m
[6.182s] [ 46%] [32mBuilding C object CMakeFiles/turtlesim__rosidl_typesupport_introspection_c.dir/rosidl_typesupport_introspection_c/turtlesim/srv/detail/teleport_relative__type_support.c.o[0m
[6.335s] [ 47%] [32mBuilding CXX object CMakeFiles/turtlesim__rosidl_typesupport_cpp.dir/rosidl_typesupport_cpp/turtlesim/srv/set_pen__type_support.cpp.o[0m
[6.359s] [ 48%] [32m[1mLinking C shared library libturtlesim__rosidl_typesupport_introspection_c.so[0m
[6.495s] [ 48%] Built target turtlesim__rosidl_typesupport_introspection_c
[6.507s] [ 49%] [32mBuilding CXX object CMakeFiles/turtlesim__rosidl_typesupport_fastrtps_cpp.dir/rosidl_typesupport_fastrtps_cpp/turtlesim/srv/detail/dds_fastrtps/kill__type_support.cpp.o[0m
[6.522s] [ 50%] [32mBuilding CXX object CMakeFiles/turtlesim__rosidl_typesupport_fastrtps_cpp.dir/rosidl_typesupport_fastrtps_cpp/turtlesim/srv/detail/dds_fastrtps/set_pen__type_support.cpp.o[0m
[6.564s] [ 51%] [32mBuilding CXX object CMakeFiles/turtlesim__rosidl_typesupport_fastrtps_c.dir/rosidl_typesupport_fastrtps_c/turtlesim/srv/detail/kill__type_support_c.cpp.o[0m
[6.646s] [ 52%] [32mBuilding CXX object CMakeFiles/turtlesim__rosidl_typesupport_fastrtps_cpp.dir/rosidl_typesupport_fastrtps_cpp/turtlesim/srv/detail/dds_fastrtps/spawn__type_support.cpp.o[0m
[6.647s] [ 53%] [32mBuilding CXX object CMakeFiles/turtlesim__rosidl_typesupport_introspection_cpp.dir/rosidl_typesupport_introspection_cpp/turtlesim/msg/detail/pose__type_support.cpp.o[0m
[6.693s] [ 54%] [32mBuilding CXX object CMakeFiles/turtlesim__rosidl_typesupport_introspection_cpp.dir/rosidl_typesupport_introspection_cpp/turtlesim/srv/detail/kill__type_support.cpp.o[0m
[6.717s] [ 55%] [32mBuilding CXX object CMakeFiles/turtlesim__rosidl_typesupport_fastrtps_c.dir/rosidl_typesupport_fastrtps_c/turtlesim/srv/detail/set_pen__type_support_c.cpp.o[0m
[6.798s] [ 56%] [32mBuilding CXX object CMakeFiles/turtlesim__rosidl_typesupport_cpp.dir/rosidl_typesupport_cpp/turtlesim/srv/spawn__type_support.cpp.o[0m
[7.121s] [ 57%] [32mBuilding CXX object CMakeFiles/turtlesim__rosidl_typesupport_fastrtps_c.dir/rosidl_typesupport_fastrtps_c/turtlesim/srv/detail/spawn__type_support_c.cpp.o[0m
[7.214s] [ 58%] [32mBuilding CXX object CMakeFiles/turtlesim__rosidl_typesupport_fastrtps_c.dir/rosidl_typesupport_fastrtps_c/turtlesim/srv/detail/teleport_absolute__type_support_c.cpp.o[0m
[7.255s] [ 60%] [32mBuilding CXX object CMakeFiles/turtlesim__rosidl_typesupport_cpp.dir/rosidl_typesupport_cpp/turtlesim/srv/teleport_absolute__type_support.cpp.o[0m
[7.255s] [ 60%] [32mBuilding CXX object CMakeFiles/turtlesim__rosidl_typesupport_introspection_cpp.dir/rosidl_typesupport_introspection_cpp/turtlesim/srv/detail/set_pen__type_support.cpp.o[0m
[7.305s] [ 61%] [32mBuilding CXX object CMakeFiles/turtlesim__rosidl_typesupport_fastrtps_c.dir/rosidl_typesupport_fastrtps_c/turtlesim/srv/detail/teleport_relative__type_support_c.cpp.o[0m
[7.305s] [ 62%] [32mBuilding CXX object CMakeFiles/turtlesim__rosidl_typesupport_fastrtps_cpp.dir/rosidl_typesupport_fastrtps_cpp/turtlesim/srv/detail/dds_fastrtps/teleport_absolute__type_support.cpp.o[0m
[7.323s] [ 63%] [32mBuilding CXX object CMakeFiles/turtlesim__rosidl_typesupport_introspection_cpp.dir/rosidl_typesupport_introspection_cpp/turtlesim/srv/detail/spawn__type_support.cpp.o[0m
[7.333s] [ 64%] [32mBuilding CXX object CMakeFiles/turtlesim__rosidl_typesupport_fastrtps_cpp.dir/rosidl_typesupport_fastrtps_cpp/turtlesim/srv/detail/dds_fastrtps/teleport_relative__type_support.cpp.o[0m
[7.682s] [ 65%] [32mBuilding CXX object CMakeFiles/turtlesim__rosidl_typesupport_cpp.dir/rosidl_typesupport_cpp/turtlesim/srv/teleport_relative__type_support.cpp.o[0m
[7.689s] [ 66%] [32mBuilding CXX object CMakeFiles/turtlesim__rosidl_typesupport_introspection_cpp.dir/rosidl_typesupport_introspection_cpp/turtlesim/srv/detail/teleport_absolute__type_support.cpp.o[0m
[7.834s] [ 67%] [32mBuilding CXX object CMakeFiles/turtlesim__rosidl_typesupport_introspection_cpp.dir/rosidl_typesupport_introspection_cpp/turtlesim/srv/detail/teleport_relative__type_support.cpp.o[0m
[7.860s] [ 68%] [32m[1mLinking CXX shared library libturtlesim__rosidl_typesupport_fastrtps_c.so[0m
[8.006s] [ 69%] [32m[1mLinking CXX shared library libturtlesim__rosidl_typesupport_fastrtps_cpp.so[0m
[8.014s] [ 69%] Built target turtlesim__rosidl_typesupport_fastrtps_c
[8.069s] [ 70%] [32m[1mLinking CXX shared library libturtlesim__rosidl_typesupport_cpp.so[0m
[8.109s] [ 70%] Built target turtlesim__rosidl_typesupport_fastrtps_cpp
[8.115s] [ 70%] Built target turtlesim__rosidl_typesupport_cpp
[8.130s] [35m[1mConsolidate compiler generated dependencies of target mimic[0m
[8.130s] [35m[1mConsolidate compiler generated dependencies of target turtle_teleop_key[0m
[8.130s] [35m[1mConsolidate compiler generated dependencies of target turtlesim_node[0m
[8.130s] [35m[1mConsolidate compiler generated dependencies of target draw_square[0m
[8.165s] [ 72%] [32mBuilding CXX object CMakeFiles/mimic.dir/tutorials/mimic.cpp.o[0m
[8.165s] [ 72%] [32mBuilding CXX object CMakeFiles/turtle_teleop_key.dir/tutorials/teleop_turtle_key.cpp.o[0m
[8.166s] [ 73%] [32mBuilding CXX object CMakeFiles/draw_square.dir/tutorials/draw_square.cpp.o[0m
[8.168s] [ 74%] [32mBuilding CXX object CMakeFiles/turtlesim_node.dir/src/turtlesim.cpp.o[0m
[8.174s] [ 75%] [32mBuilding CXX object CMakeFiles/turtlesim_node.dir/src/turtle.cpp.o[0m
[8.178s] [ 76%] [32mBuilding CXX object CMakeFiles/turtlesim_node.dir/src/turtle_frame.cpp.o[0m
[8.346s] [ 77%] [32mBuilding CXX object CMakeFiles/turtlesim_node.dir/include/turtlesim/moc_turtle_frame.cpp.o[0m
[8.442s] [ 78%] [32m[1mLinking CXX shared library libturtlesim__rosidl_typesupport_introspection_cpp.so[0m
[8.597s] [ 78%] Built target turtlesim__rosidl_typesupport_introspection_cpp
[8.656s] [ 78%] Built target turtlesim
[8.700s] [ 79%] [34m[1mGenerating Python code for ROS interfaces[0m
[12.705s] [ 79%] Built target turtlesim__py
[12.729s] [35m[1mConsolidate compiler generated dependencies of target turtlesim__rosidl_generator_py[0m
[12.757s] [ 80%] [32mBuilding C object CMakeFiles/turtlesim__rosidl_generator_py.dir/rosidl_generator_py/turtlesim/action/_rotate_absolute_s.c.o[0m
[12.999s] [ 81%] [32mBuilding C object CMakeFiles/turtlesim__rosidl_generator_py.dir/rosidl_generator_py/turtlesim/msg/_color_s.c.o[0m
[13.178s] [ 82%] [32mBuilding C object CMakeFiles/turtlesim__rosidl_generator_py.dir/rosidl_generator_py/turtlesim/msg/_pose_s.c.o[0m
[13.355s] [ 83%] [32mBuilding C object CMakeFiles/turtlesim__rosidl_generator_py.dir/rosidl_generator_py/turtlesim/srv/_kill_s.c.o[0m
[13.559s] [ 84%] [32mBuilding C object CMakeFiles/turtlesim__rosidl_generator_py.dir/rosidl_generator_py/turtlesim/srv/_set_pen_s.c.o[0m
[13.915s] [ 85%] [32mBuilding C object CMakeFiles/turtlesim__rosidl_generator_py.dir/rosidl_generator_py/turtlesim/srv/_spawn_s.c.o[0m
[14.149s] [ 86%] [32mBuilding C object CMakeFiles/turtlesim__rosidl_generator_py.dir/rosidl_generator_py/turtlesim/srv/_teleport_absolute_s.c.o[0m
[14.335s] [ 87%] [32mBuilding C object CMakeFiles/turtlesim__rosidl_generator_py.dir/rosidl_generator_py/turtlesim/srv/_teleport_relative_s.c.o[0m
[14.565s] [ 88%] [32m[1mLinking C shared library rosidl_generator_py/turtlesim/libturtlesim__rosidl_generator_py.so[0m
[14.671s] [ 88%] Built target turtlesim__rosidl_generator_py
[14.690s] [35m[1mConsolidate compiler generated dependencies of target turtlesim__rosidl_typesupport_fastrtps_c__pyext[0m
[14.712s] [ 89%] [32mBuilding C object CMakeFiles/turtlesim__rosidl_typesupport_fastrtps_c__pyext.dir/rosidl_generator_py/turtlesim/_turtlesim_s.ep.rosidl_typesupport_fastrtps_c.c.o[0m
[15.065s] [ 90%] [32m[1mLinking C shared library rosidl_generator_py/turtlesim/turtlesim_s__rosidl_typesupport_fastrtps_c.cpython-310-x86_64-linux-gnu.so[0m
[15.158s] [ 90%] Built target turtlesim__rosidl_typesupport_fastrtps_c__pyext
[15.181s] [35m[1mConsolidate compiler generated dependencies of target turtlesim__rosidl_typesupport_introspection_c__pyext[0m
[15.204s] [ 91%] [32mBuilding C object CMakeFiles/turtlesim__rosidl_typesupport_introspection_c__pyext.dir/rosidl_generator_py/turtlesim/_turtlesim_s.ep.rosidl_typesupport_introspection_c.c.o[0m
[15.536s] [ 92%] [32m[1mLinking C shared library rosidl_generator_py/turtlesim/turtlesim_s__rosidl_typesupport_introspection_c.cpython-310-x86_64-linux-gnu.so[0m
[15.606s] [ 92%] Built target turtlesim__rosidl_typesupport_introspection_c__pyext
[15.624s] [35m[1mConsolidate compiler generated dependencies of target turtlesim__rosidl_typesupport_c__pyext[0m
[15.646s] [ 93%] [32mBuilding C object CMakeFiles/turtlesim__rosidl_typesupport_c__pyext.dir/rosidl_generator_py/turtlesim/_turtlesim_s.ep.rosidl_typesupport_c.c.o[0m
[15.921s] [ 94%] [32m[1mLinking C shared library rosidl_generator_py/turtlesim/turtlesim_s__rosidl_typesupport_c.cpython-310-x86_64-linux-gnu.so[0m
[15.988s] [ 94%] Built target turtlesim__rosidl_typesupport_c__pyext
[18.514s] [ 95%] [32m[1mLinking CXX executable turtle_teleop_key[0m
[18.989s] [ 95%] Built target turtle_teleop_key
[20.419s] [ 96%] [32m[1mLinking CXX executable mimic[0m
[20.921s] [ 96%] Built target mimic
[21.401s] [ 97%] [32m[1mLinking CXX executable draw_square[0m
[21.907s] [ 97%] Built target draw_square
[24.659s] [ 98%] [32m[1mLinking CXX executable turtlesim_node[0m
[26.831s] [100%] Built target turtlesim_node
[26.857s] Invoked command in '/home/ngo/ros2_ws/build/turtlesim' returned '0': CMAKE_PREFIX_PATH=${CMAKE_PREFIX_PATH}:/opt/ros/humble /usr/bin/cmake --build /home/ngo/ros2_ws/build/turtlesim -- -j8 -l8
[27.064s] Invoking command in '/home/ngo/ros2_ws/build/turtlesim': CMAKE_PREFIX_PATH=${CMAKE_PREFIX_PATH}:/opt/ros/humble /usr/bin/cmake --install /home/ngo/ros2_ws/build/turtlesim
[27.071s] -- Install configuration: ""
[27.082s] -- Up-to-date: /home/ngo/ros2_ws/install/turtlesim/share/ament_index/resource_index/rosidl_interfaces/turtlesim
[27.083s] -- Up-to-date: /home/ngo/ros2_ws/install/turtlesim/include/turtlesim/turtlesim
[27.083s] -- Up-to-date: /home/ngo/ros2_ws/install/turtlesim/include/turtlesim/turtlesim/action
[27.083s] -- Installing: /home/ngo/ros2_ws/install/turtlesim/include/turtlesim/turtlesim/action/rotate_absolute.h
[27.083s] -- Up-to-date: /home/ngo/ros2_ws/install/turtlesim/include/turtlesim/turtlesim/action/detail
[27.083s] -- Installing: /home/ngo/ros2_ws/install/turtlesim/include/turtlesim/turtlesim/action/detail/rotate_absolute__functions.h
[27.084s] -- Installing: /home/ngo/ros2_ws/install/turtlesim/include/turtlesim/turtlesim/action/detail/rotate_absolute__functions.c
[27.084s] -- Installing: /home/ngo/ros2_ws/install/turtlesim/include/turtlesim/turtlesim/action/detail/rotate_absolute__type_support.h
[27.084s] -- Installing: /home/ngo/ros2_ws/install/turtlesim/include/turtlesim/turtlesim/action/detail/rotate_absolute__struct.h
[27.084s] -- Up-to-date: /home/ngo/ros2_ws/install/turtlesim/include/turtlesim/turtlesim/msg
[27.084s] -- Installing: /home/ngo/ros2_ws/install/turtlesim/include/turtlesim/turtlesim/msg/color.h
[27.084s] -- Up-to-date: /home/ngo/ros2_ws/install/turtlesim/include/turtlesim/turtlesim/msg/rosidl_generator_c__visibility_control.h
[27.085s] -- Installing: /home/ngo/ros2_ws/install/turtlesim/include/turtlesim/turtlesim/msg/pose.h
[27.085s] -- Up-to-date: /home/ngo/ros2_ws/install/turtlesim/include/turtlesim/turtlesim/msg/detail
[27.085s] -- Installing: /home/ngo/ros2_ws/install/turtlesim/include/turtlesim/turtlesim/msg/detail/pose__functions.h
[27.085s] -- Installing: /home/ngo/ros2_ws/install/turtlesim/include/turtlesim/turtlesim/msg/detail/pose__type_support.h
[27.085s] -- Installing: /home/ngo/ros2_ws/install/turtlesim/include/turtlesim/turtlesim/msg/detail/color__type_support.h
[27.085s] -- Installing: /home/ngo/ros2_ws/install/turtlesim/include/turtlesim/turtlesim/msg/detail/color__struct.h
[27.085s] -- Installing: /home/ngo/ros2_ws/install/turtlesim/include/turtlesim/turtlesim/msg/detail/color__functions.c
[27.085s] -- Installing: /home/ngo/ros2_ws/install/turtlesim/include/turtlesim/turtlesim/msg/detail/color__functions.h
[27.086s] -- Installing: /home/ngo/ros2_ws/install/turtlesim/include/turtlesim/turtlesim/msg/detail/pose__functions.c
[27.086s] -- Installing: /home/ngo/ros2_ws/install/turtlesim/include/turtlesim/turtlesim/msg/detail/pose__struct.h
[27.086s] -- Up-to-date: /home/ngo/ros2_ws/install/turtlesim/include/turtlesim/turtlesim/srv
[27.086s] -- Installing: /home/ngo/ros2_ws/install/turtlesim/include/turtlesim/turtlesim/srv/teleport_relative.h
[27.086s] -- Installing: /home/ngo/ros2_ws/install/turtlesim/include/turtlesim/turtlesim/srv/teleport_absolute.h
[27.086s] -- Up-to-date: /home/ngo/ros2_ws/install/turtlesim/include/turtlesim/turtlesim/srv/detail
[27.086s] -- Installing: /home/ngo/ros2_ws/install/turtlesim/include/turtlesim/turtlesim/srv/detail/set_pen__functions.h
[27.087s] -- Installing: /home/ngo/ros2_ws/install/turtlesim/include/turtlesim/turtlesim/srv/detail/set_pen__functions.c
[27.087s] -- Installing: /home/ngo/ros2_ws/install/turtlesim/include/turtlesim/turtlesim/srv/detail/spawn__struct.h
[27.087s] -- Installing: /home/ngo/ros2_ws/install/turtlesim/include/turtlesim/turtlesim/srv/detail/spawn__type_support.h
[27.087s] -- Installing: /home/ngo/ros2_ws/install/turtlesim/include/turtlesim/turtlesim/srv/detail/teleport_absolute__struct.h
[27.087s] -- Installing: /home/ngo/ros2_ws/install/turtlesim/include/turtlesim/turtlesim/srv/detail/teleport_absolute__type_support.h
[27.087s] -- Installing: /home/ngo/ros2_ws/install/turtlesim/include/turtlesim/turtlesim/srv/detail/teleport_relative__type_support.h
[27.087s] -- Installing: /home/ngo/ros2_ws/install/turtlesim/include/turtlesim/turtlesim/srv/detail/teleport_relative__functions.h
[27.087s] -- Installing: /home/ngo/ros2_ws/install/turtlesim/include/turtlesim/turtlesim/srv/detail/teleport_relative__struct.h
[27.088s] -- Installing: /home/ngo/ros2_ws/install/turtlesim/include/turtlesim/turtlesim/srv/detail/kill__struct.h
[27.088s] -- Installing: /home/ngo/ros2_ws/install/turtlesim/include/turtlesim/turtlesim/srv/detail/spawn__functions.c
[27.088s] -- Installing: /home/ngo/ros2_ws/install/turtlesim/include/turtlesim/turtlesim/srv/detail/spawn__functions.h
[27.088s] -- Installing: /home/ngo/ros2_ws/install/turtlesim/include/turtlesim/turtlesim/srv/detail/set_pen__type_support.h
[27.088s] -- Installing: /home/ngo/ros2_ws/install/turtlesim/include/turtlesim/turtlesim/srv/detail/teleport_absolute__functions.h
[27.088s] -- Installing: /home/ngo/ros2_ws/install/turtlesim/include/turtlesim/turtlesim/srv/detail/set_pen__struct.h
[27.088s] -- Installing: /home/ngo/ros2_ws/install/turtlesim/include/turtlesim/turtlesim/srv/detail/kill__type_support.h
[27.088s] -- Installing: /home/ngo/ros2_ws/install/turtlesim/include/turtlesim/turtlesim/srv/detail/teleport_absolute__functions.c
[27.089s] -- Installing: /home/ngo/ros2_ws/install/turtlesim/include/turtlesim/turtlesim/srv/detail/kill__functions.c
[27.089s] -- Installing: /home/ngo/ros2_ws/install/turtlesim/include/turtlesim/turtlesim/srv/detail/kill__functions.h
[27.089s] -- Installing: /home/ngo/ros2_ws/install/turtlesim/include/turtlesim/turtlesim/srv/detail/teleport_relative__functions.c
[27.089s] -- Installing: /home/ngo/ros2_ws/install/turtlesim/include/turtlesim/turtlesim/srv/set_pen.h
[27.089s] -- Installing: /home/ngo/ros2_ws/install/turtlesim/include/turtlesim/turtlesim/srv/spawn.h
[27.089s] -- Installing: /home/ngo/ros2_ws/install/turtlesim/include/turtlesim/turtlesim/srv/kill.h
[27.089s] -- Up-to-date: /home/ngo/ros2_ws/install/turtlesim/share/turtlesim/environment/library_path.sh
[27.090s] -- Installing: /home/ngo/ros2_ws/install/turtlesim/share/turtlesim/environment/library_path.dsv
[27.090s] -- Installing: /home/ngo/ros2_ws/install/turtlesim/lib/libturtlesim__rosidl_generator_c.so
[27.091s] -- Set runtime path of "/home/ngo/ros2_ws/install/turtlesim/lib/libturtlesim__rosidl_generator_c.so" to ""
[27.091s] -- Up-to-date: /home/ngo/ros2_ws/install/turtlesim/include/turtlesim/turtlesim
[27.091s] -- Up-to-date: /home/ngo/ros2_ws/install/turtlesim/include/turtlesim/turtlesim/action
[27.092s] -- Up-to-date: /home/ngo/ros2_ws/install/turtlesim/include/turtlesim/turtlesim/action/detail
[27.092s] -- Installing: /home/ngo/ros2_ws/install/turtlesim/include/turtlesim/turtlesim/action/detail/rotate_absolute__rosidl_typesupport_fastrtps_c.h
[27.092s] -- Up-to-date: /home/ngo/ros2_ws/install/turtlesim/include/turtlesim/turtlesim/msg
[27.092s] -- Up-to-date: /home/ngo/ros2_ws/install/turtlesim/include/turtlesim/turtlesim/msg/rosidl_typesupport_fastrtps_c__visibility_control.h
[27.092s] -- Up-to-date: /home/ngo/ros2_ws/install/turtlesim/include/turtlesim/turtlesim/msg/detail
[27.092s] -- Installing: /home/ngo/ros2_ws/install/turtlesim/include/turtlesim/turtlesim/msg/detail/pose__rosidl_typesupport_fastrtps_c.h
[27.092s] -- Installing: /home/ngo/ros2_ws/install/turtlesim/include/turtlesim/turtlesim/msg/detail/color__rosidl_typesupport_fastrtps_c.h
[27.092s] -- Up-to-date: /home/ngo/ros2_ws/install/turtlesim/include/turtlesim/turtlesim/srv
[27.092s] -- Up-to-date: /home/ngo/ros2_ws/install/turtlesim/include/turtlesim/turtlesim/srv/detail
[27.093s] -- Installing: /home/ngo/ros2_ws/install/turtlesim/include/turtlesim/turtlesim/srv/detail/kill__rosidl_typesupport_fastrtps_c.h
[27.093s] -- Installing: /home/ngo/ros2_ws/install/turtlesim/include/turtlesim/turtlesim/srv/detail/teleport_relative__rosidl_typesupport_fastrtps_c.h
[27.093s] -- Installing: /home/ngo/ros2_ws/install/turtlesim/include/turtlesim/turtlesim/srv/detail/spawn__rosidl_typesupport_fastrtps_c.h
[27.093s] -- Installing: /home/ngo/ros2_ws/install/turtlesim/include/turtlesim/turtlesim/srv/detail/teleport_absolute__rosidl_typesupport_fastrtps_c.h
[27.093s] -- Installing: /home/ngo/ros2_ws/install/turtlesim/include/turtlesim/turtlesim/srv/detail/set_pen__rosidl_typesupport_fastrtps_c.h
[27.093s] -- Installing: /home/ngo/ros2_ws/install/turtlesim/lib/libturtlesim__rosidl_typesupport_fastrtps_c.so
[27.093s] -- Set runtime path of "/home/ngo/ros2_ws/install/turtlesim/lib/libturtlesim__rosidl_typesupport_fastrtps_c.so" to ""
[27.094s] -- Up-to-date: /home/ngo/ros2_ws/install/turtlesim/include/turtlesim/turtlesim
[27.094s] -- Up-to-date: /home/ngo/ros2_ws/install/turtlesim/include/turtlesim/turtlesim/action
[27.094s] -- Installing: /home/ngo/ros2_ws/install/turtlesim/include/turtlesim/turtlesim/action/rotate_absolute.hpp
[27.094s] -- Up-to-date: /home/ngo/ros2_ws/install/turtlesim/include/turtlesim/turtlesim/action/detail
[27.094s] -- Installing: /home/ngo/ros2_ws/install/turtlesim/include/turtlesim/turtlesim/action/detail/rotate_absolute__struct.hpp
[27.094s] -- Installing: /home/ngo/ros2_ws/install/turtlesim/include/turtlesim/turtlesim/action/detail/rotate_absolute__traits.hpp
[27.094s] -- Installing: /home/ngo/ros2_ws/install/turtlesim/include/turtlesim/turtlesim/action/detail/rotate_absolute__builder.hpp
[27.094s] -- Up-to-date: /home/ngo/ros2_ws/install/turtlesim/include/turtlesim/turtlesim/msg
[27.095s] -- Installing: /home/ngo/ros2_ws/install/turtlesim/include/turtlesim/turtlesim/msg/color.hpp
[27.095s] -- Installing: /home/ngo/ros2_ws/install/turtlesim/include/turtlesim/turtlesim/msg/pose.hpp
[27.095s] -- Up-to-date: /home/ngo/ros2_ws/install/turtlesim/include/turtlesim/turtlesim/msg/detail
[27.095s] -- Installing: /home/ngo/ros2_ws/install/turtlesim/include/turtlesim/turtlesim/msg/detail/pose__traits.hpp
[27.095s] -- Installing: /home/ngo/ros2_ws/install/turtlesim/include/turtlesim/turtlesim/msg/detail/pose__builder.hpp
[27.095s] -- Installing: /home/ngo/ros2_ws/install/turtlesim/include/turtlesim/turtlesim/msg/detail/color__struct.hpp
[27.095s] -- Installing: /home/ngo/ros2_ws/install/turtlesim/include/turtlesim/turtlesim/msg/detail/pose__struct.hpp
[27.096s] -- Installing: /home/ngo/ros2_ws/install/turtlesim/include/turtlesim/turtlesim/msg/detail/color__traits.hpp
[27.096s] -- Installing: /home/ngo/ros2_ws/install/turtlesim/include/turtlesim/turtlesim/msg/detail/color__builder.hpp
[27.096s] -- Up-to-date: /home/ngo/ros2_ws/install/turtlesim/include/turtlesim/turtlesim/srv
[27.096s] -- Installing: /home/ngo/ros2_ws/install/turtlesim/include/turtlesim/turtlesim/srv/teleport_relative.hpp
[27.096s] -- Installing: /home/ngo/ros2_ws/install/turtlesim/include/turtlesim/turtlesim/srv/set_pen.hpp
[27.096s] -- Installing: /home/ngo/ros2_ws/install/turtlesim/include/turtlesim/turtlesim/srv/kill.hpp
[27.096s] -- Installing: /home/ngo/ros2_ws/install/turtlesim/include/turtlesim/turtlesim/srv/spawn.hpp
[27.096s] -- Installing: /home/ngo/ros2_ws/install/turtlesim/include/turtlesim/turtlesim/srv/teleport_absolute.hpp
[27.097s] -- Up-to-date: /home/ngo/ros2_ws/install/turtlesim/include/turtlesim/turtlesim/srv/detail
[27.097s] -- Installing: /home/ngo/ros2_ws/install/turtlesim/include/turtlesim/turtlesim/srv/detail/set_pen__traits.hpp
[27.097s] -- Installing: /home/ngo/ros2_ws/install/turtlesim/include/turtlesim/turtlesim/srv/detail/kill__traits.hpp
[27.097s] -- Installing: /home/ngo/ros2_ws/install/turtlesim/include/turtlesim/turtlesim/srv/detail/teleport_absolute__traits.hpp
[27.097s] -- Installing: /home/ngo/ros2_ws/install/turtlesim/include/turtlesim/turtlesim/srv/detail/kill__struct.hpp
[27.097s] -- Installing: /home/ngo/ros2_ws/install/turtlesim/include/turtlesim/turtlesim/srv/detail/spawn__struct.hpp
[27.097s] -- Installing: /home/ngo/ros2_ws/install/turtlesim/include/turtlesim/turtlesim/srv/detail/spawn__builder.hpp
[27.097s] -- Installing: /home/ngo/ros2_ws/install/turtlesim/include/turtlesim/turtlesim/srv/detail/teleport_relative__traits.hpp
[27.098s] -- Installing: /home/ngo/ros2_ws/install/turtlesim/include/turtlesim/turtlesim/srv/detail/teleport_absolute__builder.hpp
[27.098s] -- Installing: /home/ngo/ros2_ws/install/turtlesim/include/turtlesim/turtlesim/srv/detail/teleport_relative__struct.hpp
[27.098s] -- Installing: /home/ngo/ros2_ws/install/turtlesim/include/turtlesim/turtlesim/srv/detail/spawn__traits.hpp
[27.098s] -- Installing: /home/ngo/ros2_ws/install/turtlesim/include/turtlesim/turtlesim/srv/detail/set_pen__builder.hpp
[27.098s] -- Installing: /home/ngo/ros2_ws/install/turtlesim/include/turtlesim/turtlesim/srv/detail/teleport_relative__builder.hpp
[27.098s] -- Installing: /home/ngo/ros2_ws/install/turtlesim/include/turtlesim/turtlesim/srv/detail/teleport_absolute__struct.hpp
[27.098s] -- Installing: /home/ngo/ros2_ws/install/turtlesim/include/turtlesim/turtlesim/srv/detail/kill__builder.hpp
[27.099s] -- Installing: /home/ngo/ros2_ws/install/turtlesim/include/turtlesim/turtlesim/srv/detail/set_pen__struct.hpp
[27.099s] -- Up-to-date: /home/ngo/ros2_ws/install/turtlesim/include/turtlesim/turtlesim
[27.099s] -- Up-to-date: /home/ngo/ros2_ws/install/turtlesim/include/turtlesim/turtlesim/action
[27.099s] -- Up-to-date: /home/ngo/ros2_ws/install/turtlesim/include/turtlesim/turtlesim/action/detail
[27.099s] -- Up-to-date: /home/ngo/ros2_ws/install/turtlesim/include/turtlesim/turtlesim/action/detail/dds_fastrtps
[27.099s] -- Installing: /home/ngo/ros2_ws/install/turtlesim/include/turtlesim/turtlesim/action/detail/rotate_absolute__rosidl_typesupport_fastrtps_cpp.hpp
[27.099s] -- Up-to-date: /home/ngo/ros2_ws/install/turtlesim/include/turtlesim/turtlesim/msg
[27.099s] -- Up-to-date: /home/ngo/ros2_ws/install/turtlesim/include/turtlesim/turtlesim/msg/rosidl_typesupport_fastrtps_cpp__visibility_control.h
[27.100s] -- Up-to-date: /home/ngo/ros2_ws/install/turtlesim/include/turtlesim/turtlesim/msg/detail
[27.100s] -- Up-to-date: /home/ngo/ros2_ws/install/turtlesim/include/turtlesim/turtlesim/msg/detail/dds_fastrtps
[27.100s] -- Installing: /home/ngo/ros2_ws/install/turtlesim/include/turtlesim/turtlesim/msg/detail/color__rosidl_typesupport_fastrtps_cpp.hpp
[27.100s] -- Installing: /home/ngo/ros2_ws/install/turtlesim/include/turtlesim/turtlesim/msg/detail/pose__rosidl_typesupport_fastrtps_cpp.hpp
[27.100s] -- Up-to-date: /home/ngo/ros2_ws/install/turtlesim/include/turtlesim/turtlesim/srv
[27.100s] -- Up-to-date: /home/ngo/ros2_ws/install/turtlesim/include/turtlesim/turtlesim/srv/detail
[27.100s] -- Installing: /home/ngo/ros2_ws/install/turtlesim/include/turtlesim/turtlesim/srv/detail/set_pen__rosidl_typesupport_fastrtps_cpp.hpp
[27.100s] -- Installing: /home/ngo/ros2_ws/install/turtlesim/include/turtlesim/turtlesim/srv/detail/teleport_relative__rosidl_typesupport_fastrtps_cpp.hpp
[27.100s] -- Up-to-date: /home/ngo/ros2_ws/install/turtlesim/include/turtlesim/turtlesim/srv/detail/dds_fastrtps
[27.101s] -- Installing: /home/ngo/ros2_ws/install/turtlesim/include/turtlesim/turtlesim/srv/detail/spawn__rosidl_typesupport_fastrtps_cpp.hpp
[27.101s] -- Installing: /home/ngo/ros2_ws/install/turtlesim/include/turtlesim/turtlesim/srv/detail/teleport_absolute__rosidl_typesupport_fastrtps_cpp.hpp
[27.101s] -- Installing: /home/ngo/ros2_ws/install/turtlesim/include/turtlesim/turtlesim/srv/detail/kill__rosidl_typesupport_fastrtps_cpp.hpp
[27.101s] -- Installing: /home/ngo/ros2_ws/install/turtlesim/lib/libturtlesim__rosidl_typesupport_fastrtps_cpp.so
[27.101s] -- Set runtime path of "/home/ngo/ros2_ws/install/turtlesim/lib/libturtlesim__rosidl_typesupport_fastrtps_cpp.so" to ""
[27.101s] -- Up-to-date: /home/ngo/ros2_ws/install/turtlesim/include/turtlesim/turtlesim
[27.101s] -- Up-to-date: /home/ngo/ros2_ws/install/turtlesim/include/turtlesim/turtlesim/action
[27.102s] -- Up-to-date: /home/ngo/ros2_ws/install/turtlesim/include/turtlesim/turtlesim/action/detail
[27.102s] -- Installing: /home/ngo/ros2_ws/install/turtlesim/include/turtlesim/turtlesim/action/detail/rotate_absolute__rosidl_typesupport_introspection_c.h
[27.102s] -- Installing: /home/ngo/ros2_ws/install/turtlesim/include/turtlesim/turtlesim/action/detail/rotate_absolute__type_support.c
[27.102s] -- Up-to-date: /home/ngo/ros2_ws/install/turtlesim/include/turtlesim/turtlesim/msg
[27.102s] -- Up-to-date: /home/ngo/ros2_ws/install/turtlesim/include/turtlesim/turtlesim/msg/rosidl_typesupport_introspection_c__visibility_control.h
[27.102s] -- Up-to-date: /home/ngo/ros2_ws/install/turtlesim/include/turtlesim/turtlesim/msg/detail
[27.102s] -- Installing: /home/ngo/ros2_ws/install/turtlesim/include/turtlesim/turtlesim/msg/detail/color__rosidl_typesupport_introspection_c.h
[27.102s] -- Installing: /home/ngo/ros2_ws/install/turtlesim/include/turtlesim/turtlesim/msg/detail/pose__type_support.c
[27.102s] -- Installing: /home/ngo/ros2_ws/install/turtlesim/include/turtlesim/turtlesim/msg/detail/pose__rosidl_typesupport_introspection_c.h
[27.103s] -- Installing: /home/ngo/ros2_ws/install/turtlesim/include/turtlesim/turtlesim/msg/detail/color__type_support.c
[27.103s] -- Up-to-date: /home/ngo/ros2_ws/install/turtlesim/include/turtlesim/turtlesim/srv
[27.103s] -- Up-to-date: /home/ngo/ros2_ws/install/turtlesim/include/turtlesim/turtlesim/srv/detail
[27.103s] -- Installing: /home/ngo/ros2_ws/install/turtlesim/include/turtlesim/turtlesim/srv/detail/teleport_relative__type_support.c
[27.103s] -- Installing: /home/ngo/ros2_ws/install/turtlesim/include/turtlesim/turtlesim/srv/detail/teleport_absolute__type_support.c
[27.103s] -- Installing: /home/ngo/ros2_ws/install/turtlesim/include/turtlesim/turtlesim/srv/detail/spawn__type_support.c
[27.103s] -- Installing: /home/ngo/ros2_ws/install/turtlesim/include/turtlesim/turtlesim/srv/detail/kill__rosidl_typesupport_introspection_c.h
[27.103s] -- Installing: /home/ngo/ros2_ws/install/turtlesim/include/turtlesim/turtlesim/srv/detail/kill__type_support.c
[27.103s] -- Installing: /home/ngo/ros2_ws/install/turtlesim/include/turtlesim/turtlesim/srv/detail/set_pen__type_support.c
[27.103s] -- Installing: /home/ngo/ros2_ws/install/turtlesim/include/turtlesim/turtlesim/srv/detail/set_pen__rosidl_typesupport_introspection_c.h
[27.104s] -- Installing: /home/ngo/ros2_ws/install/turtlesim/include/turtlesim/turtlesim/srv/detail/teleport_absolute__rosidl_typesupport_introspection_c.h
[27.104s] -- Installing: /home/ngo/ros2_ws/install/turtlesim/include/turtlesim/turtlesim/srv/detail/spawn__rosidl_typesupport_introspection_c.h
[27.104s] -- Installing: /home/ngo/ros2_ws/install/turtlesim/include/turtlesim/turtlesim/srv/detail/teleport_relative__rosidl_typesupport_introspection_c.h
[27.104s] -- Installing: /home/ngo/ros2_ws/install/turtlesim/lib/libturtlesim__rosidl_typesupport_introspection_c.so
[27.104s] -- Set runtime path of "/home/ngo/ros2_ws/install/turtlesim/lib/libturtlesim__rosidl_typesupport_introspection_c.so" to ""
[27.104s] -- Installing: /home/ngo/ros2_ws/install/turtlesim/lib/libturtlesim__rosidl_typesupport_c.so
[27.104s] -- Set runtime path of "/home/ngo/ros2_ws/install/turtlesim/lib/libturtlesim__rosidl_typesupport_c.so" to ""
[27.104s] -- Up-to-date: /home/ngo/ros2_ws/install/turtlesim/include/turtlesim/turtlesim
[27.105s] -- Up-to-date: /home/ngo/ros2_ws/install/turtlesim/include/turtlesim/turtlesim/action
[27.105s] -- Up-to-date: /home/ngo/ros2_ws/install/turtlesim/include/turtlesim/turtlesim/action/detail
[27.105s] -- Installing: /home/ngo/ros2_ws/install/turtlesim/include/turtlesim/turtlesim/action/detail/rotate_absolute__type_support.cpp
[27.105s] -- Installing: /home/ngo/ros2_ws/install/turtlesim/include/turtlesim/turtlesim/action/detail/rotate_absolute__rosidl_typesupport_introspection_cpp.hpp
[27.105s] -- Up-to-date: /home/ngo/ros2_ws/install/turtlesim/include/turtlesim/turtlesim/msg
[27.105s] -- Up-to-date: /home/ngo/ros2_ws/install/turtlesim/include/turtlesim/turtlesim/msg/detail
[27.105s] -- Installing: /home/ngo/ros2_ws/install/turtlesim/include/turtlesim/turtlesim/msg/detail/pose__rosidl_typesupport_introspection_cpp.hpp
[27.105s] -- Installing: /home/ngo/ros2_ws/install/turtlesim/include/turtlesim/turtlesim/msg/detail/color__type_support.cpp
[27.106s] -- Installing: /home/ngo/ros2_ws/install/turtlesim/include/turtlesim/turtlesim/msg/detail/pose__type_support.cpp
[27.106s] -- Installing: /home/ngo/ros2_ws/install/turtlesim/include/turtlesim/turtlesim/msg/detail/color__rosidl_typesupport_introspection_cpp.hpp
[27.106s] -- Up-to-date: /home/ngo/ros2_ws/install/turtlesim/include/turtlesim/turtlesim/srv
[27.106s] -- Up-to-date: /home/ngo/ros2_ws/install/turtlesim/include/turtlesim/turtlesim/srv/detail
[27.106s] -- Installing: /home/ngo/ros2_ws/install/turtlesim/include/turtlesim/turtlesim/srv/detail/teleport_absolute__rosidl_typesupport_introspection_cpp.hpp
[27.106s] -- Installing: /home/ngo/ros2_ws/install/turtlesim/include/turtlesim/turtlesim/srv/detail/teleport_relative__type_support.cpp
[27.106s] -- Installing: /home/ngo/ros2_ws/install/turtlesim/include/turtlesim/turtlesim/srv/detail/teleport_relative__rosidl_typesupport_introspection_cpp.hpp
[27.106s] -- Installing: /home/ngo/ros2_ws/install/turtlesim/include/turtlesim/turtlesim/srv/detail/set_pen__type_support.cpp
[27.107s] -- Installing: /home/ngo/ros2_ws/install/turtlesim/include/turtlesim/turtlesim/srv/detail/spawn__type_support.cpp
[27.107s] -- Installing: /home/ngo/ros2_ws/install/turtlesim/include/turtlesim/turtlesim/srv/detail/teleport_absolute__type_support.cpp
[27.107s] -- Installing: /home/ngo/ros2_ws/install/turtlesim/include/turtlesim/turtlesim/srv/detail/set_pen__rosidl_typesupport_introspection_cpp.hpp
[27.107s] -- Installing: /home/ngo/ros2_ws/install/turtlesim/include/turtlesim/turtlesim/srv/detail/spawn__rosidl_typesupport_introspection_cpp.hpp
[27.107s] -- Installing: /home/ngo/ros2_ws/install/turtlesim/include/turtlesim/turtlesim/srv/detail/kill__type_support.cpp
[27.107s] -- Installing: /home/ngo/ros2_ws/install/turtlesim/include/turtlesim/turtlesim/srv/detail/kill__rosidl_typesupport_introspection_cpp.hpp
[27.107s] -- Installing: /home/ngo/ros2_ws/install/turtlesim/lib/libturtlesim__rosidl_typesupport_introspection_cpp.so
[27.108s] -- Set runtime path of "/home/ngo/ros2_ws/install/turtlesim/lib/libturtlesim__rosidl_typesupport_introspection_cpp.so" to ""
[27.108s] -- Installing: /home/ngo/ros2_ws/install/turtlesim/lib/libturtlesim__rosidl_typesupport_cpp.so
[27.109s] -- Set runtime path of "/home/ngo/ros2_ws/install/turtlesim/lib/libturtlesim__rosidl_typesupport_cpp.so" to ""
[27.109s] -- Up-to-date: /home/ngo/ros2_ws/install/turtlesim/share/turtlesim/environment/pythonpath.sh
[27.109s] -- Installing: /home/ngo/ros2_ws/install/turtlesim/share/turtlesim/environment/pythonpath.dsv
[27.109s] -- Up-to-date: /home/ngo/ros2_ws/install/turtlesim/local/lib/python3.10/dist-packages/turtlesim-1.4.2-py3.10.egg-info
[27.109s] -- Installing: /home/ngo/ros2_ws/install/turtlesim/local/lib/python3.10/dist-packages/turtlesim-1.4.2-py3.10.egg-info/PKG-INFO
[27.109s] -- Installing: /home/ngo/ros2_ws/install/turtlesim/local/lib/python3.10/dist-packages/turtlesim-1.4.2-py3.10.egg-info/dependency_links.txt
[27.110s] -- Installing: /home/ngo/ros2_ws/install/turtlesim/local/lib/python3.10/dist-packages/turtlesim-1.4.2-py3.10.egg-info/SOURCES.txt
[27.110s] -- Installing: /home/ngo/ros2_ws/install/turtlesim/local/lib/python3.10/dist-packages/turtlesim-1.4.2-py3.10.egg-info/top_level.txt
[27.110s] -- Up-to-date: /home/ngo/ros2_ws/install/turtlesim/local/lib/python3.10/dist-packages/turtlesim
[27.110s] -- Installing: /home/ngo/ros2_ws/install/turtlesim/local/lib/python3.10/dist-packages/turtlesim/_turtlesim_s.ep.rosidl_typesupport_c.c
[27.110s] -- Up-to-date: /home/ngo/ros2_ws/install/turtlesim/local/lib/python3.10/dist-packages/turtlesim/action
[27.110s] -- Installing: /home/ngo/ros2_ws/install/turtlesim/local/lib/python3.10/dist-packages/turtlesim/action/_rotate_absolute.py
[27.111s] -- Installing: /home/ngo/ros2_ws/install/turtlesim/local/lib/python3.10/dist-packages/turtlesim/action/_rotate_absolute_s.c
[27.111s] -- Installing: /home/ngo/ros2_ws/install/turtlesim/local/lib/python3.10/dist-packages/turtlesim/action/__init__.py
[27.111s] -- Installing: /home/ngo/ros2_ws/install/turtlesim/local/lib/python3.10/dist-packages/turtlesim/turtlesim_s__rosidl_typesupport_introspection_c.cpython-310-x86_64-linux-gnu.so
[27.111s] -- Installing: /home/ngo/ros2_ws/install/turtlesim/local/lib/python3.10/dist-packages/turtlesim/_turtlesim_s.ep.rosidl_typesupport_introspection_c.c
[27.111s] -- Installing: /home/ngo/ros2_ws/install/turtlesim/local/lib/python3.10/dist-packages/turtlesim/turtlesim_s__rosidl_typesupport_c.cpython-310-x86_64-linux-gnu.so
[27.111s] -- Up-to-date: /home/ngo/ros2_ws/install/turtlesim/local/lib/python3.10/dist-packages/turtlesim/msg
[27.112s] -- Installing: /home/ngo/ros2_ws/install/turtlesim/local/lib/python3.10/dist-packages/turtlesim/msg/_pose.py
[27.112s] -- Installing: /home/ngo/ros2_ws/install/turtlesim/local/lib/python3.10/dist-packages/turtlesim/msg/_color.py
[27.112s] -- Installing: /home/ngo/ros2_ws/install/turtlesim/local/lib/python3.10/dist-packages/turtlesim/msg/_pose_s.c
[27.112s] -- Installing: /home/ngo/ros2_ws/install/turtlesim/local/lib/python3.10/dist-packages/turtlesim/msg/_color_s.c
[27.112s] -- Installing: /home/ngo/ros2_ws/install/turtlesim/local/lib/python3.10/dist-packages/turtlesim/msg/__init__.py
[27.112s] -- Up-to-date: /home/ngo/ros2_ws/install/turtlesim/local/lib/python3.10/dist-packages/turtlesim/srv
[27.112s] -- Installing: /home/ngo/ros2_ws/install/turtlesim/local/lib/python3.10/dist-packages/turtlesim/srv/_kill_s.c
[27.112s] -- Installing: /home/ngo/ros2_ws/install/turtlesim/local/lib/python3.10/dist-packages/turtlesim/srv/_spawn.py
[27.112s] -- Installing: /home/ngo/ros2_ws/install/turtlesim/local/lib/python3.10/dist-packages/turtlesim/srv/_teleport_relative.py
[27.113s] -- Installing: /home/ngo/ros2_ws/install/turtlesim/local/lib/python3.10/dist-packages/turtlesim/srv/_teleport_absolute.py
[27.113s] -- Installing: /home/ngo/ros2_ws/install/turtlesim/local/lib/python3.10/dist-packages/turtlesim/srv/_teleport_absolute_s.c
[27.113s] -- Installing: /home/ngo/ros2_ws/install/turtlesim/local/lib/python3.10/dist-packages/turtlesim/srv/_set_pen.py
[27.113s] -- Installing: /home/ngo/ros2_ws/install/turtlesim/local/lib/python3.10/dist-packages/turtlesim/srv/_spawn_s.c
[27.113s] -- Installing: /home/ngo/ros2_ws/install/turtlesim/local/lib/python3.10/dist-packages/turtlesim/srv/_kill.py
[27.113s] -- Installing: /home/ngo/ros2_ws/install/turtlesim/local/lib/python3.10/dist-packages/turtlesim/srv/_teleport_relative_s.c
[27.113s] -- Installing: /home/ngo/ros2_ws/install/turtlesim/local/lib/python3.10/dist-packages/turtlesim/srv/__init__.py
[27.113s] -- Installing: /home/ngo/ros2_ws/install/turtlesim/local/lib/python3.10/dist-packages/turtlesim/srv/_set_pen_s.c
[27.113s] -- Installing: /home/ngo/ros2_ws/install/turtlesim/local/lib/python3.10/dist-packages/turtlesim/_turtlesim_s.ep.rosidl_typesupport_fastrtps_c.c
[27.114s] -- Installing: /home/ngo/ros2_ws/install/turtlesim/local/lib/python3.10/dist-packages/turtlesim/turtlesim_s__rosidl_typesupport_fastrtps_c.cpython-310-x86_64-linux-gnu.so
[27.114s] -- Installing: /home/ngo/ros2_ws/install/turtlesim/local/lib/python3.10/dist-packages/turtlesim/libturtlesim__rosidl_generator_py.so
[27.114s] -- Installing: /home/ngo/ros2_ws/install/turtlesim/local/lib/python3.10/dist-packages/turtlesim/__init__.py
[27.158s] Listing '/home/ngo/ros2_ws/install/turtlesim/local/lib/python3.10/dist-packages/turtlesim'...
[27.158s] Compiling '/home/ngo/ros2_ws/install/turtlesim/local/lib/python3.10/dist-packages/turtlesim/__init__.py'...
[27.158s] Listing '/home/ngo/ros2_ws/install/turtlesim/local/lib/python3.10/dist-packages/turtlesim/action'...
[27.158s] Compiling '/home/ngo/ros2_ws/install/turtlesim/local/lib/python3.10/dist-packages/turtlesim/action/__init__.py'...
[27.158s] Compiling '/home/ngo/ros2_ws/install/turtlesim/local/lib/python3.10/dist-packages/turtlesim/action/_rotate_absolute.py'...
[27.158s] Listing '/home/ngo/ros2_ws/install/turtlesim/local/lib/python3.10/dist-packages/turtlesim/msg'...
[27.158s] Compiling '/home/ngo/ros2_ws/install/turtlesim/local/lib/python3.10/dist-packages/turtlesim/msg/__init__.py'...
[27.158s] Compiling '/home/ngo/ros2_ws/install/turtlesim/local/lib/python3.10/dist-packages/turtlesim/msg/_color.py'...
[27.158s] Compiling '/home/ngo/ros2_ws/install/turtlesim/local/lib/python3.10/dist-packages/turtlesim/msg/_pose.py'...
[27.158s] Listing '/home/ngo/ros2_ws/install/turtlesim/local/lib/python3.10/dist-packages/turtlesim/srv'...
[27.158s] Compiling '/home/ngo/ros2_ws/install/turtlesim/local/lib/python3.10/dist-packages/turtlesim/srv/__init__.py'...
[27.158s] Compiling '/home/ngo/ros2_ws/install/turtlesim/local/lib/python3.10/dist-packages/turtlesim/srv/_kill.py'...
[27.159s] Compiling '/home/ngo/ros2_ws/install/turtlesim/local/lib/python3.10/dist-packages/turtlesim/srv/_set_pen.py'...
[27.159s] Compiling '/home/ngo/ros2_ws/install/turtlesim/local/lib/python3.10/dist-packages/turtlesim/srv/_spawn.py'...
[27.159s] Compiling '/home/ngo/ros2_ws/install/turtlesim/local/lib/python3.10/dist-packages/turtlesim/srv/_teleport_absolute.py'...
[27.159s] Compiling '/home/ngo/ros2_ws/install/turtlesim/local/lib/python3.10/dist-packages/turtlesim/srv/_teleport_relative.py'...
[27.163s] -- Installing: /home/ngo/ros2_ws/install/turtlesim/local/lib/python3.10/dist-packages/turtlesim/turtlesim_s__rosidl_typesupport_fastrtps_c.cpython-310-x86_64-linux-gnu.so
[27.163s] -- Set runtime path of "/home/ngo/ros2_ws/install/turtlesim/local/lib/python3.10/dist-packages/turtlesim/turtlesim_s__rosidl_typesupport_fastrtps_c.cpython-310-x86_64-linux-gnu.so" to ""
[27.163s] -- Installing: /home/ngo/ros2_ws/install/turtlesim/local/lib/python3.10/dist-packages/turtlesim/turtlesim_s__rosidl_typesupport_introspection_c.cpython-310-x86_64-linux-gnu.so
[27.164s] -- Set runtime path of "/home/ngo/ros2_ws/install/turtlesim/local/lib/python3.10/dist-packages/turtlesim/turtlesim_s__rosidl_typesupport_introspection_c.cpython-310-x86_64-linux-gnu.so" to ""
[27.164s] -- Installing: /home/ngo/ros2_ws/install/turtlesim/local/lib/python3.10/dist-packages/turtlesim/turtlesim_s__rosidl_typesupport_c.cpython-310-x86_64-linux-gnu.so
[27.164s] -- Set runtime path of "/home/ngo/ros2_ws/install/turtlesim/local/lib/python3.10/dist-packages/turtlesim/turtlesim_s__rosidl_typesupport_c.cpython-310-x86_64-linux-gnu.so" to ""
[27.165s] -- Installing: /home/ngo/ros2_ws/install/turtlesim/lib/libturtlesim__rosidl_generator_py.so
[27.165s] -- Set runtime path of "/home/ngo/ros2_ws/install/turtlesim/lib/libturtlesim__rosidl_generator_py.so" to ""
[27.165s] -- Up-to-date: /home/ngo/ros2_ws/install/turtlesim/share/turtlesim/action/RotateAbsolute.idl
[27.166s] -- Up-to-date: /home/ngo/ros2_ws/install/turtlesim/share/turtlesim/msg/Color.idl
[27.166s] -- Up-to-date: /home/ngo/ros2_ws/install/turtlesim/share/turtlesim/msg/Pose.idl
[27.166s] -- Up-to-date: /home/ngo/ros2_ws/install/turtlesim/share/turtlesim/srv/Kill.idl
[27.166s] -- Up-to-date: /home/ngo/ros2_ws/install/turtlesim/share/turtlesim/srv/SetPen.idl
[27.166s] -- Up-to-date: /home/ngo/ros2_ws/install/turtlesim/share/turtlesim/srv/Spawn.idl
[27.166s] -- Up-to-date: /home/ngo/ros2_ws/install/turtlesim/share/turtlesim/srv/TeleportAbsolute.idl
[27.166s] -- Up-to-date: /home/ngo/ros2_ws/install/turtlesim/share/turtlesim/srv/TeleportRelative.idl
[27.166s] -- Up-to-date: /home/ngo/ros2_ws/install/turtlesim/share/turtlesim/action/RotateAbsolute.action
[27.166s] -- Up-to-date: /home/ngo/ros2_ws/install/turtlesim/share/turtlesim/msg/Color.msg
[27.166s] -- Up-to-date: /home/ngo/ros2_ws/install/turtlesim/share/turtlesim/msg/Pose.msg
[27.166s] -- Up-to-date: /home/ngo/ros2_ws/install/turtlesim/share/turtlesim/srv/Kill.srv
[27.167s] -- Up-to-date: /home/ngo/ros2_ws/install/turtlesim/share/turtlesim/srv/Kill_Request.msg
[27.167s] -- Up-to-date: /home/ngo/ros2_ws/install/turtlesim/share/turtlesim/srv/Kill_Response.msg
[27.167s] -- Up-to-date: /home/ngo/ros2_ws/install/turtlesim/share/turtlesim/srv/SetPen.srv
[27.167s] -- Up-to-date: /home/ngo/ros2_ws/install/turtlesim/share/turtlesim/srv/SetPen_Request.msg
[27.167s] -- Up-to-date: /home/ngo/ros2_ws/install/turtlesim/share/turtlesim/srv/SetPen_Response.msg
[27.167s] -- Up-to-date: /home/ngo/ros2_ws/install/turtlesim/share/turtlesim/srv/Spawn.srv
[27.167s] -- Up-to-date: /home/ngo/ros2_ws/install/turtlesim/share/turtlesim/srv/Spawn_Request.msg
[27.167s] -- Up-to-date: /home/ngo/ros2_ws/install/turtlesim/share/turtlesim/srv/Spawn_Response.msg
[27.167s] -- Up-to-date: /home/ngo/ros2_ws/install/turtlesim/share/turtlesim/srv/TeleportAbsolute.srv
[27.167s] -- Up-to-date: /home/ngo/ros2_ws/install/turtlesim/share/turtlesim/srv/TeleportAbsolute_Request.msg
[27.167s] -- Up-to-date: /home/ngo/ros2_ws/install/turtlesim/share/turtlesim/srv/TeleportAbsolute_Response.msg
[27.168s] -- Up-to-date: /home/ngo/ros2_ws/install/turtlesim/share/turtlesim/srv/TeleportRelative.srv
[27.168s] -- Up-to-date: /home/ngo/ros2_ws/install/turtlesim/share/turtlesim/srv/TeleportRelative_Request.msg
[27.168s] -- Up-to-date: /home/ngo/ros2_ws/install/turtlesim/share/turtlesim/srv/TeleportRelative_Response.msg
[27.168s] -- Installing: /home/ngo/ros2_ws/install/turtlesim/lib/turtlesim/turtlesim_node
[27.175s] -- Set runtime path of "/home/ngo/ros2_ws/install/turtlesim/lib/turtlesim/turtlesim_node" to ""
[27.176s] -- Installing: /home/ngo/ros2_ws/install/turtlesim/lib/turtlesim/turtle_teleop_key
[27.177s] -- Set runtime path of "/home/ngo/ros2_ws/install/turtlesim/lib/turtlesim/turtle_teleop_key" to ""
[27.178s] -- Installing: /home/ngo/ros2_ws/install/turtlesim/lib/turtlesim/draw_square
[27.182s] -- Set runtime path of "/home/ngo/ros2_ws/install/turtlesim/lib/turtlesim/draw_square" to ""
[27.182s] -- Installing: /home/ngo/ros2_ws/install/turtlesim/lib/turtlesim/mimic
[27.185s] -- Set runtime path of "/home/ngo/ros2_ws/install/turtlesim/lib/turtlesim/mimic" to ""
[27.185s] -- Up-to-date: /home/ngo/ros2_ws/install/turtlesim/share/turtlesim/images
[27.186s] -- Up-to-date: /home/ngo/ros2_ws/install/turtlesim/share/turtlesim/images/crystal.png
[27.186s] -- Up-to-date: /home/ngo/ros2_ws/install/turtlesim/share/turtlesim/images/bouncy.png
[27.186s] -- Up-to-date: /home/ngo/ros2_ws/install/turtlesim/share/turtlesim/images/galactic.png
[27.186s] -- Up-to-date: /home/ngo/ros2_ws/install/turtlesim/share/turtlesim/images/rolling.png
[27.186s] -- Up-to-date: /home/ngo/ros2_ws/install/turtlesim/share/turtlesim/images/ardent.png
[27.186s] -- Up-to-date: /home/ngo/ros2_ws/install/turtlesim/share/turtlesim/images/dashing.png
[27.186s] -- Up-to-date: /home/ngo/ros2_ws/install/turtlesim/share/turtlesim/images/humble.png
[27.186s] -- Up-to-date: /home/ngo/ros2_ws/install/turtlesim/share/turtlesim/images/foxy.png
[27.186s] -- Up-to-date: /home/ngo/ros2_ws/install/turtlesim/share/turtlesim/images/eloquent.png
[27.186s] -- Up-to-date: /home/ngo/ros2_ws/install/turtlesim/share/turtlesim/launch
[27.186s] -- Up-to-date: /home/ngo/ros2_ws/install/turtlesim/share/turtlesim/launch/multisim.launch.py
[27.187s] -- Up-to-date: /home/ngo/ros2_ws/install/turtlesim/share/ament_index/resource_index/package_run_dependencies/turtlesim
[27.187s] -- Up-to-date: /home/ngo/ros2_ws/install/turtlesim/share/ament_index/resource_index/parent_prefix_path/turtlesim
[27.187s] -- Installing: /home/ngo/ros2_ws/install/turtlesim/share/turtlesim/environment/ament_prefix_path.sh
[27.187s] -- Installing: /home/ngo/ros2_ws/install/turtlesim/share/turtlesim/environment/ament_prefix_path.dsv
[27.187s] -- Installing: /home/ngo/ros2_ws/install/turtlesim/share/turtlesim/environment/path.sh
[27.187s] -- Installing: /home/ngo/ros2_ws/install/turtlesim/share/turtlesim/environment/path.dsv
[27.187s] -- Up-to-date: /home/ngo/ros2_ws/install/turtlesim/share/turtlesim/local_setup.bash
[27.187s] -- Up-to-date: /home/ngo/ros2_ws/install/turtlesim/share/turtlesim/local_setup.sh
[27.187s] -- Up-to-date: /home/ngo/ros2_ws/install/turtlesim/share/turtlesim/local_setup.zsh
[27.187s] -- Installing: /home/ngo/ros2_ws/install/turtlesim/share/turtlesim/local_setup.dsv
[27.188s] -- Installing: /home/ngo/ros2_ws/install/turtlesim/share/turtlesim/package.dsv
[27.188s] -- Up-to-date: /home/ngo/ros2_ws/install/turtlesim/share/ament_index/resource_index/packages/turtlesim
[27.188s] -- Up-to-date: /home/ngo/ros2_ws/install/turtlesim/share/turtlesim/cmake/export_turtlesim__rosidl_generator_cExport.cmake
[27.188s] -- Up-to-date: /home/ngo/ros2_ws/install/turtlesim/share/turtlesim/cmake/export_turtlesim__rosidl_generator_cExport-noconfig.cmake
[27.188s] -- Up-to-date: /home/ngo/ros2_ws/install/turtlesim/share/turtlesim/cmake/export_turtlesim__rosidl_typesupport_fastrtps_cExport.cmake
[27.188s] -- Up-to-date: /home/ngo/ros2_ws/install/turtlesim/share/turtlesim/cmake/export_turtlesim__rosidl_typesupport_fastrtps_cExport-noconfig.cmake
[27.188s] -- Up-to-date: /home/ngo/ros2_ws/install/turtlesim/share/turtlesim/cmake/export_turtlesim__rosidl_generator_cppExport.cmake
[27.189s] -- Up-to-date: /home/ngo/ros2_ws/install/turtlesim/share/turtlesim/cmake/export_turtlesim__rosidl_typesupport_fastrtps_cppExport.cmake
[27.189s] -- Up-to-date: /home/ngo/ros2_ws/install/turtlesim/share/turtlesim/cmake/export_turtlesim__rosidl_typesupport_fastrtps_cppExport-noconfig.cmake
[27.189s] -- Up-to-date: /home/ngo/ros2_ws/install/turtlesim/share/turtlesim/cmake/turtlesim__rosidl_typesupport_introspection_cExport.cmake
[27.189s] -- Up-to-date: /home/ngo/ros2_ws/install/turtlesim/share/turtlesim/cmake/turtlesim__rosidl_typesupport_introspection_cExport-noconfig.cmake
[27.189s] -- Up-to-date: /home/ngo/ros2_ws/install/turtlesim/share/turtlesim/cmake/turtlesim__rosidl_typesupport_cExport.cmake
[27.189s] -- Up-to-date: /home/ngo/ros2_ws/install/turtlesim/share/turtlesim/cmake/turtlesim__rosidl_typesupport_cExport-noconfig.cmake
[27.189s] -- Up-to-date: /home/ngo/ros2_ws/install/turtlesim/share/turtlesim/cmake/turtlesim__rosidl_typesupport_introspection_cppExport.cmake
[27.189s] -- Up-to-date: /home/ngo/ros2_ws/install/turtlesim/share/turtlesim/cmake/turtlesim__rosidl_typesupport_introspection_cppExport-noconfig.cmake
[27.189s] -- Up-to-date: /home/ngo/ros2_ws/install/turtlesim/share/turtlesim/cmake/turtlesim__rosidl_typesupport_cppExport.cmake
[27.189s] -- Up-to-date: /home/ngo/ros2_ws/install/turtlesim/share/turtlesim/cmake/turtlesim__rosidl_typesupport_cppExport-noconfig.cmake
[27.190s] -- Up-to-date: /home/ngo/ros2_ws/install/turtlesim/share/turtlesim/cmake/export_turtlesim__rosidl_generator_pyExport.cmake
[27.190s] -- Up-to-date: /home/ngo/ros2_ws/install/turtlesim/share/turtlesim/cmake/export_turtlesim__rosidl_generator_pyExport-noconfig.cmake
[27.190s] -- Up-to-date: /home/ngo/ros2_ws/install/turtlesim/share/turtlesim/cmake/rosidl_cmake-extras.cmake
[27.190s] -- Up-to-date: /home/ngo/ros2_ws/install/turtlesim/share/turtlesim/cmake/ament_cmake_export_dependencies-extras.cmake
[27.190s] -- Up-to-date: /home/ngo/ros2_ws/install/turtlesim/share/turtlesim/cmake/ament_cmake_export_include_directories-extras.cmake
[27.190s] -- Up-to-date: /home/ngo/ros2_ws/install/turtlesim/share/turtlesim/cmake/ament_cmake_export_libraries-extras.cmake
[27.190s] -- Up-to-date: /home/ngo/ros2_ws/install/turtlesim/share/turtlesim/cmake/ament_cmake_export_targets-extras.cmake
[27.190s] -- Up-to-date: /home/ngo/ros2_ws/install/turtlesim/share/turtlesim/cmake/rosidl_cmake_export_typesupport_targets-extras.cmake
[27.190s] -- Up-to-date: /home/ngo/ros2_ws/install/turtlesim/share/turtlesim/cmake/rosidl_cmake_export_typesupport_libraries-extras.cmake
[27.190s] -- Up-to-date: /home/ngo/ros2_ws/install/turtlesim/share/turtlesim/cmake/turtlesimConfig.cmake
[27.190s] -- Up-to-date: /home/ngo/ros2_ws/install/turtlesim/share/turtlesim/cmake/turtlesimConfig-version.cmake
[27.190s] -- Up-to-date: /home/ngo/ros2_ws/install/turtlesim/share/turtlesim/package.xml
[27.192s] Invoked command in '/home/ngo/ros2_ws/build/turtlesim' returned '0': CMAKE_PREFIX_PATH=${CMAKE_PREFIX_PATH}:/opt/ros/humble /usr/bin/cmake --install /home/ngo/ros2_ws/build/turtlesim
