[1.623s] Invoking command in '/home/ngo/ros2_ws/src/bag_recorder_nodes_py': PYTHONPATH=/home/ngo/ros2_ws/build/bag_recorder_nodes_py/prefix_override:/home/ngo/ros2_ws/install/bag_recorder_nodes_py/lib/python3.10/site-packages:${PYTHONPATH} /usr/bin/python3 setup.py egg_info --egg-base ../../build/bag_recorder_nodes_py build --build-base /home/ngo/ros2_ws/build/bag_recorder_nodes_py/build install --record /home/ngo/ros2_ws/build/bag_recorder_nodes_py/install.log --single-version-externally-managed
[1.935s] running egg_info
[1.936s] creating ../../build/bag_recorder_nodes_py/bag_recorder_nodes_py.egg-info
[1.936s] writing ../../build/bag_recorder_nodes_py/bag_recorder_nodes_py.egg-info/PKG-INFO
[1.936s] writing dependency_links to ../../build/bag_recorder_nodes_py/bag_recorder_nodes_py.egg-info/dependency_links.txt
[1.937s] writing entry points to ../../build/bag_recorder_nodes_py/bag_recorder_nodes_py.egg-info/entry_points.txt
[1.937s] writing requirements to ../../build/bag_recorder_nodes_py/bag_recorder_nodes_py.egg-info/requires.txt
[1.937s] writing top-level names to ../../build/bag_recorder_nodes_py/bag_recorder_nodes_py.egg-info/top_level.txt
[1.937s] writing manifest file '../../build/bag_recorder_nodes_py/bag_recorder_nodes_py.egg-info/SOURCES.txt'
[1.939s] reading manifest file '../../build/bag_recorder_nodes_py/bag_recorder_nodes_py.egg-info/SOURCES.txt'
[1.940s] writing manifest file '../../build/bag_recorder_nodes_py/bag_recorder_nodes_py.egg-info/SOURCES.txt'
[1.940s] running build
[1.940s] running build_py
[1.940s] creating /home/ngo/ros2_ws/build/bag_recorder_nodes_py/build
[1.940s] creating /home/ngo/ros2_ws/build/bag_recorder_nodes_py/build/lib
[1.940s] creating /home/ngo/ros2_ws/build/bag_recorder_nodes_py/build/lib/bag_recorder_nodes_py
[1.940s] copying bag_recorder_nodes_py/__init__.py -> /home/ngo/ros2_ws/build/bag_recorder_nodes_py/build/lib/bag_recorder_nodes_py
[1.941s] running install
[1.941s] /usr/lib/python3/dist-packages/setuptools/command/install.py:34: SetuptoolsDeprecationWarning: setup.py install is deprecated. Use build and pip and other standards-based tools.
[1.941s]   warnings.warn(
[1.941s] running install_lib
[1.942s] creating /home/ngo/ros2_ws/install/bag_recorder_nodes_py/lib/python3.10/site-packages/bag_recorder_nodes_py
[1.942s] copying /home/ngo/ros2_ws/build/bag_recorder_nodes_py/build/lib/bag_recorder_nodes_py/__init__.py -> /home/ngo/ros2_ws/install/bag_recorder_nodes_py/lib/python3.10/site-packages/bag_recorder_nodes_py
[1.943s] byte-compiling /home/ngo/ros2_ws/install/bag_recorder_nodes_py/lib/python3.10/site-packages/bag_recorder_nodes_py/__init__.py to __init__.cpython-310.pyc
[1.943s] running install_data
[1.944s] creating /home/ngo/ros2_ws/install/bag_recorder_nodes_py/share/ament_index
[1.944s] creating /home/ngo/ros2_ws/install/bag_recorder_nodes_py/share/ament_index/resource_index
[1.944s] creating /home/ngo/ros2_ws/install/bag_recorder_nodes_py/share/ament_index/resource_index/packages
[1.944s] copying resource/bag_recorder_nodes_py -> /home/ngo/ros2_ws/install/bag_recorder_nodes_py/share/ament_index/resource_index/packages
[1.944s] copying package.xml -> /home/ngo/ros2_ws/install/bag_recorder_nodes_py/share/bag_recorder_nodes_py
[1.944s] running install_egg_info
[1.947s] Copying ../../build/bag_recorder_nodes_py/bag_recorder_nodes_py.egg-info to /home/ngo/ros2_ws/install/bag_recorder_nodes_py/lib/python3.10/site-packages/bag_recorder_nodes_py-0.0.0-py3.10.egg-info
[1.948s] running install_scripts
[1.974s] writing list of installed files to '/home/ngo/ros2_ws/build/bag_recorder_nodes_py/install.log'
[2.007s] Invoked command in '/home/ngo/ros2_ws/src/bag_recorder_nodes_py' returned '0': PYTHONPATH=/home/ngo/ros2_ws/build/bag_recorder_nodes_py/prefix_override:/home/ngo/ros2_ws/install/bag_recorder_nodes_py/lib/python3.10/site-packages:${PYTHONPATH} /usr/bin/python3 setup.py egg_info --egg-base ../../build/bag_recorder_nodes_py build --build-base /home/ngo/ros2_ws/build/bag_recorder_nodes_py/build install --record /home/ngo/ros2_ws/build/bag_recorder_nodes_py/install.log --single-version-externally-managed
