[0.244s] Invoking command in '/home/ngo/turtlebot3_ws/build/turtlebot3_gazebo': CMAKE_PREFIX_PATH=${CMAKE_PREFIX_PATH}:/opt/ros/humble /usr/bin/cmake /home/ngo/turtlebot3_ws/src/turtlebot3_simulations/turtlebot3_gazebo -DCMAKE_INSTALL_PREFIX=/home/ngo/turtlebot3_ws/install/turtlebot3_gazebo
[0.259s] -- Found ament_cmake: 1.3.6 (/opt/ros/humble/share/ament_cmake/cmake)
[0.411s] -- Override CMake install command with custom implementation using symlinks instead of copying resources
[0.424s] [33mCMake Warning (dev) at /usr/share/cmake-3.22/Modules/FindPackageHandleStandardArgs.cmake:438 (message):
[0.425s]   The package name passed to `find_package_handle_standard_args` (PkgConfig)
[0.425s]   does not match the name of the calling package (gazebo).  This can lead to
[0.425s]   problems in calling code that expects `find_package` result variables
[0.425s]   (e.g., `_FOUND`) to follow a certain pattern.
[0.425s] Call Stack (most recent call first):
[0.425s]   /usr/share/cmake-3.22/Modules/FindPkgConfig.cmake:99 (find_package_handle_standard_args)
[0.425s]   /usr/lib/x86_64-linux-gnu/cmake/gazebo/gazebo-config.cmake:72 (include)
[0.426s]   CMakeLists.txt:23 (find_package)
[0.426s] This warning is for project developers.  Use -Wno-dev to suppress it.
[0.426s] [0m
[0.456s] -- Found DART: /usr/include (Required is at least version "6.6") found components: dart 
[0.492s] -- Found Protobuf: /usr/lib/x86_64-linux-gnu/libprotobuf.so (found version "3.12.4") 
[0.495s] -- Looking for ignition-math6 -- found version 6.15.0
[0.501s] -- Searching for dependencies of ignition-math6
[0.503s] -- Looking for OGRE...
[0.510s] -- Found Ogre Ghadamon (1.9.0)
[0.511s] -- Found OGRE: optimized;/usr/lib/x86_64-linux-gnu/libOgreMain.so;debug;/usr/lib/x86_64-linux-gnu/libOgreMain.so
[0.526s] -- Looking for OGRE_Paging...
[0.526s] -- Found OGRE_Paging: optimized;/usr/lib/x86_64-linux-gnu/libOgrePaging.so;debug;/usr/lib/x86_64-linux-gnu/libOgrePaging.so
[0.526s] -- Looking for OGRE_Terrain...
[0.526s] -- Found OGRE_Terrain: optimized;/usr/lib/x86_64-linux-gnu/libOgreTerrain.so;debug;/usr/lib/x86_64-linux-gnu/libOgreTerrain.so
[0.526s] -- Looking for OGRE_Property...
[0.526s] -- Found OGRE_Property: optimized;/usr/lib/x86_64-linux-gnu/libOgreProperty.so;debug;/usr/lib/x86_64-linux-gnu/libOgreProperty.so
[0.526s] -- Looking for OGRE_RTShaderSystem...
[0.526s] -- Found OGRE_RTShaderSystem: optimized;/usr/lib/x86_64-linux-gnu/libOgreRTShaderSystem.so;debug;/usr/lib/x86_64-linux-gnu/libOgreRTShaderSystem.so
[0.527s] -- Looking for OGRE_Volume...
[0.527s] -- Found OGRE_Volume: optimized;/usr/lib/x86_64-linux-gnu/libOgreVolume.so;debug;/usr/lib/x86_64-linux-gnu/libOgreVolume.so
[0.527s] -- Looking for OGRE_Overlay...
[0.527s] -- Found OGRE_Overlay: optimized;/usr/lib/x86_64-linux-gnu/libOgreOverlay.so;debug;/usr/lib/x86_64-linux-gnu/libOgreOverlay.so
[0.688s] -- Looking for ignition-math6 -- found version 6.15.0
[0.689s] -- Looking for ignition-transport8 -- found version 8.2.1
[0.689s] -- Searching for dependencies of ignition-transport8
[0.707s] -- Found Protobuf: /usr/lib/x86_64-linux-gnu/libprotobuf.so (found suitable version "3.12.4", minimum required is "3") 
[0.719s] -- Config-file not installed for ZeroMQ -- checking for pkg-config
[0.725s] -- Checking for module 'libzmq >= 4'
[0.738s] --   Found libzmq , version 4.3.4
[0.777s] -- Checking for module 'uuid'
[0.788s] --   Found uuid, version 2.37.2
[0.816s] -- Looking for ignition-msgs5 -- found version 5.8.1
[0.816s] -- Searching for dependencies of ignition-msgs5
[0.835s] -- Looking for ignition-math6 -- found version 6.15.0
[0.840s] -- Checking for module 'tinyxml2'
[0.853s] --   Found tinyxml2, version 9.0.0
[0.882s] -- Looking for ignition-msgs5 -- found version 5.8.1
[0.883s] -- Looking for ignition-common3 -- found version 3.14.0
[0.884s] -- Searching for dependencies of ignition-common3
[0.884s] -- Looking for dlfcn.h - found
[0.884s] -- Looking for libdl - found
[0.894s] -- Searching for <ignition-common3> component [graphics]
[0.895s] -- Looking for ignition-common3-graphics -- found version 3.14.0
[0.896s] -- Searching for dependencies of ignition-common3-graphics
[0.896s] -- Looking for ignition-math6 -- found version 6.15.0
[0.897s] -- Looking for ignition-fuel_tools4 -- found version 4.4.0
[0.898s] -- Searching for dependencies of ignition-fuel_tools4
[0.935s] -- Checking for module 'jsoncpp'
[0.946s] --   Found jsoncpp, version 1.9.5
[0.980s] -- Checking for module 'libzip'
[0.992s] --   Found libzip, version 1.7.3
[1.020s] -- Looking for ignition-common3 -- found version 3.14.0
[1.020s] -- Looking for ignition-math6 -- found version 6.15.0
[1.021s] -- Looking for ignition-msgs5 -- found version 5.8.1
[1.023s] -- Found gazebo_ros_pkgs: 3.7.0 (/opt/ros/humble/share/gazebo_ros_pkgs/cmake)
[1.024s] -- Found geometry_msgs: 4.2.3 (/opt/ros/humble/share/geometry_msgs/cmake)
[1.043s] -- Found rosidl_generator_c: 3.1.5 (/opt/ros/humble/share/rosidl_generator_c/cmake)
[1.045s] -- Found rosidl_adapter: 3.1.5 (/opt/ros/humble/share/rosidl_adapter/cmake)
[1.051s] -- Found rosidl_generator_cpp: 3.1.5 (/opt/ros/humble/share/rosidl_generator_cpp/cmake)
[1.062s] -- Using all available rosidl_typesupport_c: rosidl_typesupport_fastrtps_c;rosidl_typesupport_introspection_c
[1.078s] -- Using all available rosidl_typesupport_cpp: rosidl_typesupport_fastrtps_cpp;rosidl_typesupport_introspection_cpp
[1.191s] -- Found nav_msgs: 4.2.3 (/opt/ros/humble/share/nav_msgs/cmake)
[1.278s] -- Found rclcpp: 16.0.7 (/opt/ros/humble/share/rclcpp/cmake)
[1.326s] -- Found rmw_implementation_cmake: 6.1.1 (/opt/ros/humble/share/rmw_implementation_cmake/cmake)
[1.329s] -- Found rmw_cyclonedds_cpp: 1.3.4 (/opt/ros/humble/share/rmw_cyclonedds_cpp/cmake)
[1.361s] -- Using RMW implementation 'rmw_cyclonedds_cpp' as default
[1.493s] -- Found sensor_msgs: 4.2.3 (/opt/ros/humble/share/sensor_msgs/cmake)
[1.577s] -- Found tf2: 0.25.5 (/opt/ros/humble/share/tf2/cmake)
[1.677s] -- Configuring done
[1.729s] -- Generating done
[1.731s] -- Build files have been written to: /home/ngo/turtlebot3_ws/build/turtlebot3_gazebo
