running egg_info
writing ../../build/my_package/my_package.egg-info/PKG-INFO
writing dependency_links to ../../build/my_package/my_package.egg-info/dependency_links.txt
writing entry points to ../../build/my_package/my_package.egg-info/entry_points.txt
writing requirements to ../../build/my_package/my_package.egg-info/requires.txt
writing top-level names to ../../build/my_package/my_package.egg-info/top_level.txt
reading manifest file '../../build/my_package/my_package.egg-info/SOURCES.txt'
writing manifest file '../../build/my_package/my_package.egg-info/SOURCES.txt'
running build
running build_py
copying my_package/gtg.py -> /home/ngo/ros2_ws/build/my_package/build/lib/my_package
copying my_package/subscriber_member_function.py -> /home/ngo/ros2_ws/build/my_package/build/lib/my_package
copying my_package/client_time.py -> /home/ngo/ros2_ws/build/my_package/build/lib/my_package
copying my_package/prime_numbers_action_server.py -> /home/ngo/ros2_ws/build/my_package/build/lib/my_package
copying my_package/go_to_goal_input_cood.py -> /home/ngo/ros2_ws/build/my_package/build/lib/my_package
copying my_package/my_node.py -> /home/ngo/ros2_ws/build/my_package/build/lib/my_package
copying my_package/prime_numbers_action_client.py -> /home/ngo/ros2_ws/build/my_package/build/lib/my_package
copying my_package/server_time.py -> /home/ngo/ros2_ws/build/my_package/build/lib/my_package
copying my_package/publisher_member_function.py -> /home/ngo/ros2_ws/build/my_package/build/lib/my_package
copying my_package/gtg2.py -> /home/ngo/ros2_ws/build/my_package/build/lib/my_package
copying my_package/__init__.py -> /home/ngo/ros2_ws/build/my_package/build/lib/my_package
running install
/home/ngo/.local/lib/python3.10/site-packages/setuptools/_distutils/cmd.py:66: SetuptoolsDeprecationWarning: setup.py install is deprecated.
!!

        ********************************************************************************
        Please avoid running ``setup.py`` directly.
        Instead, use pypa/build, pypa/installer or other
        standards-based tools.

        See https://blog.ganssle.io/articles/2021/10/setup-py-deprecated.html for details.
        ********************************************************************************

!!
  self.initialize_options()
running install_lib
byte-compiling /home/ngo/ros2_ws/install/my_package/lib/python3.10/site-packages/my_package/server_time.py to server_time.cpython-310.pyc
Sorry: TabError: inconsistent use of tabs and spaces in indentation (server_time.py, line 20)
running install_data
copying resource/my_package -> /home/ngo/ros2_ws/install/my_package/share/ament_index/resource_index/packages
copying package.xml -> /home/ngo/ros2_ws/install/my_package/share/my_package
running install_egg_info
removing '/home/ngo/ros2_ws/install/my_package/lib/python3.10/site-packages/my_package-0.0.0-py3.10.egg-info' (and everything under it)
Copying ../../build/my_package/my_package.egg-info to /home/ngo/ros2_ws/install/my_package/lib/python3.10/site-packages/my_package-0.0.0-py3.10.egg-info
running install_scripts
Installing my_node script to /home/ngo/ros2_ws/install/my_package/lib/my_package
writing list of installed files to '/home/ngo/ros2_ws/build/my_package/install.log'
