[1.918s] Invoking command in '/home/ngo/ros2_ws/src/my_package': PYTHONPATH=/home/ngo/ros2_ws/build/my_package/prefix_override:/home/ngo/ros2_ws/install/my_package/lib/python3.10/site-packages:${PYTHONPATH} /usr/bin/python3 setup.py egg_info --egg-base ../../build/my_package build --build-base /home/ngo/ros2_ws/build/my_package/build install --record /home/ngo/ros2_ws/build/my_package/install.log --single-version-externally-managed
[2.151s] running egg_info
[2.168s] writing ../../build/my_package/my_package.egg-info/PKG-INFO
[2.169s] writing dependency_links to ../../build/my_package/my_package.egg-info/dependency_links.txt
[2.169s] writing entry points to ../../build/my_package/my_package.egg-info/entry_points.txt
[2.169s] writing requirements to ../../build/my_package/my_package.egg-info/requires.txt
[2.169s] writing top-level names to ../../build/my_package/my_package.egg-info/top_level.txt
[2.204s] reading manifest file '../../build/my_package/my_package.egg-info/SOURCES.txt'
[2.205s] writing manifest file '../../build/my_package/my_package.egg-info/SOURCES.txt'
[2.205s] running build
[2.206s] running build_py
[2.206s] copying my_package/gtg.py -> /home/ngo/ros2_ws/build/my_package/build/lib/my_package
[2.206s] copying my_package/subscriber_member_function.py -> /home/ngo/ros2_ws/build/my_package/build/lib/my_package
[2.206s] copying my_package/client_time.py -> /home/ngo/ros2_ws/build/my_package/build/lib/my_package
[2.206s] copying my_package/prime_numbers_action_server.py -> /home/ngo/ros2_ws/build/my_package/build/lib/my_package
[2.207s] copying my_package/go_to_goal_input_cood.py -> /home/ngo/ros2_ws/build/my_package/build/lib/my_package
[2.207s] copying my_package/my_node.py -> /home/ngo/ros2_ws/build/my_package/build/lib/my_package
[2.207s] copying my_package/prime_numbers_action_client.py -> /home/ngo/ros2_ws/build/my_package/build/lib/my_package
[2.207s] copying my_package/server_time.py -> /home/ngo/ros2_ws/build/my_package/build/lib/my_package
[2.207s] copying my_package/publisher_member_function.py -> /home/ngo/ros2_ws/build/my_package/build/lib/my_package
[2.207s] copying my_package/gtg2.py -> /home/ngo/ros2_ws/build/my_package/build/lib/my_package
[2.207s] copying my_package/__init__.py -> /home/ngo/ros2_ws/build/my_package/build/lib/my_package
[2.208s] running install
[2.208s] /home/ngo/.local/lib/python3.10/site-packages/setuptools/_distutils/cmd.py:66: SetuptoolsDeprecationWarning: setup.py install is deprecated.
[2.208s] !!
[2.208s] 
[2.208s]         ********************************************************************************
[2.208s]         Please avoid running ``setup.py`` directly.
[2.209s]         Instead, use pypa/build, pypa/installer or other
[2.209s]         standards-based tools.
[2.209s] 
[2.209s]         See https://blog.ganssle.io/articles/2021/10/setup-py-deprecated.html for details.
[2.209s]         ********************************************************************************
[2.209s] 
[2.209s] !!
[2.209s]   self.initialize_options()
[2.213s] running install_lib
[2.232s] byte-compiling /home/ngo/ros2_ws/install/my_package/lib/python3.10/site-packages/my_package/server_time.py to server_time.cpython-310.pyc
[2.232s] Sorry: TabError: inconsistent use of tabs and spaces in indentation (server_time.py, line 20)
[2.232s] running install_data
[2.249s] copying resource/my_package -> /home/ngo/ros2_ws/install/my_package/share/ament_index/resource_index/packages
[2.249s] copying package.xml -> /home/ngo/ros2_ws/install/my_package/share/my_package
[2.249s] running install_egg_info
[2.267s] removing '/home/ngo/ros2_ws/install/my_package/lib/python3.10/site-packages/my_package-0.0.0-py3.10.egg-info' (and everything under it)
[2.267s] Copying ../../build/my_package/my_package.egg-info to /home/ngo/ros2_ws/install/my_package/lib/python3.10/site-packages/my_package-0.0.0-py3.10.egg-info
[2.268s] running install_scripts
[2.460s] Installing my_node script to /home/ngo/ros2_ws/install/my_package/lib/my_package
[2.461s] writing list of installed files to '/home/ngo/ros2_ws/build/my_package/install.log'
