[0.154s] Invoking command in '/home/ngo/turtlebot3_ws/build/raspicam_node': /usr/bin/cmake /home/ngo/turtlebot3_ws/src/raspicam_node -DCATKIN_INSTALL_INTO_PREFIX_ROOT=0 -DCMAKE_INSTALL_PREFIX=/home/ngo/turtlebot3_ws/install/raspicam_node
[0.176s] [31mCMake Error at CMakeLists.txt:11 (find_package):
[0.177s]   By not providing "Findcatkin.cmake" in CMAKE_MODULE_PATH this project has
[0.177s]   asked CMake to find a package configuration file provided by "catkin", but
[0.177s]   CMake did not find one.
[0.177s] 
[0.177s]   Could not find a package configuration file provided by "catkin" with any
[0.177s]   of the following names:
[0.177s] 
[0.177s]     catkinConfig.cmake
[0.177s]     catkin-config.cmake
[0.177s] 
[0.177s]   Add the installation prefix of "catkin" to CMAKE_PREFIX_PATH or set
[0.177s]   "catkin_DIR" to a directory containing one of the above files.  If "catkin"
[0.177s]   provides a separate development package or SDK, be sure it has been
[0.178s]   installed.
[0.178s] 
[0.178s] [0m
[0.178s] -- Configuring incomplete, errors occurred!
[0.178s] See also "/home/ngo/turtlebot3_ws/build/raspicam_node/CMakeFiles/CMakeOutput.log".
[0.179s] Invoked command in '/home/ngo/turtlebot3_ws/build/raspicam_node' returned '1': /usr/bin/cmake /home/ngo/turtlebot3_ws/src/raspicam_node -DCATKIN_INSTALL_INTO_PREFIX_ROOT=0 -DCMAKE_INSTALL_PREFIX=/home/ngo/turtlebot3_ws/install/raspicam_node
