[0.040s] Invoking command in '/home/ngo/turtlebot3_ws/build/turtlebot3_gazebo': /usr/bin/cmake /home/ngo/turtlebot3_ws/src/turtlebot3_simulations/turtlebot3_gazebo -DCMAKE_INSTALL_PREFIX=/home/ngo/turtlebot3_ws/install/turtlebot3_gazebo
[0.092s] -- The C compiler identification is GNU 11.4.0
[0.147s] -- The CXX compiler identification is GNU 11.4.0
[0.154s] -- Detecting C compiler ABI info
[0.220s] -- Detecting C compiler ABI info - done
[0.228s] -- Check for working C compiler: /usr/bin/cc - skipped
[0.229s] -- Detecting C compile features
[0.229s] -- Detecting C compile features - done
[0.231s] -- Detecting CXX compiler ABI info
[0.307s] -- Detecting CXX compiler ABI info - done
[0.314s] -- Check for working CXX compiler: /usr/bin/c++ - skipped
[0.314s] -- Detecting CXX compile features
[0.315s] -- Detecting CXX compile features - done
[0.324s] [31mCMake Error at CMakeLists.txt:22 (find_package):
[0.325s]   By not providing "Findament_cmake.cmake" in CMAKE_MODULE_PATH this project
[0.325s]   has asked CMake to find a package configuration file provided by
[0.325s]   "ament_cmake", but CMake did not find one.
[0.325s] 
[0.325s]   Could not find a package configuration file provided by "ament_cmake" with
[0.325s]   any of the following names:
[0.325s] 
[0.325s]     ament_cmakeConfig.cmake
[0.325s]     ament_cmake-config.cmake
[0.325s] 
[0.325s]   Add the installation prefix of "ament_cmake" to CMAKE_PREFIX_PATH or set
[0.325s]   "ament_cmake_DIR" to a directory containing one of the above files.  If
[0.325s]   "ament_cmake" provides a separate development package or SDK, be sure it
[0.325s]   has been installed.
[0.325s] 
[0.325s] [0m
[0.325s] -- Configuring incomplete, errors occurred!
[0.325s] See also "/home/ngo/turtlebot3_ws/build/turtlebot3_gazebo/CMakeFiles/CMakeOutput.log".
[0.328s] Invoked command in '/home/ngo/turtlebot3_ws/build/turtlebot3_gazebo' returned '1': /usr/bin/cmake /home/ngo/turtlebot3_ws/src/turtlebot3_simulations/turtlebot3_gazebo -DCMAKE_INSTALL_PREFIX=/home/ngo/turtlebot3_ws/install/turtlebot3_gazebo
