[0.328s] Invoking command in '/home/ngo/ros2_ws/build/turtlesim': CMAKE_PREFIX_PATH=${CMAKE_PREFIX_PATH}:/opt/ros/humble /usr/bin/cmake /home/ngo/ros2_ws/src/ros_tutorials/turtlesim -DCMAKE_INSTALL_PREFIX=/home/ngo/ros2_ws/install/turtlesim
[0.737s] -- The C compiler identification is GNU 11.4.0
[0.738s] -- The CXX compiler identification is GNU 11.4.0
[0.738s] -- Detecting C compiler ABI info
[0.738s] -- Detecting C compiler ABI info - done
[0.738s] -- Check for working C compiler: /usr/bin/cc - skipped
[0.738s] -- Detecting C compile features
[0.738s] -- Detecting C compile features - done
[0.738s] -- Detecting CXX compiler ABI info
[0.738s] -- Detecting CXX compiler ABI info - done
[0.738s] -- Check for working CXX compiler: /usr/bin/c++ - skipped
[0.738s] -- Detecting CXX compile features
[0.739s] -- Detecting CXX compile features - done
[0.739s] -- Found ament_cmake: 1.3.5 (/opt/ros/humble/share/ament_cmake/cmake)
[0.954s] -- Found Python3: /usr/bin/python3.10 (found version "3.10.12") found components: Interpreter 
[1.082s] -- Found ament_index_cpp: 1.4.0 (/opt/ros/humble/share/ament_index_cpp/cmake)
[1.087s] -- Found geometry_msgs: 4.2.3 (/opt/ros/humble/share/geometry_msgs/cmake)
[1.143s] -- Found rosidl_generator_c: 3.1.5 (/opt/ros/humble/share/rosidl_generator_c/cmake)
[1.153s] -- Found rosidl_adapter: 3.1.5 (/opt/ros/humble/share/rosidl_adapter/cmake)
[1.168s] -- Found rosidl_generator_cpp: 3.1.5 (/opt/ros/humble/share/rosidl_generator_cpp/cmake)
[1.198s] -- Using all available rosidl_typesupport_c: rosidl_typesupport_fastrtps_c;rosidl_typesupport_introspection_c
[1.240s] -- Using all available rosidl_typesupport_cpp: rosidl_typesupport_fastrtps_cpp;rosidl_typesupport_introspection_cpp
[1.449s] -- Found rclcpp: 16.0.6 (/opt/ros/humble/share/rclcpp/cmake)
[1.569s] -- Found rmw_implementation_cmake: 6.1.1 (/opt/ros/humble/share/rmw_implementation_cmake/cmake)
[1.575s] -- Found rmw_cyclonedds_cpp: 1.3.4 (/opt/ros/humble/share/rmw_cyclonedds_cpp/cmake)
[1.637s] -- Using RMW implementation 'rmw_cyclonedds_cpp' as default
[1.656s] -- Looking for pthread.h
[1.759s] -- Looking for pthread.h - found
[1.761s] -- Performing Test CMAKE_HAVE_LIBC_PTHREAD
[1.862s] -- Performing Test CMAKE_HAVE_LIBC_PTHREAD - Success
[1.863s] -- Found Threads: TRUE  
[2.097s] -- Found rclcpp_action: 16.0.6 (/opt/ros/humble/share/rclcpp_action/cmake)
[2.259s] -- Found rosidl_default_generators: 1.2.0 (/opt/ros/humble/share/rosidl_default_generators/cmake)
[2.271s] -- Found std_srvs: 4.2.3 (/opt/ros/humble/share/std_srvs/cmake)
[2.667s] -- Found ament_cmake_ros: 0.10.0 (/opt/ros/humble/share/ament_cmake_ros/cmake)
[3.049s] -- Using all available rosidl_typesupport_c: rosidl_typesupport_fastrtps_c;rosidl_typesupport_introspection_c
[3.213s] -- Using all available rosidl_typesupport_cpp: rosidl_typesupport_fastrtps_cpp;rosidl_typesupport_introspection_cpp
[3.242s] -- Found PythonInterp: /usr/bin/python3 (found suitable version "3.10.12", minimum required is "3.6") 
[3.245s] -- Found python_cmake_module: 0.10.0 (/opt/ros/humble/share/python_cmake_module/cmake)
[3.280s] -- Found PythonLibs: /usr/lib/x86_64-linux-gnu/libpython3.10.so (found suitable version "3.10.12", minimum required is "3.5") 
[3.280s] -- Using PYTHON_EXECUTABLE: /usr/bin/python3
[3.280s] -- Using PYTHON_INCLUDE_DIRS: /usr/include/python3.10
[3.280s] -- Using PYTHON_LIBRARIES: /usr/lib/x86_64-linux-gnu/libpython3.10.so
[3.310s] -- Found PythonExtra: .so  
[3.398s] -- Configuring done
[3.511s] -- Generating done
[3.516s] -- Build files have been written to: /home/ngo/ros2_ws/build/turtlesim
[3.539s] Invoked command in '/home/ngo/ros2_ws/build/turtlesim' returned '0': CMAKE_PREFIX_PATH=${CMAKE_PREFIX_PATH}:/opt/ros/humble /usr/bin/cmake /home/ngo/ros2_ws/src/ros_tutorials/turtlesim -DCMAKE_INSTALL_PREFIX=/home/ngo/ros2_ws/install/turtlesim
[3.540s] Invoking command in '/home/ngo/ros2_ws/build/turtlesim': CMAKE_PREFIX_PATH=${CMAKE_PREFIX_PATH}:/opt/ros/humble /usr/bin/cmake --build /home/ngo/ros2_ws/build/turtlesim -- -j8 -l8
[3.624s] [  1%] [34m[1mGenerating C++ code for ROS interfaces[0m
[3.643s] [  2%] [34m[1mGenerating C code for ROS interfaces[0m
[3.702s] [  2%] Built target ament_cmake_python_copy_turtlesim
[4.142s] running egg_info
[4.143s] creating turtlesim.egg-info
[4.144s] writing turtlesim.egg-info/PKG-INFO
[4.144s] writing dependency_links to turtlesim.egg-info/dependency_links.txt
[4.144s] writing top-level names to turtlesim.egg-info/top_level.txt
[4.145s] writing manifest file 'turtlesim.egg-info/SOURCES.txt'
[4.149s] reading manifest file 'turtlesim.egg-info/SOURCES.txt'
[4.150s] writing manifest file 'turtlesim.egg-info/SOURCES.txt'
[4.208s] [  2%] Built target ament_cmake_python_build_turtlesim_egg
[5.239s] [  2%] Built target turtlesim__cpp
[5.251s] [  3%] [34m[1mGenerating C++ type support dispatch for ROS interfaces[0m
[5.252s] [  4%] [34m[1mGenerating C++ type support for eProsima Fast-RTPS[0m
[5.253s] [  5%] [34m[1mGenerating C++ introspection for ROS interfaces[0m
[5.555s] [  6%] [32mBuilding C object CMakeFiles/turtlesim__rosidl_generator_c.dir/rosidl_generator_c/turtlesim/action/detail/rotate_absolute__functions.c.o[0m
[5.555s] [  7%] [32mBuilding C object CMakeFiles/turtlesim__rosidl_generator_c.dir/rosidl_generator_c/turtlesim/srv/detail/set_pen__functions.c.o[0m
[5.558s] [  8%] [32mBuilding C object CMakeFiles/turtlesim__rosidl_generator_c.dir/rosidl_generator_c/turtlesim/msg/detail/pose__functions.c.o[0m
[5.563s] [  9%] [32mBuilding C object CMakeFiles/turtlesim__rosidl_generator_c.dir/rosidl_generator_c/turtlesim/msg/detail/color__functions.c.o[0m
[5.575s] [ 10%] [32mBuilding C object CMakeFiles/turtlesim__rosidl_generator_c.dir/rosidl_generator_c/turtlesim/srv/detail/kill__functions.c.o[0m
[5.661s] [ 11%] [32mBuilding C object CMakeFiles/turtlesim__rosidl_generator_c.dir/rosidl_generator_c/turtlesim/srv/detail/spawn__functions.c.o[0m
[5.695s] [ 12%] [32mBuilding C object CMakeFiles/turtlesim__rosidl_generator_c.dir/rosidl_generator_c/turtlesim/srv/detail/teleport_absolute__functions.c.o[0m
[5.704s] [ 13%] [32mBuilding C object CMakeFiles/turtlesim__rosidl_generator_c.dir/rosidl_generator_c/turtlesim/srv/detail/teleport_relative__functions.c.o[0m
[5.817s] [ 14%] [32m[1mLinking C shared library libturtlesim__rosidl_generator_c.so[0m
[5.878s] [ 14%] Built target turtlesim__rosidl_generator_c
[5.895s] [ 16%] [34m[1mGenerating C introspection for ROS interfaces[0m
[5.896s] [ 16%] [34m[1mGenerating C type support dispatch for ROS interfaces[0m
[5.900s] [ 17%] [34m[1mGenerating C type support for eProsima Fast-RTPS[0m
[6.323s] [ 18%] [32mBuilding CXX object CMakeFiles/turtlesim__rosidl_typesupport_cpp.dir/rosidl_typesupport_cpp/turtlesim/action/rotate_absolute__type_support.cpp.o[0m
[6.348s] [ 19%] [32mBuilding CXX object CMakeFiles/turtlesim__rosidl_typesupport_cpp.dir/rosidl_typesupport_cpp/turtlesim/msg/color__type_support.cpp.o[0m
[6.359s] [ 20%] [32mBuilding CXX object CMakeFiles/turtlesim__rosidl_typesupport_cpp.dir/rosidl_typesupport_cpp/turtlesim/msg/pose__type_support.cpp.o[0m
[6.672s] [ 21%] [32mBuilding CXX object CMakeFiles/turtlesim__rosidl_typesupport_introspection_cpp.dir/rosidl_typesupport_introspection_cpp/turtlesim/action/detail/rotate_absolute__type_support.cpp.o[0m
[6.984s] [ 22%] [32mBuilding CXX object CMakeFiles/turtlesim__rosidl_typesupport_cpp.dir/rosidl_typesupport_cpp/turtlesim/srv/kill__type_support.cpp.o[0m
[7.095s] [ 23%] [32mBuilding CXX object CMakeFiles/turtlesim__rosidl_typesupport_c.dir/rosidl_typesupport_c/turtlesim/action/rotate_absolute__type_support.cpp.o[0m
[7.104s] [ 24%] [32mBuilding CXX object CMakeFiles/turtlesim__rosidl_typesupport_cpp.dir/rosidl_typesupport_cpp/turtlesim/srv/set_pen__type_support.cpp.o[0m
[7.167s] [ 25%] [32mBuilding CXX object CMakeFiles/turtlesim__rosidl_typesupport_fastrtps_cpp.dir/rosidl_typesupport_fastrtps_cpp/turtlesim/action/detail/dds_fastrtps/rotate_absolute__type_support.cpp.o[0m
[7.244s] [ 26%] [32mBuilding CXX object CMakeFiles/turtlesim__rosidl_typesupport_c.dir/rosidl_typesupport_c/turtlesim/msg/color__type_support.cpp.o[0m
[7.288s] [ 27%] [32mBuilding CXX object CMakeFiles/turtlesim__rosidl_typesupport_c.dir/rosidl_typesupport_c/turtlesim/msg/pose__type_support.cpp.o[0m
[7.349s] [ 28%] [32mBuilding CXX object CMakeFiles/turtlesim__rosidl_typesupport_cpp.dir/rosidl_typesupport_cpp/turtlesim/srv/spawn__type_support.cpp.o[0m
[7.420s] [ 29%] [32mBuilding CXX object CMakeFiles/turtlesim__rosidl_typesupport_c.dir/rosidl_typesupport_c/turtlesim/srv/kill__type_support.cpp.o[0m
[7.558s] [ 30%] [32mBuilding CXX object CMakeFiles/turtlesim__rosidl_typesupport_c.dir/rosidl_typesupport_c/turtlesim/srv/set_pen__type_support.cpp.o[0m
[7.690s] [ 31%] [32mBuilding CXX object CMakeFiles/turtlesim__rosidl_typesupport_c.dir/rosidl_typesupport_c/turtlesim/srv/spawn__type_support.cpp.o[0m
[7.705s] [ 32%] [32mBuilding CXX object CMakeFiles/turtlesim__rosidl_typesupport_cpp.dir/rosidl_typesupport_cpp/turtlesim/srv/teleport_absolute__type_support.cpp.o[0m
[7.743s] [ 33%] [32mBuilding CXX object CMakeFiles/turtlesim__rosidl_typesupport_cpp.dir/rosidl_typesupport_cpp/turtlesim/srv/teleport_relative__type_support.cpp.o[0m
[7.767s] [ 34%] [32mBuilding CXX object CMakeFiles/turtlesim__rosidl_typesupport_c.dir/rosidl_typesupport_c/turtlesim/srv/teleport_absolute__type_support.cpp.o[0m
[7.837s] [ 35%] [32mBuilding CXX object CMakeFiles/turtlesim__rosidl_typesupport_c.dir/rosidl_typesupport_c/turtlesim/srv/teleport_relative__type_support.cpp.o[0m
[7.900s] [ 36%] [32mBuilding CXX object CMakeFiles/turtlesim__rosidl_typesupport_fastrtps_c.dir/rosidl_typesupport_fastrtps_c/turtlesim/action/detail/rotate_absolute__type_support_c.cpp.o[0m
[7.927s] [ 37%] [32m[1mLinking CXX shared library libturtlesim__rosidl_typesupport_c.so[0m
[7.978s] [ 38%] [32mBuilding CXX object CMakeFiles/turtlesim__rosidl_typesupport_fastrtps_c.dir/rosidl_typesupport_fastrtps_c/turtlesim/msg/detail/color__type_support_c.cpp.o[0m
[8.004s] [ 39%] [32mBuilding C object CMakeFiles/turtlesim__rosidl_typesupport_introspection_c.dir/rosidl_typesupport_introspection_c/turtlesim/action/detail/rotate_absolute__type_support.c.o[0m
[8.089s] [ 39%] Built target turtlesim__rosidl_typesupport_c
[8.103s] [ 40%] [32mBuilding CXX object CMakeFiles/turtlesim__rosidl_typesupport_introspection_cpp.dir/rosidl_typesupport_introspection_cpp/turtlesim/msg/detail/color__type_support.cpp.o[0m
[8.110s] [ 41%] [32mBuilding C object CMakeFiles/turtlesim__rosidl_typesupport_introspection_c.dir/rosidl_typesupport_introspection_c/turtlesim/msg/detail/color__type_support.c.o[0m
[8.160s] [ 42%] [32mBuilding C object CMakeFiles/turtlesim__rosidl_typesupport_introspection_c.dir/rosidl_typesupport_introspection_c/turtlesim/msg/detail/pose__type_support.c.o[0m
[8.196s] [ 43%] [32mBuilding C object CMakeFiles/turtlesim__rosidl_typesupport_introspection_c.dir/rosidl_typesupport_introspection_c/turtlesim/srv/detail/kill__type_support.c.o[0m
[8.230s] [ 44%] [32mBuilding CXX object CMakeFiles/turtlesim__rosidl_typesupport_introspection_cpp.dir/rosidl_typesupport_introspection_cpp/turtlesim/msg/detail/pose__type_support.cpp.o[0m
[8.275s] [ 45%] [32mBuilding C object CMakeFiles/turtlesim__rosidl_typesupport_introspection_c.dir/rosidl_typesupport_introspection_c/turtlesim/srv/detail/set_pen__type_support.c.o[0m
[8.368s] [ 46%] [32mBuilding C object CMakeFiles/turtlesim__rosidl_typesupport_introspection_c.dir/rosidl_typesupport_introspection_c/turtlesim/srv/detail/spawn__type_support.c.o[0m
[8.399s] [ 47%] [32mBuilding CXX object CMakeFiles/turtlesim__rosidl_typesupport_introspection_cpp.dir/rosidl_typesupport_introspection_cpp/turtlesim/srv/detail/kill__type_support.cpp.o[0m
[8.482s] [ 48%] [32mBuilding CXX object CMakeFiles/turtlesim__rosidl_typesupport_fastrtps_cpp.dir/rosidl_typesupport_fastrtps_cpp/turtlesim/msg/detail/dds_fastrtps/color__type_support.cpp.o[0m
[8.498s] [ 49%] [32mBuilding C object CMakeFiles/turtlesim__rosidl_typesupport_introspection_c.dir/rosidl_typesupport_introspection_c/turtlesim/srv/detail/teleport_absolute__type_support.c.o[0m
[8.661s] [ 50%] [32m[1mLinking CXX shared library libturtlesim__rosidl_typesupport_cpp.so[0m
[8.661s] [ 51%] [32mBuilding C object CMakeFiles/turtlesim__rosidl_typesupport_introspection_c.dir/rosidl_typesupport_introspection_c/turtlesim/srv/detail/teleport_relative__type_support.c.o[0m
[8.716s] [ 52%] [32mBuilding CXX object CMakeFiles/turtlesim__rosidl_typesupport_fastrtps_c.dir/rosidl_typesupport_fastrtps_c/turtlesim/msg/detail/pose__type_support_c.cpp.o[0m
[8.718s] [ 53%] [32mBuilding CXX object CMakeFiles/turtlesim__rosidl_typesupport_fastrtps_c.dir/rosidl_typesupport_fastrtps_c/turtlesim/srv/detail/kill__type_support_c.cpp.o[0m
[8.753s] [ 54%] [32m[1mLinking C shared library libturtlesim__rosidl_typesupport_introspection_c.so[0m
[8.809s] [ 54%] Built target turtlesim__rosidl_typesupport_cpp
[8.834s] [ 55%] [32mBuilding CXX object CMakeFiles/turtlesim__rosidl_typesupport_fastrtps_c.dir/rosidl_typesupport_fastrtps_c/turtlesim/srv/detail/set_pen__type_support_c.cpp.o[0m
[8.834s] [ 55%] Built target turtlesim__rosidl_typesupport_introspection_c
[8.869s] [ 56%] [34m[1mGenerating include/turtlesim/moc_turtle_frame.cpp[0m
[8.968s] [ 57%] [32mBuilding CXX object CMakeFiles/turtlesim__rosidl_typesupport_introspection_cpp.dir/rosidl_typesupport_introspection_cpp/turtlesim/srv/detail/set_pen__type_support.cpp.o[0m
[9.058s] [ 58%] [32mBuilding CXX object CMakeFiles/turtlesim__rosidl_typesupport_introspection_cpp.dir/rosidl_typesupport_introspection_cpp/turtlesim/srv/detail/spawn__type_support.cpp.o[0m
[9.280s] [ 59%] [32mBuilding CXX object CMakeFiles/turtlesim_node.dir/src/turtlesim.cpp.o[0m
[9.334s] [ 60%] [32mBuilding CXX object CMakeFiles/turtlesim_node.dir/src/turtle.cpp.o[0m
[9.406s] [ 61%] [32mBuilding CXX object CMakeFiles/turtlesim__rosidl_typesupport_fastrtps_c.dir/rosidl_typesupport_fastrtps_c/turtlesim/srv/detail/spawn__type_support_c.cpp.o[0m
[9.420s] [ 62%] [32mBuilding CXX object CMakeFiles/turtlesim_node.dir/src/turtle_frame.cpp.o[0m
[9.501s] [ 63%] [32mBuilding CXX object CMakeFiles/turtlesim__rosidl_typesupport_fastrtps_cpp.dir/rosidl_typesupport_fastrtps_cpp/turtlesim/msg/detail/dds_fastrtps/pose__type_support.cpp.o[0m
[9.752s] [ 64%] [32mBuilding CXX object CMakeFiles/turtlesim__rosidl_typesupport_introspection_cpp.dir/rosidl_typesupport_introspection_cpp/turtlesim/srv/detail/teleport_absolute__type_support.cpp.o[0m
[9.816s] [ 65%] [32mBuilding CXX object CMakeFiles/turtlesim__rosidl_typesupport_fastrtps_c.dir/rosidl_typesupport_fastrtps_c/turtlesim/srv/detail/teleport_absolute__type_support_c.cpp.o[0m
[9.955s] [ 66%] [32mBuilding CXX object CMakeFiles/turtlesim__rosidl_typesupport_fastrtps_cpp.dir/rosidl_typesupport_fastrtps_cpp/turtlesim/srv/detail/dds_fastrtps/kill__type_support.cpp.o[0m
[10.192s] [ 67%] [32mBuilding CXX object CMakeFiles/turtlesim__rosidl_typesupport_fastrtps_cpp.dir/rosidl_typesupport_fastrtps_cpp/turtlesim/srv/detail/dds_fastrtps/set_pen__type_support.cpp.o[0m
[10.352s] [ 68%] [32mBuilding CXX object CMakeFiles/turtlesim__rosidl_typesupport_fastrtps_cpp.dir/rosidl_typesupport_fastrtps_cpp/turtlesim/srv/detail/dds_fastrtps/spawn__type_support.cpp.o[0m
[10.495s] [ 69%] [32mBuilding CXX object CMakeFiles/turtlesim__rosidl_typesupport_introspection_cpp.dir/rosidl_typesupport_introspection_cpp/turtlesim/srv/detail/teleport_relative__type_support.cpp.o[0m
[10.618s] [ 70%] [32mBuilding CXX object CMakeFiles/turtlesim__rosidl_typesupport_fastrtps_c.dir/rosidl_typesupport_fastrtps_c/turtlesim/srv/detail/teleport_relative__type_support_c.cpp.o[0m
[11.079s] [ 71%] [32mBuilding CXX object CMakeFiles/turtlesim__rosidl_typesupport_fastrtps_cpp.dir/rosidl_typesupport_fastrtps_cpp/turtlesim/srv/detail/dds_fastrtps/teleport_absolute__type_support.cpp.o[0m
[11.275s] [ 72%] [32m[1mLinking CXX shared library libturtlesim__rosidl_typesupport_introspection_cpp.so[0m
[11.295s] [ 73%] [32mBuilding CXX object CMakeFiles/turtlesim_node.dir/include/turtlesim/moc_turtle_frame.cpp.o[0m
[11.382s] [ 74%] [32mBuilding CXX object CMakeFiles/turtlesim__rosidl_typesupport_fastrtps_cpp.dir/rosidl_typesupport_fastrtps_cpp/turtlesim/srv/detail/dds_fastrtps/teleport_relative__type_support.cpp.o[0m
[11.632s] [ 74%] Built target turtlesim__rosidl_typesupport_introspection_cpp
[11.659s] [ 75%] [32m[1mLinking CXX shared library libturtlesim__rosidl_typesupport_fastrtps_c.so[0m
[11.773s] [ 76%] [32mBuilding CXX object CMakeFiles/turtle_teleop_key.dir/tutorials/teleop_turtle_key.cpp.o[0m
[11.912s] [ 76%] Built target turtlesim__rosidl_typesupport_fastrtps_c
[12.084s] [ 77%] [32mBuilding CXX object CMakeFiles/draw_square.dir/tutorials/draw_square.cpp.o[0m
[12.185s] [ 78%] [32mBuilding CXX object CMakeFiles/mimic.dir/tutorials/mimic.cpp.o[0m
[12.285s] [ 79%] [32m[1mLinking CXX shared library libturtlesim__rosidl_typesupport_fastrtps_cpp.so[0m
[12.508s] [ 79%] Built target turtlesim__rosidl_typesupport_fastrtps_cpp
[12.661s] [ 79%] Built target turtlesim
[12.793s] [ 80%] [34m[1mGenerating Python code for ROS interfaces[0m
[17.011s] [ 80%] Built target turtlesim__py
[17.058s] [ 81%] [32mBuilding C object CMakeFiles/turtlesim__rosidl_generator_py.dir/rosidl_generator_py/turtlesim/action/_rotate_absolute_s.c.o[0m
[17.418s] [ 82%] [32mBuilding C object CMakeFiles/turtlesim__rosidl_generator_py.dir/rosidl_generator_py/turtlesim/msg/_color_s.c.o[0m
[17.635s] [ 83%] [32mBuilding C object CMakeFiles/turtlesim__rosidl_generator_py.dir/rosidl_generator_py/turtlesim/msg/_pose_s.c.o[0m
[17.945s] [ 84%] [32mBuilding C object CMakeFiles/turtlesim__rosidl_generator_py.dir/rosidl_generator_py/turtlesim/srv/_kill_s.c.o[0m
[18.250s] [ 85%] [32mBuilding C object CMakeFiles/turtlesim__rosidl_generator_py.dir/rosidl_generator_py/turtlesim/srv/_set_pen_s.c.o[0m
[18.489s] [ 86%] [32mBuilding C object CMakeFiles/turtlesim__rosidl_generator_py.dir/rosidl_generator_py/turtlesim/srv/_spawn_s.c.o[0m
[18.679s] [ 87%] [32mBuilding C object CMakeFiles/turtlesim__rosidl_generator_py.dir/rosidl_generator_py/turtlesim/srv/_teleport_absolute_s.c.o[0m
[18.867s] [ 88%] [32mBuilding C object CMakeFiles/turtlesim__rosidl_generator_py.dir/rosidl_generator_py/turtlesim/srv/_teleport_relative_s.c.o[0m
[19.104s] [ 89%] [32m[1mLinking C shared library rosidl_generator_py/turtlesim/libturtlesim__rosidl_generator_py.so[0m
[19.243s] [ 89%] Built target turtlesim__rosidl_generator_py
[19.299s] [ 90%] [32mBuilding C object CMakeFiles/turtlesim__rosidl_typesupport_fastrtps_c__pyext.dir/rosidl_generator_py/turtlesim/_turtlesim_s.ep.rosidl_typesupport_fastrtps_c.c.o[0m
[19.404s] [ 91%] [32mBuilding C object CMakeFiles/turtlesim__rosidl_typesupport_introspection_c__pyext.dir/rosidl_generator_py/turtlesim/_turtlesim_s.ep.rosidl_typesupport_introspection_c.c.o[0m
[19.617s] [ 92%] [32m[1mLinking C shared library rosidl_generator_py/turtlesim/turtlesim_s__rosidl_typesupport_fastrtps_c.cpython-310-x86_64-linux-gnu.so[0m
[19.693s] [ 92%] Built target turtlesim__rosidl_typesupport_fastrtps_c__pyext
[19.747s] [ 93%] [32mBuilding C object CMakeFiles/turtlesim__rosidl_typesupport_c__pyext.dir/rosidl_generator_py/turtlesim/_turtlesim_s.ep.rosidl_typesupport_c.c.o[0m
[19.796s] [ 94%] [32m[1mLinking C shared library rosidl_generator_py/turtlesim/turtlesim_s__rosidl_typesupport_introspection_c.cpython-310-x86_64-linux-gnu.so[0m
[19.998s] [ 94%] Built target turtlesim__rosidl_typesupport_introspection_c__pyext
[20.035s] [ 95%] [32m[1mLinking C shared library rosidl_generator_py/turtlesim/turtlesim_s__rosidl_typesupport_c.cpython-310-x86_64-linux-gnu.so[0m
[20.152s] [ 95%] Built target turtlesim__rosidl_typesupport_c__pyext
[23.125s] [ 96%] [32m[1mLinking CXX executable turtle_teleop_key[0m
[23.766s] [ 96%] Built target turtle_teleop_key
[26.801s] [ 97%] [32m[1mLinking CXX executable mimic[0m
[27.519s] [ 97%] Built target mimic
[27.571s] [ 98%] [32m[1mLinking CXX executable draw_square[0m
[28.368s] [ 98%] Built target draw_square
[30.615s] [100%] [32m[1mLinking CXX executable turtlesim_node[0m
[33.444s] [100%] Built target turtlesim_node
[33.459s] Invoked command in '/home/ngo/ros2_ws/build/turtlesim' returned '0': CMAKE_PREFIX_PATH=${CMAKE_PREFIX_PATH}:/opt/ros/humble /usr/bin/cmake --build /home/ngo/ros2_ws/build/turtlesim -- -j8 -l8
[33.665s] Invoking command in '/home/ngo/ros2_ws/build/turtlesim': CMAKE_PREFIX_PATH=${CMAKE_PREFIX_PATH}:/opt/ros/humble /usr/bin/cmake --install /home/ngo/ros2_ws/build/turtlesim
[33.672s] -- Install configuration: ""
[33.672s] -- Installing: /home/ngo/ros2_ws/install/turtlesim/share/ament_index/resource_index/rosidl_interfaces/turtlesim
[33.672s] -- Installing: /home/ngo/ros2_ws/install/turtlesim/include/turtlesim/turtlesim
[33.672s] -- Installing: /home/ngo/ros2_ws/install/turtlesim/include/turtlesim/turtlesim/action
[33.673s] -- Installing: /home/ngo/ros2_ws/install/turtlesim/include/turtlesim/turtlesim/action/rotate_absolute.h
[33.673s] -- Installing: /home/ngo/ros2_ws/install/turtlesim/include/turtlesim/turtlesim/action/detail
[33.673s] -- Installing: /home/ngo/ros2_ws/install/turtlesim/include/turtlesim/turtlesim/action/detail/rotate_absolute__functions.h
[33.673s] -- Installing: /home/ngo/ros2_ws/install/turtlesim/include/turtlesim/turtlesim/action/detail/rotate_absolute__functions.c
[33.673s] -- Installing: /home/ngo/ros2_ws/install/turtlesim/include/turtlesim/turtlesim/action/detail/rotate_absolute__type_support.h
[33.673s] -- Installing: /home/ngo/ros2_ws/install/turtlesim/include/turtlesim/turtlesim/action/detail/rotate_absolute__struct.h
[33.673s] -- Installing: /home/ngo/ros2_ws/install/turtlesim/include/turtlesim/turtlesim/msg
[33.673s] -- Installing: /home/ngo/ros2_ws/install/turtlesim/include/turtlesim/turtlesim/msg/color.h
[33.673s] -- Installing: /home/ngo/ros2_ws/install/turtlesim/include/turtlesim/turtlesim/msg/rosidl_generator_c__visibility_control.h
[33.673s] -- Installing: /home/ngo/ros2_ws/install/turtlesim/include/turtlesim/turtlesim/msg/pose.h
[33.673s] -- Installing: /home/ngo/ros2_ws/install/turtlesim/include/turtlesim/turtlesim/msg/detail
[33.674s] -- Installing: /home/ngo/ros2_ws/install/turtlesim/include/turtlesim/turtlesim/msg/detail/pose__functions.h
[33.674s] -- Installing: /home/ngo/ros2_ws/install/turtlesim/include/turtlesim/turtlesim/msg/detail/pose__type_support.h
[33.674s] -- Installing: /home/ngo/ros2_ws/install/turtlesim/include/turtlesim/turtlesim/msg/detail/color__type_support.h
[33.674s] -- Installing: /home/ngo/ros2_ws/install/turtlesim/include/turtlesim/turtlesim/msg/detail/color__struct.h
[33.674s] -- Installing: /home/ngo/ros2_ws/install/turtlesim/include/turtlesim/turtlesim/msg/detail/color__functions.c
[33.674s] -- Installing: /home/ngo/ros2_ws/install/turtlesim/include/turtlesim/turtlesim/msg/detail/color__functions.h
[33.674s] -- Installing: /home/ngo/ros2_ws/install/turtlesim/include/turtlesim/turtlesim/msg/detail/pose__functions.c
[33.674s] -- Installing: /home/ngo/ros2_ws/install/turtlesim/include/turtlesim/turtlesim/msg/detail/pose__struct.h
[33.674s] -- Installing: /home/ngo/ros2_ws/install/turtlesim/include/turtlesim/turtlesim/srv
[33.674s] -- Installing: /home/ngo/ros2_ws/install/turtlesim/include/turtlesim/turtlesim/srv/teleport_relative.h
[33.674s] -- Installing: /home/ngo/ros2_ws/install/turtlesim/include/turtlesim/turtlesim/srv/teleport_absolute.h
[33.675s] -- Installing: /home/ngo/ros2_ws/install/turtlesim/include/turtlesim/turtlesim/srv/detail
[33.675s] -- Installing: /home/ngo/ros2_ws/install/turtlesim/include/turtlesim/turtlesim/srv/detail/set_pen__functions.h
[33.675s] -- Installing: /home/ngo/ros2_ws/install/turtlesim/include/turtlesim/turtlesim/srv/detail/set_pen__functions.c
[33.675s] -- Installing: /home/ngo/ros2_ws/install/turtlesim/include/turtlesim/turtlesim/srv/detail/spawn__struct.h
[33.675s] -- Installing: /home/ngo/ros2_ws/install/turtlesim/include/turtlesim/turtlesim/srv/detail/spawn__type_support.h
[33.675s] -- Installing: /home/ngo/ros2_ws/install/turtlesim/include/turtlesim/turtlesim/srv/detail/teleport_absolute__struct.h
[33.675s] -- Installing: /home/ngo/ros2_ws/install/turtlesim/include/turtlesim/turtlesim/srv/detail/teleport_absolute__type_support.h
[33.675s] -- Installing: /home/ngo/ros2_ws/install/turtlesim/include/turtlesim/turtlesim/srv/detail/teleport_relative__type_support.h
[33.675s] -- Installing: /home/ngo/ros2_ws/install/turtlesim/include/turtlesim/turtlesim/srv/detail/teleport_relative__functions.h
[33.676s] -- Installing: /home/ngo/ros2_ws/install/turtlesim/include/turtlesim/turtlesim/srv/detail/teleport_relative__struct.h
[33.676s] -- Installing: /home/ngo/ros2_ws/install/turtlesim/include/turtlesim/turtlesim/srv/detail/kill__struct.h
[33.676s] -- Installing: /home/ngo/ros2_ws/install/turtlesim/include/turtlesim/turtlesim/srv/detail/spawn__functions.c
[33.676s] -- Installing: /home/ngo/ros2_ws/install/turtlesim/include/turtlesim/turtlesim/srv/detail/spawn__functions.h
[33.676s] -- Installing: /home/ngo/ros2_ws/install/turtlesim/include/turtlesim/turtlesim/srv/detail/set_pen__type_support.h
[33.676s] -- Installing: /home/ngo/ros2_ws/install/turtlesim/include/turtlesim/turtlesim/srv/detail/teleport_absolute__functions.h
[33.676s] -- Installing: /home/ngo/ros2_ws/install/turtlesim/include/turtlesim/turtlesim/srv/detail/set_pen__struct.h
[33.676s] -- Installing: /home/ngo/ros2_ws/install/turtlesim/include/turtlesim/turtlesim/srv/detail/kill__type_support.h
[33.676s] -- Installing: /home/ngo/ros2_ws/install/turtlesim/include/turtlesim/turtlesim/srv/detail/teleport_absolute__functions.c
[33.676s] -- Installing: /home/ngo/ros2_ws/install/turtlesim/include/turtlesim/turtlesim/srv/detail/kill__functions.c
[33.677s] -- Installing: /home/ngo/ros2_ws/install/turtlesim/include/turtlesim/turtlesim/srv/detail/kill__functions.h
[33.677s] -- Installing: /home/ngo/ros2_ws/install/turtlesim/include/turtlesim/turtlesim/srv/detail/teleport_relative__functions.c
[33.677s] -- Installing: /home/ngo/ros2_ws/install/turtlesim/include/turtlesim/turtlesim/srv/set_pen.h
[33.677s] -- Installing: /home/ngo/ros2_ws/install/turtlesim/include/turtlesim/turtlesim/srv/spawn.h
[33.677s] -- Installing: /home/ngo/ros2_ws/install/turtlesim/include/turtlesim/turtlesim/srv/kill.h
[33.677s] -- Installing: /home/ngo/ros2_ws/install/turtlesim/share/turtlesim/environment/library_path.sh
[33.678s] -- Installing: /home/ngo/ros2_ws/install/turtlesim/share/turtlesim/environment/library_path.dsv
[33.678s] -- Installing: /home/ngo/ros2_ws/install/turtlesim/lib/libturtlesim__rosidl_generator_c.so
[33.678s] -- Set runtime path of "/home/ngo/ros2_ws/install/turtlesim/lib/libturtlesim__rosidl_generator_c.so" to ""
[33.679s] -- Up-to-date: /home/ngo/ros2_ws/install/turtlesim/include/turtlesim/turtlesim
[33.679s] -- Up-to-date: /home/ngo/ros2_ws/install/turtlesim/include/turtlesim/turtlesim/action
[33.679s] -- Up-to-date: /home/ngo/ros2_ws/install/turtlesim/include/turtlesim/turtlesim/action/detail
[33.679s] -- Installing: /home/ngo/ros2_ws/install/turtlesim/include/turtlesim/turtlesim/action/detail/rotate_absolute__rosidl_typesupport_fastrtps_c.h
[33.679s] -- Up-to-date: /home/ngo/ros2_ws/install/turtlesim/include/turtlesim/turtlesim/msg
[33.679s] -- Installing: /home/ngo/ros2_ws/install/turtlesim/include/turtlesim/turtlesim/msg/rosidl_typesupport_fastrtps_c__visibility_control.h
[33.679s] -- Up-to-date: /home/ngo/ros2_ws/install/turtlesim/include/turtlesim/turtlesim/msg/detail
[33.679s] -- Installing: /home/ngo/ros2_ws/install/turtlesim/include/turtlesim/turtlesim/msg/detail/pose__rosidl_typesupport_fastrtps_c.h
[33.679s] -- Installing: /home/ngo/ros2_ws/install/turtlesim/include/turtlesim/turtlesim/msg/detail/color__rosidl_typesupport_fastrtps_c.h
[33.680s] -- Up-to-date: /home/ngo/ros2_ws/install/turtlesim/include/turtlesim/turtlesim/srv
[33.680s] -- Up-to-date: /home/ngo/ros2_ws/install/turtlesim/include/turtlesim/turtlesim/srv/detail
[33.680s] -- Installing: /home/ngo/ros2_ws/install/turtlesim/include/turtlesim/turtlesim/srv/detail/kill__rosidl_typesupport_fastrtps_c.h
[33.680s] -- Installing: /home/ngo/ros2_ws/install/turtlesim/include/turtlesim/turtlesim/srv/detail/teleport_relative__rosidl_typesupport_fastrtps_c.h
[33.680s] -- Installing: /home/ngo/ros2_ws/install/turtlesim/include/turtlesim/turtlesim/srv/detail/spawn__rosidl_typesupport_fastrtps_c.h
[33.680s] -- Installing: /home/ngo/ros2_ws/install/turtlesim/include/turtlesim/turtlesim/srv/detail/teleport_absolute__rosidl_typesupport_fastrtps_c.h
[33.680s] -- Installing: /home/ngo/ros2_ws/install/turtlesim/include/turtlesim/turtlesim/srv/detail/set_pen__rosidl_typesupport_fastrtps_c.h
[33.680s] -- Installing: /home/ngo/ros2_ws/install/turtlesim/lib/libturtlesim__rosidl_typesupport_fastrtps_c.so
[33.680s] -- Set runtime path of "/home/ngo/ros2_ws/install/turtlesim/lib/libturtlesim__rosidl_typesupport_fastrtps_c.so" to ""
[33.680s] -- Up-to-date: /home/ngo/ros2_ws/install/turtlesim/include/turtlesim/turtlesim
[33.681s] -- Up-to-date: /home/ngo/ros2_ws/install/turtlesim/include/turtlesim/turtlesim/action
[33.681s] -- Installing: /home/ngo/ros2_ws/install/turtlesim/include/turtlesim/turtlesim/action/rotate_absolute.hpp
[33.681s] -- Up-to-date: /home/ngo/ros2_ws/install/turtlesim/include/turtlesim/turtlesim/action/detail
[33.681s] -- Installing: /home/ngo/ros2_ws/install/turtlesim/include/turtlesim/turtlesim/action/detail/rotate_absolute__struct.hpp
[33.681s] -- Installing: /home/ngo/ros2_ws/install/turtlesim/include/turtlesim/turtlesim/action/detail/rotate_absolute__traits.hpp
[33.681s] -- Installing: /home/ngo/ros2_ws/install/turtlesim/include/turtlesim/turtlesim/action/detail/rotate_absolute__builder.hpp
[33.681s] -- Up-to-date: /home/ngo/ros2_ws/install/turtlesim/include/turtlesim/turtlesim/msg
[33.681s] -- Installing: /home/ngo/ros2_ws/install/turtlesim/include/turtlesim/turtlesim/msg/color.hpp
[33.681s] -- Installing: /home/ngo/ros2_ws/install/turtlesim/include/turtlesim/turtlesim/msg/pose.hpp
[33.681s] -- Up-to-date: /home/ngo/ros2_ws/install/turtlesim/include/turtlesim/turtlesim/msg/detail
[33.682s] -- Installing: /home/ngo/ros2_ws/install/turtlesim/include/turtlesim/turtlesim/msg/detail/pose__traits.hpp
[33.682s] -- Installing: /home/ngo/ros2_ws/install/turtlesim/include/turtlesim/turtlesim/msg/detail/pose__builder.hpp
[33.682s] -- Installing: /home/ngo/ros2_ws/install/turtlesim/include/turtlesim/turtlesim/msg/detail/color__struct.hpp
[33.682s] -- Installing: /home/ngo/ros2_ws/install/turtlesim/include/turtlesim/turtlesim/msg/detail/pose__struct.hpp
[33.682s] -- Installing: /home/ngo/ros2_ws/install/turtlesim/include/turtlesim/turtlesim/msg/detail/color__traits.hpp
[33.682s] -- Installing: /home/ngo/ros2_ws/install/turtlesim/include/turtlesim/turtlesim/msg/detail/color__builder.hpp
[33.682s] -- Up-to-date: /home/ngo/ros2_ws/install/turtlesim/include/turtlesim/turtlesim/srv
[33.682s] -- Installing: /home/ngo/ros2_ws/install/turtlesim/include/turtlesim/turtlesim/srv/teleport_relative.hpp
[33.682s] -- Installing: /home/ngo/ros2_ws/install/turtlesim/include/turtlesim/turtlesim/srv/set_pen.hpp
[33.682s] -- Installing: /home/ngo/ros2_ws/install/turtlesim/include/turtlesim/turtlesim/srv/kill.hpp
[33.683s] -- Installing: /home/ngo/ros2_ws/install/turtlesim/include/turtlesim/turtlesim/srv/spawn.hpp
[33.683s] -- Installing: /home/ngo/ros2_ws/install/turtlesim/include/turtlesim/turtlesim/srv/teleport_absolute.hpp
[33.683s] -- Up-to-date: /home/ngo/ros2_ws/install/turtlesim/include/turtlesim/turtlesim/srv/detail
[33.683s] -- Installing: /home/ngo/ros2_ws/install/turtlesim/include/turtlesim/turtlesim/srv/detail/set_pen__traits.hpp
[33.683s] -- Installing: /home/ngo/ros2_ws/install/turtlesim/include/turtlesim/turtlesim/srv/detail/kill__traits.hpp
[33.683s] -- Installing: /home/ngo/ros2_ws/install/turtlesim/include/turtlesim/turtlesim/srv/detail/teleport_absolute__traits.hpp
[33.683s] -- Installing: /home/ngo/ros2_ws/install/turtlesim/include/turtlesim/turtlesim/srv/detail/kill__struct.hpp
[33.683s] -- Installing: /home/ngo/ros2_ws/install/turtlesim/include/turtlesim/turtlesim/srv/detail/spawn__struct.hpp
[33.684s] -- Installing: /home/ngo/ros2_ws/install/turtlesim/include/turtlesim/turtlesim/srv/detail/spawn__builder.hpp
[33.684s] -- Installing: /home/ngo/ros2_ws/install/turtlesim/include/turtlesim/turtlesim/srv/detail/teleport_relative__traits.hpp
[33.684s] -- Installing: /home/ngo/ros2_ws/install/turtlesim/include/turtlesim/turtlesim/srv/detail/teleport_absolute__builder.hpp
[33.684s] -- Installing: /home/ngo/ros2_ws/install/turtlesim/include/turtlesim/turtlesim/srv/detail/teleport_relative__struct.hpp
[33.684s] -- Installing: /home/ngo/ros2_ws/install/turtlesim/include/turtlesim/turtlesim/srv/detail/spawn__traits.hpp
[33.684s] -- Installing: /home/ngo/ros2_ws/install/turtlesim/include/turtlesim/turtlesim/srv/detail/set_pen__builder.hpp
[33.684s] -- Installing: /home/ngo/ros2_ws/install/turtlesim/include/turtlesim/turtlesim/srv/detail/teleport_relative__builder.hpp
[33.684s] -- Installing: /home/ngo/ros2_ws/install/turtlesim/include/turtlesim/turtlesim/srv/detail/teleport_absolute__struct.hpp
[33.684s] -- Installing: /home/ngo/ros2_ws/install/turtlesim/include/turtlesim/turtlesim/srv/detail/kill__builder.hpp
[33.684s] -- Installing: /home/ngo/ros2_ws/install/turtlesim/include/turtlesim/turtlesim/srv/detail/set_pen__struct.hpp
[33.684s] -- Up-to-date: /home/ngo/ros2_ws/install/turtlesim/include/turtlesim/turtlesim
[33.685s] -- Up-to-date: /home/ngo/ros2_ws/install/turtlesim/include/turtlesim/turtlesim/action
[33.685s] -- Up-to-date: /home/ngo/ros2_ws/install/turtlesim/include/turtlesim/turtlesim/action/detail
[33.685s] -- Installing: /home/ngo/ros2_ws/install/turtlesim/include/turtlesim/turtlesim/action/detail/dds_fastrtps
[33.685s] -- Installing: /home/ngo/ros2_ws/install/turtlesim/include/turtlesim/turtlesim/action/detail/rotate_absolute__rosidl_typesupport_fastrtps_cpp.hpp
[33.685s] -- Up-to-date: /home/ngo/ros2_ws/install/turtlesim/include/turtlesim/turtlesim/msg
[33.685s] -- Installing: /home/ngo/ros2_ws/install/turtlesim/include/turtlesim/turtlesim/msg/rosidl_typesupport_fastrtps_cpp__visibility_control.h
[33.685s] -- Up-to-date: /home/ngo/ros2_ws/install/turtlesim/include/turtlesim/turtlesim/msg/detail
[33.685s] -- Installing: /home/ngo/ros2_ws/install/turtlesim/include/turtlesim/turtlesim/msg/detail/dds_fastrtps
[33.686s] -- Installing: /home/ngo/ros2_ws/install/turtlesim/include/turtlesim/turtlesim/msg/detail/color__rosidl_typesupport_fastrtps_cpp.hpp
[33.686s] -- Installing: /home/ngo/ros2_ws/install/turtlesim/include/turtlesim/turtlesim/msg/detail/pose__rosidl_typesupport_fastrtps_cpp.hpp
[33.686s] -- Up-to-date: /home/ngo/ros2_ws/install/turtlesim/include/turtlesim/turtlesim/srv
[33.686s] -- Up-to-date: /home/ngo/ros2_ws/install/turtlesim/include/turtlesim/turtlesim/srv/detail
[33.686s] -- Installing: /home/ngo/ros2_ws/install/turtlesim/include/turtlesim/turtlesim/srv/detail/set_pen__rosidl_typesupport_fastrtps_cpp.hpp
[33.686s] -- Installing: /home/ngo/ros2_ws/install/turtlesim/include/turtlesim/turtlesim/srv/detail/teleport_relative__rosidl_typesupport_fastrtps_cpp.hpp
[33.686s] -- Installing: /home/ngo/ros2_ws/install/turtlesim/include/turtlesim/turtlesim/srv/detail/dds_fastrtps
[33.686s] -- Installing: /home/ngo/ros2_ws/install/turtlesim/include/turtlesim/turtlesim/srv/detail/spawn__rosidl_typesupport_fastrtps_cpp.hpp
[33.686s] -- Installing: /home/ngo/ros2_ws/install/turtlesim/include/turtlesim/turtlesim/srv/detail/teleport_absolute__rosidl_typesupport_fastrtps_cpp.hpp
[33.686s] -- Installing: /home/ngo/ros2_ws/install/turtlesim/include/turtlesim/turtlesim/srv/detail/kill__rosidl_typesupport_fastrtps_cpp.hpp
[33.687s] -- Installing: /home/ngo/ros2_ws/install/turtlesim/lib/libturtlesim__rosidl_typesupport_fastrtps_cpp.so
[33.687s] -- Set runtime path of "/home/ngo/ros2_ws/install/turtlesim/lib/libturtlesim__rosidl_typesupport_fastrtps_cpp.so" to ""
[33.687s] -- Up-to-date: /home/ngo/ros2_ws/install/turtlesim/include/turtlesim/turtlesim
[33.687s] -- Up-to-date: /home/ngo/ros2_ws/install/turtlesim/include/turtlesim/turtlesim/action
[33.687s] -- Up-to-date: /home/ngo/ros2_ws/install/turtlesim/include/turtlesim/turtlesim/action/detail
[33.687s] -- Installing: /home/ngo/ros2_ws/install/turtlesim/include/turtlesim/turtlesim/action/detail/rotate_absolute__rosidl_typesupport_introspection_c.h
[33.687s] -- Installing: /home/ngo/ros2_ws/install/turtlesim/include/turtlesim/turtlesim/action/detail/rotate_absolute__type_support.c
[33.687s] -- Up-to-date: /home/ngo/ros2_ws/install/turtlesim/include/turtlesim/turtlesim/msg
[33.688s] -- Installing: /home/ngo/ros2_ws/install/turtlesim/include/turtlesim/turtlesim/msg/rosidl_typesupport_introspection_c__visibility_control.h
[33.688s] -- Up-to-date: /home/ngo/ros2_ws/install/turtlesim/include/turtlesim/turtlesim/msg/detail
[33.688s] -- Installing: /home/ngo/ros2_ws/install/turtlesim/include/turtlesim/turtlesim/msg/detail/color__rosidl_typesupport_introspection_c.h
[33.688s] -- Installing: /home/ngo/ros2_ws/install/turtlesim/include/turtlesim/turtlesim/msg/detail/pose__type_support.c
[33.688s] -- Installing: /home/ngo/ros2_ws/install/turtlesim/include/turtlesim/turtlesim/msg/detail/pose__rosidl_typesupport_introspection_c.h
[33.688s] -- Installing: /home/ngo/ros2_ws/install/turtlesim/include/turtlesim/turtlesim/msg/detail/color__type_support.c
[33.688s] -- Up-to-date: /home/ngo/ros2_ws/install/turtlesim/include/turtlesim/turtlesim/srv
[33.688s] -- Up-to-date: /home/ngo/ros2_ws/install/turtlesim/include/turtlesim/turtlesim/srv/detail
[33.688s] -- Installing: /home/ngo/ros2_ws/install/turtlesim/include/turtlesim/turtlesim/srv/detail/teleport_relative__type_support.c
[33.689s] -- Installing: /home/ngo/ros2_ws/install/turtlesim/include/turtlesim/turtlesim/srv/detail/teleport_absolute__type_support.c
[33.689s] -- Installing: /home/ngo/ros2_ws/install/turtlesim/include/turtlesim/turtlesim/srv/detail/spawn__type_support.c
[33.689s] -- Installing: /home/ngo/ros2_ws/install/turtlesim/include/turtlesim/turtlesim/srv/detail/kill__rosidl_typesupport_introspection_c.h
[33.689s] -- Installing: /home/ngo/ros2_ws/install/turtlesim/include/turtlesim/turtlesim/srv/detail/kill__type_support.c
[33.689s] -- Installing: /home/ngo/ros2_ws/install/turtlesim/include/turtlesim/turtlesim/srv/detail/set_pen__type_support.c
[33.689s] -- Installing: /home/ngo/ros2_ws/install/turtlesim/include/turtlesim/turtlesim/srv/detail/set_pen__rosidl_typesupport_introspection_c.h
[33.689s] -- Installing: /home/ngo/ros2_ws/install/turtlesim/include/turtlesim/turtlesim/srv/detail/teleport_absolute__rosidl_typesupport_introspection_c.h
[33.689s] -- Installing: /home/ngo/ros2_ws/install/turtlesim/include/turtlesim/turtlesim/srv/detail/spawn__rosidl_typesupport_introspection_c.h
[33.689s] -- Installing: /home/ngo/ros2_ws/install/turtlesim/include/turtlesim/turtlesim/srv/detail/teleport_relative__rosidl_typesupport_introspection_c.h
[33.689s] -- Installing: /home/ngo/ros2_ws/install/turtlesim/lib/libturtlesim__rosidl_typesupport_introspection_c.so
[33.689s] -- Set runtime path of "/home/ngo/ros2_ws/install/turtlesim/lib/libturtlesim__rosidl_typesupport_introspection_c.so" to ""
[33.689s] -- Installing: /home/ngo/ros2_ws/install/turtlesim/lib/libturtlesim__rosidl_typesupport_c.so
[33.690s] -- Set runtime path of "/home/ngo/ros2_ws/install/turtlesim/lib/libturtlesim__rosidl_typesupport_c.so" to ""
[33.690s] -- Up-to-date: /home/ngo/ros2_ws/install/turtlesim/include/turtlesim/turtlesim
[33.690s] -- Up-to-date: /home/ngo/ros2_ws/install/turtlesim/include/turtlesim/turtlesim/action
[33.690s] -- Up-to-date: /home/ngo/ros2_ws/install/turtlesim/include/turtlesim/turtlesim/action/detail
[33.690s] -- Installing: /home/ngo/ros2_ws/install/turtlesim/include/turtlesim/turtlesim/action/detail/rotate_absolute__type_support.cpp
[33.690s] -- Installing: /home/ngo/ros2_ws/install/turtlesim/include/turtlesim/turtlesim/action/detail/rotate_absolute__rosidl_typesupport_introspection_cpp.hpp
[33.690s] -- Up-to-date: /home/ngo/ros2_ws/install/turtlesim/include/turtlesim/turtlesim/msg
[33.690s] -- Up-to-date: /home/ngo/ros2_ws/install/turtlesim/include/turtlesim/turtlesim/msg/detail
[33.690s] -- Installing: /home/ngo/ros2_ws/install/turtlesim/include/turtlesim/turtlesim/msg/detail/pose__rosidl_typesupport_introspection_cpp.hpp
[33.691s] -- Installing: /home/ngo/ros2_ws/install/turtlesim/include/turtlesim/turtlesim/msg/detail/color__type_support.cpp
[33.691s] -- Installing: /home/ngo/ros2_ws/install/turtlesim/include/turtlesim/turtlesim/msg/detail/pose__type_support.cpp
[33.691s] -- Installing: /home/ngo/ros2_ws/install/turtlesim/include/turtlesim/turtlesim/msg/detail/color__rosidl_typesupport_introspection_cpp.hpp
[33.691s] -- Up-to-date: /home/ngo/ros2_ws/install/turtlesim/include/turtlesim/turtlesim/srv
[33.691s] -- Up-to-date: /home/ngo/ros2_ws/install/turtlesim/include/turtlesim/turtlesim/srv/detail
[33.691s] -- Installing: /home/ngo/ros2_ws/install/turtlesim/include/turtlesim/turtlesim/srv/detail/teleport_absolute__rosidl_typesupport_introspection_cpp.hpp
[33.691s] -- Installing: /home/ngo/ros2_ws/install/turtlesim/include/turtlesim/turtlesim/srv/detail/teleport_relative__type_support.cpp
[33.691s] -- Installing: /home/ngo/ros2_ws/install/turtlesim/include/turtlesim/turtlesim/srv/detail/teleport_relative__rosidl_typesupport_introspection_cpp.hpp
[33.691s] -- Installing: /home/ngo/ros2_ws/install/turtlesim/include/turtlesim/turtlesim/srv/detail/set_pen__type_support.cpp
[33.691s] -- Installing: /home/ngo/ros2_ws/install/turtlesim/include/turtlesim/turtlesim/srv/detail/spawn__type_support.cpp
[33.691s] -- Installing: /home/ngo/ros2_ws/install/turtlesim/include/turtlesim/turtlesim/srv/detail/teleport_absolute__type_support.cpp
[33.692s] -- Installing: /home/ngo/ros2_ws/install/turtlesim/include/turtlesim/turtlesim/srv/detail/set_pen__rosidl_typesupport_introspection_cpp.hpp
[33.692s] -- Installing: /home/ngo/ros2_ws/install/turtlesim/include/turtlesim/turtlesim/srv/detail/spawn__rosidl_typesupport_introspection_cpp.hpp
[33.692s] -- Installing: /home/ngo/ros2_ws/install/turtlesim/include/turtlesim/turtlesim/srv/detail/kill__type_support.cpp
[33.692s] -- Installing: /home/ngo/ros2_ws/install/turtlesim/include/turtlesim/turtlesim/srv/detail/kill__rosidl_typesupport_introspection_cpp.hpp
[33.692s] -- Installing: /home/ngo/ros2_ws/install/turtlesim/lib/libturtlesim__rosidl_typesupport_introspection_cpp.so
[33.693s] -- Set runtime path of "/home/ngo/ros2_ws/install/turtlesim/lib/libturtlesim__rosidl_typesupport_introspection_cpp.so" to ""
[33.693s] -- Installing: /home/ngo/ros2_ws/install/turtlesim/lib/libturtlesim__rosidl_typesupport_cpp.so
[33.693s] -- Set runtime path of "/home/ngo/ros2_ws/install/turtlesim/lib/libturtlesim__rosidl_typesupport_cpp.so" to ""
[33.693s] -- Installing: /home/ngo/ros2_ws/install/turtlesim/share/turtlesim/environment/pythonpath.sh
[33.694s] -- Installing: /home/ngo/ros2_ws/install/turtlesim/share/turtlesim/environment/pythonpath.dsv
[33.694s] -- Installing: /home/ngo/ros2_ws/install/turtlesim/local/lib/python3.10/dist-packages/turtlesim-1.4.2-py3.10.egg-info
[33.694s] -- Installing: /home/ngo/ros2_ws/install/turtlesim/local/lib/python3.10/dist-packages/turtlesim-1.4.2-py3.10.egg-info/PKG-INFO
[33.694s] -- Installing: /home/ngo/ros2_ws/install/turtlesim/local/lib/python3.10/dist-packages/turtlesim-1.4.2-py3.10.egg-info/dependency_links.txt
[33.694s] -- Installing: /home/ngo/ros2_ws/install/turtlesim/local/lib/python3.10/dist-packages/turtlesim-1.4.2-py3.10.egg-info/SOURCES.txt
[33.694s] -- Installing: /home/ngo/ros2_ws/install/turtlesim/local/lib/python3.10/dist-packages/turtlesim-1.4.2-py3.10.egg-info/top_level.txt
[33.694s] -- Installing: /home/ngo/ros2_ws/install/turtlesim/local/lib/python3.10/dist-packages/turtlesim
[33.694s] -- Installing: /home/ngo/ros2_ws/install/turtlesim/local/lib/python3.10/dist-packages/turtlesim/_turtlesim_s.ep.rosidl_typesupport_c.c
[33.694s] -- Installing: /home/ngo/ros2_ws/install/turtlesim/local/lib/python3.10/dist-packages/turtlesim/action
[33.694s] -- Installing: /home/ngo/ros2_ws/install/turtlesim/local/lib/python3.10/dist-packages/turtlesim/action/_rotate_absolute.py
[33.695s] -- Installing: /home/ngo/ros2_ws/install/turtlesim/local/lib/python3.10/dist-packages/turtlesim/action/_rotate_absolute_s.c
[33.695s] -- Installing: /home/ngo/ros2_ws/install/turtlesim/local/lib/python3.10/dist-packages/turtlesim/action/__init__.py
[33.695s] -- Installing: /home/ngo/ros2_ws/install/turtlesim/local/lib/python3.10/dist-packages/turtlesim/turtlesim_s__rosidl_typesupport_introspection_c.cpython-310-x86_64-linux-gnu.so
[33.695s] -- Installing: /home/ngo/ros2_ws/install/turtlesim/local/lib/python3.10/dist-packages/turtlesim/_turtlesim_s.ep.rosidl_typesupport_introspection_c.c
[33.695s] -- Installing: /home/ngo/ros2_ws/install/turtlesim/local/lib/python3.10/dist-packages/turtlesim/turtlesim_s__rosidl_typesupport_c.cpython-310-x86_64-linux-gnu.so
[33.696s] -- Installing: /home/ngo/ros2_ws/install/turtlesim/local/lib/python3.10/dist-packages/turtlesim/msg
[33.696s] -- Installing: /home/ngo/ros2_ws/install/turtlesim/local/lib/python3.10/dist-packages/turtlesim/msg/_pose.py
[33.696s] -- Installing: /home/ngo/ros2_ws/install/turtlesim/local/lib/python3.10/dist-packages/turtlesim/msg/_color.py
[33.696s] -- Installing: /home/ngo/ros2_ws/install/turtlesim/local/lib/python3.10/dist-packages/turtlesim/msg/_pose_s.c
[33.696s] -- Installing: /home/ngo/ros2_ws/install/turtlesim/local/lib/python3.10/dist-packages/turtlesim/msg/_color_s.c
[33.696s] -- Installing: /home/ngo/ros2_ws/install/turtlesim/local/lib/python3.10/dist-packages/turtlesim/msg/__init__.py
[33.696s] -- Installing: /home/ngo/ros2_ws/install/turtlesim/local/lib/python3.10/dist-packages/turtlesim/srv
[33.696s] -- Installing: /home/ngo/ros2_ws/install/turtlesim/local/lib/python3.10/dist-packages/turtlesim/srv/_kill_s.c
[33.697s] -- Installing: /home/ngo/ros2_ws/install/turtlesim/local/lib/python3.10/dist-packages/turtlesim/srv/_spawn.py
[33.697s] -- Installing: /home/ngo/ros2_ws/install/turtlesim/local/lib/python3.10/dist-packages/turtlesim/srv/_teleport_relative.py
[33.697s] -- Installing: /home/ngo/ros2_ws/install/turtlesim/local/lib/python3.10/dist-packages/turtlesim/srv/_teleport_absolute.py
[33.697s] -- Installing: /home/ngo/ros2_ws/install/turtlesim/local/lib/python3.10/dist-packages/turtlesim/srv/_teleport_absolute_s.c
[33.697s] -- Installing: /home/ngo/ros2_ws/install/turtlesim/local/lib/python3.10/dist-packages/turtlesim/srv/_set_pen.py
[33.697s] -- Installing: /home/ngo/ros2_ws/install/turtlesim/local/lib/python3.10/dist-packages/turtlesim/srv/_spawn_s.c
[33.697s] -- Installing: /home/ngo/ros2_ws/install/turtlesim/local/lib/python3.10/dist-packages/turtlesim/srv/_kill.py
[33.697s] -- Installing: /home/ngo/ros2_ws/install/turtlesim/local/lib/python3.10/dist-packages/turtlesim/srv/_teleport_relative_s.c
[33.697s] -- Installing: /home/ngo/ros2_ws/install/turtlesim/local/lib/python3.10/dist-packages/turtlesim/srv/__init__.py
[33.697s] -- Installing: /home/ngo/ros2_ws/install/turtlesim/local/lib/python3.10/dist-packages/turtlesim/srv/_set_pen_s.c
[33.698s] -- Installing: /home/ngo/ros2_ws/install/turtlesim/local/lib/python3.10/dist-packages/turtlesim/_turtlesim_s.ep.rosidl_typesupport_fastrtps_c.c
[33.698s] -- Installing: /home/ngo/ros2_ws/install/turtlesim/local/lib/python3.10/dist-packages/turtlesim/turtlesim_s__rosidl_typesupport_fastrtps_c.cpython-310-x86_64-linux-gnu.so
[33.698s] -- Installing: /home/ngo/ros2_ws/install/turtlesim/local/lib/python3.10/dist-packages/turtlesim/libturtlesim__rosidl_generator_py.so
[33.698s] -- Installing: /home/ngo/ros2_ws/install/turtlesim/local/lib/python3.10/dist-packages/turtlesim/__init__.py
[33.745s] Listing '/home/ngo/ros2_ws/install/turtlesim/local/lib/python3.10/dist-packages/turtlesim'...
[33.746s] Compiling '/home/ngo/ros2_ws/install/turtlesim/local/lib/python3.10/dist-packages/turtlesim/__init__.py'...
[33.746s] Listing '/home/ngo/ros2_ws/install/turtlesim/local/lib/python3.10/dist-packages/turtlesim/action'...
[33.746s] Compiling '/home/ngo/ros2_ws/install/turtlesim/local/lib/python3.10/dist-packages/turtlesim/action/__init__.py'...
[33.746s] Compiling '/home/ngo/ros2_ws/install/turtlesim/local/lib/python3.10/dist-packages/turtlesim/action/_rotate_absolute.py'...
[33.746s] Listing '/home/ngo/ros2_ws/install/turtlesim/local/lib/python3.10/dist-packages/turtlesim/msg'...
[33.746s] Compiling '/home/ngo/ros2_ws/install/turtlesim/local/lib/python3.10/dist-packages/turtlesim/msg/__init__.py'...
[33.746s] Compiling '/home/ngo/ros2_ws/install/turtlesim/local/lib/python3.10/dist-packages/turtlesim/msg/_color.py'...
[33.746s] Compiling '/home/ngo/ros2_ws/install/turtlesim/local/lib/python3.10/dist-packages/turtlesim/msg/_pose.py'...
[33.746s] Listing '/home/ngo/ros2_ws/install/turtlesim/local/lib/python3.10/dist-packages/turtlesim/srv'...
[33.746s] Compiling '/home/ngo/ros2_ws/install/turtlesim/local/lib/python3.10/dist-packages/turtlesim/srv/__init__.py'...
[33.746s] Compiling '/home/ngo/ros2_ws/install/turtlesim/local/lib/python3.10/dist-packages/turtlesim/srv/_kill.py'...
[33.746s] Compiling '/home/ngo/ros2_ws/install/turtlesim/local/lib/python3.10/dist-packages/turtlesim/srv/_set_pen.py'...
[33.746s] Compiling '/home/ngo/ros2_ws/install/turtlesim/local/lib/python3.10/dist-packages/turtlesim/srv/_spawn.py'...
[33.746s] Compiling '/home/ngo/ros2_ws/install/turtlesim/local/lib/python3.10/dist-packages/turtlesim/srv/_teleport_absolute.py'...
[33.746s] Compiling '/home/ngo/ros2_ws/install/turtlesim/local/lib/python3.10/dist-packages/turtlesim/srv/_teleport_relative.py'...
[33.753s] -- Installing: /home/ngo/ros2_ws/install/turtlesim/local/lib/python3.10/dist-packages/turtlesim/turtlesim_s__rosidl_typesupport_fastrtps_c.cpython-310-x86_64-linux-gnu.so
[33.753s] -- Set runtime path of "/home/ngo/ros2_ws/install/turtlesim/local/lib/python3.10/dist-packages/turtlesim/turtlesim_s__rosidl_typesupport_fastrtps_c.cpython-310-x86_64-linux-gnu.so" to ""
[33.753s] -- Installing: /home/ngo/ros2_ws/install/turtlesim/local/lib/python3.10/dist-packages/turtlesim/turtlesim_s__rosidl_typesupport_introspection_c.cpython-310-x86_64-linux-gnu.so
[33.754s] -- Set runtime path of "/home/ngo/ros2_ws/install/turtlesim/local/lib/python3.10/dist-packages/turtlesim/turtlesim_s__rosidl_typesupport_introspection_c.cpython-310-x86_64-linux-gnu.so" to ""
[33.754s] -- Installing: /home/ngo/ros2_ws/install/turtlesim/local/lib/python3.10/dist-packages/turtlesim/turtlesim_s__rosidl_typesupport_c.cpython-310-x86_64-linux-gnu.so
[33.755s] -- Set runtime path of "/home/ngo/ros2_ws/install/turtlesim/local/lib/python3.10/dist-packages/turtlesim/turtlesim_s__rosidl_typesupport_c.cpython-310-x86_64-linux-gnu.so" to ""
[33.755s] -- Installing: /home/ngo/ros2_ws/install/turtlesim/lib/libturtlesim__rosidl_generator_py.so
[33.755s] -- Set runtime path of "/home/ngo/ros2_ws/install/turtlesim/lib/libturtlesim__rosidl_generator_py.so" to ""
[33.755s] -- Installing: /home/ngo/ros2_ws/install/turtlesim/share/turtlesim/action/RotateAbsolute.idl
[33.755s] -- Installing: /home/ngo/ros2_ws/install/turtlesim/share/turtlesim/msg/Color.idl
[33.756s] -- Installing: /home/ngo/ros2_ws/install/turtlesim/share/turtlesim/msg/Pose.idl
[33.756s] -- Installing: /home/ngo/ros2_ws/install/turtlesim/share/turtlesim/srv/Kill.idl
[33.756s] -- Installing: /home/ngo/ros2_ws/install/turtlesim/share/turtlesim/srv/SetPen.idl
[33.756s] -- Installing: /home/ngo/ros2_ws/install/turtlesim/share/turtlesim/srv/Spawn.idl
[33.756s] -- Installing: /home/ngo/ros2_ws/install/turtlesim/share/turtlesim/srv/TeleportAbsolute.idl
[33.756s] -- Installing: /home/ngo/ros2_ws/install/turtlesim/share/turtlesim/srv/TeleportRelative.idl
[33.757s] -- Installing: /home/ngo/ros2_ws/install/turtlesim/share/turtlesim/action/RotateAbsolute.action
[33.757s] -- Installing: /home/ngo/ros2_ws/install/turtlesim/share/turtlesim/msg/Color.msg
[33.757s] -- Installing: /home/ngo/ros2_ws/install/turtlesim/share/turtlesim/msg/Pose.msg
[33.757s] -- Installing: /home/ngo/ros2_ws/install/turtlesim/share/turtlesim/srv/Kill.srv
[33.757s] -- Installing: /home/ngo/ros2_ws/install/turtlesim/share/turtlesim/srv/Kill_Request.msg
[33.757s] -- Installing: /home/ngo/ros2_ws/install/turtlesim/share/turtlesim/srv/Kill_Response.msg
[33.758s] -- Installing: /home/ngo/ros2_ws/install/turtlesim/share/turtlesim/srv/SetPen.srv
[33.758s] -- Installing: /home/ngo/ros2_ws/install/turtlesim/share/turtlesim/srv/SetPen_Request.msg
[33.758s] -- Installing: /home/ngo/ros2_ws/install/turtlesim/share/turtlesim/srv/SetPen_Response.msg
[33.758s] -- Installing: /home/ngo/ros2_ws/install/turtlesim/share/turtlesim/srv/Spawn.srv
[33.758s] -- Installing: /home/ngo/ros2_ws/install/turtlesim/share/turtlesim/srv/Spawn_Request.msg
[33.758s] -- Installing: /home/ngo/ros2_ws/install/turtlesim/share/turtlesim/srv/Spawn_Response.msg
[33.758s] -- Installing: /home/ngo/ros2_ws/install/turtlesim/share/turtlesim/srv/TeleportAbsolute.srv
[33.759s] -- Installing: /home/ngo/ros2_ws/install/turtlesim/share/turtlesim/srv/TeleportAbsolute_Request.msg
[33.759s] -- Installing: /home/ngo/ros2_ws/install/turtlesim/share/turtlesim/srv/TeleportAbsolute_Response.msg
[33.759s] -- Installing: /home/ngo/ros2_ws/install/turtlesim/share/turtlesim/srv/TeleportRelative.srv
[33.759s] -- Installing: /home/ngo/ros2_ws/install/turtlesim/share/turtlesim/srv/TeleportRelative_Request.msg
[33.759s] -- Installing: /home/ngo/ros2_ws/install/turtlesim/share/turtlesim/srv/TeleportRelative_Response.msg
[33.759s] -- Installing: /home/ngo/ros2_ws/install/turtlesim/lib/turtlesim/turtlesim_node
[33.769s] -- Set runtime path of "/home/ngo/ros2_ws/install/turtlesim/lib/turtlesim/turtlesim_node" to ""
[33.769s] -- Installing: /home/ngo/ros2_ws/install/turtlesim/lib/turtlesim/turtle_teleop_key
[33.771s] -- Set runtime path of "/home/ngo/ros2_ws/install/turtlesim/lib/turtlesim/turtle_teleop_key" to ""
[33.771s] -- Installing: /home/ngo/ros2_ws/install/turtlesim/lib/turtlesim/draw_square
[33.776s] -- Set runtime path of "/home/ngo/ros2_ws/install/turtlesim/lib/turtlesim/draw_square" to ""
[33.776s] -- Installing: /home/ngo/ros2_ws/install/turtlesim/lib/turtlesim/mimic
[33.780s] -- Set runtime path of "/home/ngo/ros2_ws/install/turtlesim/lib/turtlesim/mimic" to ""
[33.781s] -- Installing: /home/ngo/ros2_ws/install/turtlesim/share/turtlesim/images
[33.781s] -- Installing: /home/ngo/ros2_ws/install/turtlesim/share/turtlesim/images/crystal.png
[33.791s] -- Installing: /home/ngo/ros2_ws/install/turtlesim/share/turtlesim/images/bouncy.png
[33.791s] -- Installing: /home/ngo/ros2_ws/install/turtlesim/share/turtlesim/images/galactic.png
[33.792s] -- Installing: /home/ngo/ros2_ws/install/turtlesim/share/turtlesim/images/rolling.png
[33.792s] -- Installing: /home/ngo/ros2_ws/install/turtlesim/share/turtlesim/images/ardent.png
[33.792s] -- Installing: /home/ngo/ros2_ws/install/turtlesim/share/turtlesim/images/dashing.png
[33.792s] -- Installing: /home/ngo/ros2_ws/install/turtlesim/share/turtlesim/images/humble.png
[33.792s] -- Installing: /home/ngo/ros2_ws/install/turtlesim/share/turtlesim/images/foxy.png
[33.793s] -- Installing: /home/ngo/ros2_ws/install/turtlesim/share/turtlesim/images/eloquent.png
[33.793s] -- Installing: /home/ngo/ros2_ws/install/turtlesim/share/turtlesim/launch
[33.793s] -- Installing: /home/ngo/ros2_ws/install/turtlesim/share/turtlesim/launch/multisim.launch.py
[33.794s] -- Installing: /home/ngo/ros2_ws/install/turtlesim/share/ament_index/resource_index/package_run_dependencies/turtlesim
[33.794s] -- Installing: /home/ngo/ros2_ws/install/turtlesim/share/ament_index/resource_index/parent_prefix_path/turtlesim
[33.794s] -- Installing: /home/ngo/ros2_ws/install/turtlesim/share/turtlesim/environment/ament_prefix_path.sh
[33.794s] -- Installing: /home/ngo/ros2_ws/install/turtlesim/share/turtlesim/environment/ament_prefix_path.dsv
[33.795s] -- Installing: /home/ngo/ros2_ws/install/turtlesim/share/turtlesim/environment/path.sh
[33.795s] -- Installing: /home/ngo/ros2_ws/install/turtlesim/share/turtlesim/environment/path.dsv
[33.795s] -- Installing: /home/ngo/ros2_ws/install/turtlesim/share/turtlesim/local_setup.bash
[33.795s] -- Installing: /home/ngo/ros2_ws/install/turtlesim/share/turtlesim/local_setup.sh
[33.795s] -- Installing: /home/ngo/ros2_ws/install/turtlesim/share/turtlesim/local_setup.zsh
[33.795s] -- Installing: /home/ngo/ros2_ws/install/turtlesim/share/turtlesim/local_setup.dsv
[33.795s] -- Installing: /home/ngo/ros2_ws/install/turtlesim/share/turtlesim/package.dsv
[33.796s] -- Installing: /home/ngo/ros2_ws/install/turtlesim/share/ament_index/resource_index/packages/turtlesim
[33.796s] -- Installing: /home/ngo/ros2_ws/install/turtlesim/share/turtlesim/cmake/export_turtlesim__rosidl_generator_cExport.cmake
[33.796s] -- Installing: /home/ngo/ros2_ws/install/turtlesim/share/turtlesim/cmake/export_turtlesim__rosidl_generator_cExport-noconfig.cmake
[33.796s] -- Installing: /home/ngo/ros2_ws/install/turtlesim/share/turtlesim/cmake/export_turtlesim__rosidl_typesupport_fastrtps_cExport.cmake
[33.796s] -- Installing: /home/ngo/ros2_ws/install/turtlesim/share/turtlesim/cmake/export_turtlesim__rosidl_typesupport_fastrtps_cExport-noconfig.cmake
[33.796s] -- Installing: /home/ngo/ros2_ws/install/turtlesim/share/turtlesim/cmake/export_turtlesim__rosidl_generator_cppExport.cmake
[33.796s] -- Installing: /home/ngo/ros2_ws/install/turtlesim/share/turtlesim/cmake/export_turtlesim__rosidl_typesupport_fastrtps_cppExport.cmake
[33.797s] -- Installing: /home/ngo/ros2_ws/install/turtlesim/share/turtlesim/cmake/export_turtlesim__rosidl_typesupport_fastrtps_cppExport-noconfig.cmake
[33.797s] -- Installing: /home/ngo/ros2_ws/install/turtlesim/share/turtlesim/cmake/turtlesim__rosidl_typesupport_introspection_cExport.cmake
[33.797s] -- Installing: /home/ngo/ros2_ws/install/turtlesim/share/turtlesim/cmake/turtlesim__rosidl_typesupport_introspection_cExport-noconfig.cmake
[33.797s] -- Installing: /home/ngo/ros2_ws/install/turtlesim/share/turtlesim/cmake/turtlesim__rosidl_typesupport_cExport.cmake
[33.797s] -- Installing: /home/ngo/ros2_ws/install/turtlesim/share/turtlesim/cmake/turtlesim__rosidl_typesupport_cExport-noconfig.cmake
[33.797s] -- Installing: /home/ngo/ros2_ws/install/turtlesim/share/turtlesim/cmake/turtlesim__rosidl_typesupport_introspection_cppExport.cmake
[33.797s] -- Installing: /home/ngo/ros2_ws/install/turtlesim/share/turtlesim/cmake/turtlesim__rosidl_typesupport_introspection_cppExport-noconfig.cmake
[33.797s] -- Installing: /home/ngo/ros2_ws/install/turtlesim/share/turtlesim/cmake/turtlesim__rosidl_typesupport_cppExport.cmake
[33.798s] -- Installing: /home/ngo/ros2_ws/install/turtlesim/share/turtlesim/cmake/turtlesim__rosidl_typesupport_cppExport-noconfig.cmake
[33.798s] -- Installing: /home/ngo/ros2_ws/install/turtlesim/share/turtlesim/cmake/export_turtlesim__rosidl_generator_pyExport.cmake
[33.798s] -- Installing: /home/ngo/ros2_ws/install/turtlesim/share/turtlesim/cmake/export_turtlesim__rosidl_generator_pyExport-noconfig.cmake
[33.798s] -- Installing: /home/ngo/ros2_ws/install/turtlesim/share/turtlesim/cmake/rosidl_cmake-extras.cmake
[33.798s] -- Installing: /home/ngo/ros2_ws/install/turtlesim/share/turtlesim/cmake/ament_cmake_export_dependencies-extras.cmake
[33.798s] -- Installing: /home/ngo/ros2_ws/install/turtlesim/share/turtlesim/cmake/ament_cmake_export_include_directories-extras.cmake
[33.799s] -- Installing: /home/ngo/ros2_ws/install/turtlesim/share/turtlesim/cmake/ament_cmake_export_libraries-extras.cmake
[33.799s] -- Installing: /home/ngo/ros2_ws/install/turtlesim/share/turtlesim/cmake/ament_cmake_export_targets-extras.cmake
[33.799s] -- Installing: /home/ngo/ros2_ws/install/turtlesim/share/turtlesim/cmake/rosidl_cmake_export_typesupport_targets-extras.cmake
[33.799s] -- Installing: /home/ngo/ros2_ws/install/turtlesim/share/turtlesim/cmake/rosidl_cmake_export_typesupport_libraries-extras.cmake
[33.799s] -- Installing: /home/ngo/ros2_ws/install/turtlesim/share/turtlesim/cmake/turtlesimConfig.cmake
[33.799s] -- Installing: /home/ngo/ros2_ws/install/turtlesim/share/turtlesim/cmake/turtlesimConfig-version.cmake
[33.800s] -- Installing: /home/ngo/ros2_ws/install/turtlesim/share/turtlesim/package.xml
[33.803s] Invoked command in '/home/ngo/ros2_ws/build/turtlesim' returned '0': CMAKE_PREFIX_PATH=${CMAKE_PREFIX_PATH}:/opt/ros/humble /usr/bin/cmake --install /home/ngo/ros2_ws/build/turtlesim
