[1.616s] Invoking command in '/home/ngo/ros2_ws/src/action_tutorials_py': AMENT_PREFIX_PATH=/home/ngo/ros2_ws/install/action_tutorials_interfaces:${AMENT_PREFIX_PATH} CMAKE_PREFIX_PATH=/home/ngo/ros2_ws/install/action_tutorials_interfaces:${CMAKE_PREFIX_PATH} LD_LIBRARY_PATH=/home/ngo/ros2_ws/install/action_tutorials_interfaces/lib:${LD_LIBRARY_PATH} PYTHONPATH=/home/ngo/ros2_ws/build/action_tutorials_py/prefix_override:/home/ngo/ros2_ws/install/action_tutorials_py/lib/python3.10/site-packages:/home/ngo/ros2_ws/install/action_tutorials_interfaces/local/lib/python3.10/dist-packages:${PYTHONPATH} /usr/bin/python3 setup.py egg_info --egg-base ../../build/action_tutorials_py build --build-base /home/ngo/ros2_ws/build/action_tutorials_py/build install --record /home/ngo/ros2_ws/build/action_tutorials_py/install.log --single-version-externally-managed
[1.893s] running egg_info
[1.894s] writing ../../build/action_tutorials_py/action_tutorials_py.egg-info/PKG-INFO
[1.894s] writing dependency_links to ../../build/action_tutorials_py/action_tutorials_py.egg-info/dependency_links.txt
[1.895s] writing entry points to ../../build/action_tutorials_py/action_tutorials_py.egg-info/entry_points.txt
[1.895s] writing requirements to ../../build/action_tutorials_py/action_tutorials_py.egg-info/requires.txt
[1.895s] writing top-level names to ../../build/action_tutorials_py/action_tutorials_py.egg-info/top_level.txt
[1.896s] reading manifest file '../../build/action_tutorials_py/action_tutorials_py.egg-info/SOURCES.txt'
[1.897s] writing manifest file '../../build/action_tutorials_py/action_tutorials_py.egg-info/SOURCES.txt'
[1.897s] running build
[1.897s] running build_py
[1.897s] running install
[1.898s] /usr/lib/python3/dist-packages/setuptools/command/install.py:34: SetuptoolsDeprecationWarning: setup.py install is deprecated. Use build and pip and other standards-based tools.
[1.898s]   warnings.warn(
[1.898s] running install_lib
[1.899s] running install_data
[1.899s] running install_egg_info
[1.903s] removing '/home/ngo/ros2_ws/install/action_tutorials_py/lib/python3.10/site-packages/action_tutorials_py-0.32.0-py3.10.egg-info' (and everything under it)
[1.903s] Copying ../../build/action_tutorials_py/action_tutorials_py.egg-info to /home/ngo/ros2_ws/install/action_tutorials_py/lib/python3.10/site-packages/action_tutorials_py-0.32.0-py3.10.egg-info
[1.903s] running install_scripts
[1.925s] Installing fibonacci_action_client script to /home/ngo/ros2_ws/install/action_tutorials_py/lib/action_tutorials_py
[1.925s] Installing fibonacci_action_server script to /home/ngo/ros2_ws/install/action_tutorials_py/lib/action_tutorials_py
[1.925s] writing list of installed files to '/home/ngo/ros2_ws/build/action_tutorials_py/install.log'
[1.993s] Invoked command in '/home/ngo/ros2_ws/src/action_tutorials_py' returned '0': AMENT_PREFIX_PATH=/home/ngo/ros2_ws/install/action_tutorials_interfaces:${AMENT_PREFIX_PATH} CMAKE_PREFIX_PATH=/home/ngo/ros2_ws/install/action_tutorials_interfaces:${CMAKE_PREFIX_PATH} LD_LIBRARY_PATH=/home/ngo/ros2_ws/install/action_tutorials_interfaces/lib:${LD_LIBRARY_PATH} PYTHONPATH=/home/ngo/ros2_ws/build/action_tutorials_py/prefix_override:/home/ngo/ros2_ws/install/action_tutorials_py/lib/python3.10/site-packages:/home/ngo/ros2_ws/install/action_tutorials_interfaces/local/lib/python3.10/dist-packages:${PYTHONPATH} /usr/bin/python3 setup.py egg_info --egg-base ../../build/action_tutorials_py build --build-base /home/ngo/ros2_ws/build/action_tutorials_py/build install --record /home/ngo/ros2_ws/build/action_tutorials_py/install.log --single-version-externally-managed
