[0.039s] Invoking command in '/home/ngo/turtlebot3_ws/build/turtlebot3_simulations': AMENT_PREFIX_PATH=/home/ngo/turtlebot3_ws/install/turtlebot3_gazebo:/home/ngo/turtlebot3_ws/install/turtlebot3_fake_node:${AMENT_PREFIX_PATH} CMAKE_PREFIX_PATH=/home/ngo/turtlebot3_ws/install/turtlebot3_gazebo:/home/ngo/turtlebot3_ws/install/turtlebot3_fake_node:/opt/ros/humble /usr/bin/cmake --build /home/ngo/turtlebot3_ws/build/turtlebot3_simulations -- -j8 -l8
[0.074s] Invoked command in '/home/ngo/turtlebot3_ws/build/turtlebot3_simulations' returned '0': AMENT_PREFIX_PATH=/home/ngo/turtlebot3_ws/install/turtlebot3_gazebo:/home/ngo/turtlebot3_ws/install/turtlebot3_fake_node:${AMENT_PREFIX_PATH} CMAKE_PREFIX_PATH=/home/ngo/turtlebot3_ws/install/turtlebot3_gazebo:/home/ngo/turtlebot3_ws/install/turtlebot3_fake_node:/opt/ros/humble /usr/bin/cmake --build /home/ngo/turtlebot3_ws/build/turtlebot3_simulations -- -j8 -l8
[0.097s] Invoking command in '/home/ngo/turtlebot3_ws/build/turtlebot3_simulations': AMENT_PREFIX_PATH=/home/ngo/turtlebot3_ws/install/turtlebot3_gazebo:/home/ngo/turtlebot3_ws/install/turtlebot3_fake_node:${AMENT_PREFIX_PATH} CMAKE_PREFIX_PATH=/home/ngo/turtlebot3_ws/install/turtlebot3_gazebo:/home/ngo/turtlebot3_ws/install/turtlebot3_fake_node:/opt/ros/humble /usr/bin/cmake --install /home/ngo/turtlebot3_ws/build/turtlebot3_simulations
[0.104s] -- Install configuration: ""
[0.104s] -- Execute custom install script
[0.104s] -- Up-to-date symlink: /home/ngo/turtlebot3_ws/install/turtlebot3_simulations/share/ament_index/resource_index/package_run_dependencies/turtlebot3_simulations
[0.105s] -- Up-to-date symlink: /home/ngo/turtlebot3_ws/install/turtlebot3_simulations/share/ament_index/resource_index/parent_prefix_path/turtlebot3_simulations
[0.105s] -- Up-to-date symlink: /home/ngo/turtlebot3_ws/install/turtlebot3_simulations/share/turtlebot3_simulations/environment/ament_prefix_path.sh
[0.105s] -- Up-to-date symlink: /home/ngo/turtlebot3_ws/install/turtlebot3_simulations/share/turtlebot3_simulations/environment/ament_prefix_path.dsv
[0.105s] -- Up-to-date symlink: /home/ngo/turtlebot3_ws/install/turtlebot3_simulations/share/turtlebot3_simulations/environment/path.sh
[0.106s] -- Up-to-date symlink: /home/ngo/turtlebot3_ws/install/turtlebot3_simulations/share/turtlebot3_simulations/environment/path.dsv
[0.106s] -- Up-to-date symlink: /home/ngo/turtlebot3_ws/install/turtlebot3_simulations/share/turtlebot3_simulations/local_setup.bash
[0.106s] -- Up-to-date symlink: /home/ngo/turtlebot3_ws/install/turtlebot3_simulations/share/turtlebot3_simulations/local_setup.sh
[0.106s] -- Up-to-date symlink: /home/ngo/turtlebot3_ws/install/turtlebot3_simulations/share/turtlebot3_simulations/local_setup.zsh
[0.106s] -- Up-to-date symlink: /home/ngo/turtlebot3_ws/install/turtlebot3_simulations/share/turtlebot3_simulations/local_setup.dsv
[0.107s] -- Symlinking: /home/ngo/turtlebot3_ws/install/turtlebot3_simulations/share/turtlebot3_simulations/package.dsv
[0.116s] -- Up-to-date symlink: /home/ngo/turtlebot3_ws/install/turtlebot3_simulations/share/ament_index/resource_index/packages/turtlebot3_simulations
[0.116s] -- Up-to-date symlink: /home/ngo/turtlebot3_ws/install/turtlebot3_simulations/share/turtlebot3_simulations/cmake/turtlebot3_simulationsConfig.cmake
[0.116s] -- Up-to-date symlink: /home/ngo/turtlebot3_ws/install/turtlebot3_simulations/share/turtlebot3_simulations/cmake/turtlebot3_simulationsConfig-version.cmake
[0.116s] -- Up-to-date symlink: /home/ngo/turtlebot3_ws/install/turtlebot3_simulations/share/turtlebot3_simulations/package.xml
[0.118s] Invoked command in '/home/ngo/turtlebot3_ws/build/turtlebot3_simulations' returned '0': AMENT_PREFIX_PATH=/home/ngo/turtlebot3_ws/install/turtlebot3_gazebo:/home/ngo/turtlebot3_ws/install/turtlebot3_fake_node:${AMENT_PREFIX_PATH} CMAKE_PREFIX_PATH=/home/ngo/turtlebot3_ws/install/turtlebot3_gazebo:/home/ngo/turtlebot3_ws/install/turtlebot3_fake_node:/opt/ros/humble /usr/bin/cmake --install /home/ngo/turtlebot3_ws/build/turtlebot3_simulations
