[0.945s] Invoking command in '/home/ngo/ros2_ws/build/my_interfaces': CMAKE_PREFIX_PATH=${CMAKE_PREFIX_PATH}:/opt/ros/humble /usr/bin/cmake --build /home/ngo/ros2_ws/build/my_interfaces -- -j8 -l8
[1.438s] Invoked command in '/home/ngo/ros2_ws/build/my_interfaces' returned '0': CMAKE_PREFIX_PATH=${CMAKE_PREFIX_PATH}:/opt/ros/humble /usr/bin/cmake --build /home/ngo/ros2_ws/build/my_interfaces -- -j8 -l8
[1.497s] Invoking command in '/home/ngo/ros2_ws/build/my_interfaces': CMAKE_PREFIX_PATH=${CMAKE_PREFIX_PATH}:/opt/ros/humble /usr/bin/cmake --install /home/ngo/ros2_ws/build/my_interfaces
[1.509s] -- Install configuration: ""
[1.509s] -- Up-to-date: /home/ngo/ros2_ws/install/my_interfaces/share/ament_index/resource_index/package_run_dependencies/my_interfaces
[1.509s] -- Up-to-date: /home/ngo/ros2_ws/install/my_interfaces/share/ament_index/resource_index/parent_prefix_path/my_interfaces
[1.509s] -- Up-to-date: /home/ngo/ros2_ws/install/my_interfaces/share/my_interfaces/environment/ament_prefix_path.sh
[1.510s] -- Up-to-date: /home/ngo/ros2_ws/install/my_interfaces/share/my_interfaces/environment/ament_prefix_path.dsv
[1.510s] -- Up-to-date: /home/ngo/ros2_ws/install/my_interfaces/share/my_interfaces/environment/path.sh
[1.510s] -- Up-to-date: /home/ngo/ros2_ws/install/my_interfaces/share/my_interfaces/environment/path.dsv
[1.510s] -- Up-to-date: /home/ngo/ros2_ws/install/my_interfaces/share/my_interfaces/local_setup.bash
[1.510s] -- Up-to-date: /home/ngo/ros2_ws/install/my_interfaces/share/my_interfaces/local_setup.sh
[1.510s] -- Up-to-date: /home/ngo/ros2_ws/install/my_interfaces/share/my_interfaces/local_setup.zsh
[1.511s] -- Up-to-date: /home/ngo/ros2_ws/install/my_interfaces/share/my_interfaces/local_setup.dsv
[1.511s] -- Up-to-date: /home/ngo/ros2_ws/install/my_interfaces/share/my_interfaces/package.dsv
[1.511s] -- Up-to-date: /home/ngo/ros2_ws/install/my_interfaces/share/ament_index/resource_index/packages/my_interfaces
[1.511s] -- Up-to-date: /home/ngo/ros2_ws/install/my_interfaces/share/my_interfaces/cmake/my_interfacesConfig.cmake
[1.512s] -- Up-to-date: /home/ngo/ros2_ws/install/my_interfaces/share/my_interfaces/cmake/my_interfacesConfig-version.cmake
[1.512s] -- Up-to-date: /home/ngo/ros2_ws/install/my_interfaces/share/my_interfaces/package.xml
[1.519s] Invoked command in '/home/ngo/ros2_ws/build/my_interfaces' returned '0': CMAKE_PREFIX_PATH=${CMAKE_PREFIX_PATH}:/opt/ros/humble /usr/bin/cmake --install /home/ngo/ros2_ws/build/my_interfaces
