[1.814s] Invoking command in '/home/ngo/ros2_ws/src/my_package': PYTHONPATH=/home/ngo/ros2_ws/build/my_package/prefix_override:/home/ngo/ros2_ws/install/my_package/lib/python3.10/site-packages:${PYTHONPATH} /usr/bin/python3 setup.py egg_info --egg-base ../../build/my_package build --build-base /home/ngo/ros2_ws/build/my_package/build install --record /home/ngo/ros2_ws/build/my_package/install.log --single-version-externally-managed
[2.172s] running egg_info
[2.173s] writing ../../build/my_package/my_package.egg-info/PKG-INFO
[2.174s] writing dependency_links to ../../build/my_package/my_package.egg-info/dependency_links.txt
[2.174s] writing entry points to ../../build/my_package/my_package.egg-info/entry_points.txt
[2.175s] writing requirements to ../../build/my_package/my_package.egg-info/requires.txt
[2.175s] writing top-level names to ../../build/my_package/my_package.egg-info/top_level.txt
[2.177s] reading manifest file '../../build/my_package/my_package.egg-info/SOURCES.txt'
[2.178s] writing manifest file '../../build/my_package/my_package.egg-info/SOURCES.txt'
[2.178s] running build
[2.179s] running build_py
[2.179s] copying my_package/go_to_goal_input_cood.py -> /home/ngo/ros2_ws/build/my_package/build/lib/my_package
[2.180s] running install
[2.180s] /usr/lib/python3/dist-packages/setuptools/command/install.py:34: SetuptoolsDeprecationWarning: setup.py install is deprecated. Use build and pip and other standards-based tools.
[2.180s]   warnings.warn(
[2.180s] running install_lib
[2.181s] copying /home/ngo/ros2_ws/build/my_package/build/lib/my_package/go_to_goal_input_cood.py -> /home/ngo/ros2_ws/install/my_package/lib/python3.10/site-packages/my_package
[2.182s] byte-compiling /home/ngo/ros2_ws/install/my_package/lib/python3.10/site-packages/my_package/go_to_goal_input_cood.py to go_to_goal_input_cood.cpython-310.pyc
[2.183s] byte-compiling /home/ngo/ros2_ws/install/my_package/lib/python3.10/site-packages/my_package/server_time.py to server_time.cpython-310.pyc
[2.184s] Sorry: TabError: inconsistent use of tabs and spaces in indentation (server_time.py, line 20)
[2.184s] running install_data
[2.184s] running install_egg_info
[2.188s] removing '/home/ngo/ros2_ws/install/my_package/lib/python3.10/site-packages/my_package-0.0.0-py3.10.egg-info' (and everything under it)
[2.188s] Copying ../../build/my_package/my_package.egg-info to /home/ngo/ros2_ws/install/my_package/lib/python3.10/site-packages/my_package-0.0.0-py3.10.egg-info
[2.189s] running install_scripts
[2.211s] Installing my_node script to /home/ngo/ros2_ws/install/my_package/lib/my_package
[2.212s] writing list of installed files to '/home/ngo/ros2_ws/build/my_package/install.log'
[3.074s] Invoked command in '/home/ngo/ros2_ws/src/my_package' returned '0': PYTHONPATH=/home/ngo/ros2_ws/build/my_package/prefix_override:/home/ngo/ros2_ws/install/my_package/lib/python3.10/site-packages:${PYTHONPATH} /usr/bin/python3 setup.py egg_info --egg-base ../../build/my_package build --build-base /home/ngo/ros2_ws/build/my_package/build install --record /home/ngo/ros2_ws/build/my_package/install.log --single-version-externally-managed
