[1.413s] DEBUG:colcon:Command line arguments: ['/home/ngo/.local/bin/colcon', 'build', '--allow-overriding', 'action_tutorials_interfaces', 'action_tutorials_py', 'turtlesim']
[1.413s] DEBUG:colcon:Parsed command line arguments: Namespace(log_base=None, log_level=None, verb_name='build', build_base='build', install_base='install', merge_install=False, symlink_install=False, test_result_base=None, continue_on_error=False, executor='parallel', parallel_workers=8, event_handlers=None, ignore_user_meta=False, metas=['./colcon.meta'], base_paths=['.'], packages_ignore=None, packages_ignore_regex=None, paths=None, packages_up_to=None, packages_up_to_regex=None, packages_above=None, packages_above_and_dependencies=None, packages_above_depth=None, packages_select_by_dep=None, packages_skip_by_dep=None, packages_skip_up_to=None, packages_select_build_failed=False, packages_skip_build_finished=False, packages_select_test_failures=False, packages_skip_test_passed=False, packages_select=None, packages_skip=None, packages_select_regex=None, packages_skip_regex=None, packages_start=None, packages_end=None, allow_overriding=['action_tutorials_interfaces', 'action_tutorials_py', 'turtlesim'], cmake_args=None, cmake_target=None, cmake_target_skip_unavailable=False, cmake_clean_cache=False, cmake_clean_first=False, cmake_force_configure=False, ament_cmake_args=None, catkin_cmake_args=None, catkin_skip_building_tests=False, verb_parser=<colcon_defaults.argument_parser.defaults.DefaultArgumentsDecorator object at 0x7eff8f169090>, verb_extension=<colcon_core.verb.build.BuildVerb object at 0x7eff8f169f00>, main=<bound method BuildVerb.main of <colcon_core.verb.build.BuildVerb object at 0x7eff8f169f00>>)
[1.480s] Level 1:colcon.colcon_core.package_discovery:discover_packages(colcon_meta) check parameters
[1.480s] Level 1:colcon.colcon_core.package_discovery:discover_packages(recursive) check parameters
[1.481s] Level 1:colcon.colcon_core.package_discovery:discover_packages(ignore) check parameters
[1.481s] Level 1:colcon.colcon_core.package_discovery:discover_packages(path) check parameters
[1.481s] Level 1:colcon.colcon_core.package_discovery:discover_packages(colcon_meta) discover
[1.481s] Level 1:colcon.colcon_core.package_discovery:discover_packages(recursive) discover
[1.481s] INFO:colcon.colcon_core.package_discovery:Crawling recursively for packages in '/home/ngo/ros2_ws'
[1.481s] Level 1:colcon.colcon_core.package_identification:_identify(.) by extensions ['ignore', 'ignore_ament_install']
[1.481s] Level 1:colcon.colcon_core.package_identification:_identify(.) by extension 'ignore'
[1.481s] Level 1:colcon.colcon_core.package_identification:_identify(.) by extension 'ignore_ament_install'
[1.481s] Level 1:colcon.colcon_core.package_identification:_identify(.) by extensions ['colcon_pkg']
[1.481s] Level 1:colcon.colcon_core.package_identification:_identify(.) by extension 'colcon_pkg'
[1.481s] Level 1:colcon.colcon_core.package_identification:_identify(.) by extensions ['colcon_meta']
[1.481s] Level 1:colcon.colcon_core.package_identification:_identify(.) by extension 'colcon_meta'
[1.481s] Level 1:colcon.colcon_core.package_identification:_identify(.) by extensions ['ros']
[1.481s] Level 1:colcon.colcon_core.package_identification:_identify(.) by extension 'ros'
[1.501s] Level 1:colcon.colcon_core.package_identification:_identify(.) by extensions ['cmake', 'python']
[1.501s] Level 1:colcon.colcon_core.package_identification:_identify(.) by extension 'cmake'
[1.501s] Level 1:colcon.colcon_core.package_identification:_identify(.) by extension 'python'
[1.501s] Level 1:colcon.colcon_core.package_identification:_identify(.) by extensions ['python_setup_py']
[1.501s] Level 1:colcon.colcon_core.package_identification:_identify(.) by extension 'python_setup_py'
[1.501s] Level 1:colcon.colcon_core.package_identification:_identify(bag_files) by extensions ['ignore', 'ignore_ament_install']
[1.501s] Level 1:colcon.colcon_core.package_identification:_identify(bag_files) by extension 'ignore'
[1.501s] Level 1:colcon.colcon_core.package_identification:_identify(bag_files) by extension 'ignore_ament_install'
[1.501s] Level 1:colcon.colcon_core.package_identification:_identify(bag_files) by extensions ['colcon_pkg']
[1.502s] Level 1:colcon.colcon_core.package_identification:_identify(bag_files) by extension 'colcon_pkg'
[1.502s] Level 1:colcon.colcon_core.package_identification:_identify(bag_files) by extensions ['colcon_meta']
[1.502s] Level 1:colcon.colcon_core.package_identification:_identify(bag_files) by extension 'colcon_meta'
[1.502s] Level 1:colcon.colcon_core.package_identification:_identify(bag_files) by extensions ['ros']
[1.502s] Level 1:colcon.colcon_core.package_identification:_identify(bag_files) by extension 'ros'
[1.502s] Level 1:colcon.colcon_core.package_identification:_identify(bag_files) by extensions ['cmake', 'python']
[1.502s] Level 1:colcon.colcon_core.package_identification:_identify(bag_files) by extension 'cmake'
[1.502s] Level 1:colcon.colcon_core.package_identification:_identify(bag_files) by extension 'python'
[1.502s] Level 1:colcon.colcon_core.package_identification:_identify(bag_files) by extensions ['python_setup_py']
[1.502s] Level 1:colcon.colcon_core.package_identification:_identify(bag_files) by extension 'python_setup_py'
[1.502s] Level 1:colcon.colcon_core.package_identification:_identify(bag_files/rosbag2_2023_11_12-13_18_00) by extensions ['ignore', 'ignore_ament_install']
[1.502s] Level 1:colcon.colcon_core.package_identification:_identify(bag_files/rosbag2_2023_11_12-13_18_00) by extension 'ignore'
[1.502s] Level 1:colcon.colcon_core.package_identification:_identify(bag_files/rosbag2_2023_11_12-13_18_00) by extension 'ignore_ament_install'
[1.503s] Level 1:colcon.colcon_core.package_identification:_identify(bag_files/rosbag2_2023_11_12-13_18_00) by extensions ['colcon_pkg']
[1.503s] Level 1:colcon.colcon_core.package_identification:_identify(bag_files/rosbag2_2023_11_12-13_18_00) by extension 'colcon_pkg'
[1.503s] Level 1:colcon.colcon_core.package_identification:_identify(bag_files/rosbag2_2023_11_12-13_18_00) by extensions ['colcon_meta']
[1.503s] Level 1:colcon.colcon_core.package_identification:_identify(bag_files/rosbag2_2023_11_12-13_18_00) by extension 'colcon_meta'
[1.503s] Level 1:colcon.colcon_core.package_identification:_identify(bag_files/rosbag2_2023_11_12-13_18_00) by extensions ['ros']
[1.503s] Level 1:colcon.colcon_core.package_identification:_identify(bag_files/rosbag2_2023_11_12-13_18_00) by extension 'ros'
[1.503s] Level 1:colcon.colcon_core.package_identification:_identify(bag_files/rosbag2_2023_11_12-13_18_00) by extensions ['cmake', 'python']
[1.503s] Level 1:colcon.colcon_core.package_identification:_identify(bag_files/rosbag2_2023_11_12-13_18_00) by extension 'cmake'
[1.503s] Level 1:colcon.colcon_core.package_identification:_identify(bag_files/rosbag2_2023_11_12-13_18_00) by extension 'python'
[1.503s] Level 1:colcon.colcon_core.package_identification:_identify(bag_files/rosbag2_2023_11_12-13_18_00) by extensions ['python_setup_py']
[1.503s] Level 1:colcon.colcon_core.package_identification:_identify(bag_files/rosbag2_2023_11_12-13_18_00) by extension 'python_setup_py'
[1.503s] Level 1:colcon.colcon_core.package_identification:_identify(bag_files/rosbag2_2023_11_12-13_28_43) by extensions ['ignore', 'ignore_ament_install']
[1.503s] Level 1:colcon.colcon_core.package_identification:_identify(bag_files/rosbag2_2023_11_12-13_28_43) by extension 'ignore'
[1.503s] Level 1:colcon.colcon_core.package_identification:_identify(bag_files/rosbag2_2023_11_12-13_28_43) by extension 'ignore_ament_install'
[1.504s] Level 1:colcon.colcon_core.package_identification:_identify(bag_files/rosbag2_2023_11_12-13_28_43) by extensions ['colcon_pkg']
[1.504s] Level 1:colcon.colcon_core.package_identification:_identify(bag_files/rosbag2_2023_11_12-13_28_43) by extension 'colcon_pkg'
[1.504s] Level 1:colcon.colcon_core.package_identification:_identify(bag_files/rosbag2_2023_11_12-13_28_43) by extensions ['colcon_meta']
[1.504s] Level 1:colcon.colcon_core.package_identification:_identify(bag_files/rosbag2_2023_11_12-13_28_43) by extension 'colcon_meta'
[1.504s] Level 1:colcon.colcon_core.package_identification:_identify(bag_files/rosbag2_2023_11_12-13_28_43) by extensions ['ros']
[1.504s] Level 1:colcon.colcon_core.package_identification:_identify(bag_files/rosbag2_2023_11_12-13_28_43) by extension 'ros'
[1.504s] Level 1:colcon.colcon_core.package_identification:_identify(bag_files/rosbag2_2023_11_12-13_28_43) by extensions ['cmake', 'python']
[1.504s] Level 1:colcon.colcon_core.package_identification:_identify(bag_files/rosbag2_2023_11_12-13_28_43) by extension 'cmake'
[1.504s] Level 1:colcon.colcon_core.package_identification:_identify(bag_files/rosbag2_2023_11_12-13_28_43) by extension 'python'
[1.504s] Level 1:colcon.colcon_core.package_identification:_identify(bag_files/rosbag2_2023_11_12-13_28_43) by extensions ['python_setup_py']
[1.504s] Level 1:colcon.colcon_core.package_identification:_identify(bag_files/rosbag2_2023_11_12-13_28_43) by extension 'python_setup_py'
[1.504s] Level 1:colcon.colcon_core.package_identification:_identify(bag_files/rosbag2_2023_11_12-13_33_32) by extensions ['ignore', 'ignore_ament_install']
[1.504s] Level 1:colcon.colcon_core.package_identification:_identify(bag_files/rosbag2_2023_11_12-13_33_32) by extension 'ignore'
[1.505s] Level 1:colcon.colcon_core.package_identification:_identify(bag_files/rosbag2_2023_11_12-13_33_32) by extension 'ignore_ament_install'
[1.505s] Level 1:colcon.colcon_core.package_identification:_identify(bag_files/rosbag2_2023_11_12-13_33_32) by extensions ['colcon_pkg']
[1.505s] Level 1:colcon.colcon_core.package_identification:_identify(bag_files/rosbag2_2023_11_12-13_33_32) by extension 'colcon_pkg'
[1.505s] Level 1:colcon.colcon_core.package_identification:_identify(bag_files/rosbag2_2023_11_12-13_33_32) by extensions ['colcon_meta']
[1.505s] Level 1:colcon.colcon_core.package_identification:_identify(bag_files/rosbag2_2023_11_12-13_33_32) by extension 'colcon_meta'
[1.505s] Level 1:colcon.colcon_core.package_identification:_identify(bag_files/rosbag2_2023_11_12-13_33_32) by extensions ['ros']
[1.505s] Level 1:colcon.colcon_core.package_identification:_identify(bag_files/rosbag2_2023_11_12-13_33_32) by extension 'ros'
[1.505s] Level 1:colcon.colcon_core.package_identification:_identify(bag_files/rosbag2_2023_11_12-13_33_32) by extensions ['cmake', 'python']
[1.505s] Level 1:colcon.colcon_core.package_identification:_identify(bag_files/rosbag2_2023_11_12-13_33_32) by extension 'cmake'
[1.505s] Level 1:colcon.colcon_core.package_identification:_identify(bag_files/rosbag2_2023_11_12-13_33_32) by extension 'python'
[1.505s] Level 1:colcon.colcon_core.package_identification:_identify(bag_files/rosbag2_2023_11_12-13_33_32) by extensions ['python_setup_py']
[1.505s] Level 1:colcon.colcon_core.package_identification:_identify(bag_files/rosbag2_2023_11_12-13_33_32) by extension 'python_setup_py'
[1.505s] Level 1:colcon.colcon_core.package_identification:_identify(bag_files/rosbag2_2023_11_12-13_34_24) by extensions ['ignore', 'ignore_ament_install']
[1.506s] Level 1:colcon.colcon_core.package_identification:_identify(bag_files/rosbag2_2023_11_12-13_34_24) by extension 'ignore'
[1.506s] Level 1:colcon.colcon_core.package_identification:_identify(bag_files/rosbag2_2023_11_12-13_34_24) by extension 'ignore_ament_install'
[1.506s] Level 1:colcon.colcon_core.package_identification:_identify(bag_files/rosbag2_2023_11_12-13_34_24) by extensions ['colcon_pkg']
[1.506s] Level 1:colcon.colcon_core.package_identification:_identify(bag_files/rosbag2_2023_11_12-13_34_24) by extension 'colcon_pkg'
[1.506s] Level 1:colcon.colcon_core.package_identification:_identify(bag_files/rosbag2_2023_11_12-13_34_24) by extensions ['colcon_meta']
[1.506s] Level 1:colcon.colcon_core.package_identification:_identify(bag_files/rosbag2_2023_11_12-13_34_24) by extension 'colcon_meta'
[1.506s] Level 1:colcon.colcon_core.package_identification:_identify(bag_files/rosbag2_2023_11_12-13_34_24) by extensions ['ros']
[1.506s] Level 1:colcon.colcon_core.package_identification:_identify(bag_files/rosbag2_2023_11_12-13_34_24) by extension 'ros'
[1.506s] Level 1:colcon.colcon_core.package_identification:_identify(bag_files/rosbag2_2023_11_12-13_34_24) by extensions ['cmake', 'python']
[1.506s] Level 1:colcon.colcon_core.package_identification:_identify(bag_files/rosbag2_2023_11_12-13_34_24) by extension 'cmake'
[1.506s] Level 1:colcon.colcon_core.package_identification:_identify(bag_files/rosbag2_2023_11_12-13_34_24) by extension 'python'
[1.506s] Level 1:colcon.colcon_core.package_identification:_identify(bag_files/rosbag2_2023_11_12-13_34_24) by extensions ['python_setup_py']
[1.506s] Level 1:colcon.colcon_core.package_identification:_identify(bag_files/rosbag2_2023_11_12-13_34_24) by extension 'python_setup_py'
[1.506s] Level 1:colcon.colcon_core.package_identification:_identify(bag_files/subset) by extensions ['ignore', 'ignore_ament_install']
[1.507s] Level 1:colcon.colcon_core.package_identification:_identify(bag_files/subset) by extension 'ignore'
[1.507s] Level 1:colcon.colcon_core.package_identification:_identify(bag_files/subset) by extension 'ignore_ament_install'
[1.507s] Level 1:colcon.colcon_core.package_identification:_identify(bag_files/subset) by extensions ['colcon_pkg']
[1.507s] Level 1:colcon.colcon_core.package_identification:_identify(bag_files/subset) by extension 'colcon_pkg'
[1.507s] Level 1:colcon.colcon_core.package_identification:_identify(bag_files/subset) by extensions ['colcon_meta']
[1.507s] Level 1:colcon.colcon_core.package_identification:_identify(bag_files/subset) by extension 'colcon_meta'
[1.507s] Level 1:colcon.colcon_core.package_identification:_identify(bag_files/subset) by extensions ['ros']
[1.507s] Level 1:colcon.colcon_core.package_identification:_identify(bag_files/subset) by extension 'ros'
[1.507s] Level 1:colcon.colcon_core.package_identification:_identify(bag_files/subset) by extensions ['cmake', 'python']
[1.507s] Level 1:colcon.colcon_core.package_identification:_identify(bag_files/subset) by extension 'cmake'
[1.507s] Level 1:colcon.colcon_core.package_identification:_identify(bag_files/subset) by extension 'python'
[1.507s] Level 1:colcon.colcon_core.package_identification:_identify(bag_files/subset) by extensions ['python_setup_py']
[1.507s] Level 1:colcon.colcon_core.package_identification:_identify(bag_files/subset) by extension 'python_setup_py'
[1.507s] Level 1:colcon.colcon_core.package_identification:_identify(build) by extensions ['ignore', 'ignore_ament_install']
[1.507s] Level 1:colcon.colcon_core.package_identification:_identify(build) by extension 'ignore'
[1.507s] Level 1:colcon.colcon_core.package_identification:_identify(build) ignored
[1.507s] Level 1:colcon.colcon_core.package_identification:_identify(install) by extensions ['ignore', 'ignore_ament_install']
[1.507s] Level 1:colcon.colcon_core.package_identification:_identify(install) by extension 'ignore'
[1.508s] Level 1:colcon.colcon_core.package_identification:_identify(install) ignored
[1.508s] Level 1:colcon.colcon_core.package_identification:_identify(log) by extensions ['ignore', 'ignore_ament_install']
[1.508s] Level 1:colcon.colcon_core.package_identification:_identify(log) by extension 'ignore'
[1.508s] Level 1:colcon.colcon_core.package_identification:_identify(log) ignored
[1.508s] Level 1:colcon.colcon_core.package_identification:_identify(src) by extensions ['ignore', 'ignore_ament_install']
[1.508s] Level 1:colcon.colcon_core.package_identification:_identify(src) by extension 'ignore'
[1.508s] Level 1:colcon.colcon_core.package_identification:_identify(src) by extension 'ignore_ament_install'
[1.508s] Level 1:colcon.colcon_core.package_identification:_identify(src) by extensions ['colcon_pkg']
[1.508s] Level 1:colcon.colcon_core.package_identification:_identify(src) by extension 'colcon_pkg'
[1.508s] Level 1:colcon.colcon_core.package_identification:_identify(src) by extensions ['colcon_meta']
[1.508s] Level 1:colcon.colcon_core.package_identification:_identify(src) by extension 'colcon_meta'
[1.508s] Level 1:colcon.colcon_core.package_identification:_identify(src) by extensions ['ros']
[1.508s] Level 1:colcon.colcon_core.package_identification:_identify(src) by extension 'ros'
[1.508s] Level 1:colcon.colcon_core.package_identification:_identify(src) by extensions ['cmake', 'python']
[1.508s] Level 1:colcon.colcon_core.package_identification:_identify(src) by extension 'cmake'
[1.508s] Level 1:colcon.colcon_core.package_identification:_identify(src) by extension 'python'
[1.508s] Level 1:colcon.colcon_core.package_identification:_identify(src) by extensions ['python_setup_py']
[1.508s] Level 1:colcon.colcon_core.package_identification:_identify(src) by extension 'python_setup_py'
[1.508s] Level 1:colcon.colcon_core.package_identification:_identify(src/action_tutorials_interfaces) by extensions ['ignore', 'ignore_ament_install']
[1.509s] Level 1:colcon.colcon_core.package_identification:_identify(src/action_tutorials_interfaces) by extension 'ignore'
[1.509s] Level 1:colcon.colcon_core.package_identification:_identify(src/action_tutorials_interfaces) by extension 'ignore_ament_install'
[1.509s] Level 1:colcon.colcon_core.package_identification:_identify(src/action_tutorials_interfaces) by extensions ['colcon_pkg']
[1.509s] Level 1:colcon.colcon_core.package_identification:_identify(src/action_tutorials_interfaces) by extension 'colcon_pkg'
[1.509s] Level 1:colcon.colcon_core.package_identification:_identify(src/action_tutorials_interfaces) by extensions ['colcon_meta']
[1.509s] Level 1:colcon.colcon_core.package_identification:_identify(src/action_tutorials_interfaces) by extension 'colcon_meta'
[1.509s] Level 1:colcon.colcon_core.package_identification:_identify(src/action_tutorials_interfaces) by extensions ['ros']
[1.509s] Level 1:colcon.colcon_core.package_identification:_identify(src/action_tutorials_interfaces) by extension 'ros'
[1.513s] DEBUG:colcon.colcon_core.package_identification:Package 'src/action_tutorials_interfaces' with type 'ros.ament_cmake' and name 'action_tutorials_interfaces'
[1.514s] Level 1:colcon.colcon_core.package_identification:_identify(src/action_tutorials_py) by extensions ['ignore', 'ignore_ament_install']
[1.514s] Level 1:colcon.colcon_core.package_identification:_identify(src/action_tutorials_py) by extension 'ignore'
[1.514s] Level 1:colcon.colcon_core.package_identification:_identify(src/action_tutorials_py) by extension 'ignore_ament_install'
[1.514s] Level 1:colcon.colcon_core.package_identification:_identify(src/action_tutorials_py) by extensions ['colcon_pkg']
[1.514s] Level 1:colcon.colcon_core.package_identification:_identify(src/action_tutorials_py) by extension 'colcon_pkg'
[1.514s] Level 1:colcon.colcon_core.package_identification:_identify(src/action_tutorials_py) by extensions ['colcon_meta']
[1.514s] Level 1:colcon.colcon_core.package_identification:_identify(src/action_tutorials_py) by extension 'colcon_meta'
[1.514s] Level 1:colcon.colcon_core.package_identification:_identify(src/action_tutorials_py) by extensions ['ros']
[1.514s] Level 1:colcon.colcon_core.package_identification:_identify(src/action_tutorials_py) by extension 'ros'
[1.516s] DEBUG:colcon.colcon_core.package_identification:Package 'src/action_tutorials_py' with type 'ros.ament_python' and name 'action_tutorials_py'
[1.516s] Level 1:colcon.colcon_core.package_identification:_identify(src/bag_recorder_nodes_py) by extensions ['ignore', 'ignore_ament_install']
[1.517s] Level 1:colcon.colcon_core.package_identification:_identify(src/bag_recorder_nodes_py) by extension 'ignore'
[1.517s] Level 1:colcon.colcon_core.package_identification:_identify(src/bag_recorder_nodes_py) by extension 'ignore_ament_install'
[1.517s] Level 1:colcon.colcon_core.package_identification:_identify(src/bag_recorder_nodes_py) by extensions ['colcon_pkg']
[1.517s] Level 1:colcon.colcon_core.package_identification:_identify(src/bag_recorder_nodes_py) by extension 'colcon_pkg'
[1.517s] Level 1:colcon.colcon_core.package_identification:_identify(src/bag_recorder_nodes_py) by extensions ['colcon_meta']
[1.517s] Level 1:colcon.colcon_core.package_identification:_identify(src/bag_recorder_nodes_py) by extension 'colcon_meta'
[1.517s] Level 1:colcon.colcon_core.package_identification:_identify(src/bag_recorder_nodes_py) by extensions ['ros']
[1.518s] Level 1:colcon.colcon_core.package_identification:_identify(src/bag_recorder_nodes_py) by extension 'ros'
[1.519s] DEBUG:colcon.colcon_core.package_identification:Package 'src/bag_recorder_nodes_py' with type 'ros.ament_python' and name 'bag_recorder_nodes_py'
[1.519s] Level 1:colcon.colcon_core.package_identification:_identify(src/learning_tf2_py) by extensions ['ignore', 'ignore_ament_install']
[1.519s] Level 1:colcon.colcon_core.package_identification:_identify(src/learning_tf2_py) by extension 'ignore'
[1.519s] Level 1:colcon.colcon_core.package_identification:_identify(src/learning_tf2_py) by extension 'ignore_ament_install'
[1.519s] Level 1:colcon.colcon_core.package_identification:_identify(src/learning_tf2_py) by extensions ['colcon_pkg']
[1.519s] Level 1:colcon.colcon_core.package_identification:_identify(src/learning_tf2_py) by extension 'colcon_pkg'
[1.519s] Level 1:colcon.colcon_core.package_identification:_identify(src/learning_tf2_py) by extensions ['colcon_meta']
[1.519s] Level 1:colcon.colcon_core.package_identification:_identify(src/learning_tf2_py) by extension 'colcon_meta'
[1.519s] Level 1:colcon.colcon_core.package_identification:_identify(src/learning_tf2_py) by extensions ['ros']
[1.519s] Level 1:colcon.colcon_core.package_identification:_identify(src/learning_tf2_py) by extension 'ros'
[1.520s] DEBUG:colcon.colcon_core.package_identification:Package 'src/learning_tf2_py' with type 'ros.ament_python' and name 'learning_tf2_py'
[1.520s] Level 1:colcon.colcon_core.package_identification:_identify(src/my_interfaces) by extensions ['ignore', 'ignore_ament_install']
[1.521s] Level 1:colcon.colcon_core.package_identification:_identify(src/my_interfaces) by extension 'ignore'
[1.521s] Level 1:colcon.colcon_core.package_identification:_identify(src/my_interfaces) by extension 'ignore_ament_install'
[1.521s] Level 1:colcon.colcon_core.package_identification:_identify(src/my_interfaces) by extensions ['colcon_pkg']
[1.521s] Level 1:colcon.colcon_core.package_identification:_identify(src/my_interfaces) by extension 'colcon_pkg'
[1.521s] Level 1:colcon.colcon_core.package_identification:_identify(src/my_interfaces) by extensions ['colcon_meta']
[1.521s] Level 1:colcon.colcon_core.package_identification:_identify(src/my_interfaces) by extension 'colcon_meta'
[1.521s] Level 1:colcon.colcon_core.package_identification:_identify(src/my_interfaces) by extensions ['ros']
[1.521s] Level 1:colcon.colcon_core.package_identification:_identify(src/my_interfaces) by extension 'ros'
[1.522s] DEBUG:colcon.colcon_core.package_identification:Package 'src/my_interfaces' with type 'ros.ament_cmake' and name 'my_interfaces'
[1.522s] Level 1:colcon.colcon_core.package_identification:_identify(src/my_package) by extensions ['ignore', 'ignore_ament_install']
[1.522s] Level 1:colcon.colcon_core.package_identification:_identify(src/my_package) by extension 'ignore'
[1.522s] Level 1:colcon.colcon_core.package_identification:_identify(src/my_package) by extension 'ignore_ament_install'
[1.522s] Level 1:colcon.colcon_core.package_identification:_identify(src/my_package) by extensions ['colcon_pkg']
[1.522s] Level 1:colcon.colcon_core.package_identification:_identify(src/my_package) by extension 'colcon_pkg'
[1.523s] Level 1:colcon.colcon_core.package_identification:_identify(src/my_package) by extensions ['colcon_meta']
[1.523s] Level 1:colcon.colcon_core.package_identification:_identify(src/my_package) by extension 'colcon_meta'
[1.523s] Level 1:colcon.colcon_core.package_identification:_identify(src/my_package) by extensions ['ros']
[1.523s] Level 1:colcon.colcon_core.package_identification:_identify(src/my_package) by extension 'ros'
[1.523s] DEBUG:colcon.colcon_core.package_identification:Package 'src/my_package' with type 'ros.ament_python' and name 'my_package'
[1.524s] Level 1:colcon.colcon_core.package_identification:_identify(src/ros_tutorials) by extensions ['ignore', 'ignore_ament_install']
[1.524s] Level 1:colcon.colcon_core.package_identification:_identify(src/ros_tutorials) by extension 'ignore'
[1.524s] Level 1:colcon.colcon_core.package_identification:_identify(src/ros_tutorials) by extension 'ignore_ament_install'
[1.524s] Level 1:colcon.colcon_core.package_identification:_identify(src/ros_tutorials) by extensions ['colcon_pkg']
[1.524s] Level 1:colcon.colcon_core.package_identification:_identify(src/ros_tutorials) by extension 'colcon_pkg'
[1.524s] Level 1:colcon.colcon_core.package_identification:_identify(src/ros_tutorials) by extensions ['colcon_meta']
[1.524s] Level 1:colcon.colcon_core.package_identification:_identify(src/ros_tutorials) by extension 'colcon_meta'
[1.524s] Level 1:colcon.colcon_core.package_identification:_identify(src/ros_tutorials) by extensions ['ros']
[1.524s] Level 1:colcon.colcon_core.package_identification:_identify(src/ros_tutorials) by extension 'ros'
[1.524s] Level 1:colcon.colcon_core.package_identification:_identify(src/ros_tutorials) by extensions ['cmake', 'python']
[1.524s] Level 1:colcon.colcon_core.package_identification:_identify(src/ros_tutorials) by extension 'cmake'
[1.524s] Level 1:colcon.colcon_core.package_identification:_identify(src/ros_tutorials) by extension 'python'
[1.524s] Level 1:colcon.colcon_core.package_identification:_identify(src/ros_tutorials) by extensions ['python_setup_py']
[1.525s] Level 1:colcon.colcon_core.package_identification:_identify(src/ros_tutorials) by extension 'python_setup_py'
[1.525s] Level 1:colcon.colcon_core.package_identification:_identify(src/ros_tutorials/ros_tutorials) by extensions ['ignore', 'ignore_ament_install']
[1.525s] Level 1:colcon.colcon_core.package_identification:_identify(src/ros_tutorials/ros_tutorials) by extension 'ignore'
[1.525s] Level 1:colcon.colcon_core.package_identification:_identify(src/ros_tutorials/ros_tutorials) ignored
[1.525s] Level 1:colcon.colcon_core.package_identification:_identify(src/ros_tutorials/roscpp_tutorials) by extensions ['ignore', 'ignore_ament_install']
[1.525s] Level 1:colcon.colcon_core.package_identification:_identify(src/ros_tutorials/roscpp_tutorials) by extension 'ignore'
[1.525s] Level 1:colcon.colcon_core.package_identification:_identify(src/ros_tutorials/roscpp_tutorials) ignored
[1.525s] Level 1:colcon.colcon_core.package_identification:_identify(src/ros_tutorials/rospy_tutorials) by extensions ['ignore', 'ignore_ament_install']
[1.525s] Level 1:colcon.colcon_core.package_identification:_identify(src/ros_tutorials/rospy_tutorials) by extension 'ignore'
[1.525s] Level 1:colcon.colcon_core.package_identification:_identify(src/ros_tutorials/rospy_tutorials) ignored
[1.526s] Level 1:colcon.colcon_core.package_identification:_identify(src/ros_tutorials/turtlesim) by extensions ['ignore', 'ignore_ament_install']
[1.526s] Level 1:colcon.colcon_core.package_identification:_identify(src/ros_tutorials/turtlesim) by extension 'ignore'
[1.526s] Level 1:colcon.colcon_core.package_identification:_identify(src/ros_tutorials/turtlesim) by extension 'ignore_ament_install'
[1.526s] Level 1:colcon.colcon_core.package_identification:_identify(src/ros_tutorials/turtlesim) by extensions ['colcon_pkg']
[1.526s] Level 1:colcon.colcon_core.package_identification:_identify(src/ros_tutorials/turtlesim) by extension 'colcon_pkg'
[1.526s] Level 1:colcon.colcon_core.package_identification:_identify(src/ros_tutorials/turtlesim) by extensions ['colcon_meta']
[1.526s] Level 1:colcon.colcon_core.package_identification:_identify(src/ros_tutorials/turtlesim) by extension 'colcon_meta'
[1.526s] Level 1:colcon.colcon_core.package_identification:_identify(src/ros_tutorials/turtlesim) by extensions ['ros']
[1.526s] Level 1:colcon.colcon_core.package_identification:_identify(src/ros_tutorials/turtlesim) by extension 'ros'
[1.527s] DEBUG:colcon.colcon_core.package_identification:Package 'src/ros_tutorials/turtlesim' with type 'ros.ament_cmake' and name 'turtlesim'
[1.528s] Level 1:colcon.colcon_core.package_discovery:discover_packages(recursive) using defaults
[1.528s] Level 1:colcon.colcon_core.package_discovery:discover_packages(ignore) discover
[1.529s] Level 1:colcon.colcon_core.package_discovery:discover_packages(ignore) using defaults
[1.529s] Level 1:colcon.colcon_core.package_discovery:discover_packages(path) discover
[1.529s] Level 1:colcon.colcon_core.package_discovery:discover_packages(path) using defaults
[1.660s] Level 1:colcon.colcon_core.package_discovery:discover_packages(prefix_path) check parameters
[1.660s] Level 1:colcon.colcon_core.package_discovery:discover_packages(prefix_path) discover
[1.700s] DEBUG:colcon.colcon_installed_package_information.package_discovery:Found 3 installed packages in /home/ngo/turtlebot3_ws/install
[1.723s] DEBUG:colcon.colcon_installed_package_information.package_discovery:Found 379 installed packages in /opt/ros/humble
[1.725s] Level 1:colcon.colcon_core.package_discovery:discover_packages(prefix_path) using defaults
[1.889s] Level 5:colcon.colcon_core.verb:set package 'action_tutorials_interfaces' build argument 'cmake_args' from command line to 'None'
[1.889s] Level 5:colcon.colcon_core.verb:set package 'action_tutorials_interfaces' build argument 'cmake_target' from command line to 'None'
[1.889s] Level 5:colcon.colcon_core.verb:set package 'action_tutorials_interfaces' build argument 'cmake_target_skip_unavailable' from command line to 'False'
[1.889s] Level 5:colcon.colcon_core.verb:set package 'action_tutorials_interfaces' build argument 'cmake_clean_cache' from command line to 'False'
[1.889s] Level 5:colcon.colcon_core.verb:set package 'action_tutorials_interfaces' build argument 'cmake_clean_first' from command line to 'False'
[1.889s] Level 5:colcon.colcon_core.verb:set package 'action_tutorials_interfaces' build argument 'cmake_force_configure' from command line to 'False'
[1.889s] Level 5:colcon.colcon_core.verb:set package 'action_tutorials_interfaces' build argument 'ament_cmake_args' from command line to 'None'
[1.889s] Level 5:colcon.colcon_core.verb:set package 'action_tutorials_interfaces' build argument 'catkin_cmake_args' from command line to 'None'
[1.889s] Level 5:colcon.colcon_core.verb:set package 'action_tutorials_interfaces' build argument 'catkin_skip_building_tests' from command line to 'False'
[1.889s] DEBUG:colcon.colcon_core.verb:Building package 'action_tutorials_interfaces' with the following arguments: {'ament_cmake_args': None, 'build_base': '/home/ngo/ros2_ws/build/action_tutorials_interfaces', 'catkin_cmake_args': None, 'catkin_skip_building_tests': False, 'cmake_args': None, 'cmake_clean_cache': False, 'cmake_clean_first': False, 'cmake_force_configure': False, 'cmake_target': None, 'cmake_target_skip_unavailable': False, 'install_base': '/home/ngo/ros2_ws/install/action_tutorials_interfaces', 'merge_install': False, 'path': '/home/ngo/ros2_ws/src/action_tutorials_interfaces', 'symlink_install': False, 'test_result_base': None}
[1.909s] Level 5:colcon.colcon_core.verb:set package 'bag_recorder_nodes_py' build argument 'cmake_args' from command line to 'None'
[1.909s] Level 5:colcon.colcon_core.verb:set package 'bag_recorder_nodes_py' build argument 'cmake_target' from command line to 'None'
[1.909s] Level 5:colcon.colcon_core.verb:set package 'bag_recorder_nodes_py' build argument 'cmake_target_skip_unavailable' from command line to 'False'
[1.909s] Level 5:colcon.colcon_core.verb:set package 'bag_recorder_nodes_py' build argument 'cmake_clean_cache' from command line to 'False'
[1.910s] Level 5:colcon.colcon_core.verb:set package 'bag_recorder_nodes_py' build argument 'cmake_clean_first' from command line to 'False'
[1.910s] Level 5:colcon.colcon_core.verb:set package 'bag_recorder_nodes_py' build argument 'cmake_force_configure' from command line to 'False'
[1.910s] Level 5:colcon.colcon_core.verb:set package 'bag_recorder_nodes_py' build argument 'ament_cmake_args' from command line to 'None'
[1.910s] Level 5:colcon.colcon_core.verb:set package 'bag_recorder_nodes_py' build argument 'catkin_cmake_args' from command line to 'None'
[1.910s] Level 5:colcon.colcon_core.verb:set package 'bag_recorder_nodes_py' build argument 'catkin_skip_building_tests' from command line to 'False'
[1.910s] DEBUG:colcon.colcon_core.verb:Building package 'bag_recorder_nodes_py' with the following arguments: {'ament_cmake_args': None, 'build_base': '/home/ngo/ros2_ws/build/bag_recorder_nodes_py', 'catkin_cmake_args': None, 'catkin_skip_building_tests': False, 'cmake_args': None, 'cmake_clean_cache': False, 'cmake_clean_first': False, 'cmake_force_configure': False, 'cmake_target': None, 'cmake_target_skip_unavailable': False, 'install_base': '/home/ngo/ros2_ws/install/bag_recorder_nodes_py', 'merge_install': False, 'path': '/home/ngo/ros2_ws/src/bag_recorder_nodes_py', 'symlink_install': False, 'test_result_base': None}
[1.930s] Level 5:colcon.colcon_core.verb:set package 'my_interfaces' build argument 'cmake_args' from command line to 'None'
[1.931s] Level 5:colcon.colcon_core.verb:set package 'my_interfaces' build argument 'cmake_target' from command line to 'None'
[1.931s] Level 5:colcon.colcon_core.verb:set package 'my_interfaces' build argument 'cmake_target_skip_unavailable' from command line to 'False'
[1.931s] Level 5:colcon.colcon_core.verb:set package 'my_interfaces' build argument 'cmake_clean_cache' from command line to 'False'
[1.931s] Level 5:colcon.colcon_core.verb:set package 'my_interfaces' build argument 'cmake_clean_first' from command line to 'False'
[1.931s] Level 5:colcon.colcon_core.verb:set package 'my_interfaces' build argument 'cmake_force_configure' from command line to 'False'
[1.931s] Level 5:colcon.colcon_core.verb:set package 'my_interfaces' build argument 'ament_cmake_args' from command line to 'None'
[1.931s] Level 5:colcon.colcon_core.verb:set package 'my_interfaces' build argument 'catkin_cmake_args' from command line to 'None'
[1.931s] Level 5:colcon.colcon_core.verb:set package 'my_interfaces' build argument 'catkin_skip_building_tests' from command line to 'False'
[1.931s] DEBUG:colcon.colcon_core.verb:Building package 'my_interfaces' with the following arguments: {'ament_cmake_args': None, 'build_base': '/home/ngo/ros2_ws/build/my_interfaces', 'catkin_cmake_args': None, 'catkin_skip_building_tests': False, 'cmake_args': None, 'cmake_clean_cache': False, 'cmake_clean_first': False, 'cmake_force_configure': False, 'cmake_target': None, 'cmake_target_skip_unavailable': False, 'install_base': '/home/ngo/ros2_ws/install/my_interfaces', 'merge_install': False, 'path': '/home/ngo/ros2_ws/src/my_interfaces', 'symlink_install': False, 'test_result_base': None}
[1.950s] Level 5:colcon.colcon_core.verb:set package 'my_package' build argument 'cmake_args' from command line to 'None'
[1.950s] Level 5:colcon.colcon_core.verb:set package 'my_package' build argument 'cmake_target' from command line to 'None'
[1.950s] Level 5:colcon.colcon_core.verb:set package 'my_package' build argument 'cmake_target_skip_unavailable' from command line to 'False'
[1.950s] Level 5:colcon.colcon_core.verb:set package 'my_package' build argument 'cmake_clean_cache' from command line to 'False'
[1.950s] Level 5:colcon.colcon_core.verb:set package 'my_package' build argument 'cmake_clean_first' from command line to 'False'
[1.951s] Level 5:colcon.colcon_core.verb:set package 'my_package' build argument 'cmake_force_configure' from command line to 'False'
[1.951s] Level 5:colcon.colcon_core.verb:set package 'my_package' build argument 'ament_cmake_args' from command line to 'None'
[1.951s] Level 5:colcon.colcon_core.verb:set package 'my_package' build argument 'catkin_cmake_args' from command line to 'None'
[1.951s] Level 5:colcon.colcon_core.verb:set package 'my_package' build argument 'catkin_skip_building_tests' from command line to 'False'
[1.951s] DEBUG:colcon.colcon_core.verb:Building package 'my_package' with the following arguments: {'ament_cmake_args': None, 'build_base': '/home/ngo/ros2_ws/build/my_package', 'catkin_cmake_args': None, 'catkin_skip_building_tests': False, 'cmake_args': None, 'cmake_clean_cache': False, 'cmake_clean_first': False, 'cmake_force_configure': False, 'cmake_target': None, 'cmake_target_skip_unavailable': False, 'install_base': '/home/ngo/ros2_ws/install/my_package', 'merge_install': False, 'path': '/home/ngo/ros2_ws/src/my_package', 'symlink_install': False, 'test_result_base': None}
[1.970s] Level 5:colcon.colcon_core.verb:set package 'turtlesim' build argument 'cmake_args' from command line to 'None'
[1.970s] Level 5:colcon.colcon_core.verb:set package 'turtlesim' build argument 'cmake_target' from command line to 'None'
[1.970s] Level 5:colcon.colcon_core.verb:set package 'turtlesim' build argument 'cmake_target_skip_unavailable' from command line to 'False'
[1.970s] Level 5:colcon.colcon_core.verb:set package 'turtlesim' build argument 'cmake_clean_cache' from command line to 'False'
[1.970s] Level 5:colcon.colcon_core.verb:set package 'turtlesim' build argument 'cmake_clean_first' from command line to 'False'
[1.970s] Level 5:colcon.colcon_core.verb:set package 'turtlesim' build argument 'cmake_force_configure' from command line to 'False'
[1.970s] Level 5:colcon.colcon_core.verb:set package 'turtlesim' build argument 'ament_cmake_args' from command line to 'None'
[1.971s] Level 5:colcon.colcon_core.verb:set package 'turtlesim' build argument 'catkin_cmake_args' from command line to 'None'
[1.971s] Level 5:colcon.colcon_core.verb:set package 'turtlesim' build argument 'catkin_skip_building_tests' from command line to 'False'
[1.971s] DEBUG:colcon.colcon_core.verb:Building package 'turtlesim' with the following arguments: {'ament_cmake_args': None, 'build_base': '/home/ngo/ros2_ws/build/turtlesim', 'catkin_cmake_args': None, 'catkin_skip_building_tests': False, 'cmake_args': None, 'cmake_clean_cache': False, 'cmake_clean_first': False, 'cmake_force_configure': False, 'cmake_target': None, 'cmake_target_skip_unavailable': False, 'install_base': '/home/ngo/ros2_ws/install/turtlesim', 'merge_install': False, 'path': '/home/ngo/ros2_ws/src/ros_tutorials/turtlesim', 'symlink_install': False, 'test_result_base': None}
[1.991s] Level 5:colcon.colcon_core.verb:set package 'action_tutorials_py' build argument 'cmake_args' from command line to 'None'
[1.991s] Level 5:colcon.colcon_core.verb:set package 'action_tutorials_py' build argument 'cmake_target' from command line to 'None'
[1.991s] Level 5:colcon.colcon_core.verb:set package 'action_tutorials_py' build argument 'cmake_target_skip_unavailable' from command line to 'False'
[1.991s] Level 5:colcon.colcon_core.verb:set package 'action_tutorials_py' build argument 'cmake_clean_cache' from command line to 'False'
[1.991s] Level 5:colcon.colcon_core.verb:set package 'action_tutorials_py' build argument 'cmake_clean_first' from command line to 'False'
[1.991s] Level 5:colcon.colcon_core.verb:set package 'action_tutorials_py' build argument 'cmake_force_configure' from command line to 'False'
[1.992s] Level 5:colcon.colcon_core.verb:set package 'action_tutorials_py' build argument 'ament_cmake_args' from command line to 'None'
[1.992s] Level 5:colcon.colcon_core.verb:set package 'action_tutorials_py' build argument 'catkin_cmake_args' from command line to 'None'
[1.992s] Level 5:colcon.colcon_core.verb:set package 'action_tutorials_py' build argument 'catkin_skip_building_tests' from command line to 'False'
[1.992s] DEBUG:colcon.colcon_core.verb:Building package 'action_tutorials_py' with the following arguments: {'ament_cmake_args': None, 'build_base': '/home/ngo/ros2_ws/build/action_tutorials_py', 'catkin_cmake_args': None, 'catkin_skip_building_tests': False, 'cmake_args': None, 'cmake_clean_cache': False, 'cmake_clean_first': False, 'cmake_force_configure': False, 'cmake_target': None, 'cmake_target_skip_unavailable': False, 'install_base': '/home/ngo/ros2_ws/install/action_tutorials_py', 'merge_install': False, 'path': '/home/ngo/ros2_ws/src/action_tutorials_py', 'symlink_install': False, 'test_result_base': None}
[2.011s] Level 5:colcon.colcon_core.verb:set package 'learning_tf2_py' build argument 'cmake_args' from command line to 'None'
[2.011s] Level 5:colcon.colcon_core.verb:set package 'learning_tf2_py' build argument 'cmake_target' from command line to 'None'
[2.011s] Level 5:colcon.colcon_core.verb:set package 'learning_tf2_py' build argument 'cmake_target_skip_unavailable' from command line to 'False'
[2.012s] Level 5:colcon.colcon_core.verb:set package 'learning_tf2_py' build argument 'cmake_clean_cache' from command line to 'False'
[2.012s] Level 5:colcon.colcon_core.verb:set package 'learning_tf2_py' build argument 'cmake_clean_first' from command line to 'False'
[2.012s] Level 5:colcon.colcon_core.verb:set package 'learning_tf2_py' build argument 'cmake_force_configure' from command line to 'False'
[2.012s] Level 5:colcon.colcon_core.verb:set package 'learning_tf2_py' build argument 'ament_cmake_args' from command line to 'None'
[2.012s] Level 5:colcon.colcon_core.verb:set package 'learning_tf2_py' build argument 'catkin_cmake_args' from command line to 'None'
[2.012s] Level 5:colcon.colcon_core.verb:set package 'learning_tf2_py' build argument 'catkin_skip_building_tests' from command line to 'False'
[2.012s] DEBUG:colcon.colcon_core.verb:Building package 'learning_tf2_py' with the following arguments: {'ament_cmake_args': None, 'build_base': '/home/ngo/ros2_ws/build/learning_tf2_py', 'catkin_cmake_args': None, 'catkin_skip_building_tests': False, 'cmake_args': None, 'cmake_clean_cache': False, 'cmake_clean_first': False, 'cmake_force_configure': False, 'cmake_target': None, 'cmake_target_skip_unavailable': False, 'install_base': '/home/ngo/ros2_ws/install/learning_tf2_py', 'merge_install': False, 'path': '/home/ngo/ros2_ws/src/learning_tf2_py', 'symlink_install': False, 'test_result_base': None}
[2.030s] INFO:colcon.colcon_core.executor:Executing jobs using 'parallel' executor
[2.052s] DEBUG:colcon.colcon_parallel_executor.executor.parallel:run_until_complete
[2.052s] INFO:colcon.colcon_ros.task.ament_cmake.build:Building ROS package in '/home/ngo/ros2_ws/src/action_tutorials_interfaces' with build type 'ament_cmake'
[2.053s] INFO:colcon.colcon_cmake.task.cmake.build:Building CMake package in '/home/ngo/ros2_ws/src/action_tutorials_interfaces'
[2.074s] INFO:colcon.colcon_core.plugin_system:Skipping extension 'colcon_core.shell.bat': Not used on non-Windows systems
[2.075s] INFO:colcon.colcon_core.shell:Skip shell extension 'powershell' for command environment: Not usable outside of PowerShell
[2.075s] DEBUG:colcon.colcon_core.shell:Skip shell extension 'dsv' for command environment
[2.152s] INFO:colcon.colcon_ros.task.ament_cmake.build:Building ROS package in '/home/ngo/ros2_ws/src/ros_tutorials/turtlesim' with build type 'ament_cmake'
[2.152s] INFO:colcon.colcon_cmake.task.cmake.build:Building CMake package in '/home/ngo/ros2_ws/src/ros_tutorials/turtlesim'
[2.172s] INFO:colcon.colcon_core.shell:Skip shell extension 'powershell' for command environment: Not usable outside of PowerShell
[2.172s] DEBUG:colcon.colcon_core.shell:Skip shell extension 'dsv' for command environment
[2.233s] INFO:colcon.colcon_ros.task.ament_python.build:Building ROS package in '/home/ngo/ros2_ws/src/bag_recorder_nodes_py' with build type 'ament_python'
[2.234s] Level 1:colcon.colcon_core.shell:create_environment_hook('bag_recorder_nodes_py', 'ament_prefix_path')
[2.255s] INFO:colcon.colcon_core.shell:Creating environment hook '/home/ngo/ros2_ws/install/bag_recorder_nodes_py/share/bag_recorder_nodes_py/hook/ament_prefix_path.ps1'
[2.255s] INFO:colcon.colcon_core.shell:Creating environment descriptor '/home/ngo/ros2_ws/install/bag_recorder_nodes_py/share/bag_recorder_nodes_py/hook/ament_prefix_path.dsv'
[2.255s] INFO:colcon.colcon_core.shell:Creating environment hook '/home/ngo/ros2_ws/install/bag_recorder_nodes_py/share/bag_recorder_nodes_py/hook/ament_prefix_path.sh'
[2.276s] INFO:colcon.colcon_core.shell:Skip shell extension 'powershell' for command environment: Not usable outside of PowerShell
[2.276s] DEBUG:colcon.colcon_core.shell:Skip shell extension 'dsv' for command environment
[2.338s] INFO:colcon.colcon_ros.task.ament_cmake.build:Building ROS package in '/home/ngo/ros2_ws/src/my_interfaces' with build type 'ament_cmake'
[2.338s] INFO:colcon.colcon_cmake.task.cmake.build:Building CMake package in '/home/ngo/ros2_ws/src/my_interfaces'
[2.362s] INFO:colcon.colcon_core.shell:Skip shell extension 'powershell' for command environment: Not usable outside of PowerShell
[2.363s] DEBUG:colcon.colcon_core.shell:Skip shell extension 'dsv' for command environment
[2.442s] INFO:colcon.colcon_ros.task.ament_python.build:Building ROS package in '/home/ngo/ros2_ws/src/my_package' with build type 'ament_python'
[2.442s] Level 1:colcon.colcon_core.shell:create_environment_hook('my_package', 'ament_prefix_path')
[2.460s] INFO:colcon.colcon_core.shell:Creating environment hook '/home/ngo/ros2_ws/install/my_package/share/my_package/hook/ament_prefix_path.ps1'
[2.462s] INFO:colcon.colcon_core.shell:Creating environment descriptor '/home/ngo/ros2_ws/install/my_package/share/my_package/hook/ament_prefix_path.dsv'
[2.462s] INFO:colcon.colcon_core.shell:Creating environment hook '/home/ngo/ros2_ws/install/my_package/share/my_package/hook/ament_prefix_path.sh'
[2.482s] INFO:colcon.colcon_core.shell:Skip shell extension 'powershell' for command environment: Not usable outside of PowerShell
[2.483s] DEBUG:colcon.colcon_core.shell:Skip shell extension 'dsv' for command environment
[2.548s] DEBUG:colcon.colcon_core.event_handler.log_command:Invoking command in '/home/ngo/ros2_ws/build/action_tutorials_interfaces': CMAKE_PREFIX_PATH=${CMAKE_PREFIX_PATH}:/opt/ros/humble /usr/bin/cmake --build /home/ngo/ros2_ws/build/action_tutorials_interfaces -- -j8 -l8
[2.557s] DEBUG:colcon.colcon_core.event_handler.log_command:Invoking command in '/home/ngo/ros2_ws/build/turtlesim': CMAKE_PREFIX_PATH=${CMAKE_PREFIX_PATH}:/opt/ros/humble /usr/bin/cmake --build /home/ngo/ros2_ws/build/turtlesim -- -j8 -l8
[3.120s] INFO:colcon.colcon_core.task.python.build:Building Python package in '/home/ngo/ros2_ws/src/bag_recorder_nodes_py'
[3.152s] INFO:colcon.colcon_core.shell:Skip shell extension 'powershell' for command environment: Not usable outside of PowerShell
[3.152s] DEBUG:colcon.colcon_core.shell:Skip shell extension 'dsv' for command environment
[3.259s] DEBUG:colcon.colcon_core.event_handler.log_command:Invoking command in '/home/ngo/ros2_ws/build/my_interfaces': CMAKE_PREFIX_PATH=${CMAKE_PREFIX_PATH}:/opt/ros/humble /usr/bin/cmake --build /home/ngo/ros2_ws/build/my_interfaces -- -j8 -l8
[3.626s] INFO:colcon.colcon_core.task.python.build:Building Python package in '/home/ngo/ros2_ws/src/my_package'
[3.646s] INFO:colcon.colcon_core.shell:Skip shell extension 'powershell' for command environment: Not usable outside of PowerShell
[3.646s] DEBUG:colcon.colcon_core.shell:Skip shell extension 'dsv' for command environment
[3.716s] DEBUG:colcon.colcon_core.event_handler.log_command:Invoked command in '/home/ngo/ros2_ws/build/action_tutorials_interfaces' returned '0': CMAKE_PREFIX_PATH=${CMAKE_PREFIX_PATH}:/opt/ros/humble /usr/bin/cmake --build /home/ngo/ros2_ws/build/action_tutorials_interfaces -- -j8 -l8
[3.718s] DEBUG:colcon.colcon_core.event_handler.log_command:Invoked command in '/home/ngo/ros2_ws/build/my_interfaces' returned '0': CMAKE_PREFIX_PATH=${CMAKE_PREFIX_PATH}:/opt/ros/humble /usr/bin/cmake --build /home/ngo/ros2_ws/build/my_interfaces -- -j8 -l8
[3.720s] DEBUG:colcon.colcon_core.event_handler.log_command:Invoked command in '/home/ngo/ros2_ws/build/turtlesim' returned '0': CMAKE_PREFIX_PATH=${CMAKE_PREFIX_PATH}:/opt/ros/humble /usr/bin/cmake --build /home/ngo/ros2_ws/build/turtlesim -- -j8 -l8
[3.771s] DEBUG:colcon.colcon_core.event_handler.log_command:Invoking command in '/home/ngo/ros2_ws/build/my_interfaces': CMAKE_PREFIX_PATH=${CMAKE_PREFIX_PATH}:/opt/ros/humble /usr/bin/cmake --install /home/ngo/ros2_ws/build/my_interfaces
[3.789s] Level 1:colcon.colcon_core.environment:create_environment_scripts_only(my_interfaces)
[3.790s] DEBUG:colcon.colcon_core.event_handler.log_command:Invoked command in '/home/ngo/ros2_ws/build/my_interfaces' returned '0': CMAKE_PREFIX_PATH=${CMAKE_PREFIX_PATH}:/opt/ros/humble /usr/bin/cmake --install /home/ngo/ros2_ws/build/my_interfaces
[3.828s] Level 1:colcon.colcon_core.environment:checking '/home/ngo/ros2_ws/install/my_interfaces' for CMake module files
[3.830s] Level 1:colcon.colcon_core.environment:checking '/home/ngo/ros2_ws/install/my_interfaces' for CMake config files
[3.830s] Level 1:colcon.colcon_core.shell:create_environment_hook('my_interfaces', 'cmake_prefix_path')
[3.862s] INFO:colcon.colcon_core.shell:Creating environment hook '/home/ngo/ros2_ws/install/my_interfaces/share/my_interfaces/hook/cmake_prefix_path.ps1'
[3.863s] INFO:colcon.colcon_core.shell:Creating environment descriptor '/home/ngo/ros2_ws/install/my_interfaces/share/my_interfaces/hook/cmake_prefix_path.dsv'
[3.864s] INFO:colcon.colcon_core.shell:Creating environment hook '/home/ngo/ros2_ws/install/my_interfaces/share/my_interfaces/hook/cmake_prefix_path.sh'
[3.865s] Level 1:colcon.colcon_core.environment:checking '/home/ngo/ros2_ws/install/my_interfaces/bin'
[3.865s] Level 1:colcon.colcon_core.environment:checking '/home/ngo/ros2_ws/install/my_interfaces/lib/pkgconfig/my_interfaces.pc'
[3.866s] Level 1:colcon.colcon_core.environment:checking '/home/ngo/ros2_ws/install/my_interfaces/lib/python3.10/site-packages'
[3.866s] Level 1:colcon.colcon_core.environment:checking '/home/ngo/ros2_ws/install/my_interfaces/bin'
[3.899s] INFO:colcon.colcon_core.shell:Creating package script '/home/ngo/ros2_ws/install/my_interfaces/share/my_interfaces/package.ps1'
[3.900s] INFO:colcon.colcon_core.shell:Creating package descriptor '/home/ngo/ros2_ws/install/my_interfaces/share/my_interfaces/package.dsv'
[3.902s] INFO:colcon.colcon_core.shell:Creating package script '/home/ngo/ros2_ws/install/my_interfaces/share/my_interfaces/package.sh'
[3.903s] INFO:colcon.colcon_core.shell:Creating package script '/home/ngo/ros2_ws/install/my_interfaces/share/my_interfaces/package.bash'
[3.904s] INFO:colcon.colcon_core.shell:Creating package script '/home/ngo/ros2_ws/install/my_interfaces/share/my_interfaces/package.zsh'
[3.905s] Level 1:colcon.colcon_core.environment:create_file_with_runtime_dependencies(/home/ngo/ros2_ws/install/my_interfaces/share/colcon-core/packages/my_interfaces)
[3.908s] DEBUG:colcon.colcon_core.event_handler.log_command:Invoking command in '/home/ngo/ros2_ws/build/action_tutorials_interfaces': CMAKE_PREFIX_PATH=${CMAKE_PREFIX_PATH}:/opt/ros/humble /usr/bin/cmake --install /home/ngo/ros2_ws/build/action_tutorials_interfaces
[4.008s] Level 1:colcon.colcon_core.environment:create_environment_scripts_only(my_interfaces)
[4.052s] Level 1:colcon.colcon_core.environment:checking '/home/ngo/ros2_ws/install/my_interfaces' for CMake module files
[4.053s] Level 1:colcon.colcon_core.environment:checking '/home/ngo/ros2_ws/install/my_interfaces' for CMake config files
[4.053s] Level 1:colcon.colcon_core.shell:create_environment_hook('my_interfaces', 'cmake_prefix_path')
[4.084s] INFO:colcon.colcon_core.shell:Creating environment hook '/home/ngo/ros2_ws/install/my_interfaces/share/my_interfaces/hook/cmake_prefix_path.ps1'
[4.085s] INFO:colcon.colcon_core.shell:Creating environment descriptor '/home/ngo/ros2_ws/install/my_interfaces/share/my_interfaces/hook/cmake_prefix_path.dsv'
[4.086s] INFO:colcon.colcon_core.shell:Creating environment hook '/home/ngo/ros2_ws/install/my_interfaces/share/my_interfaces/hook/cmake_prefix_path.sh'
[4.086s] Level 1:colcon.colcon_core.environment:checking '/home/ngo/ros2_ws/install/my_interfaces/bin'
[4.086s] Level 1:colcon.colcon_core.environment:checking '/home/ngo/ros2_ws/install/my_interfaces/lib/pkgconfig/my_interfaces.pc'
[4.087s] Level 1:colcon.colcon_core.environment:checking '/home/ngo/ros2_ws/install/my_interfaces/lib/python3.10/site-packages'
[4.087s] Level 1:colcon.colcon_core.environment:checking '/home/ngo/ros2_ws/install/my_interfaces/bin'
[4.119s] INFO:colcon.colcon_core.shell:Creating package script '/home/ngo/ros2_ws/install/my_interfaces/share/my_interfaces/package.ps1'
[4.120s] INFO:colcon.colcon_core.shell:Creating package descriptor '/home/ngo/ros2_ws/install/my_interfaces/share/my_interfaces/package.dsv'
[4.121s] INFO:colcon.colcon_core.shell:Creating package script '/home/ngo/ros2_ws/install/my_interfaces/share/my_interfaces/package.sh'
[4.121s] INFO:colcon.colcon_core.shell:Creating package script '/home/ngo/ros2_ws/install/my_interfaces/share/my_interfaces/package.bash'
[4.122s] INFO:colcon.colcon_core.shell:Creating package script '/home/ngo/ros2_ws/install/my_interfaces/share/my_interfaces/package.zsh'
[4.122s] Level 1:colcon.colcon_core.environment:create_file_with_runtime_dependencies(/home/ngo/ros2_ws/install/my_interfaces/share/colcon-core/packages/my_interfaces)
[4.126s] DEBUG:colcon.colcon_core.event_handler.log_command:Invoking command in '/home/ngo/ros2_ws/build/turtlesim': CMAKE_PREFIX_PATH=${CMAKE_PREFIX_PATH}:/opt/ros/humble /usr/bin/cmake --install /home/ngo/ros2_ws/build/turtlesim
[4.127s] Level 1:colcon.colcon_core.environment:create_environment_scripts_only(action_tutorials_interfaces)
[4.129s] DEBUG:colcon.colcon_core.event_handler.log_command:Invoked command in '/home/ngo/ros2_ws/build/action_tutorials_interfaces' returned '0': CMAKE_PREFIX_PATH=${CMAKE_PREFIX_PATH}:/opt/ros/humble /usr/bin/cmake --install /home/ngo/ros2_ws/build/action_tutorials_interfaces
[4.207s] Level 1:colcon.colcon_core.environment:checking '/home/ngo/ros2_ws/install/action_tutorials_interfaces' for CMake module files
[4.209s] Level 1:colcon.colcon_core.environment:checking '/home/ngo/ros2_ws/install/action_tutorials_interfaces' for CMake config files
[4.210s] Level 1:colcon.colcon_core.shell:create_environment_hook('action_tutorials_interfaces', 'cmake_prefix_path')
[4.256s] INFO:colcon.colcon_core.shell:Creating environment hook '/home/ngo/ros2_ws/install/action_tutorials_interfaces/share/action_tutorials_interfaces/hook/cmake_prefix_path.ps1'
[4.256s] INFO:colcon.colcon_core.shell:Creating environment descriptor '/home/ngo/ros2_ws/install/action_tutorials_interfaces/share/action_tutorials_interfaces/hook/cmake_prefix_path.dsv'
[4.257s] INFO:colcon.colcon_core.shell:Creating environment hook '/home/ngo/ros2_ws/install/action_tutorials_interfaces/share/action_tutorials_interfaces/hook/cmake_prefix_path.sh'
[4.257s] Level 1:colcon.colcon_core.environment:checking '/home/ngo/ros2_ws/install/action_tutorials_interfaces/lib'
[4.257s] Level 1:colcon.colcon_core.shell:create_environment_hook('action_tutorials_interfaces', 'ld_library_path_lib')
[4.285s] INFO:colcon.colcon_core.shell:Creating environment hook '/home/ngo/ros2_ws/install/action_tutorials_interfaces/share/action_tutorials_interfaces/hook/ld_library_path_lib.ps1'
[4.286s] INFO:colcon.colcon_core.shell:Creating environment descriptor '/home/ngo/ros2_ws/install/action_tutorials_interfaces/share/action_tutorials_interfaces/hook/ld_library_path_lib.dsv'
[4.286s] INFO:colcon.colcon_core.shell:Creating environment hook '/home/ngo/ros2_ws/install/action_tutorials_interfaces/share/action_tutorials_interfaces/hook/ld_library_path_lib.sh'
[4.287s] Level 1:colcon.colcon_core.environment:checking '/home/ngo/ros2_ws/install/action_tutorials_interfaces/bin'
[4.287s] Level 1:colcon.colcon_core.environment:checking '/home/ngo/ros2_ws/install/action_tutorials_interfaces/lib/pkgconfig/action_tutorials_interfaces.pc'
[4.287s] Level 1:colcon.colcon_core.environment:checking '/home/ngo/ros2_ws/install/action_tutorials_interfaces/lib/python3.10/site-packages'
[4.288s] Level 1:colcon.colcon_core.environment:checking '/home/ngo/ros2_ws/install/action_tutorials_interfaces/bin'
[4.314s] INFO:colcon.colcon_core.shell:Creating package script '/home/ngo/ros2_ws/install/action_tutorials_interfaces/share/action_tutorials_interfaces/package.ps1'
[4.315s] INFO:colcon.colcon_core.shell:Creating package descriptor '/home/ngo/ros2_ws/install/action_tutorials_interfaces/share/action_tutorials_interfaces/package.dsv'
[4.316s] INFO:colcon.colcon_core.shell:Creating package script '/home/ngo/ros2_ws/install/action_tutorials_interfaces/share/action_tutorials_interfaces/package.sh'
[4.316s] INFO:colcon.colcon_core.shell:Creating package script '/home/ngo/ros2_ws/install/action_tutorials_interfaces/share/action_tutorials_interfaces/package.bash'
[4.317s] INFO:colcon.colcon_core.shell:Creating package script '/home/ngo/ros2_ws/install/action_tutorials_interfaces/share/action_tutorials_interfaces/package.zsh'
[4.318s] Level 1:colcon.colcon_core.environment:create_file_with_runtime_dependencies(/home/ngo/ros2_ws/install/action_tutorials_interfaces/share/colcon-core/packages/action_tutorials_interfaces)
[4.320s] Level 1:colcon.colcon_core.environment:create_environment_scripts_only(turtlesim)
[4.330s] DEBUG:colcon.colcon_core.event_handler.log_command:Invoked command in '/home/ngo/ros2_ws/build/turtlesim' returned '0': CMAKE_PREFIX_PATH=${CMAKE_PREFIX_PATH}:/opt/ros/humble /usr/bin/cmake --install /home/ngo/ros2_ws/build/turtlesim
[4.352s] Level 1:colcon.colcon_core.environment:checking '/home/ngo/ros2_ws/install/turtlesim' for CMake module files
[4.353s] Level 1:colcon.colcon_core.environment:checking '/home/ngo/ros2_ws/install/turtlesim' for CMake config files
[4.354s] Level 1:colcon.colcon_core.shell:create_environment_hook('turtlesim', 'cmake_prefix_path')
[4.386s] INFO:colcon.colcon_core.shell:Creating environment hook '/home/ngo/ros2_ws/install/turtlesim/share/turtlesim/hook/cmake_prefix_path.ps1'
[4.387s] INFO:colcon.colcon_core.shell:Creating environment descriptor '/home/ngo/ros2_ws/install/turtlesim/share/turtlesim/hook/cmake_prefix_path.dsv'
[4.387s] INFO:colcon.colcon_core.shell:Creating environment hook '/home/ngo/ros2_ws/install/turtlesim/share/turtlesim/hook/cmake_prefix_path.sh'
[4.388s] Level 1:colcon.colcon_core.environment:checking '/home/ngo/ros2_ws/install/turtlesim/lib'
[4.388s] Level 1:colcon.colcon_core.shell:create_environment_hook('turtlesim', 'ld_library_path_lib')
[4.435s] INFO:colcon.colcon_core.shell:Creating environment hook '/home/ngo/ros2_ws/install/turtlesim/share/turtlesim/hook/ld_library_path_lib.ps1'
[4.436s] INFO:colcon.colcon_core.shell:Creating environment descriptor '/home/ngo/ros2_ws/install/turtlesim/share/turtlesim/hook/ld_library_path_lib.dsv'
[4.436s] INFO:colcon.colcon_core.shell:Creating environment hook '/home/ngo/ros2_ws/install/turtlesim/share/turtlesim/hook/ld_library_path_lib.sh'
[4.437s] Level 1:colcon.colcon_core.environment:checking '/home/ngo/ros2_ws/install/turtlesim/bin'
[4.437s] Level 1:colcon.colcon_core.environment:checking '/home/ngo/ros2_ws/install/turtlesim/lib/pkgconfig/turtlesim.pc'
[4.437s] Level 1:colcon.colcon_core.environment:checking '/home/ngo/ros2_ws/install/turtlesim/lib/python3.10/site-packages'
[4.437s] Level 1:colcon.colcon_core.environment:checking '/home/ngo/ros2_ws/install/turtlesim/bin'
[4.458s] INFO:colcon.colcon_core.shell:Creating package script '/home/ngo/ros2_ws/install/turtlesim/share/turtlesim/package.ps1'
[4.458s] INFO:colcon.colcon_core.shell:Creating package descriptor '/home/ngo/ros2_ws/install/turtlesim/share/turtlesim/package.dsv'
[4.459s] INFO:colcon.colcon_core.shell:Creating package script '/home/ngo/ros2_ws/install/turtlesim/share/turtlesim/package.sh'
[4.459s] INFO:colcon.colcon_core.shell:Creating package script '/home/ngo/ros2_ws/install/turtlesim/share/turtlesim/package.bash'
[4.460s] INFO:colcon.colcon_core.shell:Creating package script '/home/ngo/ros2_ws/install/turtlesim/share/turtlesim/package.zsh'
[4.461s] Level 1:colcon.colcon_core.environment:create_file_with_runtime_dependencies(/home/ngo/ros2_ws/install/turtlesim/share/colcon-core/packages/turtlesim)
[4.470s] DEBUG:colcon.colcon_core.event_handler.log_command:Invoking command in '/home/ngo/ros2_ws/src/bag_recorder_nodes_py': PYTHONPATH=/home/ngo/ros2_ws/build/bag_recorder_nodes_py/prefix_override:/home/ngo/ros2_ws/install/bag_recorder_nodes_py/lib/python3.10/site-packages:${PYTHONPATH} /usr/bin/python3 setup.py egg_info --egg-base ../../build/bag_recorder_nodes_py build --build-base /home/ngo/ros2_ws/build/bag_recorder_nodes_py/build install --record /home/ngo/ros2_ws/build/bag_recorder_nodes_py/install.log --single-version-externally-managed
[4.471s] DEBUG:colcon.colcon_core.event_handler.log_command:Invoking command in '/home/ngo/ros2_ws/src/my_package': PYTHONPATH=/home/ngo/ros2_ws/build/my_package/prefix_override:/home/ngo/ros2_ws/install/my_package/lib/python3.10/site-packages:${PYTHONPATH} /usr/bin/python3 setup.py egg_info --egg-base ../../build/my_package build --build-base /home/ngo/ros2_ws/build/my_package/build install --record /home/ngo/ros2_ws/build/my_package/install.log --single-version-externally-managed
[4.496s] Level 1:colcon.colcon_core.environment:create_environment_scripts_only(action_tutorials_interfaces)
[4.522s] Level 1:colcon.colcon_core.environment:checking '/home/ngo/ros2_ws/install/action_tutorials_interfaces' for CMake module files
[4.523s] Level 1:colcon.colcon_core.environment:checking '/home/ngo/ros2_ws/install/action_tutorials_interfaces' for CMake config files
[4.524s] Level 1:colcon.colcon_core.shell:create_environment_hook('action_tutorials_interfaces', 'cmake_prefix_path')
[4.552s] INFO:colcon.colcon_core.shell:Creating environment hook '/home/ngo/ros2_ws/install/action_tutorials_interfaces/share/action_tutorials_interfaces/hook/cmake_prefix_path.ps1'
[4.553s] INFO:colcon.colcon_core.shell:Creating environment descriptor '/home/ngo/ros2_ws/install/action_tutorials_interfaces/share/action_tutorials_interfaces/hook/cmake_prefix_path.dsv'
[4.553s] INFO:colcon.colcon_core.shell:Creating environment hook '/home/ngo/ros2_ws/install/action_tutorials_interfaces/share/action_tutorials_interfaces/hook/cmake_prefix_path.sh'
[4.554s] Level 1:colcon.colcon_core.environment:checking '/home/ngo/ros2_ws/install/action_tutorials_interfaces/lib'
[4.554s] Level 1:colcon.colcon_core.shell:create_environment_hook('action_tutorials_interfaces', 'ld_library_path_lib')
[4.586s] INFO:colcon.colcon_core.shell:Creating environment hook '/home/ngo/ros2_ws/install/action_tutorials_interfaces/share/action_tutorials_interfaces/hook/ld_library_path_lib.ps1'
[4.587s] INFO:colcon.colcon_core.shell:Creating environment descriptor '/home/ngo/ros2_ws/install/action_tutorials_interfaces/share/action_tutorials_interfaces/hook/ld_library_path_lib.dsv'
[4.587s] INFO:colcon.colcon_core.shell:Creating environment hook '/home/ngo/ros2_ws/install/action_tutorials_interfaces/share/action_tutorials_interfaces/hook/ld_library_path_lib.sh'
[4.587s] Level 1:colcon.colcon_core.environment:checking '/home/ngo/ros2_ws/install/action_tutorials_interfaces/bin'
[4.588s] Level 1:colcon.colcon_core.environment:checking '/home/ngo/ros2_ws/install/action_tutorials_interfaces/lib/pkgconfig/action_tutorials_interfaces.pc'
[4.588s] Level 1:colcon.colcon_core.environment:checking '/home/ngo/ros2_ws/install/action_tutorials_interfaces/lib/python3.10/site-packages'
[4.588s] Level 1:colcon.colcon_core.environment:checking '/home/ngo/ros2_ws/install/action_tutorials_interfaces/bin'
[4.619s] INFO:colcon.colcon_core.shell:Creating package script '/home/ngo/ros2_ws/install/action_tutorials_interfaces/share/action_tutorials_interfaces/package.ps1'
[4.620s] INFO:colcon.colcon_core.shell:Creating package descriptor '/home/ngo/ros2_ws/install/action_tutorials_interfaces/share/action_tutorials_interfaces/package.dsv'
[4.621s] INFO:colcon.colcon_core.shell:Creating package script '/home/ngo/ros2_ws/install/action_tutorials_interfaces/share/action_tutorials_interfaces/package.sh'
[4.622s] INFO:colcon.colcon_core.shell:Creating package script '/home/ngo/ros2_ws/install/action_tutorials_interfaces/share/action_tutorials_interfaces/package.bash'
[4.622s] INFO:colcon.colcon_core.shell:Creating package script '/home/ngo/ros2_ws/install/action_tutorials_interfaces/share/action_tutorials_interfaces/package.zsh'
[4.623s] Level 1:colcon.colcon_core.environment:create_file_with_runtime_dependencies(/home/ngo/ros2_ws/install/action_tutorials_interfaces/share/colcon-core/packages/action_tutorials_interfaces)
[4.623s] INFO:colcon.colcon_ros.task.ament_python.build:Building ROS package in '/home/ngo/ros2_ws/src/action_tutorials_py' with build type 'ament_python'
[4.624s] Level 1:colcon.colcon_core.shell:create_environment_hook('action_tutorials_py', 'ament_prefix_path')
[4.652s] INFO:colcon.colcon_core.shell:Creating environment hook '/home/ngo/ros2_ws/install/action_tutorials_py/share/action_tutorials_py/hook/ament_prefix_path.ps1'
[4.653s] INFO:colcon.colcon_core.shell:Creating environment descriptor '/home/ngo/ros2_ws/install/action_tutorials_py/share/action_tutorials_py/hook/ament_prefix_path.dsv'
[4.653s] INFO:colcon.colcon_core.shell:Creating environment hook '/home/ngo/ros2_ws/install/action_tutorials_py/share/action_tutorials_py/hook/ament_prefix_path.sh'
[4.683s] INFO:colcon.colcon_core.shell:Skip shell extension 'powershell' for command environment: Not usable outside of PowerShell
[4.684s] DEBUG:colcon.colcon_core.shell:Skip shell extension 'dsv' for command environment
[5.159s] INFO:colcon.colcon_core.task.python.build:Building Python package in '/home/ngo/ros2_ws/src/action_tutorials_py'
[5.183s] INFO:colcon.colcon_core.shell:Skip shell extension 'powershell' for command environment: Not usable outside of PowerShell
[5.183s] DEBUG:colcon.colcon_core.shell:Skip shell extension 'dsv' for command environment
[5.262s] Level 1:colcon.colcon_core.environment:create_environment_scripts_only(turtlesim)
[5.281s] Level 1:colcon.colcon_core.environment:checking '/home/ngo/ros2_ws/install/turtlesim' for CMake module files
[5.282s] Level 1:colcon.colcon_core.environment:checking '/home/ngo/ros2_ws/install/turtlesim' for CMake config files
[5.282s] Level 1:colcon.colcon_core.shell:create_environment_hook('turtlesim', 'cmake_prefix_path')
[5.303s] INFO:colcon.colcon_core.shell:Creating environment hook '/home/ngo/ros2_ws/install/turtlesim/share/turtlesim/hook/cmake_prefix_path.ps1'
[5.303s] INFO:colcon.colcon_core.shell:Creating environment descriptor '/home/ngo/ros2_ws/install/turtlesim/share/turtlesim/hook/cmake_prefix_path.dsv'
[5.304s] INFO:colcon.colcon_core.shell:Creating environment hook '/home/ngo/ros2_ws/install/turtlesim/share/turtlesim/hook/cmake_prefix_path.sh'
[5.304s] Level 1:colcon.colcon_core.environment:checking '/home/ngo/ros2_ws/install/turtlesim/lib'
[5.304s] Level 1:colcon.colcon_core.shell:create_environment_hook('turtlesim', 'ld_library_path_lib')
[5.325s] INFO:colcon.colcon_core.shell:Creating environment hook '/home/ngo/ros2_ws/install/turtlesim/share/turtlesim/hook/ld_library_path_lib.ps1'
[5.325s] INFO:colcon.colcon_core.shell:Creating environment descriptor '/home/ngo/ros2_ws/install/turtlesim/share/turtlesim/hook/ld_library_path_lib.dsv'
[5.326s] INFO:colcon.colcon_core.shell:Creating environment hook '/home/ngo/ros2_ws/install/turtlesim/share/turtlesim/hook/ld_library_path_lib.sh'
[5.326s] Level 1:colcon.colcon_core.environment:checking '/home/ngo/ros2_ws/install/turtlesim/bin'
[5.326s] Level 1:colcon.colcon_core.environment:checking '/home/ngo/ros2_ws/install/turtlesim/lib/pkgconfig/turtlesim.pc'
[5.326s] Level 1:colcon.colcon_core.environment:checking '/home/ngo/ros2_ws/install/turtlesim/lib/python3.10/site-packages'
[5.327s] Level 1:colcon.colcon_core.environment:checking '/home/ngo/ros2_ws/install/turtlesim/bin'
[5.349s] INFO:colcon.colcon_core.shell:Creating package script '/home/ngo/ros2_ws/install/turtlesim/share/turtlesim/package.ps1'
[5.350s] INFO:colcon.colcon_core.shell:Creating package descriptor '/home/ngo/ros2_ws/install/turtlesim/share/turtlesim/package.dsv'
[5.351s] INFO:colcon.colcon_core.shell:Creating package script '/home/ngo/ros2_ws/install/turtlesim/share/turtlesim/package.sh'
[5.351s] INFO:colcon.colcon_core.shell:Creating package script '/home/ngo/ros2_ws/install/turtlesim/share/turtlesim/package.bash'
[5.351s] INFO:colcon.colcon_core.shell:Creating package script '/home/ngo/ros2_ws/install/turtlesim/share/turtlesim/package.zsh'
[5.352s] Level 1:colcon.colcon_core.environment:create_file_with_runtime_dependencies(/home/ngo/ros2_ws/install/turtlesim/share/colcon-core/packages/turtlesim)
[5.352s] INFO:colcon.colcon_ros.task.ament_python.build:Building ROS package in '/home/ngo/ros2_ws/src/learning_tf2_py' with build type 'ament_python'
[5.353s] Level 1:colcon.colcon_core.shell:create_environment_hook('learning_tf2_py', 'ament_prefix_path')
[5.376s] INFO:colcon.colcon_core.shell:Creating environment hook '/home/ngo/ros2_ws/install/learning_tf2_py/share/learning_tf2_py/hook/ament_prefix_path.ps1'
[5.377s] INFO:colcon.colcon_core.shell:Creating environment descriptor '/home/ngo/ros2_ws/install/learning_tf2_py/share/learning_tf2_py/hook/ament_prefix_path.dsv'
[5.378s] INFO:colcon.colcon_core.shell:Creating environment hook '/home/ngo/ros2_ws/install/learning_tf2_py/share/learning_tf2_py/hook/ament_prefix_path.sh'
[5.399s] INFO:colcon.colcon_core.shell:Skip shell extension 'powershell' for command environment: Not usable outside of PowerShell
[5.399s] DEBUG:colcon.colcon_core.shell:Skip shell extension 'dsv' for command environment
[5.463s] DEBUG:colcon.colcon_core.event_handler.log_command:Invoked command in '/home/ngo/ros2_ws/src/bag_recorder_nodes_py' returned '0': PYTHONPATH=/home/ngo/ros2_ws/build/bag_recorder_nodes_py/prefix_override:/home/ngo/ros2_ws/install/bag_recorder_nodes_py/lib/python3.10/site-packages:${PYTHONPATH} /usr/bin/python3 setup.py egg_info --egg-base ../../build/bag_recorder_nodes_py build --build-base /home/ngo/ros2_ws/build/bag_recorder_nodes_py/build install --record /home/ngo/ros2_ws/build/bag_recorder_nodes_py/install.log --single-version-externally-managed
[5.482s] Level 1:colcon.colcon_core.environment:checking '/home/ngo/ros2_ws/install/bag_recorder_nodes_py' for CMake module files
[5.483s] Level 1:colcon.colcon_core.environment:checking '/home/ngo/ros2_ws/install/bag_recorder_nodes_py' for CMake config files
[5.483s] Level 1:colcon.colcon_core.environment:checking '/home/ngo/ros2_ws/install/bag_recorder_nodes_py/lib'
[5.483s] Level 1:colcon.colcon_core.environment:checking '/home/ngo/ros2_ws/install/bag_recorder_nodes_py/bin'
[5.483s] Level 1:colcon.colcon_core.environment:checking '/home/ngo/ros2_ws/install/bag_recorder_nodes_py/lib/pkgconfig/bag_recorder_nodes_py.pc'
[5.483s] Level 1:colcon.colcon_core.environment:checking '/home/ngo/ros2_ws/install/bag_recorder_nodes_py/lib/python3.10/site-packages'
[5.484s] Level 1:colcon.colcon_core.shell:create_environment_hook('bag_recorder_nodes_py', 'pythonpath')
[5.503s] INFO:colcon.colcon_core.shell:Creating environment hook '/home/ngo/ros2_ws/install/bag_recorder_nodes_py/share/bag_recorder_nodes_py/hook/pythonpath.ps1'
[5.503s] INFO:colcon.colcon_core.shell:Creating environment descriptor '/home/ngo/ros2_ws/install/bag_recorder_nodes_py/share/bag_recorder_nodes_py/hook/pythonpath.dsv'
[5.503s] INFO:colcon.colcon_core.shell:Creating environment hook '/home/ngo/ros2_ws/install/bag_recorder_nodes_py/share/bag_recorder_nodes_py/hook/pythonpath.sh'
[5.504s] Level 1:colcon.colcon_core.environment:checking '/home/ngo/ros2_ws/install/bag_recorder_nodes_py/bin'
[5.504s] Level 1:colcon.colcon_core.environment:create_environment_scripts_only(bag_recorder_nodes_py)
[5.522s] INFO:colcon.colcon_core.shell:Creating package script '/home/ngo/ros2_ws/install/bag_recorder_nodes_py/share/bag_recorder_nodes_py/package.ps1'
[5.523s] INFO:colcon.colcon_core.shell:Creating package descriptor '/home/ngo/ros2_ws/install/bag_recorder_nodes_py/share/bag_recorder_nodes_py/package.dsv'
[5.523s] INFO:colcon.colcon_core.shell:Creating package script '/home/ngo/ros2_ws/install/bag_recorder_nodes_py/share/bag_recorder_nodes_py/package.sh'
[5.524s] INFO:colcon.colcon_core.shell:Creating package script '/home/ngo/ros2_ws/install/bag_recorder_nodes_py/share/bag_recorder_nodes_py/package.bash'
[5.524s] INFO:colcon.colcon_core.shell:Creating package script '/home/ngo/ros2_ws/install/bag_recorder_nodes_py/share/bag_recorder_nodes_py/package.zsh'
[5.524s] Level 1:colcon.colcon_core.environment:create_file_with_runtime_dependencies(/home/ngo/ros2_ws/install/bag_recorder_nodes_py/share/colcon-core/packages/bag_recorder_nodes_py)
[5.526s] DEBUG:colcon.colcon_core.event_handler.log_command:Invoked command in '/home/ngo/ros2_ws/src/my_package' returned '0': PYTHONPATH=/home/ngo/ros2_ws/build/my_package/prefix_override:/home/ngo/ros2_ws/install/my_package/lib/python3.10/site-packages:${PYTHONPATH} /usr/bin/python3 setup.py egg_info --egg-base ../../build/my_package build --build-base /home/ngo/ros2_ws/build/my_package/build install --record /home/ngo/ros2_ws/build/my_package/install.log --single-version-externally-managed
[5.548s] Level 1:colcon.colcon_core.environment:checking '/home/ngo/ros2_ws/install/my_package' for CMake module files
[5.548s] Level 1:colcon.colcon_core.environment:checking '/home/ngo/ros2_ws/install/my_package' for CMake config files
[5.549s] Level 1:colcon.colcon_core.environment:checking '/home/ngo/ros2_ws/install/my_package/lib'
[5.550s] Level 1:colcon.colcon_core.environment:checking '/home/ngo/ros2_ws/install/my_package/bin'
[5.550s] Level 1:colcon.colcon_core.environment:checking '/home/ngo/ros2_ws/install/my_package/lib/pkgconfig/my_package.pc'
[5.550s] Level 1:colcon.colcon_core.environment:checking '/home/ngo/ros2_ws/install/my_package/lib/python3.10/site-packages'
[5.550s] Level 1:colcon.colcon_core.shell:create_environment_hook('my_package', 'pythonpath')
[5.568s] INFO:colcon.colcon_core.shell:Creating environment hook '/home/ngo/ros2_ws/install/my_package/share/my_package/hook/pythonpath.ps1'
[5.568s] INFO:colcon.colcon_core.shell:Creating environment descriptor '/home/ngo/ros2_ws/install/my_package/share/my_package/hook/pythonpath.dsv'
[5.569s] INFO:colcon.colcon_core.shell:Creating environment hook '/home/ngo/ros2_ws/install/my_package/share/my_package/hook/pythonpath.sh'
[5.570s] Level 1:colcon.colcon_core.environment:checking '/home/ngo/ros2_ws/install/my_package/bin'
[5.570s] Level 1:colcon.colcon_core.environment:create_environment_scripts_only(my_package)
[5.590s] INFO:colcon.colcon_core.shell:Creating package script '/home/ngo/ros2_ws/install/my_package/share/my_package/package.ps1'
[5.590s] INFO:colcon.colcon_core.shell:Creating package descriptor '/home/ngo/ros2_ws/install/my_package/share/my_package/package.dsv'
[5.591s] INFO:colcon.colcon_core.shell:Creating package script '/home/ngo/ros2_ws/install/my_package/share/my_package/package.sh'
[5.591s] INFO:colcon.colcon_core.shell:Creating package script '/home/ngo/ros2_ws/install/my_package/share/my_package/package.bash'
[5.591s] INFO:colcon.colcon_core.shell:Creating package script '/home/ngo/ros2_ws/install/my_package/share/my_package/package.zsh'
[5.592s] Level 1:colcon.colcon_core.environment:create_file_with_runtime_dependencies(/home/ngo/ros2_ws/install/my_package/share/colcon-core/packages/my_package)
[6.005s] INFO:colcon.colcon_core.task.python.build:Building Python package in '/home/ngo/ros2_ws/src/learning_tf2_py'
[6.038s] INFO:colcon.colcon_core.shell:Skip shell extension 'powershell' for command environment: Not usable outside of PowerShell
[6.038s] DEBUG:colcon.colcon_core.shell:Skip shell extension 'dsv' for command environment
[6.172s] DEBUG:colcon.colcon_core.event_handler.log_command:Invoking command in '/home/ngo/ros2_ws/src/action_tutorials_py': AMENT_PREFIX_PATH=/home/ngo/ros2_ws/install/action_tutorials_interfaces:${AMENT_PREFIX_PATH} CMAKE_PREFIX_PATH=/home/ngo/ros2_ws/install/action_tutorials_interfaces:${CMAKE_PREFIX_PATH} LD_LIBRARY_PATH=/home/ngo/ros2_ws/install/action_tutorials_interfaces/lib:${LD_LIBRARY_PATH} PYTHONPATH=/home/ngo/ros2_ws/build/action_tutorials_py/prefix_override:/home/ngo/ros2_ws/install/action_tutorials_py/lib/python3.10/site-packages:/home/ngo/ros2_ws/install/action_tutorials_interfaces/local/lib/python3.10/dist-packages:${PYTHONPATH} /usr/bin/python3 setup.py egg_info --egg-base ../../build/action_tutorials_py build --build-base /home/ngo/ros2_ws/build/action_tutorials_py/build install --record /home/ngo/ros2_ws/build/action_tutorials_py/install.log --single-version-externally-managed
[6.530s] DEBUG:colcon.colcon_core.event_handler.log_command:Invoked command in '/home/ngo/ros2_ws/src/action_tutorials_py' returned '0': AMENT_PREFIX_PATH=/home/ngo/ros2_ws/install/action_tutorials_interfaces:${AMENT_PREFIX_PATH} CMAKE_PREFIX_PATH=/home/ngo/ros2_ws/install/action_tutorials_interfaces:${CMAKE_PREFIX_PATH} LD_LIBRARY_PATH=/home/ngo/ros2_ws/install/action_tutorials_interfaces/lib:${LD_LIBRARY_PATH} PYTHONPATH=/home/ngo/ros2_ws/build/action_tutorials_py/prefix_override:/home/ngo/ros2_ws/install/action_tutorials_py/lib/python3.10/site-packages:/home/ngo/ros2_ws/install/action_tutorials_interfaces/local/lib/python3.10/dist-packages:${PYTHONPATH} /usr/bin/python3 setup.py egg_info --egg-base ../../build/action_tutorials_py build --build-base /home/ngo/ros2_ws/build/action_tutorials_py/build install --record /home/ngo/ros2_ws/build/action_tutorials_py/install.log --single-version-externally-managed
[6.547s] Level 1:colcon.colcon_core.environment:checking '/home/ngo/ros2_ws/install/action_tutorials_py' for CMake module files
[6.547s] Level 1:colcon.colcon_core.environment:checking '/home/ngo/ros2_ws/install/action_tutorials_py' for CMake config files
[6.548s] Level 1:colcon.colcon_core.environment:checking '/home/ngo/ros2_ws/install/action_tutorials_py/lib'
[6.548s] Level 1:colcon.colcon_core.environment:checking '/home/ngo/ros2_ws/install/action_tutorials_py/bin'
[6.548s] Level 1:colcon.colcon_core.environment:checking '/home/ngo/ros2_ws/install/action_tutorials_py/lib/pkgconfig/action_tutorials_py.pc'
[6.548s] Level 1:colcon.colcon_core.environment:checking '/home/ngo/ros2_ws/install/action_tutorials_py/lib/python3.10/site-packages'
[6.548s] Level 1:colcon.colcon_core.shell:create_environment_hook('action_tutorials_py', 'pythonpath')
[6.572s] INFO:colcon.colcon_core.shell:Creating environment hook '/home/ngo/ros2_ws/install/action_tutorials_py/share/action_tutorials_py/hook/pythonpath.ps1'
[6.573s] INFO:colcon.colcon_core.shell:Creating environment descriptor '/home/ngo/ros2_ws/install/action_tutorials_py/share/action_tutorials_py/hook/pythonpath.dsv'
[6.573s] INFO:colcon.colcon_core.shell:Creating environment hook '/home/ngo/ros2_ws/install/action_tutorials_py/share/action_tutorials_py/hook/pythonpath.sh'
[6.574s] Level 1:colcon.colcon_core.environment:checking '/home/ngo/ros2_ws/install/action_tutorials_py/bin'
[6.574s] Level 1:colcon.colcon_core.environment:create_environment_scripts_only(action_tutorials_py)
[6.596s] INFO:colcon.colcon_core.shell:Creating package script '/home/ngo/ros2_ws/install/action_tutorials_py/share/action_tutorials_py/package.ps1'
[6.597s] INFO:colcon.colcon_core.shell:Creating package descriptor '/home/ngo/ros2_ws/install/action_tutorials_py/share/action_tutorials_py/package.dsv'
[6.597s] INFO:colcon.colcon_core.shell:Creating package script '/home/ngo/ros2_ws/install/action_tutorials_py/share/action_tutorials_py/package.sh'
[6.598s] INFO:colcon.colcon_core.shell:Creating package script '/home/ngo/ros2_ws/install/action_tutorials_py/share/action_tutorials_py/package.bash'
[6.598s] INFO:colcon.colcon_core.shell:Creating package script '/home/ngo/ros2_ws/install/action_tutorials_py/share/action_tutorials_py/package.zsh'
[6.598s] Level 1:colcon.colcon_core.environment:create_file_with_runtime_dependencies(/home/ngo/ros2_ws/install/action_tutorials_py/share/colcon-core/packages/action_tutorials_py)
[6.601s] DEBUG:colcon.colcon_core.event_handler.log_command:Invoking command in '/home/ngo/ros2_ws/src/learning_tf2_py': AMENT_PREFIX_PATH=/home/ngo/ros2_ws/install/turtlesim:${AMENT_PREFIX_PATH} CMAKE_PREFIX_PATH=/home/ngo/ros2_ws/install/turtlesim:${CMAKE_PREFIX_PATH} LD_LIBRARY_PATH=/home/ngo/ros2_ws/install/turtlesim/lib:${LD_LIBRARY_PATH} PYTHONPATH=/home/ngo/ros2_ws/build/learning_tf2_py/prefix_override:/home/ngo/ros2_ws/install/learning_tf2_py/lib/python3.10/site-packages:/home/ngo/ros2_ws/install/turtlesim/local/lib/python3.10/dist-packages:${PYTHONPATH} /usr/bin/python3 setup.py egg_info --egg-base ../../build/learning_tf2_py build --build-base /home/ngo/ros2_ws/build/learning_tf2_py/build install --record /home/ngo/ros2_ws/build/learning_tf2_py/install.log --single-version-externally-managed
[6.917s] DEBUG:colcon.colcon_core.event_handler.log_command:Invoked command in '/home/ngo/ros2_ws/src/learning_tf2_py' returned '0': AMENT_PREFIX_PATH=/home/ngo/ros2_ws/install/turtlesim:${AMENT_PREFIX_PATH} CMAKE_PREFIX_PATH=/home/ngo/ros2_ws/install/turtlesim:${CMAKE_PREFIX_PATH} LD_LIBRARY_PATH=/home/ngo/ros2_ws/install/turtlesim/lib:${LD_LIBRARY_PATH} PYTHONPATH=/home/ngo/ros2_ws/build/learning_tf2_py/prefix_override:/home/ngo/ros2_ws/install/learning_tf2_py/lib/python3.10/site-packages:/home/ngo/ros2_ws/install/turtlesim/local/lib/python3.10/dist-packages:${PYTHONPATH} /usr/bin/python3 setup.py egg_info --egg-base ../../build/learning_tf2_py build --build-base /home/ngo/ros2_ws/build/learning_tf2_py/build install --record /home/ngo/ros2_ws/build/learning_tf2_py/install.log --single-version-externally-managed
[6.941s] Level 1:colcon.colcon_core.environment:checking '/home/ngo/ros2_ws/install/learning_tf2_py' for CMake module files
[6.942s] Level 1:colcon.colcon_core.environment:checking '/home/ngo/ros2_ws/install/learning_tf2_py' for CMake config files
[6.942s] Level 1:colcon.colcon_core.environment:checking '/home/ngo/ros2_ws/install/learning_tf2_py/lib'
[6.942s] Level 1:colcon.colcon_core.environment:checking '/home/ngo/ros2_ws/install/learning_tf2_py/bin'
[6.943s] Level 1:colcon.colcon_core.environment:checking '/home/ngo/ros2_ws/install/learning_tf2_py/lib/pkgconfig/learning_tf2_py.pc'
[6.943s] Level 1:colcon.colcon_core.environment:checking '/home/ngo/ros2_ws/install/learning_tf2_py/lib/python3.10/site-packages'
[6.943s] Level 1:colcon.colcon_core.shell:create_environment_hook('learning_tf2_py', 'pythonpath')
[6.963s] INFO:colcon.colcon_core.shell:Creating environment hook '/home/ngo/ros2_ws/install/learning_tf2_py/share/learning_tf2_py/hook/pythonpath.ps1'
[6.963s] INFO:colcon.colcon_core.shell:Creating environment descriptor '/home/ngo/ros2_ws/install/learning_tf2_py/share/learning_tf2_py/hook/pythonpath.dsv'
[6.963s] INFO:colcon.colcon_core.shell:Creating environment hook '/home/ngo/ros2_ws/install/learning_tf2_py/share/learning_tf2_py/hook/pythonpath.sh'
[6.964s] Level 1:colcon.colcon_core.environment:checking '/home/ngo/ros2_ws/install/learning_tf2_py/bin'
[6.964s] Level 1:colcon.colcon_core.environment:create_environment_scripts_only(learning_tf2_py)
[6.987s] INFO:colcon.colcon_core.shell:Creating package script '/home/ngo/ros2_ws/install/learning_tf2_py/share/learning_tf2_py/package.ps1'
[6.987s] INFO:colcon.colcon_core.shell:Creating package descriptor '/home/ngo/ros2_ws/install/learning_tf2_py/share/learning_tf2_py/package.dsv'
[6.988s] INFO:colcon.colcon_core.shell:Creating package script '/home/ngo/ros2_ws/install/learning_tf2_py/share/learning_tf2_py/package.sh'
[6.988s] INFO:colcon.colcon_core.shell:Creating package script '/home/ngo/ros2_ws/install/learning_tf2_py/share/learning_tf2_py/package.bash'
[6.989s] INFO:colcon.colcon_core.shell:Creating package script '/home/ngo/ros2_ws/install/learning_tf2_py/share/learning_tf2_py/package.zsh'
[6.989s] Level 1:colcon.colcon_core.environment:create_file_with_runtime_dependencies(/home/ngo/ros2_ws/install/learning_tf2_py/share/colcon-core/packages/learning_tf2_py)
[6.990s] DEBUG:colcon.colcon_parallel_executor.executor.parallel:closing loop
[6.990s] DEBUG:colcon.colcon_parallel_executor.executor.parallel:loop closed
[6.990s] DEBUG:colcon.colcon_parallel_executor.executor.parallel:run_until_complete finished with '0'
[6.990s] DEBUG:colcon.colcon_core.event_reactor:joining thread
[7.013s] INFO:colcon.colcon_core.plugin_system:Skipping extension 'colcon_notification.desktop_notification.terminal_notifier': Not used on non-Darwin systems
[7.013s] INFO:colcon.colcon_core.plugin_system:Skipping extension 'colcon_notification.desktop_notification.win32': Not used on non-Windows systems
[7.013s] INFO:colcon.colcon_notification.desktop_notification:Sending desktop notification using 'notify2'
[7.025s] DEBUG:colcon.colcon_core.event_reactor:joined thread
[7.043s] INFO:colcon.colcon_core.shell:Creating prefix script '/home/ngo/ros2_ws/install/local_setup.ps1'
[7.044s] INFO:colcon.colcon_core.shell:Creating prefix util module '/home/ngo/ros2_ws/install/_local_setup_util_ps1.py'
[7.045s] INFO:colcon.colcon_core.shell:Creating prefix chain script '/home/ngo/ros2_ws/install/setup.ps1'
[7.063s] INFO:colcon.colcon_core.shell:Creating prefix script '/home/ngo/ros2_ws/install/local_setup.sh'
[7.064s] INFO:colcon.colcon_core.shell:Creating prefix util module '/home/ngo/ros2_ws/install/_local_setup_util_sh.py'
[7.065s] INFO:colcon.colcon_core.shell:Creating prefix chain script '/home/ngo/ros2_ws/install/setup.sh'
[7.083s] INFO:colcon.colcon_core.shell:Creating prefix script '/home/ngo/ros2_ws/install/local_setup.bash'
[7.083s] INFO:colcon.colcon_core.shell:Creating prefix chain script '/home/ngo/ros2_ws/install/setup.bash'
[7.101s] INFO:colcon.colcon_core.shell:Creating prefix script '/home/ngo/ros2_ws/install/local_setup.zsh'
[7.101s] INFO:colcon.colcon_core.shell:Creating prefix chain script '/home/ngo/ros2_ws/install/setup.zsh'
