[0.361s] Invoking command in '/home/ngo/ros2_ws/build/action_tutorials_interfaces': CMAKE_PREFIX_PATH=${CMAKE_PREFIX_PATH}:/opt/ros/humble /usr/bin/cmake --build /home/ngo/ros2_ws/build/action_tutorials_interfaces -- -j8 -l8
[0.831s] [  3%] Built target action_tutorials_interfaces__cpp
[0.832s] [ 12%] Built target action_tutorials_interfaces__rosidl_generator_c
[0.833s] [ 12%] Built target ament_cmake_python_copy_action_tutorials_interfaces
[0.833s] [ 22%] Built target action_tutorials_interfaces__rosidl_typesupport_cpp
[0.834s] [ 32%] Built target action_tutorials_interfaces__rosidl_typesupport_fastrtps_cpp
[0.834s] [ 41%] Built target action_tutorials_interfaces__rosidl_typesupport_introspection_cpp
[0.834s] [ 51%] Built target action_tutorials_interfaces__rosidl_typesupport_c
[0.834s] [ 61%] Built target action_tutorials_interfaces__rosidl_typesupport_fastrtps_c
[0.834s] [ 70%] Built target action_tutorials_interfaces__rosidl_typesupport_introspection_c
[0.834s] [ 70%] Built target action_tutorials_interfaces
[0.834s] [ 74%] Built target action_tutorials_interfaces__py
[0.834s] [ 80%] Built target action_tutorials_interfaces__rosidl_generator_py
[0.835s] [ 96%] Built target action_tutorials_interfaces__rosidl_typesupport_introspection_c__pyext
[0.835s] [ 96%] Built target action_tutorials_interfaces__rosidl_typesupport_fastrtps_c__pyext
[0.835s] [100%] Built target action_tutorials_interfaces__rosidl_typesupport_c__pyext
[0.835s] running egg_info
[0.835s] writing action_tutorials_interfaces.egg-info/PKG-INFO
[0.835s] writing dependency_links to action_tutorials_interfaces.egg-info/dependency_links.txt
[0.835s] writing top-level names to action_tutorials_interfaces.egg-info/top_level.txt
[0.835s] reading manifest file 'action_tutorials_interfaces.egg-info/SOURCES.txt'
[0.836s] writing manifest file 'action_tutorials_interfaces.egg-info/SOURCES.txt'
[0.860s] [100%] Built target ament_cmake_python_build_action_tutorials_interfaces_egg
[1.143s] Invoked command in '/home/ngo/ros2_ws/build/action_tutorials_interfaces' returned '0': CMAKE_PREFIX_PATH=${CMAKE_PREFIX_PATH}:/opt/ros/humble /usr/bin/cmake --build /home/ngo/ros2_ws/build/action_tutorials_interfaces -- -j8 -l8
[1.279s] Invoking command in '/home/ngo/ros2_ws/build/action_tutorials_interfaces': CMAKE_PREFIX_PATH=${CMAKE_PREFIX_PATH}:/opt/ros/humble /usr/bin/cmake --install /home/ngo/ros2_ws/build/action_tutorials_interfaces
[1.290s] -- Install configuration: ""
[1.291s] -- Up-to-date: /home/ngo/ros2_ws/install/action_tutorials_interfaces/share/ament_index/resource_index/rosidl_interfaces/action_tutorials_interfaces
[1.291s] -- Up-to-date: /home/ngo/ros2_ws/install/action_tutorials_interfaces/include/action_tutorials_interfaces/action_tutorials_interfaces
[1.291s] -- Up-to-date: /home/ngo/ros2_ws/install/action_tutorials_interfaces/include/action_tutorials_interfaces/action_tutorials_interfaces/action
[1.291s] -- Up-to-date: /home/ngo/ros2_ws/install/action_tutorials_interfaces/include/action_tutorials_interfaces/action_tutorials_interfaces/action/fibonacci.h
[1.291s] -- Up-to-date: /home/ngo/ros2_ws/install/action_tutorials_interfaces/include/action_tutorials_interfaces/action_tutorials_interfaces/action/detail
[1.291s] -- Up-to-date: /home/ngo/ros2_ws/install/action_tutorials_interfaces/include/action_tutorials_interfaces/action_tutorials_interfaces/action/detail/fibonacci__type_support.h
[1.291s] -- Up-to-date: /home/ngo/ros2_ws/install/action_tutorials_interfaces/include/action_tutorials_interfaces/action_tutorials_interfaces/action/detail/fibonacci__functions.c
[1.291s] -- Up-to-date: /home/ngo/ros2_ws/install/action_tutorials_interfaces/include/action_tutorials_interfaces/action_tutorials_interfaces/action/detail/fibonacci__functions.h
[1.292s] -- Up-to-date: /home/ngo/ros2_ws/install/action_tutorials_interfaces/include/action_tutorials_interfaces/action_tutorials_interfaces/action/detail/fibonacci__struct.h
[1.292s] -- Up-to-date: /home/ngo/ros2_ws/install/action_tutorials_interfaces/include/action_tutorials_interfaces/action_tutorials_interfaces/msg
[1.292s] -- Up-to-date: /home/ngo/ros2_ws/install/action_tutorials_interfaces/include/action_tutorials_interfaces/action_tutorials_interfaces/msg/rosidl_generator_c__visibility_control.h
[1.292s] -- Up-to-date: /home/ngo/ros2_ws/install/action_tutorials_interfaces/share/action_tutorials_interfaces/environment/library_path.sh
[1.292s] -- Up-to-date: /home/ngo/ros2_ws/install/action_tutorials_interfaces/share/action_tutorials_interfaces/environment/library_path.dsv
[1.292s] -- Up-to-date: /home/ngo/ros2_ws/install/action_tutorials_interfaces/lib/libaction_tutorials_interfaces__rosidl_generator_c.so
[1.292s] -- Up-to-date: /home/ngo/ros2_ws/install/action_tutorials_interfaces/include/action_tutorials_interfaces/action_tutorials_interfaces
[1.292s] -- Up-to-date: /home/ngo/ros2_ws/install/action_tutorials_interfaces/include/action_tutorials_interfaces/action_tutorials_interfaces/action
[1.293s] -- Up-to-date: /home/ngo/ros2_ws/install/action_tutorials_interfaces/include/action_tutorials_interfaces/action_tutorials_interfaces/action/detail
[1.293s] -- Up-to-date: /home/ngo/ros2_ws/install/action_tutorials_interfaces/include/action_tutorials_interfaces/action_tutorials_interfaces/action/detail/fibonacci__rosidl_typesupport_fastrtps_c.h
[1.293s] -- Up-to-date: /home/ngo/ros2_ws/install/action_tutorials_interfaces/include/action_tutorials_interfaces/action_tutorials_interfaces/msg
[1.293s] -- Up-to-date: /home/ngo/ros2_ws/install/action_tutorials_interfaces/include/action_tutorials_interfaces/action_tutorials_interfaces/msg/rosidl_typesupport_fastrtps_c__visibility_control.h
[1.293s] -- Up-to-date: /home/ngo/ros2_ws/install/action_tutorials_interfaces/lib/libaction_tutorials_interfaces__rosidl_typesupport_fastrtps_c.so
[1.293s] -- Up-to-date: /home/ngo/ros2_ws/install/action_tutorials_interfaces/include/action_tutorials_interfaces/action_tutorials_interfaces
[1.293s] -- Up-to-date: /home/ngo/ros2_ws/install/action_tutorials_interfaces/include/action_tutorials_interfaces/action_tutorials_interfaces/action
[1.294s] -- Up-to-date: /home/ngo/ros2_ws/install/action_tutorials_interfaces/include/action_tutorials_interfaces/action_tutorials_interfaces/action/detail
[1.294s] -- Up-to-date: /home/ngo/ros2_ws/install/action_tutorials_interfaces/include/action_tutorials_interfaces/action_tutorials_interfaces/action/detail/fibonacci__rosidl_typesupport_introspection_c.h
[1.294s] -- Up-to-date: /home/ngo/ros2_ws/install/action_tutorials_interfaces/include/action_tutorials_interfaces/action_tutorials_interfaces/action/detail/fibonacci__type_support.c
[1.294s] -- Up-to-date: /home/ngo/ros2_ws/install/action_tutorials_interfaces/include/action_tutorials_interfaces/action_tutorials_interfaces/msg
[1.294s] -- Up-to-date: /home/ngo/ros2_ws/install/action_tutorials_interfaces/include/action_tutorials_interfaces/action_tutorials_interfaces/msg/rosidl_typesupport_introspection_c__visibility_control.h
[1.294s] -- Up-to-date: /home/ngo/ros2_ws/install/action_tutorials_interfaces/lib/libaction_tutorials_interfaces__rosidl_typesupport_introspection_c.so
[1.295s] -- Up-to-date: /home/ngo/ros2_ws/install/action_tutorials_interfaces/lib/libaction_tutorials_interfaces__rosidl_typesupport_c.so
[1.295s] -- Up-to-date: /home/ngo/ros2_ws/install/action_tutorials_interfaces/include/action_tutorials_interfaces/action_tutorials_interfaces
[1.295s] -- Up-to-date: /home/ngo/ros2_ws/install/action_tutorials_interfaces/include/action_tutorials_interfaces/action_tutorials_interfaces/action
[1.295s] -- Up-to-date: /home/ngo/ros2_ws/install/action_tutorials_interfaces/include/action_tutorials_interfaces/action_tutorials_interfaces/action/fibonacci.hpp
[1.295s] -- Up-to-date: /home/ngo/ros2_ws/install/action_tutorials_interfaces/include/action_tutorials_interfaces/action_tutorials_interfaces/action/detail
[1.295s] -- Up-to-date: /home/ngo/ros2_ws/install/action_tutorials_interfaces/include/action_tutorials_interfaces/action_tutorials_interfaces/action/detail/fibonacci__builder.hpp
[1.295s] -- Up-to-date: /home/ngo/ros2_ws/install/action_tutorials_interfaces/include/action_tutorials_interfaces/action_tutorials_interfaces/action/detail/fibonacci__traits.hpp
[1.296s] -- Up-to-date: /home/ngo/ros2_ws/install/action_tutorials_interfaces/include/action_tutorials_interfaces/action_tutorials_interfaces/action/detail/fibonacci__struct.hpp
[1.296s] -- Up-to-date: /home/ngo/ros2_ws/install/action_tutorials_interfaces/include/action_tutorials_interfaces/action_tutorials_interfaces
[1.296s] -- Up-to-date: /home/ngo/ros2_ws/install/action_tutorials_interfaces/include/action_tutorials_interfaces/action_tutorials_interfaces/action
[1.296s] -- Up-to-date: /home/ngo/ros2_ws/install/action_tutorials_interfaces/include/action_tutorials_interfaces/action_tutorials_interfaces/action/detail
[1.296s] -- Up-to-date: /home/ngo/ros2_ws/install/action_tutorials_interfaces/include/action_tutorials_interfaces/action_tutorials_interfaces/action/detail/fibonacci__rosidl_typesupport_fastrtps_cpp.hpp
[1.297s] -- Up-to-date: /home/ngo/ros2_ws/install/action_tutorials_interfaces/include/action_tutorials_interfaces/action_tutorials_interfaces/action/detail/dds_fastrtps
[1.297s] -- Up-to-date: /home/ngo/ros2_ws/install/action_tutorials_interfaces/include/action_tutorials_interfaces/action_tutorials_interfaces/msg
[1.297s] -- Up-to-date: /home/ngo/ros2_ws/install/action_tutorials_interfaces/include/action_tutorials_interfaces/action_tutorials_interfaces/msg/rosidl_typesupport_fastrtps_cpp__visibility_control.h
[1.297s] -- Up-to-date: /home/ngo/ros2_ws/install/action_tutorials_interfaces/lib/libaction_tutorials_interfaces__rosidl_typesupport_fastrtps_cpp.so
[1.298s] -- Up-to-date: /home/ngo/ros2_ws/install/action_tutorials_interfaces/include/action_tutorials_interfaces/action_tutorials_interfaces
[1.298s] -- Up-to-date: /home/ngo/ros2_ws/install/action_tutorials_interfaces/include/action_tutorials_interfaces/action_tutorials_interfaces/action
[1.298s] -- Up-to-date: /home/ngo/ros2_ws/install/action_tutorials_interfaces/include/action_tutorials_interfaces/action_tutorials_interfaces/action/detail
[1.298s] -- Up-to-date: /home/ngo/ros2_ws/install/action_tutorials_interfaces/include/action_tutorials_interfaces/action_tutorials_interfaces/action/detail/fibonacci__type_support.cpp
[1.298s] -- Up-to-date: /home/ngo/ros2_ws/install/action_tutorials_interfaces/include/action_tutorials_interfaces/action_tutorials_interfaces/action/detail/fibonacci__rosidl_typesupport_introspection_cpp.hpp
[1.298s] -- Up-to-date: /home/ngo/ros2_ws/install/action_tutorials_interfaces/lib/libaction_tutorials_interfaces__rosidl_typesupport_introspection_cpp.so
[1.298s] -- Up-to-date: /home/ngo/ros2_ws/install/action_tutorials_interfaces/lib/libaction_tutorials_interfaces__rosidl_typesupport_cpp.so
[1.298s] -- Up-to-date: /home/ngo/ros2_ws/install/action_tutorials_interfaces/share/action_tutorials_interfaces/environment/pythonpath.sh
[1.299s] -- Up-to-date: /home/ngo/ros2_ws/install/action_tutorials_interfaces/share/action_tutorials_interfaces/environment/pythonpath.dsv
[1.299s] -- Up-to-date: /home/ngo/ros2_ws/install/action_tutorials_interfaces/local/lib/python3.10/dist-packages/action_tutorials_interfaces-0.0.0-py3.10.egg-info
[1.299s] -- Installing: /home/ngo/ros2_ws/install/action_tutorials_interfaces/local/lib/python3.10/dist-packages/action_tutorials_interfaces-0.0.0-py3.10.egg-info/PKG-INFO
[1.299s] -- Installing: /home/ngo/ros2_ws/install/action_tutorials_interfaces/local/lib/python3.10/dist-packages/action_tutorials_interfaces-0.0.0-py3.10.egg-info/dependency_links.txt
[1.299s] -- Installing: /home/ngo/ros2_ws/install/action_tutorials_interfaces/local/lib/python3.10/dist-packages/action_tutorials_interfaces-0.0.0-py3.10.egg-info/SOURCES.txt
[1.299s] -- Installing: /home/ngo/ros2_ws/install/action_tutorials_interfaces/local/lib/python3.10/dist-packages/action_tutorials_interfaces-0.0.0-py3.10.egg-info/top_level.txt
[1.299s] -- Up-to-date: /home/ngo/ros2_ws/install/action_tutorials_interfaces/local/lib/python3.10/dist-packages/action_tutorials_interfaces
[1.299s] -- Up-to-date: /home/ngo/ros2_ws/install/action_tutorials_interfaces/local/lib/python3.10/dist-packages/action_tutorials_interfaces/action_tutorials_interfaces_s__rosidl_typesupport_fastrtps_c.cpython-310-x86_64-linux-gnu.so
[1.300s] -- Up-to-date: /home/ngo/ros2_ws/install/action_tutorials_interfaces/local/lib/python3.10/dist-packages/action_tutorials_interfaces/_action_tutorials_interfaces_s.ep.rosidl_typesupport_c.c
[1.300s] -- Up-to-date: /home/ngo/ros2_ws/install/action_tutorials_interfaces/local/lib/python3.10/dist-packages/action_tutorials_interfaces/action_tutorials_interfaces_s__rosidl_typesupport_c.cpython-310-x86_64-linux-gnu.so
[1.300s] -- Up-to-date: /home/ngo/ros2_ws/install/action_tutorials_interfaces/local/lib/python3.10/dist-packages/action_tutorials_interfaces/action
[1.300s] -- Up-to-date: /home/ngo/ros2_ws/install/action_tutorials_interfaces/local/lib/python3.10/dist-packages/action_tutorials_interfaces/action/_fibonacci_s.c
[1.300s] -- Up-to-date: /home/ngo/ros2_ws/install/action_tutorials_interfaces/local/lib/python3.10/dist-packages/action_tutorials_interfaces/action/_fibonacci.py
[1.300s] -- Up-to-date: /home/ngo/ros2_ws/install/action_tutorials_interfaces/local/lib/python3.10/dist-packages/action_tutorials_interfaces/action/__init__.py
[1.300s] -- Up-to-date: /home/ngo/ros2_ws/install/action_tutorials_interfaces/local/lib/python3.10/dist-packages/action_tutorials_interfaces/libaction_tutorials_interfaces__rosidl_generator_py.so
[1.301s] -- Up-to-date: /home/ngo/ros2_ws/install/action_tutorials_interfaces/local/lib/python3.10/dist-packages/action_tutorials_interfaces/_action_tutorials_interfaces_s.ep.rosidl_typesupport_fastrtps_c.c
[1.301s] -- Up-to-date: /home/ngo/ros2_ws/install/action_tutorials_interfaces/local/lib/python3.10/dist-packages/action_tutorials_interfaces/_action_tutorials_interfaces_s.ep.rosidl_typesupport_introspection_c.c
[1.301s] -- Up-to-date: /home/ngo/ros2_ws/install/action_tutorials_interfaces/local/lib/python3.10/dist-packages/action_tutorials_interfaces/action_tutorials_interfaces_s__rosidl_typesupport_introspection_c.cpython-310-x86_64-linux-gnu.so
[1.301s] -- Up-to-date: /home/ngo/ros2_ws/install/action_tutorials_interfaces/local/lib/python3.10/dist-packages/action_tutorials_interfaces/__init__.py
[1.342s] Listing '/home/ngo/ros2_ws/install/action_tutorials_interfaces/local/lib/python3.10/dist-packages/action_tutorials_interfaces'...
[1.342s] Listing '/home/ngo/ros2_ws/install/action_tutorials_interfaces/local/lib/python3.10/dist-packages/action_tutorials_interfaces/action'...
[1.350s] -- Up-to-date: /home/ngo/ros2_ws/install/action_tutorials_interfaces/local/lib/python3.10/dist-packages/action_tutorials_interfaces/action_tutorials_interfaces_s__rosidl_typesupport_fastrtps_c.cpython-310-x86_64-linux-gnu.so
[1.350s] -- Up-to-date: /home/ngo/ros2_ws/install/action_tutorials_interfaces/local/lib/python3.10/dist-packages/action_tutorials_interfaces/action_tutorials_interfaces_s__rosidl_typesupport_introspection_c.cpython-310-x86_64-linux-gnu.so
[1.351s] -- Up-to-date: /home/ngo/ros2_ws/install/action_tutorials_interfaces/local/lib/python3.10/dist-packages/action_tutorials_interfaces/action_tutorials_interfaces_s__rosidl_typesupport_c.cpython-310-x86_64-linux-gnu.so
[1.351s] -- Up-to-date: /home/ngo/ros2_ws/install/action_tutorials_interfaces/lib/libaction_tutorials_interfaces__rosidl_generator_py.so
[1.352s] -- Up-to-date: /home/ngo/ros2_ws/install/action_tutorials_interfaces/share/action_tutorials_interfaces/action/Fibonacci.idl
[1.352s] -- Up-to-date: /home/ngo/ros2_ws/install/action_tutorials_interfaces/share/action_tutorials_interfaces/action/Fibonacci.action
[1.353s] -- Up-to-date: /home/ngo/ros2_ws/install/action_tutorials_interfaces/share/ament_index/resource_index/package_run_dependencies/action_tutorials_interfaces
[1.353s] -- Up-to-date: /home/ngo/ros2_ws/install/action_tutorials_interfaces/share/ament_index/resource_index/parent_prefix_path/action_tutorials_interfaces
[1.353s] -- Up-to-date: /home/ngo/ros2_ws/install/action_tutorials_interfaces/share/action_tutorials_interfaces/environment/ament_prefix_path.sh
[1.353s] -- Up-to-date: /home/ngo/ros2_ws/install/action_tutorials_interfaces/share/action_tutorials_interfaces/environment/ament_prefix_path.dsv
[1.354s] -- Up-to-date: /home/ngo/ros2_ws/install/action_tutorials_interfaces/share/action_tutorials_interfaces/environment/path.sh
[1.354s] -- Up-to-date: /home/ngo/ros2_ws/install/action_tutorials_interfaces/share/action_tutorials_interfaces/environment/path.dsv
[1.355s] -- Up-to-date: /home/ngo/ros2_ws/install/action_tutorials_interfaces/share/action_tutorials_interfaces/local_setup.bash
[1.355s] -- Up-to-date: /home/ngo/ros2_ws/install/action_tutorials_interfaces/share/action_tutorials_interfaces/local_setup.sh
[1.355s] -- Up-to-date: /home/ngo/ros2_ws/install/action_tutorials_interfaces/share/action_tutorials_interfaces/local_setup.zsh
[1.355s] -- Up-to-date: /home/ngo/ros2_ws/install/action_tutorials_interfaces/share/action_tutorials_interfaces/local_setup.dsv
[1.355s] -- Installing: /home/ngo/ros2_ws/install/action_tutorials_interfaces/share/action_tutorials_interfaces/package.dsv
[1.355s] -- Up-to-date: /home/ngo/ros2_ws/install/action_tutorials_interfaces/share/ament_index/resource_index/packages/action_tutorials_interfaces
[1.355s] -- Up-to-date: /home/ngo/ros2_ws/install/action_tutorials_interfaces/share/action_tutorials_interfaces/cmake/export_action_tutorials_interfaces__rosidl_generator_cExport.cmake
[1.355s] -- Up-to-date: /home/ngo/ros2_ws/install/action_tutorials_interfaces/share/action_tutorials_interfaces/cmake/export_action_tutorials_interfaces__rosidl_generator_cExport-noconfig.cmake
[1.356s] -- Up-to-date: /home/ngo/ros2_ws/install/action_tutorials_interfaces/share/action_tutorials_interfaces/cmake/export_action_tutorials_interfaces__rosidl_typesupport_fastrtps_cExport.cmake
[1.356s] -- Up-to-date: /home/ngo/ros2_ws/install/action_tutorials_interfaces/share/action_tutorials_interfaces/cmake/export_action_tutorials_interfaces__rosidl_typesupport_fastrtps_cExport-noconfig.cmake
[1.356s] -- Up-to-date: /home/ngo/ros2_ws/install/action_tutorials_interfaces/share/action_tutorials_interfaces/cmake/action_tutorials_interfaces__rosidl_typesupport_introspection_cExport.cmake
[1.357s] -- Up-to-date: /home/ngo/ros2_ws/install/action_tutorials_interfaces/share/action_tutorials_interfaces/cmake/action_tutorials_interfaces__rosidl_typesupport_introspection_cExport-noconfig.cmake
[1.357s] -- Up-to-date: /home/ngo/ros2_ws/install/action_tutorials_interfaces/share/action_tutorials_interfaces/cmake/action_tutorials_interfaces__rosidl_typesupport_cExport.cmake
[1.357s] -- Up-to-date: /home/ngo/ros2_ws/install/action_tutorials_interfaces/share/action_tutorials_interfaces/cmake/action_tutorials_interfaces__rosidl_typesupport_cExport-noconfig.cmake
[1.357s] -- Up-to-date: /home/ngo/ros2_ws/install/action_tutorials_interfaces/share/action_tutorials_interfaces/cmake/export_action_tutorials_interfaces__rosidl_generator_cppExport.cmake
[1.357s] -- Up-to-date: /home/ngo/ros2_ws/install/action_tutorials_interfaces/share/action_tutorials_interfaces/cmake/export_action_tutorials_interfaces__rosidl_typesupport_fastrtps_cppExport.cmake
[1.357s] -- Up-to-date: /home/ngo/ros2_ws/install/action_tutorials_interfaces/share/action_tutorials_interfaces/cmake/export_action_tutorials_interfaces__rosidl_typesupport_fastrtps_cppExport-noconfig.cmake
[1.358s] -- Up-to-date: /home/ngo/ros2_ws/install/action_tutorials_interfaces/share/action_tutorials_interfaces/cmake/action_tutorials_interfaces__rosidl_typesupport_introspection_cppExport.cmake
[1.358s] -- Up-to-date: /home/ngo/ros2_ws/install/action_tutorials_interfaces/share/action_tutorials_interfaces/cmake/action_tutorials_interfaces__rosidl_typesupport_introspection_cppExport-noconfig.cmake
[1.359s] -- Up-to-date: /home/ngo/ros2_ws/install/action_tutorials_interfaces/share/action_tutorials_interfaces/cmake/action_tutorials_interfaces__rosidl_typesupport_cppExport.cmake
[1.359s] -- Up-to-date: /home/ngo/ros2_ws/install/action_tutorials_interfaces/share/action_tutorials_interfaces/cmake/action_tutorials_interfaces__rosidl_typesupport_cppExport-noconfig.cmake
[1.359s] -- Up-to-date: /home/ngo/ros2_ws/install/action_tutorials_interfaces/share/action_tutorials_interfaces/cmake/export_action_tutorials_interfaces__rosidl_generator_pyExport.cmake
[1.359s] -- Up-to-date: /home/ngo/ros2_ws/install/action_tutorials_interfaces/share/action_tutorials_interfaces/cmake/export_action_tutorials_interfaces__rosidl_generator_pyExport-noconfig.cmake
[1.360s] -- Up-to-date: /home/ngo/ros2_ws/install/action_tutorials_interfaces/share/action_tutorials_interfaces/cmake/rosidl_cmake-extras.cmake
[1.360s] -- Up-to-date: /home/ngo/ros2_ws/install/action_tutorials_interfaces/share/action_tutorials_interfaces/cmake/ament_cmake_export_dependencies-extras.cmake
[1.360s] -- Up-to-date: /home/ngo/ros2_ws/install/action_tutorials_interfaces/share/action_tutorials_interfaces/cmake/ament_cmake_export_include_directories-extras.cmake
[1.360s] -- Up-to-date: /home/ngo/ros2_ws/install/action_tutorials_interfaces/share/action_tutorials_interfaces/cmake/ament_cmake_export_libraries-extras.cmake
[1.361s] -- Up-to-date: /home/ngo/ros2_ws/install/action_tutorials_interfaces/share/action_tutorials_interfaces/cmake/ament_cmake_export_targets-extras.cmake
[1.361s] -- Up-to-date: /home/ngo/ros2_ws/install/action_tutorials_interfaces/share/action_tutorials_interfaces/cmake/rosidl_cmake_export_typesupport_targets-extras.cmake
[1.361s] -- Up-to-date: /home/ngo/ros2_ws/install/action_tutorials_interfaces/share/action_tutorials_interfaces/cmake/rosidl_cmake_export_typesupport_libraries-extras.cmake
[1.361s] -- Up-to-date: /home/ngo/ros2_ws/install/action_tutorials_interfaces/share/action_tutorials_interfaces/cmake/action_tutorials_interfacesConfig.cmake
[1.362s] -- Up-to-date: /home/ngo/ros2_ws/install/action_tutorials_interfaces/share/action_tutorials_interfaces/cmake/action_tutorials_interfacesConfig-version.cmake
[1.362s] -- Up-to-date: /home/ngo/ros2_ws/install/action_tutorials_interfaces/share/action_tutorials_interfaces/package.xml
[1.412s] Invoked command in '/home/ngo/ros2_ws/build/action_tutorials_interfaces' returned '0': CMAKE_PREFIX_PATH=${CMAKE_PREFIX_PATH}:/opt/ros/humble /usr/bin/cmake --install /home/ngo/ros2_ws/build/action_tutorials_interfaces
